[2023-10-03T10:04:15.712+0000] {taskinstance.py:1125} INFO - Dependencies all met for dep_context=non-requeueable deps ti=<TaskInstance: rocket_launch2.check_launches scheduled__2023-09-29T00:00:00+00:00 [queued]>
[2023-10-03T10:04:15.763+0000] {taskinstance.py:1125} INFO - Dependencies all met for dep_context=requeueable deps ti=<TaskInstance: rocket_launch2.check_launches scheduled__2023-09-29T00:00:00+00:00 [queued]>
[2023-10-03T10:04:15.764+0000] {taskinstance.py:1331} INFO - Starting attempt 2 of 2
[2023-10-03T10:04:15.831+0000] {taskinstance.py:1350} INFO - Executing <Task(PythonOperator): check_launches> on 2023-09-29 00:00:00+00:00
[2023-10-03T10:04:15.856+0000] {standard_task_runner.py:57} INFO - Started process 3480 to run task
[2023-10-03T10:04:15.887+0000] {standard_task_runner.py:84} INFO - Running: ['***', 'tasks', 'run', 'rocket_launch2', 'check_launches', 'scheduled__2023-09-29T00:00:00+00:00', '--job-id', '280', '--raw', '--subdir', 'DAGS_FOLDER/rocket_launch.py', '--cfg-path', '/tmp/tmpturp9djo']
[2023-10-03T10:04:15.893+0000] {standard_task_runner.py:85} INFO - Job 280: Subtask check_launches
[2023-10-03T10:04:16.203+0000] {task_command.py:410} INFO - Running <TaskInstance: rocket_launch2.check_launches scheduled__2023-09-29T00:00:00+00:00 [running]> on host e870058fa168
[2023-10-03T10:04:16.538+0000] {taskinstance.py:1570} INFO - Exporting env vars: AIRFLOW_CTX_DAG_OWNER='***' AIRFLOW_CTX_DAG_ID='rocket_launch2' AIRFLOW_CTX_TASK_ID='check_launches' AIRFLOW_CTX_EXECUTION_DATE='2023-09-29T00:00:00+00:00' AIRFLOW_CTX_TRY_NUMBER='2' AIRFLOW_CTX_DAG_RUN_ID='scheduled__2023-09-29T00:00:00+00:00'
[2023-10-03T10:04:16.619+0000] {taskinstance.py:1454} INFO - No launches on 2023-09-29
[2023-10-03T10:04:16.679+0000] {taskinstance.py:1373} INFO - Marking task as SKIPPED. dag_id=rocket_launch2, task_id=check_launches, execution_date=20230929T000000, start_date=20231003T100415, end_date=20231003T100416
[2023-10-03T10:04:16.741+0000] {local_task_job_runner.py:232} INFO - Task exited with return code 0
[2023-10-03T10:04:16.777+0000] {taskinstance.py:2674} INFO - 0 downstream tasks scheduled from follow-on schedule check
[2023-10-03T10:09:35.907+0000] {taskinstance.py:1125} INFO - Dependencies all met for dep_context=non-requeueable deps ti=<TaskInstance: rocket_launch2.check_launches scheduled__2023-09-29T00:00:00+00:00 [queued]>
[2023-10-03T10:09:35.973+0000] {taskinstance.py:1125} INFO - Dependencies all met for dep_context=requeueable deps ti=<TaskInstance: rocket_launch2.check_launches scheduled__2023-09-29T00:00:00+00:00 [queued]>
[2023-10-03T10:09:35.976+0000] {taskinstance.py:1331} INFO - Starting attempt 2 of 2
[2023-10-03T10:09:36.140+0000] {taskinstance.py:1350} INFO - Executing <Task(PythonOperator): check_launches> on 2023-09-29 00:00:00+00:00
[2023-10-03T10:09:36.178+0000] {standard_task_runner.py:57} INFO - Started process 3753 to run task
[2023-10-03T10:09:36.192+0000] {standard_task_runner.py:84} INFO - Running: ['***', 'tasks', 'run', 'rocket_launch2', 'check_launches', 'scheduled__2023-09-29T00:00:00+00:00', '--job-id', '371', '--raw', '--subdir', 'DAGS_FOLDER/rocket_launch.py', '--cfg-path', '/tmp/tmpwctyaczq']
[2023-10-03T10:09:36.194+0000] {standard_task_runner.py:85} INFO - Job 371: Subtask check_launches
[2023-10-03T10:09:36.349+0000] {task_command.py:410} INFO - Running <TaskInstance: rocket_launch2.check_launches scheduled__2023-09-29T00:00:00+00:00 [running]> on host e870058fa168
[2023-10-03T10:09:36.528+0000] {taskinstance.py:1570} INFO - Exporting env vars: AIRFLOW_CTX_DAG_OWNER='***' AIRFLOW_CTX_DAG_ID='rocket_launch2' AIRFLOW_CTX_TASK_ID='check_launches' AIRFLOW_CTX_EXECUTION_DATE='2023-09-29T00:00:00+00:00' AIRFLOW_CTX_TRY_NUMBER='2' AIRFLOW_CTX_DAG_RUN_ID='scheduled__2023-09-29T00:00:00+00:00'
[2023-10-03T10:09:36.551+0000] {taskinstance.py:1454} INFO - No launches on 2023-09-29
[2023-10-03T10:09:36.580+0000] {taskinstance.py:1373} INFO - Marking task as SKIPPED. dag_id=rocket_launch2, task_id=check_launches, execution_date=20230929T000000, start_date=20231003T100935, end_date=20231003T100936
[2023-10-03T10:09:36.642+0000] {local_task_job_runner.py:232} INFO - Task exited with return code 0
[2023-10-03T10:09:36.703+0000] {taskinstance.py:2674} INFO - 0 downstream tasks scheduled from follow-on schedule check
