[2023-10-03T10:04:08.873+0000] {taskinstance.py:1125} INFO - Dependencies all met for dep_context=non-requeueable deps ti=<TaskInstance: rocket_launch2.check_launches scheduled__2023-09-25T00:00:00+00:00 [queued]>
[2023-10-03T10:04:09.072+0000] {taskinstance.py:1125} INFO - Dependencies all met for dep_context=requeueable deps ti=<TaskInstance: rocket_launch2.check_launches scheduled__2023-09-25T00:00:00+00:00 [queued]>
[2023-10-03T10:04:09.073+0000] {taskinstance.py:1331} INFO - Starting attempt 2 of 2
[2023-10-03T10:04:09.424+0000] {taskinstance.py:1350} INFO - Executing <Task(PythonOperator): check_launches> on 2023-09-25 00:00:00+00:00
[2023-10-03T10:04:09.462+0000] {standard_task_runner.py:57} INFO - Started process 3475 to run task
[2023-10-03T10:04:09.507+0000] {standard_task_runner.py:84} INFO - Running: ['***', 'tasks', 'run', 'rocket_launch2', 'check_launches', 'scheduled__2023-09-25T00:00:00+00:00', '--job-id', '279', '--raw', '--subdir', 'DAGS_FOLDER/rocket_launch.py', '--cfg-path', '/tmp/tmpq7y12dbl']
[2023-10-03T10:04:09.507+0000] {standard_task_runner.py:85} INFO - Job 279: Subtask check_launches
[2023-10-03T10:04:10.873+0000] {task_command.py:410} INFO - Running <TaskInstance: rocket_launch2.check_launches scheduled__2023-09-25T00:00:00+00:00 [running]> on host e870058fa168
[2023-10-03T10:04:13.098+0000] {taskinstance.py:1570} INFO - Exporting env vars: AIRFLOW_CTX_DAG_OWNER='***' AIRFLOW_CTX_DAG_ID='rocket_launch2' AIRFLOW_CTX_TASK_ID='check_launches' AIRFLOW_CTX_EXECUTION_DATE='2023-09-25T00:00:00+00:00' AIRFLOW_CTX_TRY_NUMBER='2' AIRFLOW_CTX_DAG_RUN_ID='scheduled__2023-09-25T00:00:00+00:00'
[2023-10-03T10:04:13.176+0000] {python.py:183} INFO - Done. Returned value was: None
[2023-10-03T10:04:13.188+0000] {taskinstance.py:1373} INFO - Marking task as SUCCESS. dag_id=rocket_launch2, task_id=check_launches, execution_date=20230925T000000, start_date=20231003T100408, end_date=20231003T100413
[2023-10-03T10:04:13.595+0000] {local_task_job_runner.py:232} INFO - Task exited with return code 0
[2023-10-03T10:04:13.934+0000] {taskinstance.py:2674} INFO - 0 downstream tasks scheduled from follow-on schedule check
[2023-10-03T10:09:27.162+0000] {taskinstance.py:1125} INFO - Dependencies all met for dep_context=non-requeueable deps ti=<TaskInstance: rocket_launch2.check_launches scheduled__2023-09-25T00:00:00+00:00 [queued]>
[2023-10-03T10:09:27.375+0000] {taskinstance.py:1125} INFO - Dependencies all met for dep_context=requeueable deps ti=<TaskInstance: rocket_launch2.check_launches scheduled__2023-09-25T00:00:00+00:00 [queued]>
[2023-10-03T10:09:27.411+0000] {taskinstance.py:1331} INFO - Starting attempt 2 of 2
[2023-10-03T10:09:27.887+0000] {taskinstance.py:1350} INFO - Executing <Task(PythonOperator): check_launches> on 2023-09-25 00:00:00+00:00
[2023-10-03T10:09:28.021+0000] {standard_task_runner.py:57} INFO - Started process 3741 to run task
[2023-10-03T10:09:28.123+0000] {standard_task_runner.py:84} INFO - Running: ['***', 'tasks', 'run', 'rocket_launch2', 'check_launches', 'scheduled__2023-09-25T00:00:00+00:00', '--job-id', '369', '--raw', '--subdir', 'DAGS_FOLDER/rocket_launch.py', '--cfg-path', '/tmp/tmpqd8zqb36']
[2023-10-03T10:09:28.134+0000] {standard_task_runner.py:85} INFO - Job 369: Subtask check_launches
[2023-10-03T10:09:29.565+0000] {task_command.py:410} INFO - Running <TaskInstance: rocket_launch2.check_launches scheduled__2023-09-25T00:00:00+00:00 [running]> on host e870058fa168
[2023-10-03T10:09:31.439+0000] {taskinstance.py:1570} INFO - Exporting env vars: AIRFLOW_CTX_DAG_OWNER='***' AIRFLOW_CTX_DAG_ID='rocket_launch2' AIRFLOW_CTX_TASK_ID='check_launches' AIRFLOW_CTX_EXECUTION_DATE='2023-09-25T00:00:00+00:00' AIRFLOW_CTX_TRY_NUMBER='2' AIRFLOW_CTX_DAG_RUN_ID='scheduled__2023-09-25T00:00:00+00:00'
[2023-10-03T10:09:31.775+0000] {python.py:183} INFO - Done. Returned value was: None
[2023-10-03T10:09:31.965+0000] {taskinstance.py:1373} INFO - Marking task as SUCCESS. dag_id=rocket_launch2, task_id=check_launches, execution_date=20230925T000000, start_date=20231003T100927, end_date=20231003T100931
[2023-10-03T10:09:32.466+0000] {local_task_job_runner.py:232} INFO - Task exited with return code 0
[2023-10-03T10:09:32.705+0000] {taskinstance.py:2674} INFO - 0 downstream tasks scheduled from follow-on schedule check
