[2023-10-03T09:53:07.908+0000] {taskinstance.py:1125} INFO - Dependencies all met for dep_context=non-requeueable deps ti=<TaskInstance: rocket_launch2.check_launches scheduled__2023-09-25T00:00:00+00:00 [queued]>
[2023-10-03T09:53:07.991+0000] {taskinstance.py:1125} INFO - Dependencies all met for dep_context=requeueable deps ti=<TaskInstance: rocket_launch2.check_launches scheduled__2023-09-25T00:00:00+00:00 [queued]>
[2023-10-03T09:53:07.996+0000] {taskinstance.py:1331} INFO - Starting attempt 1 of 1
[2023-10-03T09:53:08.439+0000] {taskinstance.py:1350} INFO - Executing <Task(ShortCircuitOperator): check_launches> on 2023-09-25 00:00:00+00:00
[2023-10-03T09:53:08.508+0000] {standard_task_runner.py:57} INFO - Started process 3064 to run task
[2023-10-03T09:53:08.563+0000] {standard_task_runner.py:84} INFO - Running: ['***', 'tasks', 'run', 'rocket_launch2', 'check_launches', 'scheduled__2023-09-25T00:00:00+00:00', '--job-id', '170', '--raw', '--subdir', 'DAGS_FOLDER/rocket_launch.py', '--cfg-path', '/tmp/tmpvgdgx0gu']
[2023-10-03T09:53:08.615+0000] {standard_task_runner.py:85} INFO - Job 170: Subtask check_launches
[2023-10-03T09:53:09.199+0000] {task_command.py:410} INFO - Running <TaskInstance: rocket_launch2.check_launches scheduled__2023-09-25T00:00:00+00:00 [running]> on host e870058fa168
[2023-10-03T09:53:10.163+0000] {taskinstance.py:1570} INFO - Exporting env vars: AIRFLOW_CTX_DAG_OWNER='***' AIRFLOW_CTX_DAG_ID='rocket_launch2' AIRFLOW_CTX_TASK_ID='check_launches' AIRFLOW_CTX_EXECUTION_DATE='2023-09-25T00:00:00+00:00' AIRFLOW_CTX_TRY_NUMBER='1' AIRFLOW_CTX_DAG_RUN_ID='scheduled__2023-09-25T00:00:00+00:00'
[2023-10-03T09:53:10.258+0000] {python.py:183} INFO - Done. Returned value was: True
[2023-10-03T09:53:10.266+0000] {python.py:253} INFO - Condition result is True
[2023-10-03T09:53:10.267+0000] {python.py:256} INFO - Proceeding with downstream tasks...
[2023-10-03T09:53:10.381+0000] {taskinstance.py:1373} INFO - Marking task as SUCCESS. dag_id=rocket_launch2, task_id=check_launches, execution_date=20230925T000000, start_date=20231003T095307, end_date=20231003T095310
[2023-10-03T09:53:10.738+0000] {local_task_job_runner.py:232} INFO - Task exited with return code 0
[2023-10-03T09:53:11.056+0000] {taskinstance.py:2674} INFO - 0 downstream tasks scheduled from follow-on schedule check
[2023-10-03T10:02:37.270+0000] {taskinstance.py:1125} INFO - Dependencies all met for dep_context=non-requeueable deps ti=<TaskInstance: rocket_launch2.check_launches scheduled__2023-09-25T00:00:00+00:00 [queued]>
[2023-10-03T10:02:37.539+0000] {taskinstance.py:1125} INFO - Dependencies all met for dep_context=requeueable deps ti=<TaskInstance: rocket_launch2.check_launches scheduled__2023-09-25T00:00:00+00:00 [queued]>
[2023-10-03T10:02:37.540+0000] {taskinstance.py:1331} INFO - Starting attempt 1 of 1
[2023-10-03T10:02:38.003+0000] {taskinstance.py:1350} INFO - Executing <Task(PythonOperator): check_launches> on 2023-09-25 00:00:00+00:00
[2023-10-03T10:02:38.142+0000] {standard_task_runner.py:57} INFO - Started process 3372 to run task
[2023-10-03T10:02:38.157+0000] {standard_task_runner.py:84} INFO - Running: ['***', 'tasks', 'run', 'rocket_launch2', 'check_launches', 'scheduled__2023-09-25T00:00:00+00:00', '--job-id', '237', '--raw', '--subdir', 'DAGS_FOLDER/rocket_launch.py', '--cfg-path', '/tmp/tmpd_hl7dsu']
[2023-10-03T10:02:38.198+0000] {standard_task_runner.py:85} INFO - Job 237: Subtask check_launches
[2023-10-03T10:02:38.759+0000] {task_command.py:410} INFO - Running <TaskInstance: rocket_launch2.check_launches scheduled__2023-09-25T00:00:00+00:00 [running]> on host e870058fa168
[2023-10-03T10:02:39.634+0000] {taskinstance.py:1570} INFO - Exporting env vars: AIRFLOW_CTX_DAG_OWNER='***' AIRFLOW_CTX_DAG_ID='rocket_launch2' AIRFLOW_CTX_TASK_ID='check_launches' AIRFLOW_CTX_EXECUTION_DATE='2023-09-25T00:00:00+00:00' AIRFLOW_CTX_TRY_NUMBER='1' AIRFLOW_CTX_DAG_RUN_ID='scheduled__2023-09-25T00:00:00+00:00'
[2023-10-03T10:02:39.804+0000] {python.py:183} INFO - Done. Returned value was: None
[2023-10-03T10:02:39.948+0000] {taskinstance.py:1373} INFO - Marking task as SUCCESS. dag_id=rocket_launch2, task_id=check_launches, execution_date=20230925T000000, start_date=20231003T100237, end_date=20231003T100239
[2023-10-03T10:02:40.188+0000] {local_task_job_runner.py:232} INFO - Task exited with return code 0
[2023-10-03T10:02:40.302+0000] {taskinstance.py:2674} INFO - 1 downstream tasks scheduled from follow-on schedule check
[2023-10-03T10:06:14.996+0000] {taskinstance.py:1125} INFO - Dependencies all met for dep_context=non-requeueable deps ti=<TaskInstance: rocket_launch2.check_launches scheduled__2023-09-25T00:00:00+00:00 [queued]>
[2023-10-03T10:06:15.282+0000] {taskinstance.py:1125} INFO - Dependencies all met for dep_context=requeueable deps ti=<TaskInstance: rocket_launch2.check_launches scheduled__2023-09-25T00:00:00+00:00 [queued]>
[2023-10-03T10:06:15.282+0000] {taskinstance.py:1331} INFO - Starting attempt 1 of 1
[2023-10-03T10:06:15.783+0000] {taskinstance.py:1350} INFO - Executing <Task(PythonOperator): check_launches> on 2023-09-25 00:00:00+00:00
[2023-10-03T10:06:15.833+0000] {standard_task_runner.py:57} INFO - Started process 3615 to run task
[2023-10-03T10:06:15.867+0000] {standard_task_runner.py:84} INFO - Running: ['***', 'tasks', 'run', 'rocket_launch2', 'check_launches', 'scheduled__2023-09-25T00:00:00+00:00', '--job-id', '327', '--raw', '--subdir', 'DAGS_FOLDER/rocket_launch.py', '--cfg-path', '/tmp/tmp3d8qs7x4']
[2023-10-03T10:06:15.880+0000] {standard_task_runner.py:85} INFO - Job 327: Subtask check_launches
[2023-10-03T10:06:16.364+0000] {task_command.py:410} INFO - Running <TaskInstance: rocket_launch2.check_launches scheduled__2023-09-25T00:00:00+00:00 [running]> on host e870058fa168
[2023-10-03T10:06:17.218+0000] {taskinstance.py:1570} INFO - Exporting env vars: AIRFLOW_CTX_DAG_OWNER='***' AIRFLOW_CTX_DAG_ID='rocket_launch2' AIRFLOW_CTX_TASK_ID='check_launches' AIRFLOW_CTX_EXECUTION_DATE='2023-09-25T00:00:00+00:00' AIRFLOW_CTX_TRY_NUMBER='1' AIRFLOW_CTX_DAG_RUN_ID='scheduled__2023-09-25T00:00:00+00:00'
[2023-10-03T10:06:17.318+0000] {python.py:183} INFO - Done. Returned value was: None
[2023-10-03T10:06:17.384+0000] {taskinstance.py:1373} INFO - Marking task as SUCCESS. dag_id=rocket_launch2, task_id=check_launches, execution_date=20230925T000000, start_date=20231003T100615, end_date=20231003T100617
[2023-10-03T10:06:17.526+0000] {local_task_job_runner.py:232} INFO - Task exited with return code 0
[2023-10-03T10:06:17.715+0000] {taskinstance.py:2674} INFO - 0 downstream tasks scheduled from follow-on schedule check
[2023-10-03T10:16:46.470+0000] {taskinstance.py:1125} INFO - Dependencies all met for dep_context=non-requeueable deps ti=<TaskInstance: rocket_launch2.check_launches scheduled__2023-09-25T00:00:00+00:00 [queued]>
[2023-10-03T10:16:46.644+0000] {taskinstance.py:1125} INFO - Dependencies all met for dep_context=requeueable deps ti=<TaskInstance: rocket_launch2.check_launches scheduled__2023-09-25T00:00:00+00:00 [queued]>
[2023-10-03T10:16:46.658+0000] {taskinstance.py:1331} INFO - Starting attempt 1 of 1
[2023-10-03T10:16:46.934+0000] {taskinstance.py:1350} INFO - Executing <Task(PythonOperator): check_launches> on 2023-09-25 00:00:00+00:00
[2023-10-03T10:16:46.991+0000] {standard_task_runner.py:57} INFO - Started process 3973 to run task
[2023-10-03T10:16:47.022+0000] {standard_task_runner.py:84} INFO - Running: ['***', 'tasks', 'run', 'rocket_launch2', 'check_launches', 'scheduled__2023-09-25T00:00:00+00:00', '--job-id', '420', '--raw', '--subdir', 'DAGS_FOLDER/rocket_launch.py', '--cfg-path', '/tmp/tmplcezwt09']
[2023-10-03T10:16:47.027+0000] {standard_task_runner.py:85} INFO - Job 420: Subtask check_launches
[2023-10-03T10:16:47.493+0000] {task_command.py:410} INFO - Running <TaskInstance: rocket_launch2.check_launches scheduled__2023-09-25T00:00:00+00:00 [running]> on host e870058fa168
[2023-10-03T10:16:48.803+0000] {taskinstance.py:1570} INFO - Exporting env vars: AIRFLOW_CTX_DAG_OWNER='***' AIRFLOW_CTX_DAG_ID='rocket_launch2' AIRFLOW_CTX_TASK_ID='check_launches' AIRFLOW_CTX_EXECUTION_DATE='2023-09-25T00:00:00+00:00' AIRFLOW_CTX_TRY_NUMBER='1' AIRFLOW_CTX_DAG_RUN_ID='scheduled__2023-09-25T00:00:00+00:00'
[2023-10-03T10:16:48.915+0000] {python.py:183} INFO - Done. Returned value was: None
[2023-10-03T10:16:48.992+0000] {taskinstance.py:1373} INFO - Marking task as SUCCESS. dag_id=rocket_launch2, task_id=check_launches, execution_date=20230925T000000, start_date=20231003T101646, end_date=20231003T101648
[2023-10-03T10:16:49.186+0000] {local_task_job_runner.py:232} INFO - Task exited with return code 0
[2023-10-03T10:16:49.506+0000] {taskinstance.py:2674} INFO - 0 downstream tasks scheduled from follow-on schedule check
