[2023-10-03T09:39:24.828+0000] {taskinstance.py:1125} INFO - Dependencies all met for dep_context=non-requeueable deps ti=<TaskInstance: rocket_launch2.wait_for_data scheduled__2023-09-27T00:00:00+00:00 [queued]>
[2023-10-03T09:39:25.042+0000] {taskinstance.py:1125} INFO - Dependencies all met for dep_context=requeueable deps ti=<TaskInstance: rocket_launch2.wait_for_data scheduled__2023-09-27T00:00:00+00:00 [queued]>
[2023-10-03T09:39:25.059+0000] {taskinstance.py:1331} INFO - Starting attempt 1 of 1
[2023-10-03T09:39:25.452+0000] {taskinstance.py:1350} INFO - Executing <Task(HttpSensor): wait_for_data> on 2023-09-27 00:00:00+00:00
[2023-10-03T09:39:25.561+0000] {standard_task_runner.py:57} INFO - Started process 2695 to run task
[2023-10-03T09:39:25.586+0000] {standard_task_runner.py:84} INFO - Running: ['***', 'tasks', 'run', 'rocket_launch2', 'wait_for_data', 'scheduled__2023-09-27T00:00:00+00:00', '--job-id', '97', '--raw', '--subdir', 'DAGS_FOLDER/rocket_launch.py', '--cfg-path', '/tmp/tmp8u9pvf9t']
[2023-10-03T09:39:25.587+0000] {standard_task_runner.py:85} INFO - Job 97: Subtask wait_for_data
[2023-10-03T09:39:25.952+0000] {task_command.py:410} INFO - Running <TaskInstance: rocket_launch2.wait_for_data scheduled__2023-09-27T00:00:00+00:00 [running]> on host e870058fa168
[2023-10-03T09:39:27.605+0000] {taskinstance.py:1570} INFO - Exporting env vars: AIRFLOW_CTX_DAG_OWNER='***' AIRFLOW_CTX_DAG_ID='rocket_launch2' AIRFLOW_CTX_TASK_ID='wait_for_data' AIRFLOW_CTX_EXECUTION_DATE='2023-09-27T00:00:00+00:00' AIRFLOW_CTX_TRY_NUMBER='1' AIRFLOW_CTX_DAG_RUN_ID='scheduled__2023-09-27T00:00:00+00:00'
[2023-10-03T09:39:27.621+0000] {http.py:122} INFO - Poking: 
[2023-10-03T09:39:27.759+0000] {base.py:73} INFO - Using connection ID 'thespacedevs_dev' for task execution.
[2023-10-03T09:39:28.569+0000] {base.py:255} INFO - Success criteria met. Exiting.
[2023-10-03T09:39:28.897+0000] {taskinstance.py:1373} INFO - Marking task as SUCCESS. dag_id=rocket_launch2, task_id=wait_for_data, execution_date=20230927T000000, start_date=20231003T093924, end_date=20231003T093928
[2023-10-03T09:39:29.714+0000] {local_task_job_runner.py:232} INFO - Task exited with return code 0
[2023-10-03T09:39:30.465+0000] {taskinstance.py:2674} INFO - 0 downstream tasks scheduled from follow-on schedule check
[2023-10-03T10:02:14.486+0000] {taskinstance.py:1125} INFO - Dependencies all met for dep_context=non-requeueable deps ti=<TaskInstance: rocket_launch2.wait_for_data scheduled__2023-09-27T00:00:00+00:00 [queued]>
[2023-10-03T10:02:14.622+0000] {taskinstance.py:1125} INFO - Dependencies all met for dep_context=requeueable deps ti=<TaskInstance: rocket_launch2.wait_for_data scheduled__2023-09-27T00:00:00+00:00 [queued]>
[2023-10-03T10:02:14.625+0000] {taskinstance.py:1331} INFO - Starting attempt 1 of 1
[2023-10-03T10:02:14.854+0000] {taskinstance.py:1350} INFO - Executing <Task(HttpSensor): wait_for_data> on 2023-09-27 00:00:00+00:00
[2023-10-03T10:02:14.914+0000] {standard_task_runner.py:57} INFO - Started process 3302 to run task
[2023-10-03T10:02:14.946+0000] {standard_task_runner.py:84} INFO - Running: ['***', 'tasks', 'run', 'rocket_launch2', 'wait_for_data', 'scheduled__2023-09-27T00:00:00+00:00', '--job-id', '208', '--raw', '--subdir', 'DAGS_FOLDER/rocket_launch.py', '--cfg-path', '/tmp/tmpwu668s8b']
[2023-10-03T10:02:14.957+0000] {standard_task_runner.py:85} INFO - Job 208: Subtask wait_for_data
[2023-10-03T10:02:15.364+0000] {task_command.py:410} INFO - Running <TaskInstance: rocket_launch2.wait_for_data scheduled__2023-09-27T00:00:00+00:00 [running]> on host e870058fa168
[2023-10-03T10:02:16.867+0000] {taskinstance.py:1570} INFO - Exporting env vars: AIRFLOW_CTX_DAG_OWNER='***' AIRFLOW_CTX_DAG_ID='rocket_launch2' AIRFLOW_CTX_TASK_ID='wait_for_data' AIRFLOW_CTX_EXECUTION_DATE='2023-09-27T00:00:00+00:00' AIRFLOW_CTX_TRY_NUMBER='1' AIRFLOW_CTX_DAG_RUN_ID='scheduled__2023-09-27T00:00:00+00:00'
[2023-10-03T10:02:16.868+0000] {http.py:122} INFO - Poking: 
[2023-10-03T10:02:16.925+0000] {base.py:73} INFO - Using connection ID 'thespacedevs_dev' for task execution.
[2023-10-03T10:02:17.495+0000] {base.py:255} INFO - Success criteria met. Exiting.
[2023-10-03T10:02:17.674+0000] {taskinstance.py:1373} INFO - Marking task as SUCCESS. dag_id=rocket_launch2, task_id=wait_for_data, execution_date=20230927T000000, start_date=20231003T100214, end_date=20231003T100217
[2023-10-03T10:02:18.014+0000] {local_task_job_runner.py:232} INFO - Task exited with return code 0
[2023-10-03T10:02:18.311+0000] {taskinstance.py:2674} INFO - 1 downstream tasks scheduled from follow-on schedule check
[2023-10-03T10:05:53.650+0000] {taskinstance.py:1125} INFO - Dependencies all met for dep_context=non-requeueable deps ti=<TaskInstance: rocket_launch2.wait_for_data scheduled__2023-09-27T00:00:00+00:00 [queued]>
[2023-10-03T10:05:54.085+0000] {taskinstance.py:1125} INFO - Dependencies all met for dep_context=requeueable deps ti=<TaskInstance: rocket_launch2.wait_for_data scheduled__2023-09-27T00:00:00+00:00 [queued]>
[2023-10-03T10:05:54.094+0000] {taskinstance.py:1331} INFO - Starting attempt 1 of 1
[2023-10-03T10:05:54.675+0000] {taskinstance.py:1350} INFO - Executing <Task(HttpSensor): wait_for_data> on 2023-09-27 00:00:00+00:00
[2023-10-03T10:05:54.802+0000] {standard_task_runner.py:57} INFO - Started process 3550 to run task
[2023-10-03T10:05:54.950+0000] {standard_task_runner.py:84} INFO - Running: ['***', 'tasks', 'run', 'rocket_launch2', 'wait_for_data', 'scheduled__2023-09-27T00:00:00+00:00', '--job-id', '299', '--raw', '--subdir', 'DAGS_FOLDER/rocket_launch.py', '--cfg-path', '/tmp/tmpse628mvm']
[2023-10-03T10:05:54.978+0000] {standard_task_runner.py:85} INFO - Job 299: Subtask wait_for_data
[2023-10-03T10:05:56.185+0000] {task_command.py:410} INFO - Running <TaskInstance: rocket_launch2.wait_for_data scheduled__2023-09-27T00:00:00+00:00 [running]> on host e870058fa168
[2023-10-03T10:05:58.131+0000] {taskinstance.py:1570} INFO - Exporting env vars: AIRFLOW_CTX_DAG_OWNER='***' AIRFLOW_CTX_DAG_ID='rocket_launch2' AIRFLOW_CTX_TASK_ID='wait_for_data' AIRFLOW_CTX_EXECUTION_DATE='2023-09-27T00:00:00+00:00' AIRFLOW_CTX_TRY_NUMBER='1' AIRFLOW_CTX_DAG_RUN_ID='scheduled__2023-09-27T00:00:00+00:00'
[2023-10-03T10:05:58.133+0000] {http.py:122} INFO - Poking: 
[2023-10-03T10:05:58.282+0000] {base.py:73} INFO - Using connection ID 'thespacedevs_dev' for task execution.
[2023-10-03T10:05:59.207+0000] {base.py:255} INFO - Success criteria met. Exiting.
[2023-10-03T10:05:59.328+0000] {taskinstance.py:1373} INFO - Marking task as SUCCESS. dag_id=rocket_launch2, task_id=wait_for_data, execution_date=20230927T000000, start_date=20231003T100553, end_date=20231003T100559
[2023-10-03T10:05:59.543+0000] {local_task_job_runner.py:232} INFO - Task exited with return code 0
[2023-10-03T10:06:00.310+0000] {taskinstance.py:2674} INFO - 0 downstream tasks scheduled from follow-on schedule check
[2023-10-03T10:16:24.700+0000] {taskinstance.py:1125} INFO - Dependencies all met for dep_context=non-requeueable deps ti=<TaskInstance: rocket_launch2.wait_for_data scheduled__2023-09-27T00:00:00+00:00 [queued]>
[2023-10-03T10:16:24.933+0000] {taskinstance.py:1125} INFO - Dependencies all met for dep_context=requeueable deps ti=<TaskInstance: rocket_launch2.wait_for_data scheduled__2023-09-27T00:00:00+00:00 [queued]>
[2023-10-03T10:16:24.947+0000] {taskinstance.py:1331} INFO - Starting attempt 1 of 1
[2023-10-03T10:16:25.335+0000] {taskinstance.py:1350} INFO - Executing <Task(HttpSensor): wait_for_data> on 2023-09-27 00:00:00+00:00
[2023-10-03T10:16:25.467+0000] {standard_task_runner.py:84} INFO - Running: ['***', 'tasks', 'run', 'rocket_launch2', 'wait_for_data', 'scheduled__2023-09-27T00:00:00+00:00', '--job-id', '389', '--raw', '--subdir', 'DAGS_FOLDER/rocket_launch.py', '--cfg-path', '/tmp/tmp7hvbrpws']
[2023-10-03T10:16:25.481+0000] {standard_task_runner.py:85} INFO - Job 389: Subtask wait_for_data
[2023-10-03T10:16:25.358+0000] {standard_task_runner.py:57} INFO - Started process 3910 to run task
[2023-10-03T10:16:25.692+0000] {task_command.py:410} INFO - Running <TaskInstance: rocket_launch2.wait_for_data scheduled__2023-09-27T00:00:00+00:00 [running]> on host e870058fa168
[2023-10-03T10:16:26.659+0000] {taskinstance.py:1570} INFO - Exporting env vars: AIRFLOW_CTX_DAG_OWNER='***' AIRFLOW_CTX_DAG_ID='rocket_launch2' AIRFLOW_CTX_TASK_ID='wait_for_data' AIRFLOW_CTX_EXECUTION_DATE='2023-09-27T00:00:00+00:00' AIRFLOW_CTX_TRY_NUMBER='1' AIRFLOW_CTX_DAG_RUN_ID='scheduled__2023-09-27T00:00:00+00:00'
[2023-10-03T10:16:26.662+0000] {http.py:122} INFO - Poking: 
[2023-10-03T10:16:26.744+0000] {base.py:73} INFO - Using connection ID 'thespacedevs_dev' for task execution.
[2023-10-03T10:16:27.487+0000] {base.py:255} INFO - Success criteria met. Exiting.
[2023-10-03T10:16:27.587+0000] {taskinstance.py:1373} INFO - Marking task as SUCCESS. dag_id=rocket_launch2, task_id=wait_for_data, execution_date=20230927T000000, start_date=20231003T101624, end_date=20231003T101627
[2023-10-03T10:16:27.892+0000] {local_task_job_runner.py:232} INFO - Task exited with return code 0
[2023-10-03T10:16:28.433+0000] {taskinstance.py:2674} INFO - 0 downstream tasks scheduled from follow-on schedule check
