[2023-10-03T09:53:04.623+0000] {taskinstance.py:1125} INFO - Dependencies all met for dep_context=non-requeueable deps ti=<TaskInstance: rocket_launch2.check_launches scheduled__2023-09-24T00:00:00+00:00 [queued]>
[2023-10-03T09:53:04.767+0000] {taskinstance.py:1125} INFO - Dependencies all met for dep_context=requeueable deps ti=<TaskInstance: rocket_launch2.check_launches scheduled__2023-09-24T00:00:00+00:00 [queued]>
[2023-10-03T09:53:04.789+0000] {taskinstance.py:1331} INFO - Starting attempt 1 of 1
[2023-10-03T09:53:04.958+0000] {taskinstance.py:1350} INFO - Executing <Task(ShortCircuitOperator): check_launches> on 2023-09-24 00:00:00+00:00
[2023-10-03T09:53:05.023+0000] {standard_task_runner.py:57} INFO - Started process 3053 to run task
[2023-10-03T09:53:05.052+0000] {standard_task_runner.py:84} INFO - Running: ['***', 'tasks', 'run', 'rocket_launch2', 'check_launches', 'scheduled__2023-09-24T00:00:00+00:00', '--job-id', '158', '--raw', '--subdir', 'DAGS_FOLDER/rocket_launch.py', '--cfg-path', '/tmp/tmpepz_36p9']
[2023-10-03T09:53:05.067+0000] {standard_task_runner.py:85} INFO - Job 158: Subtask check_launches
[2023-10-03T09:53:05.523+0000] {task_command.py:410} INFO - Running <TaskInstance: rocket_launch2.check_launches scheduled__2023-09-24T00:00:00+00:00 [running]> on host e870058fa168
[2023-10-03T09:53:06.893+0000] {taskinstance.py:1570} INFO - Exporting env vars: AIRFLOW_CTX_DAG_OWNER='***' AIRFLOW_CTX_DAG_ID='rocket_launch2' AIRFLOW_CTX_TASK_ID='check_launches' AIRFLOW_CTX_EXECUTION_DATE='2023-09-24T00:00:00+00:00' AIRFLOW_CTX_TRY_NUMBER='1' AIRFLOW_CTX_DAG_RUN_ID='scheduled__2023-09-24T00:00:00+00:00'
[2023-10-03T09:53:06.993+0000] {python.py:183} INFO - Done. Returned value was: True
[2023-10-03T09:53:07.003+0000] {python.py:253} INFO - Condition result is True
[2023-10-03T09:53:07.008+0000] {python.py:256} INFO - Proceeding with downstream tasks...
[2023-10-03T09:53:07.271+0000] {taskinstance.py:1373} INFO - Marking task as SUCCESS. dag_id=rocket_launch2, task_id=check_launches, execution_date=20230924T000000, start_date=20231003T095304, end_date=20231003T095307
[2023-10-03T09:53:07.674+0000] {local_task_job_runner.py:232} INFO - Task exited with return code 0
[2023-10-03T09:53:08.129+0000] {taskinstance.py:2674} INFO - 1 downstream tasks scheduled from follow-on schedule check
[2023-10-03T10:02:37.608+0000] {taskinstance.py:1125} INFO - Dependencies all met for dep_context=non-requeueable deps ti=<TaskInstance: rocket_launch2.check_launches scheduled__2023-09-24T00:00:00+00:00 [queued]>
[2023-10-03T10:02:37.829+0000] {taskinstance.py:1125} INFO - Dependencies all met for dep_context=requeueable deps ti=<TaskInstance: rocket_launch2.check_launches scheduled__2023-09-24T00:00:00+00:00 [queued]>
[2023-10-03T10:02:37.830+0000] {taskinstance.py:1331} INFO - Starting attempt 1 of 1
[2023-10-03T10:02:38.085+0000] {taskinstance.py:1350} INFO - Executing <Task(PythonOperator): check_launches> on 2023-09-24 00:00:00+00:00
[2023-10-03T10:02:38.184+0000] {standard_task_runner.py:57} INFO - Started process 3373 to run task
[2023-10-03T10:02:38.291+0000] {standard_task_runner.py:84} INFO - Running: ['***', 'tasks', 'run', 'rocket_launch2', 'check_launches', 'scheduled__2023-09-24T00:00:00+00:00', '--job-id', '238', '--raw', '--subdir', 'DAGS_FOLDER/rocket_launch.py', '--cfg-path', '/tmp/tmp3l_3cmfa']
[2023-10-03T10:02:38.303+0000] {standard_task_runner.py:85} INFO - Job 238: Subtask check_launches
[2023-10-03T10:02:38.665+0000] {task_command.py:410} INFO - Running <TaskInstance: rocket_launch2.check_launches scheduled__2023-09-24T00:00:00+00:00 [running]> on host e870058fa168
[2023-10-03T10:02:39.635+0000] {taskinstance.py:1570} INFO - Exporting env vars: AIRFLOW_CTX_DAG_OWNER='***' AIRFLOW_CTX_DAG_ID='rocket_launch2' AIRFLOW_CTX_TASK_ID='check_launches' AIRFLOW_CTX_EXECUTION_DATE='2023-09-24T00:00:00+00:00' AIRFLOW_CTX_TRY_NUMBER='1' AIRFLOW_CTX_DAG_RUN_ID='scheduled__2023-09-24T00:00:00+00:00'
[2023-10-03T10:02:39.810+0000] {python.py:183} INFO - Done. Returned value was: None
[2023-10-03T10:02:39.886+0000] {taskinstance.py:1373} INFO - Marking task as SUCCESS. dag_id=rocket_launch2, task_id=check_launches, execution_date=20230924T000000, start_date=20231003T100237, end_date=20231003T100239
[2023-10-03T10:02:40.224+0000] {local_task_job_runner.py:232} INFO - Task exited with return code 0
[2023-10-03T10:02:40.402+0000] {taskinstance.py:2674} INFO - 1 downstream tasks scheduled from follow-on schedule check
[2023-10-03T10:06:18.244+0000] {taskinstance.py:1125} INFO - Dependencies all met for dep_context=non-requeueable deps ti=<TaskInstance: rocket_launch2.check_launches scheduled__2023-09-24T00:00:00+00:00 [queued]>
[2023-10-03T10:06:18.409+0000] {taskinstance.py:1125} INFO - Dependencies all met for dep_context=requeueable deps ti=<TaskInstance: rocket_launch2.check_launches scheduled__2023-09-24T00:00:00+00:00 [queued]>
[2023-10-03T10:06:18.425+0000] {taskinstance.py:1331} INFO - Starting attempt 1 of 1
[2023-10-03T10:06:18.562+0000] {taskinstance.py:1350} INFO - Executing <Task(PythonOperator): check_launches> on 2023-09-24 00:00:00+00:00
[2023-10-03T10:06:18.599+0000] {standard_task_runner.py:57} INFO - Started process 3624 to run task
[2023-10-03T10:06:18.621+0000] {standard_task_runner.py:84} INFO - Running: ['***', 'tasks', 'run', 'rocket_launch2', 'check_launches', 'scheduled__2023-09-24T00:00:00+00:00', '--job-id', '333', '--raw', '--subdir', 'DAGS_FOLDER/rocket_launch.py', '--cfg-path', '/tmp/tmpo1oqwnjy']
[2023-10-03T10:06:18.645+0000] {standard_task_runner.py:85} INFO - Job 333: Subtask check_launches
[2023-10-03T10:06:18.865+0000] {task_command.py:410} INFO - Running <TaskInstance: rocket_launch2.check_launches scheduled__2023-09-24T00:00:00+00:00 [running]> on host e870058fa168
[2023-10-03T10:06:20.013+0000] {taskinstance.py:1570} INFO - Exporting env vars: AIRFLOW_CTX_DAG_OWNER='***' AIRFLOW_CTX_DAG_ID='rocket_launch2' AIRFLOW_CTX_TASK_ID='check_launches' AIRFLOW_CTX_EXECUTION_DATE='2023-09-24T00:00:00+00:00' AIRFLOW_CTX_TRY_NUMBER='1' AIRFLOW_CTX_DAG_RUN_ID='scheduled__2023-09-24T00:00:00+00:00'
[2023-10-03T10:06:20.176+0000] {python.py:183} INFO - Done. Returned value was: None
[2023-10-03T10:06:20.415+0000] {taskinstance.py:1373} INFO - Marking task as SUCCESS. dag_id=rocket_launch2, task_id=check_launches, execution_date=20230924T000000, start_date=20231003T100618, end_date=20231003T100620
[2023-10-03T10:06:20.776+0000] {local_task_job_runner.py:232} INFO - Task exited with return code 0
[2023-10-03T10:06:21.087+0000] {taskinstance.py:2674} INFO - 1 downstream tasks scheduled from follow-on schedule check
[2023-10-03T10:16:47.612+0000] {taskinstance.py:1125} INFO - Dependencies all met for dep_context=non-requeueable deps ti=<TaskInstance: rocket_launch2.check_launches scheduled__2023-09-24T00:00:00+00:00 [queued]>
[2023-10-03T10:16:47.912+0000] {taskinstance.py:1125} INFO - Dependencies all met for dep_context=requeueable deps ti=<TaskInstance: rocket_launch2.check_launches scheduled__2023-09-24T00:00:00+00:00 [queued]>
[2023-10-03T10:16:47.937+0000] {taskinstance.py:1331} INFO - Starting attempt 1 of 1
[2023-10-03T10:16:48.197+0000] {taskinstance.py:1350} INFO - Executing <Task(PythonOperator): check_launches> on 2023-09-24 00:00:00+00:00
[2023-10-03T10:16:48.313+0000] {standard_task_runner.py:57} INFO - Started process 3976 to run task
[2023-10-03T10:16:48.328+0000] {standard_task_runner.py:84} INFO - Running: ['***', 'tasks', 'run', 'rocket_launch2', 'check_launches', 'scheduled__2023-09-24T00:00:00+00:00', '--job-id', '421', '--raw', '--subdir', 'DAGS_FOLDER/rocket_launch.py', '--cfg-path', '/tmp/tmp5ogc4v65']
[2023-10-03T10:16:48.332+0000] {standard_task_runner.py:85} INFO - Job 421: Subtask check_launches
[2023-10-03T10:16:48.829+0000] {task_command.py:410} INFO - Running <TaskInstance: rocket_launch2.check_launches scheduled__2023-09-24T00:00:00+00:00 [running]> on host e870058fa168
[2023-10-03T10:16:50.383+0000] {taskinstance.py:1570} INFO - Exporting env vars: AIRFLOW_CTX_DAG_OWNER='***' AIRFLOW_CTX_DAG_ID='rocket_launch2' AIRFLOW_CTX_TASK_ID='check_launches' AIRFLOW_CTX_EXECUTION_DATE='2023-09-24T00:00:00+00:00' AIRFLOW_CTX_TRY_NUMBER='1' AIRFLOW_CTX_DAG_RUN_ID='scheduled__2023-09-24T00:00:00+00:00'
[2023-10-03T10:16:50.602+0000] {python.py:183} INFO - Done. Returned value was: None
[2023-10-03T10:16:50.735+0000] {taskinstance.py:1373} INFO - Marking task as SUCCESS. dag_id=rocket_launch2, task_id=check_launches, execution_date=20230924T000000, start_date=20231003T101647, end_date=20231003T101650
[2023-10-03T10:16:50.990+0000] {local_task_job_runner.py:232} INFO - Task exited with return code 0
[2023-10-03T10:16:51.374+0000] {taskinstance.py:2674} INFO - 1 downstream tasks scheduled from follow-on schedule check
