[2023-10-03T10:04:08.519+0000] {taskinstance.py:1125} INFO - Dependencies all met for dep_context=non-requeueable deps ti=<TaskInstance: rocket_launch2.check_launches scheduled__2023-09-16T00:00:00+00:00 [queued]>
[2023-10-03T10:04:08.606+0000] {taskinstance.py:1125} INFO - Dependencies all met for dep_context=requeueable deps ti=<TaskInstance: rocket_launch2.check_launches scheduled__2023-09-16T00:00:00+00:00 [queued]>
[2023-10-03T10:04:08.609+0000] {taskinstance.py:1331} INFO - Starting attempt 2 of 2
[2023-10-03T10:04:08.800+0000] {taskinstance.py:1350} INFO - Executing <Task(PythonOperator): check_launches> on 2023-09-16 00:00:00+00:00
[2023-10-03T10:04:08.904+0000] {standard_task_runner.py:57} INFO - Started process 3466 to run task
[2023-10-03T10:04:08.955+0000] {standard_task_runner.py:84} INFO - Running: ['***', 'tasks', 'run', 'rocket_launch2', 'check_launches', 'scheduled__2023-09-16T00:00:00+00:00', '--job-id', '272', '--raw', '--subdir', 'DAGS_FOLDER/rocket_launch.py', '--cfg-path', '/tmp/tmpdf1yv9w5']
[2023-10-03T10:04:09.052+0000] {standard_task_runner.py:85} INFO - Job 272: Subtask check_launches
[2023-10-03T10:04:09.635+0000] {task_command.py:410} INFO - Running <TaskInstance: rocket_launch2.check_launches scheduled__2023-09-16T00:00:00+00:00 [running]> on host e870058fa168
[2023-10-03T10:04:12.423+0000] {taskinstance.py:1570} INFO - Exporting env vars: AIRFLOW_CTX_DAG_OWNER='***' AIRFLOW_CTX_DAG_ID='rocket_launch2' AIRFLOW_CTX_TASK_ID='check_launches' AIRFLOW_CTX_EXECUTION_DATE='2023-09-16T00:00:00+00:00' AIRFLOW_CTX_TRY_NUMBER='2' AIRFLOW_CTX_DAG_RUN_ID='scheduled__2023-09-16T00:00:00+00:00'
[2023-10-03T10:04:12.823+0000] {python.py:183} INFO - Done. Returned value was: None
[2023-10-03T10:04:13.033+0000] {taskinstance.py:1373} INFO - Marking task as SUCCESS. dag_id=rocket_launch2, task_id=check_launches, execution_date=20230916T000000, start_date=20231003T100408, end_date=20231003T100413
[2023-10-03T10:04:13.466+0000] {local_task_job_runner.py:232} INFO - Task exited with return code 0
[2023-10-03T10:04:13.855+0000] {taskinstance.py:2674} INFO - 0 downstream tasks scheduled from follow-on schedule check
[2023-10-03T10:09:26.780+0000] {taskinstance.py:1125} INFO - Dependencies all met for dep_context=non-requeueable deps ti=<TaskInstance: rocket_launch2.check_launches scheduled__2023-09-16T00:00:00+00:00 [queued]>
[2023-10-03T10:09:26.979+0000] {taskinstance.py:1125} INFO - Dependencies all met for dep_context=requeueable deps ti=<TaskInstance: rocket_launch2.check_launches scheduled__2023-09-16T00:00:00+00:00 [queued]>
[2023-10-03T10:09:26.997+0000] {taskinstance.py:1331} INFO - Starting attempt 2 of 2
[2023-10-03T10:09:27.214+0000] {taskinstance.py:1350} INFO - Executing <Task(PythonOperator): check_launches> on 2023-09-16 00:00:00+00:00
[2023-10-03T10:09:27.243+0000] {standard_task_runner.py:57} INFO - Started process 3735 to run task
[2023-10-03T10:09:27.265+0000] {standard_task_runner.py:84} INFO - Running: ['***', 'tasks', 'run', 'rocket_launch2', 'check_launches', 'scheduled__2023-09-16T00:00:00+00:00', '--job-id', '359', '--raw', '--subdir', 'DAGS_FOLDER/rocket_launch.py', '--cfg-path', '/tmp/tmpbtezhi_y']
[2023-10-03T10:09:27.276+0000] {standard_task_runner.py:85} INFO - Job 359: Subtask check_launches
[2023-10-03T10:09:27.711+0000] {task_command.py:410} INFO - Running <TaskInstance: rocket_launch2.check_launches scheduled__2023-09-16T00:00:00+00:00 [running]> on host e870058fa168
[2023-10-03T10:09:30.378+0000] {taskinstance.py:1570} INFO - Exporting env vars: AIRFLOW_CTX_DAG_OWNER='***' AIRFLOW_CTX_DAG_ID='rocket_launch2' AIRFLOW_CTX_TASK_ID='check_launches' AIRFLOW_CTX_EXECUTION_DATE='2023-09-16T00:00:00+00:00' AIRFLOW_CTX_TRY_NUMBER='2' AIRFLOW_CTX_DAG_RUN_ID='scheduled__2023-09-16T00:00:00+00:00'
[2023-10-03T10:09:30.578+0000] {python.py:183} INFO - Done. Returned value was: None
[2023-10-03T10:09:30.849+0000] {taskinstance.py:1373} INFO - Marking task as SUCCESS. dag_id=rocket_launch2, task_id=check_launches, execution_date=20230916T000000, start_date=20231003T100926, end_date=20231003T100930
[2023-10-03T10:09:31.695+0000] {local_task_job_runner.py:232} INFO - Task exited with return code 0
[2023-10-03T10:09:32.020+0000] {taskinstance.py:2674} INFO - 0 downstream tasks scheduled from follow-on schedule check
