[2023-10-03T09:53:04.805+0000] {taskinstance.py:1125} INFO - Dependencies all met for dep_context=non-requeueable deps ti=<TaskInstance: rocket_launch2.check_launches scheduled__2023-09-16T00:00:00+00:00 [queued]>
[2023-10-03T09:53:04.932+0000] {taskinstance.py:1125} INFO - Dependencies all met for dep_context=requeueable deps ti=<TaskInstance: rocket_launch2.check_launches scheduled__2023-09-16T00:00:00+00:00 [queued]>
[2023-10-03T09:53:04.941+0000] {taskinstance.py:1331} INFO - Starting attempt 1 of 1
[2023-10-03T09:53:05.374+0000] {taskinstance.py:1350} INFO - Executing <Task(ShortCircuitOperator): check_launches> on 2023-09-16 00:00:00+00:00
[2023-10-03T09:53:05.560+0000] {standard_task_runner.py:57} INFO - Started process 3054 to run task
[2023-10-03T09:53:05.573+0000] {standard_task_runner.py:84} INFO - Running: ['***', 'tasks', 'run', 'rocket_launch2', 'check_launches', 'scheduled__2023-09-16T00:00:00+00:00', '--job-id', '159', '--raw', '--subdir', 'DAGS_FOLDER/rocket_launch.py', '--cfg-path', '/tmp/tmp0gl5vw0a']
[2023-10-03T09:53:05.574+0000] {standard_task_runner.py:85} INFO - Job 159: Subtask check_launches
[2023-10-03T09:53:06.006+0000] {task_command.py:410} INFO - Running <TaskInstance: rocket_launch2.check_launches scheduled__2023-09-16T00:00:00+00:00 [running]> on host e870058fa168
[2023-10-03T09:53:07.125+0000] {taskinstance.py:1570} INFO - Exporting env vars: AIRFLOW_CTX_DAG_OWNER='***' AIRFLOW_CTX_DAG_ID='rocket_launch2' AIRFLOW_CTX_TASK_ID='check_launches' AIRFLOW_CTX_EXECUTION_DATE='2023-09-16T00:00:00+00:00' AIRFLOW_CTX_TRY_NUMBER='1' AIRFLOW_CTX_DAG_RUN_ID='scheduled__2023-09-16T00:00:00+00:00'
[2023-10-03T09:53:07.209+0000] {python.py:183} INFO - Done. Returned value was: True
[2023-10-03T09:53:07.216+0000] {python.py:253} INFO - Condition result is True
[2023-10-03T09:53:07.216+0000] {python.py:256} INFO - Proceeding with downstream tasks...
[2023-10-03T09:53:07.682+0000] {taskinstance.py:1373} INFO - Marking task as SUCCESS. dag_id=rocket_launch2, task_id=check_launches, execution_date=20230916T000000, start_date=20231003T095304, end_date=20231003T095307
[2023-10-03T09:53:07.875+0000] {local_task_job_runner.py:232} INFO - Task exited with return code 0
[2023-10-03T09:53:08.506+0000] {taskinstance.py:2674} INFO - 1 downstream tasks scheduled from follow-on schedule check
[2023-10-03T10:02:32.513+0000] {taskinstance.py:1125} INFO - Dependencies all met for dep_context=non-requeueable deps ti=<TaskInstance: rocket_launch2.check_launches scheduled__2023-09-16T00:00:00+00:00 [queued]>
[2023-10-03T10:02:32.850+0000] {taskinstance.py:1125} INFO - Dependencies all met for dep_context=requeueable deps ti=<TaskInstance: rocket_launch2.check_launches scheduled__2023-09-16T00:00:00+00:00 [queued]>
[2023-10-03T10:02:32.884+0000] {taskinstance.py:1331} INFO - Starting attempt 1 of 1
[2023-10-03T10:02:33.194+0000] {taskinstance.py:1350} INFO - Executing <Task(PythonOperator): check_launches> on 2023-09-16 00:00:00+00:00
[2023-10-03T10:02:33.411+0000] {standard_task_runner.py:57} INFO - Started process 3356 to run task
[2023-10-03T10:02:33.449+0000] {standard_task_runner.py:84} INFO - Running: ['***', 'tasks', 'run', 'rocket_launch2', 'check_launches', 'scheduled__2023-09-16T00:00:00+00:00', '--job-id', '228', '--raw', '--subdir', 'DAGS_FOLDER/rocket_launch.py', '--cfg-path', '/tmp/tmpyp_qvdhd']
[2023-10-03T10:02:33.449+0000] {standard_task_runner.py:85} INFO - Job 228: Subtask check_launches
[2023-10-03T10:02:34.137+0000] {task_command.py:410} INFO - Running <TaskInstance: rocket_launch2.check_launches scheduled__2023-09-16T00:00:00+00:00 [running]> on host e870058fa168
[2023-10-03T10:02:35.744+0000] {taskinstance.py:1570} INFO - Exporting env vars: AIRFLOW_CTX_DAG_OWNER='***' AIRFLOW_CTX_DAG_ID='rocket_launch2' AIRFLOW_CTX_TASK_ID='check_launches' AIRFLOW_CTX_EXECUTION_DATE='2023-09-16T00:00:00+00:00' AIRFLOW_CTX_TRY_NUMBER='1' AIRFLOW_CTX_DAG_RUN_ID='scheduled__2023-09-16T00:00:00+00:00'
[2023-10-03T10:02:35.918+0000] {python.py:183} INFO - Done. Returned value was: None
[2023-10-03T10:02:36.062+0000] {taskinstance.py:1373} INFO - Marking task as SUCCESS. dag_id=rocket_launch2, task_id=check_launches, execution_date=20230916T000000, start_date=20231003T100232, end_date=20231003T100236
[2023-10-03T10:02:36.351+0000] {local_task_job_runner.py:232} INFO - Task exited with return code 0
[2023-10-03T10:02:36.481+0000] {taskinstance.py:2674} INFO - 1 downstream tasks scheduled from follow-on schedule check
[2023-10-03T10:06:09.575+0000] {taskinstance.py:1125} INFO - Dependencies all met for dep_context=non-requeueable deps ti=<TaskInstance: rocket_launch2.check_launches scheduled__2023-09-16T00:00:00+00:00 [queued]>
[2023-10-03T10:06:09.774+0000] {taskinstance.py:1125} INFO - Dependencies all met for dep_context=requeueable deps ti=<TaskInstance: rocket_launch2.check_launches scheduled__2023-09-16T00:00:00+00:00 [queued]>
[2023-10-03T10:06:09.774+0000] {taskinstance.py:1331} INFO - Starting attempt 1 of 1
[2023-10-03T10:06:10.046+0000] {taskinstance.py:1350} INFO - Executing <Task(PythonOperator): check_launches> on 2023-09-16 00:00:00+00:00
[2023-10-03T10:06:10.202+0000] {standard_task_runner.py:57} INFO - Started process 3596 to run task
[2023-10-03T10:06:10.271+0000] {standard_task_runner.py:84} INFO - Running: ['***', 'tasks', 'run', 'rocket_launch2', 'check_launches', 'scheduled__2023-09-16T00:00:00+00:00', '--job-id', '318', '--raw', '--subdir', 'DAGS_FOLDER/rocket_launch.py', '--cfg-path', '/tmp/tmpryxf6kip']
[2023-10-03T10:06:10.272+0000] {standard_task_runner.py:85} INFO - Job 318: Subtask check_launches
[2023-10-03T10:06:11.043+0000] {task_command.py:410} INFO - Running <TaskInstance: rocket_launch2.check_launches scheduled__2023-09-16T00:00:00+00:00 [running]> on host e870058fa168
[2023-10-03T10:06:12.174+0000] {taskinstance.py:1570} INFO - Exporting env vars: AIRFLOW_CTX_DAG_OWNER='***' AIRFLOW_CTX_DAG_ID='rocket_launch2' AIRFLOW_CTX_TASK_ID='check_launches' AIRFLOW_CTX_EXECUTION_DATE='2023-09-16T00:00:00+00:00' AIRFLOW_CTX_TRY_NUMBER='1' AIRFLOW_CTX_DAG_RUN_ID='scheduled__2023-09-16T00:00:00+00:00'
[2023-10-03T10:06:12.228+0000] {python.py:183} INFO - Done. Returned value was: None
[2023-10-03T10:06:12.269+0000] {taskinstance.py:1373} INFO - Marking task as SUCCESS. dag_id=rocket_launch2, task_id=check_launches, execution_date=20230916T000000, start_date=20231003T100609, end_date=20231003T100612
[2023-10-03T10:06:12.435+0000] {local_task_job_runner.py:232} INFO - Task exited with return code 0
[2023-10-03T10:06:12.682+0000] {taskinstance.py:2674} INFO - 1 downstream tasks scheduled from follow-on schedule check
[2023-10-03T10:16:44.373+0000] {taskinstance.py:1125} INFO - Dependencies all met for dep_context=non-requeueable deps ti=<TaskInstance: rocket_launch2.check_launches scheduled__2023-09-16T00:00:00+00:00 [queued]>
[2023-10-03T10:16:44.605+0000] {taskinstance.py:1125} INFO - Dependencies all met for dep_context=requeueable deps ti=<TaskInstance: rocket_launch2.check_launches scheduled__2023-09-16T00:00:00+00:00 [queued]>
[2023-10-03T10:16:44.621+0000] {taskinstance.py:1331} INFO - Starting attempt 1 of 1
[2023-10-03T10:16:44.877+0000] {taskinstance.py:1350} INFO - Executing <Task(PythonOperator): check_launches> on 2023-09-16 00:00:00+00:00
[2023-10-03T10:16:44.960+0000] {standard_task_runner.py:57} INFO - Started process 3965 to run task
[2023-10-03T10:16:44.998+0000] {standard_task_runner.py:84} INFO - Running: ['***', 'tasks', 'run', 'rocket_launch2', 'check_launches', 'scheduled__2023-09-16T00:00:00+00:00', '--job-id', '412', '--raw', '--subdir', 'DAGS_FOLDER/rocket_launch.py', '--cfg-path', '/tmp/tmpzm6yt8ub']
[2023-10-03T10:16:45.016+0000] {standard_task_runner.py:85} INFO - Job 412: Subtask check_launches
[2023-10-03T10:16:45.554+0000] {task_command.py:410} INFO - Running <TaskInstance: rocket_launch2.check_launches scheduled__2023-09-16T00:00:00+00:00 [running]> on host e870058fa168
[2023-10-03T10:16:46.961+0000] {taskinstance.py:1570} INFO - Exporting env vars: AIRFLOW_CTX_DAG_OWNER='***' AIRFLOW_CTX_DAG_ID='rocket_launch2' AIRFLOW_CTX_TASK_ID='check_launches' AIRFLOW_CTX_EXECUTION_DATE='2023-09-16T00:00:00+00:00' AIRFLOW_CTX_TRY_NUMBER='1' AIRFLOW_CTX_DAG_RUN_ID='scheduled__2023-09-16T00:00:00+00:00'
[2023-10-03T10:16:47.114+0000] {python.py:183} INFO - Done. Returned value was: None
[2023-10-03T10:16:47.175+0000] {taskinstance.py:1373} INFO - Marking task as SUCCESS. dag_id=rocket_launch2, task_id=check_launches, execution_date=20230916T000000, start_date=20231003T101644, end_date=20231003T101647
[2023-10-03T10:16:47.540+0000] {local_task_job_runner.py:232} INFO - Task exited with return code 0
[2023-10-03T10:16:47.792+0000] {taskinstance.py:2674} INFO - 0 downstream tasks scheduled from follow-on schedule check
