[2023-10-03T10:04:08.661+0000] {taskinstance.py:1125} INFO - Dependencies all met for dep_context=non-requeueable deps ti=<TaskInstance: rocket_launch2.check_launches scheduled__2023-09-19T00:00:00+00:00 [queued]>
[2023-10-03T10:04:08.776+0000] {taskinstance.py:1125} INFO - Dependencies all met for dep_context=requeueable deps ti=<TaskInstance: rocket_launch2.check_launches scheduled__2023-09-19T00:00:00+00:00 [queued]>
[2023-10-03T10:04:08.780+0000] {taskinstance.py:1331} INFO - Starting attempt 2 of 2
[2023-10-03T10:04:09.206+0000] {taskinstance.py:1350} INFO - Executing <Task(PythonOperator): check_launches> on 2023-09-19 00:00:00+00:00
[2023-10-03T10:04:09.259+0000] {standard_task_runner.py:57} INFO - Started process 3472 to run task
[2023-10-03T10:04:09.347+0000] {standard_task_runner.py:84} INFO - Running: ['***', 'tasks', 'run', 'rocket_launch2', 'check_launches', 'scheduled__2023-09-19T00:00:00+00:00', '--job-id', '275', '--raw', '--subdir', 'DAGS_FOLDER/rocket_launch.py', '--cfg-path', '/tmp/tmpjmtazp9j']
[2023-10-03T10:04:09.360+0000] {standard_task_runner.py:85} INFO - Job 275: Subtask check_launches
[2023-10-03T10:04:10.464+0000] {task_command.py:410} INFO - Running <TaskInstance: rocket_launch2.check_launches scheduled__2023-09-19T00:00:00+00:00 [running]> on host e870058fa168
[2023-10-03T10:04:12.605+0000] {taskinstance.py:1570} INFO - Exporting env vars: AIRFLOW_CTX_DAG_OWNER='***' AIRFLOW_CTX_DAG_ID='rocket_launch2' AIRFLOW_CTX_TASK_ID='check_launches' AIRFLOW_CTX_EXECUTION_DATE='2023-09-19T00:00:00+00:00' AIRFLOW_CTX_TRY_NUMBER='2' AIRFLOW_CTX_DAG_RUN_ID='scheduled__2023-09-19T00:00:00+00:00'
[2023-10-03T10:04:13.053+0000] {python.py:183} INFO - Done. Returned value was: None
[2023-10-03T10:04:13.131+0000] {taskinstance.py:1373} INFO - Marking task as SUCCESS. dag_id=rocket_launch2, task_id=check_launches, execution_date=20230919T000000, start_date=20231003T100408, end_date=20231003T100413
[2023-10-03T10:04:13.465+0000] {local_task_job_runner.py:232} INFO - Task exited with return code 0
[2023-10-03T10:04:13.793+0000] {taskinstance.py:2674} INFO - 0 downstream tasks scheduled from follow-on schedule check
[2023-10-03T10:09:26.918+0000] {taskinstance.py:1125} INFO - Dependencies all met for dep_context=non-requeueable deps ti=<TaskInstance: rocket_launch2.check_launches scheduled__2023-09-19T00:00:00+00:00 [queued]>
[2023-10-03T10:09:27.051+0000] {taskinstance.py:1125} INFO - Dependencies all met for dep_context=requeueable deps ti=<TaskInstance: rocket_launch2.check_launches scheduled__2023-09-19T00:00:00+00:00 [queued]>
[2023-10-03T10:09:27.066+0000] {taskinstance.py:1331} INFO - Starting attempt 2 of 2
[2023-10-03T10:09:27.191+0000] {taskinstance.py:1350} INFO - Executing <Task(PythonOperator): check_launches> on 2023-09-19 00:00:00+00:00
[2023-10-03T10:09:27.262+0000] {standard_task_runner.py:57} INFO - Started process 3737 to run task
[2023-10-03T10:09:27.286+0000] {standard_task_runner.py:84} INFO - Running: ['***', 'tasks', 'run', 'rocket_launch2', 'check_launches', 'scheduled__2023-09-19T00:00:00+00:00', '--job-id', '362', '--raw', '--subdir', 'DAGS_FOLDER/rocket_launch.py', '--cfg-path', '/tmp/tmpxqg4a0bq']
[2023-10-03T10:09:27.286+0000] {standard_task_runner.py:85} INFO - Job 362: Subtask check_launches
[2023-10-03T10:09:28.127+0000] {task_command.py:410} INFO - Running <TaskInstance: rocket_launch2.check_launches scheduled__2023-09-19T00:00:00+00:00 [running]> on host e870058fa168
[2023-10-03T10:09:30.580+0000] {taskinstance.py:1570} INFO - Exporting env vars: AIRFLOW_CTX_DAG_OWNER='***' AIRFLOW_CTX_DAG_ID='rocket_launch2' AIRFLOW_CTX_TASK_ID='check_launches' AIRFLOW_CTX_EXECUTION_DATE='2023-09-19T00:00:00+00:00' AIRFLOW_CTX_TRY_NUMBER='2' AIRFLOW_CTX_DAG_RUN_ID='scheduled__2023-09-19T00:00:00+00:00'
[2023-10-03T10:09:30.943+0000] {python.py:183} INFO - Done. Returned value was: None
[2023-10-03T10:09:31.067+0000] {taskinstance.py:1373} INFO - Marking task as SUCCESS. dag_id=rocket_launch2, task_id=check_launches, execution_date=20230919T000000, start_date=20231003T100926, end_date=20231003T100931
[2023-10-03T10:09:31.737+0000] {local_task_job_runner.py:232} INFO - Task exited with return code 0
[2023-10-03T10:09:31.974+0000] {taskinstance.py:2674} INFO - 0 downstream tasks scheduled from follow-on schedule check
