[2023-10-03T09:53:05.328+0000] {taskinstance.py:1125} INFO - Dependencies all met for dep_context=non-requeueable deps ti=<TaskInstance: rocket_launch2.check_launches scheduled__2023-09-19T00:00:00+00:00 [queued]>
[2023-10-03T09:53:05.423+0000] {taskinstance.py:1125} INFO - Dependencies all met for dep_context=requeueable deps ti=<TaskInstance: rocket_launch2.check_launches scheduled__2023-09-19T00:00:00+00:00 [queued]>
[2023-10-03T09:53:05.437+0000] {taskinstance.py:1331} INFO - Starting attempt 1 of 1
[2023-10-03T09:53:05.909+0000] {taskinstance.py:1350} INFO - Executing <Task(ShortCircuitOperator): check_launches> on 2023-09-19 00:00:00+00:00
[2023-10-03T09:53:05.973+0000] {standard_task_runner.py:57} INFO - Started process 3056 to run task
[2023-10-03T09:53:05.982+0000] {standard_task_runner.py:84} INFO - Running: ['***', 'tasks', 'run', 'rocket_launch2', 'check_launches', 'scheduled__2023-09-19T00:00:00+00:00', '--job-id', '160', '--raw', '--subdir', 'DAGS_FOLDER/rocket_launch.py', '--cfg-path', '/tmp/tmpco0azjxo']
[2023-10-03T09:53:06.016+0000] {standard_task_runner.py:85} INFO - Job 160: Subtask check_launches
[2023-10-03T09:53:06.443+0000] {task_command.py:410} INFO - Running <TaskInstance: rocket_launch2.check_launches scheduled__2023-09-19T00:00:00+00:00 [running]> on host e870058fa168
[2023-10-03T09:53:07.524+0000] {taskinstance.py:1570} INFO - Exporting env vars: AIRFLOW_CTX_DAG_OWNER='***' AIRFLOW_CTX_DAG_ID='rocket_launch2' AIRFLOW_CTX_TASK_ID='check_launches' AIRFLOW_CTX_EXECUTION_DATE='2023-09-19T00:00:00+00:00' AIRFLOW_CTX_TRY_NUMBER='1' AIRFLOW_CTX_DAG_RUN_ID='scheduled__2023-09-19T00:00:00+00:00'
[2023-10-03T09:53:07.757+0000] {python.py:183} INFO - Done. Returned value was: True
[2023-10-03T09:53:07.781+0000] {python.py:253} INFO - Condition result is True
[2023-10-03T09:53:07.788+0000] {python.py:256} INFO - Proceeding with downstream tasks...
[2023-10-03T09:53:07.923+0000] {taskinstance.py:1373} INFO - Marking task as SUCCESS. dag_id=rocket_launch2, task_id=check_launches, execution_date=20230919T000000, start_date=20231003T095305, end_date=20231003T095307
[2023-10-03T09:53:08.026+0000] {local_task_job_runner.py:232} INFO - Task exited with return code 0
[2023-10-03T09:53:08.627+0000] {taskinstance.py:2674} INFO - 1 downstream tasks scheduled from follow-on schedule check
[2023-10-03T10:02:32.688+0000] {taskinstance.py:1125} INFO - Dependencies all met for dep_context=non-requeueable deps ti=<TaskInstance: rocket_launch2.check_launches scheduled__2023-09-19T00:00:00+00:00 [queued]>
[2023-10-03T10:02:32.983+0000] {taskinstance.py:1125} INFO - Dependencies all met for dep_context=requeueable deps ti=<TaskInstance: rocket_launch2.check_launches scheduled__2023-09-19T00:00:00+00:00 [queued]>
[2023-10-03T10:02:32.998+0000] {taskinstance.py:1331} INFO - Starting attempt 1 of 1
[2023-10-03T10:02:33.373+0000] {taskinstance.py:1350} INFO - Executing <Task(PythonOperator): check_launches> on 2023-09-19 00:00:00+00:00
[2023-10-03T10:02:33.427+0000] {standard_task_runner.py:57} INFO - Started process 3357 to run task
[2023-10-03T10:02:33.476+0000] {standard_task_runner.py:84} INFO - Running: ['***', 'tasks', 'run', 'rocket_launch2', 'check_launches', 'scheduled__2023-09-19T00:00:00+00:00', '--job-id', '229', '--raw', '--subdir', 'DAGS_FOLDER/rocket_launch.py', '--cfg-path', '/tmp/tmpesr6va6a']
[2023-10-03T10:02:33.486+0000] {standard_task_runner.py:85} INFO - Job 229: Subtask check_launches
[2023-10-03T10:02:34.191+0000] {task_command.py:410} INFO - Running <TaskInstance: rocket_launch2.check_launches scheduled__2023-09-19T00:00:00+00:00 [running]> on host e870058fa168
[2023-10-03T10:02:35.517+0000] {taskinstance.py:1570} INFO - Exporting env vars: AIRFLOW_CTX_DAG_OWNER='***' AIRFLOW_CTX_DAG_ID='rocket_launch2' AIRFLOW_CTX_TASK_ID='check_launches' AIRFLOW_CTX_EXECUTION_DATE='2023-09-19T00:00:00+00:00' AIRFLOW_CTX_TRY_NUMBER='1' AIRFLOW_CTX_DAG_RUN_ID='scheduled__2023-09-19T00:00:00+00:00'
[2023-10-03T10:02:35.621+0000] {python.py:183} INFO - Done. Returned value was: None
[2023-10-03T10:02:35.682+0000] {taskinstance.py:1373} INFO - Marking task as SUCCESS. dag_id=rocket_launch2, task_id=check_launches, execution_date=20230919T000000, start_date=20231003T100232, end_date=20231003T100235
[2023-10-03T10:02:35.976+0000] {local_task_job_runner.py:232} INFO - Task exited with return code 0
[2023-10-03T10:02:36.123+0000] {taskinstance.py:2674} INFO - 1 downstream tasks scheduled from follow-on schedule check
[2023-10-03T10:06:12.521+0000] {taskinstance.py:1125} INFO - Dependencies all met for dep_context=non-requeueable deps ti=<TaskInstance: rocket_launch2.check_launches scheduled__2023-09-19T00:00:00+00:00 [queued]>
[2023-10-03T10:06:12.659+0000] {taskinstance.py:1125} INFO - Dependencies all met for dep_context=requeueable deps ti=<TaskInstance: rocket_launch2.check_launches scheduled__2023-09-19T00:00:00+00:00 [queued]>
[2023-10-03T10:06:12.678+0000] {taskinstance.py:1331} INFO - Starting attempt 1 of 1
[2023-10-03T10:06:13.183+0000] {taskinstance.py:1350} INFO - Executing <Task(PythonOperator): check_launches> on 2023-09-19 00:00:00+00:00
[2023-10-03T10:06:13.212+0000] {standard_task_runner.py:57} INFO - Started process 3605 to run task
[2023-10-03T10:06:13.305+0000] {standard_task_runner.py:84} INFO - Running: ['***', 'tasks', 'run', 'rocket_launch2', 'check_launches', 'scheduled__2023-09-19T00:00:00+00:00', '--job-id', '324', '--raw', '--subdir', 'DAGS_FOLDER/rocket_launch.py', '--cfg-path', '/tmp/tmp6zplke1p']
[2023-10-03T10:06:13.309+0000] {standard_task_runner.py:85} INFO - Job 324: Subtask check_launches
[2023-10-03T10:06:14.000+0000] {task_command.py:410} INFO - Running <TaskInstance: rocket_launch2.check_launches scheduled__2023-09-19T00:00:00+00:00 [running]> on host e870058fa168
[2023-10-03T10:06:14.806+0000] {taskinstance.py:1570} INFO - Exporting env vars: AIRFLOW_CTX_DAG_OWNER='***' AIRFLOW_CTX_DAG_ID='rocket_launch2' AIRFLOW_CTX_TASK_ID='check_launches' AIRFLOW_CTX_EXECUTION_DATE='2023-09-19T00:00:00+00:00' AIRFLOW_CTX_TRY_NUMBER='1' AIRFLOW_CTX_DAG_RUN_ID='scheduled__2023-09-19T00:00:00+00:00'
[2023-10-03T10:06:14.858+0000] {python.py:183} INFO - Done. Returned value was: None
[2023-10-03T10:06:14.906+0000] {taskinstance.py:1373} INFO - Marking task as SUCCESS. dag_id=rocket_launch2, task_id=check_launches, execution_date=20230919T000000, start_date=20231003T100612, end_date=20231003T100614
[2023-10-03T10:06:15.054+0000] {local_task_job_runner.py:232} INFO - Task exited with return code 0
[2023-10-03T10:06:15.299+0000] {taskinstance.py:2674} INFO - 1 downstream tasks scheduled from follow-on schedule check
[2023-10-03T10:16:44.970+0000] {taskinstance.py:1125} INFO - Dependencies all met for dep_context=non-requeueable deps ti=<TaskInstance: rocket_launch2.check_launches scheduled__2023-09-19T00:00:00+00:00 [queued]>
[2023-10-03T10:16:45.121+0000] {taskinstance.py:1125} INFO - Dependencies all met for dep_context=requeueable deps ti=<TaskInstance: rocket_launch2.check_launches scheduled__2023-09-19T00:00:00+00:00 [queued]>
[2023-10-03T10:16:45.150+0000] {taskinstance.py:1331} INFO - Starting attempt 1 of 1
[2023-10-03T10:16:45.383+0000] {taskinstance.py:1350} INFO - Executing <Task(PythonOperator): check_launches> on 2023-09-19 00:00:00+00:00
[2023-10-03T10:16:45.490+0000] {standard_task_runner.py:57} INFO - Started process 3968 to run task
[2023-10-03T10:16:45.550+0000] {standard_task_runner.py:84} INFO - Running: ['***', 'tasks', 'run', 'rocket_launch2', 'check_launches', 'scheduled__2023-09-19T00:00:00+00:00', '--job-id', '413', '--raw', '--subdir', 'DAGS_FOLDER/rocket_launch.py', '--cfg-path', '/tmp/tmpyii0h2cr']
[2023-10-03T10:16:45.556+0000] {standard_task_runner.py:85} INFO - Job 413: Subtask check_launches
[2023-10-03T10:16:46.519+0000] {task_command.py:410} INFO - Running <TaskInstance: rocket_launch2.check_launches scheduled__2023-09-19T00:00:00+00:00 [running]> on host e870058fa168
[2023-10-03T10:16:48.171+0000] {taskinstance.py:1570} INFO - Exporting env vars: AIRFLOW_CTX_DAG_OWNER='***' AIRFLOW_CTX_DAG_ID='rocket_launch2' AIRFLOW_CTX_TASK_ID='check_launches' AIRFLOW_CTX_EXECUTION_DATE='2023-09-19T00:00:00+00:00' AIRFLOW_CTX_TRY_NUMBER='1' AIRFLOW_CTX_DAG_RUN_ID='scheduled__2023-09-19T00:00:00+00:00'
[2023-10-03T10:16:48.343+0000] {python.py:183} INFO - Done. Returned value was: None
[2023-10-03T10:16:48.461+0000] {taskinstance.py:1373} INFO - Marking task as SUCCESS. dag_id=rocket_launch2, task_id=check_launches, execution_date=20230919T000000, start_date=20231003T101644, end_date=20231003T101648
[2023-10-03T10:16:48.734+0000] {local_task_job_runner.py:232} INFO - Task exited with return code 0
[2023-10-03T10:16:48.972+0000] {taskinstance.py:2674} INFO - 1 downstream tasks scheduled from follow-on schedule check
