[2023-10-03T09:39:26.675+0000] {taskinstance.py:1125} INFO - Dependencies all met for dep_context=non-requeueable deps ti=<TaskInstance: rocket_launch2.task_get_op scheduled__2023-09-14T00:00:00+00:00 [queued]>
[2023-10-03T09:39:26.785+0000] {taskinstance.py:1125} INFO - Dependencies all met for dep_context=requeueable deps ti=<TaskInstance: rocket_launch2.task_get_op scheduled__2023-09-14T00:00:00+00:00 [queued]>
[2023-10-03T09:39:26.792+0000] {taskinstance.py:1331} INFO - Starting attempt 1 of 1
[2023-10-03T09:39:27.370+0000] {taskinstance.py:1350} INFO - Executing <Task(SimpleHttpOperator): task_get_op> on 2023-09-14 00:00:00+00:00
[2023-10-03T09:39:27.507+0000] {standard_task_runner.py:57} INFO - Started process 2697 to run task
[2023-10-03T09:39:27.572+0000] {standard_task_runner.py:84} INFO - Running: ['***', 'tasks', 'run', 'rocket_launch2', 'task_get_op', 'scheduled__2023-09-14T00:00:00+00:00', '--job-id', '99', '--raw', '--subdir', 'DAGS_FOLDER/rocket_launch.py', '--cfg-path', '/tmp/tmp6vbskkw4']
[2023-10-03T09:39:27.618+0000] {standard_task_runner.py:85} INFO - Job 99: Subtask task_get_op
[2023-10-03T09:39:28.568+0000] {task_command.py:410} INFO - Running <TaskInstance: rocket_launch2.task_get_op scheduled__2023-09-14T00:00:00+00:00 [running]> on host e870058fa168
[2023-10-03T09:39:30.075+0000] {warnings.py:110} WARNING - /home/***/.local/lib/python3.7/site-packages/***/utils/context.py:205: AirflowContextDeprecationWarning: Accessing 'next_ds' from the template is deprecated and will be removed in a future version. Please use '{{ data_interval_end | ds }}' instead.
  warnings.warn(_create_deprecation_warning(key, self._deprecation_replacements[key]))

[2023-10-03T09:39:31.548+0000] {taskinstance.py:1570} INFO - Exporting env vars: AIRFLOW_CTX_DAG_OWNER='***' AIRFLOW_CTX_DAG_ID='rocket_launch2' AIRFLOW_CTX_TASK_ID='task_get_op' AIRFLOW_CTX_EXECUTION_DATE='2023-09-14T00:00:00+00:00' AIRFLOW_CTX_TRY_NUMBER='1' AIRFLOW_CTX_DAG_RUN_ID='scheduled__2023-09-14T00:00:00+00:00'
[2023-10-03T09:39:31.559+0000] {http.py:123} INFO - Calling HTTP method
[2023-10-03T09:39:31.749+0000] {base.py:73} INFO - Using connection ID 'thespacedevs_dev' for task execution.
[2023-10-03T09:39:32.759+0000] {http.py:127} INFO - {"count":0,"next":null,"previous":null,"results":[]}
[2023-10-03T09:39:33.135+0000] {taskinstance.py:1373} INFO - Marking task as SUCCESS. dag_id=rocket_launch2, task_id=task_get_op, execution_date=20230914T000000, start_date=20231003T093926, end_date=20231003T093933
[2023-10-03T09:39:33.621+0000] {local_task_job_runner.py:232} INFO - Task exited with return code 0
[2023-10-03T09:39:34.027+0000] {taskinstance.py:2674} INFO - 0 downstream tasks scheduled from follow-on schedule check
[2023-10-03T10:02:14.661+0000] {taskinstance.py:1125} INFO - Dependencies all met for dep_context=non-requeueable deps ti=<TaskInstance: rocket_launch2.task_get_op scheduled__2023-09-14T00:00:00+00:00 [queued]>
[2023-10-03T10:02:14.850+0000] {taskinstance.py:1125} INFO - Dependencies all met for dep_context=requeueable deps ti=<TaskInstance: rocket_launch2.task_get_op scheduled__2023-09-14T00:00:00+00:00 [queued]>
[2023-10-03T10:02:14.878+0000] {taskinstance.py:1331} INFO - Starting attempt 1 of 1
[2023-10-03T10:02:15.074+0000] {taskinstance.py:1350} INFO - Executing <Task(SimpleHttpOperator): task_get_op> on 2023-09-14 00:00:00+00:00
[2023-10-03T10:02:15.107+0000] {standard_task_runner.py:57} INFO - Started process 3303 to run task
[2023-10-03T10:02:15.142+0000] {standard_task_runner.py:84} INFO - Running: ['***', 'tasks', 'run', 'rocket_launch2', 'task_get_op', 'scheduled__2023-09-14T00:00:00+00:00', '--job-id', '209', '--raw', '--subdir', 'DAGS_FOLDER/rocket_launch.py', '--cfg-path', '/tmp/tmpgsn6vole']
[2023-10-03T10:02:15.154+0000] {standard_task_runner.py:85} INFO - Job 209: Subtask task_get_op
[2023-10-03T10:02:15.671+0000] {task_command.py:410} INFO - Running <TaskInstance: rocket_launch2.task_get_op scheduled__2023-09-14T00:00:00+00:00 [running]> on host e870058fa168
[2023-10-03T10:02:16.595+0000] {warnings.py:110} WARNING - /home/***/.local/lib/python3.7/site-packages/***/utils/context.py:205: AirflowContextDeprecationWarning: Accessing 'next_ds' from the template is deprecated and will be removed in a future version. Please use '{{ data_interval_end | ds }}' instead.
  warnings.warn(_create_deprecation_warning(key, self._deprecation_replacements[key]))

[2023-10-03T10:02:17.193+0000] {taskinstance.py:1570} INFO - Exporting env vars: AIRFLOW_CTX_DAG_OWNER='***' AIRFLOW_CTX_DAG_ID='rocket_launch2' AIRFLOW_CTX_TASK_ID='task_get_op' AIRFLOW_CTX_EXECUTION_DATE='2023-09-14T00:00:00+00:00' AIRFLOW_CTX_TRY_NUMBER='1' AIRFLOW_CTX_DAG_RUN_ID='scheduled__2023-09-14T00:00:00+00:00'
[2023-10-03T10:02:17.200+0000] {http.py:123} INFO - Calling HTTP method
[2023-10-03T10:02:17.355+0000] {base.py:73} INFO - Using connection ID 'thespacedevs_dev' for task execution.
[2023-10-03T10:02:18.311+0000] {http.py:127} INFO - {"count":0,"next":null,"previous":null,"results":[]}
[2023-10-03T10:02:18.453+0000] {taskinstance.py:1373} INFO - Marking task as SUCCESS. dag_id=rocket_launch2, task_id=task_get_op, execution_date=20230914T000000, start_date=20231003T100214, end_date=20231003T100218
[2023-10-03T10:02:18.913+0000] {local_task_job_runner.py:232} INFO - Task exited with return code 0
[2023-10-03T10:02:19.708+0000] {taskinstance.py:2674} INFO - 0 downstream tasks scheduled from follow-on schedule check
[2023-10-03T10:05:57.478+0000] {taskinstance.py:1125} INFO - Dependencies all met for dep_context=non-requeueable deps ti=<TaskInstance: rocket_launch2.task_get_op scheduled__2023-09-14T00:00:00+00:00 [queued]>
[2023-10-03T10:05:57.959+0000] {taskinstance.py:1125} INFO - Dependencies all met for dep_context=requeueable deps ti=<TaskInstance: rocket_launch2.task_get_op scheduled__2023-09-14T00:00:00+00:00 [queued]>
[2023-10-03T10:05:57.962+0000] {taskinstance.py:1331} INFO - Starting attempt 1 of 1
[2023-10-03T10:05:58.261+0000] {taskinstance.py:1350} INFO - Executing <Task(SimpleHttpOperator): task_get_op> on 2023-09-14 00:00:00+00:00
[2023-10-03T10:05:58.326+0000] {standard_task_runner.py:57} INFO - Started process 3554 to run task
[2023-10-03T10:05:58.337+0000] {standard_task_runner.py:84} INFO - Running: ['***', 'tasks', 'run', 'rocket_launch2', 'task_get_op', 'scheduled__2023-09-14T00:00:00+00:00', '--job-id', '300', '--raw', '--subdir', 'DAGS_FOLDER/rocket_launch.py', '--cfg-path', '/tmp/tmpr6cpdnrs']
[2023-10-03T10:05:58.367+0000] {standard_task_runner.py:85} INFO - Job 300: Subtask task_get_op
[2023-10-03T10:05:58.674+0000] {task_command.py:410} INFO - Running <TaskInstance: rocket_launch2.task_get_op scheduled__2023-09-14T00:00:00+00:00 [running]> on host e870058fa168
[2023-10-03T10:05:58.937+0000] {warnings.py:110} WARNING - /home/***/.local/lib/python3.7/site-packages/***/utils/context.py:205: AirflowContextDeprecationWarning: Accessing 'next_ds' from the template is deprecated and will be removed in a future version. Please use '{{ data_interval_end | ds }}' instead.
  warnings.warn(_create_deprecation_warning(key, self._deprecation_replacements[key]))

[2023-10-03T10:05:59.674+0000] {taskinstance.py:1570} INFO - Exporting env vars: AIRFLOW_CTX_DAG_OWNER='***' AIRFLOW_CTX_DAG_ID='rocket_launch2' AIRFLOW_CTX_TASK_ID='task_get_op' AIRFLOW_CTX_EXECUTION_DATE='2023-09-14T00:00:00+00:00' AIRFLOW_CTX_TRY_NUMBER='1' AIRFLOW_CTX_DAG_RUN_ID='scheduled__2023-09-14T00:00:00+00:00'
[2023-10-03T10:05:59.679+0000] {http.py:123} INFO - Calling HTTP method
[2023-10-03T10:05:59.736+0000] {base.py:73} INFO - Using connection ID 'thespacedevs_dev' for task execution.
[2023-10-03T10:06:00.521+0000] {http.py:127} INFO - {"count":0,"next":null,"previous":null,"results":[]}
[2023-10-03T10:06:00.753+0000] {taskinstance.py:1373} INFO - Marking task as SUCCESS. dag_id=rocket_launch2, task_id=task_get_op, execution_date=20230914T000000, start_date=20231003T100557, end_date=20231003T100600
[2023-10-03T10:06:00.917+0000] {local_task_job_runner.py:232} INFO - Task exited with return code 0
[2023-10-03T10:06:01.326+0000] {taskinstance.py:2674} INFO - 1 downstream tasks scheduled from follow-on schedule check
[2023-10-03T10:16:31.154+0000] {taskinstance.py:1125} INFO - Dependencies all met for dep_context=non-requeueable deps ti=<TaskInstance: rocket_launch2.task_get_op scheduled__2023-09-14T00:00:00+00:00 [queued]>
[2023-10-03T10:16:31.392+0000] {taskinstance.py:1125} INFO - Dependencies all met for dep_context=requeueable deps ti=<TaskInstance: rocket_launch2.task_get_op scheduled__2023-09-14T00:00:00+00:00 [queued]>
[2023-10-03T10:16:31.426+0000] {taskinstance.py:1331} INFO - Starting attempt 1 of 1
[2023-10-03T10:16:31.678+0000] {taskinstance.py:1350} INFO - Executing <Task(SimpleHttpOperator): task_get_op> on 2023-09-14 00:00:00+00:00
[2023-10-03T10:16:31.756+0000] {standard_task_runner.py:84} INFO - Running: ['***', 'tasks', 'run', 'rocket_launch2', 'task_get_op', 'scheduled__2023-09-14T00:00:00+00:00', '--job-id', '393', '--raw', '--subdir', 'DAGS_FOLDER/rocket_launch.py', '--cfg-path', '/tmp/tmp04vm0rmh']
[2023-10-03T10:16:31.733+0000] {standard_task_runner.py:57} INFO - Started process 3929 to run task
[2023-10-03T10:16:31.786+0000] {standard_task_runner.py:85} INFO - Job 393: Subtask task_get_op
[2023-10-03T10:16:32.234+0000] {task_command.py:410} INFO - Running <TaskInstance: rocket_launch2.task_get_op scheduled__2023-09-14T00:00:00+00:00 [running]> on host e870058fa168
[2023-10-03T10:16:32.803+0000] {warnings.py:110} WARNING - /home/***/.local/lib/python3.7/site-packages/***/utils/context.py:205: AirflowContextDeprecationWarning: Accessing 'next_ds' from the template is deprecated and will be removed in a future version. Please use '{{ data_interval_end | ds }}' instead.
  warnings.warn(_create_deprecation_warning(key, self._deprecation_replacements[key]))

[2023-10-03T10:16:33.510+0000] {taskinstance.py:1570} INFO - Exporting env vars: AIRFLOW_CTX_DAG_OWNER='***' AIRFLOW_CTX_DAG_ID='rocket_launch2' AIRFLOW_CTX_TASK_ID='task_get_op' AIRFLOW_CTX_EXECUTION_DATE='2023-09-14T00:00:00+00:00' AIRFLOW_CTX_TRY_NUMBER='1' AIRFLOW_CTX_DAG_RUN_ID='scheduled__2023-09-14T00:00:00+00:00'
[2023-10-03T10:16:33.511+0000] {http.py:123} INFO - Calling HTTP method
[2023-10-03T10:16:33.612+0000] {base.py:73} INFO - Using connection ID 'thespacedevs_dev' for task execution.
[2023-10-03T10:16:35.119+0000] {http.py:127} INFO - {"count":0,"next":null,"previous":null,"results":[]}
[2023-10-03T10:16:35.305+0000] {taskinstance.py:1373} INFO - Marking task as SUCCESS. dag_id=rocket_launch2, task_id=task_get_op, execution_date=20230914T000000, start_date=20231003T101631, end_date=20231003T101635
[2023-10-03T10:16:35.691+0000] {local_task_job_runner.py:232} INFO - Task exited with return code 0
[2023-10-03T10:16:36.218+0000] {taskinstance.py:2674} INFO - 1 downstream tasks scheduled from follow-on schedule check
