[2023-10-03T09:39:18.185+0000] {taskinstance.py:1125} INFO - Dependencies all met for dep_context=non-requeueable deps ti=<TaskInstance: rocket_launch2.wait_for_data scheduled__2023-09-17T00:00:00+00:00 [queued]>
[2023-10-03T09:39:18.512+0000] {taskinstance.py:1125} INFO - Dependencies all met for dep_context=requeueable deps ti=<TaskInstance: rocket_launch2.wait_for_data scheduled__2023-09-17T00:00:00+00:00 [queued]>
[2023-10-03T09:39:18.513+0000] {taskinstance.py:1331} INFO - Starting attempt 1 of 1
[2023-10-03T09:39:18.897+0000] {taskinstance.py:1350} INFO - Executing <Task(HttpSensor): wait_for_data> on 2023-09-17 00:00:00+00:00
[2023-10-03T09:39:18.952+0000] {standard_task_runner.py:57} INFO - Started process 2673 to run task
[2023-10-03T09:39:18.981+0000] {standard_task_runner.py:84} INFO - Running: ['***', 'tasks', 'run', 'rocket_launch2', 'wait_for_data', 'scheduled__2023-09-17T00:00:00+00:00', '--job-id', '87', '--raw', '--subdir', 'DAGS_FOLDER/rocket_launch.py', '--cfg-path', '/tmp/tmpjdv2lmyv']
[2023-10-03T09:39:19.030+0000] {standard_task_runner.py:85} INFO - Job 87: Subtask wait_for_data
[2023-10-03T09:39:19.588+0000] {task_command.py:410} INFO - Running <TaskInstance: rocket_launch2.wait_for_data scheduled__2023-09-17T00:00:00+00:00 [running]> on host e870058fa168
[2023-10-03T09:39:20.548+0000] {taskinstance.py:1570} INFO - Exporting env vars: AIRFLOW_CTX_DAG_OWNER='***' AIRFLOW_CTX_DAG_ID='rocket_launch2' AIRFLOW_CTX_TASK_ID='wait_for_data' AIRFLOW_CTX_EXECUTION_DATE='2023-09-17T00:00:00+00:00' AIRFLOW_CTX_TRY_NUMBER='1' AIRFLOW_CTX_DAG_RUN_ID='scheduled__2023-09-17T00:00:00+00:00'
[2023-10-03T09:39:20.549+0000] {http.py:122} INFO - Poking: 
[2023-10-03T09:39:20.622+0000] {base.py:73} INFO - Using connection ID 'thespacedevs_dev' for task execution.
[2023-10-03T09:39:21.536+0000] {base.py:255} INFO - Success criteria met. Exiting.
[2023-10-03T09:39:21.721+0000] {taskinstance.py:1373} INFO - Marking task as SUCCESS. dag_id=rocket_launch2, task_id=wait_for_data, execution_date=20230917T000000, start_date=20231003T093918, end_date=20231003T093921
[2023-10-03T09:39:22.137+0000] {local_task_job_runner.py:232} INFO - Task exited with return code 0
[2023-10-03T09:39:22.527+0000] {taskinstance.py:2674} INFO - 1 downstream tasks scheduled from follow-on schedule check
[2023-10-03T10:02:10.042+0000] {taskinstance.py:1125} INFO - Dependencies all met for dep_context=non-requeueable deps ti=<TaskInstance: rocket_launch2.wait_for_data scheduled__2023-09-17T00:00:00+00:00 [queued]>
[2023-10-03T10:02:10.219+0000] {taskinstance.py:1125} INFO - Dependencies all met for dep_context=requeueable deps ti=<TaskInstance: rocket_launch2.wait_for_data scheduled__2023-09-17T00:00:00+00:00 [queued]>
[2023-10-03T10:02:10.230+0000] {taskinstance.py:1331} INFO - Starting attempt 1 of 1
[2023-10-03T10:02:10.363+0000] {taskinstance.py:1350} INFO - Executing <Task(HttpSensor): wait_for_data> on 2023-09-17 00:00:00+00:00
[2023-10-03T10:02:10.370+0000] {standard_task_runner.py:57} INFO - Started process 3287 to run task
[2023-10-03T10:02:10.424+0000] {standard_task_runner.py:84} INFO - Running: ['***', 'tasks', 'run', 'rocket_launch2', 'wait_for_data', 'scheduled__2023-09-17T00:00:00+00:00', '--job-id', '197', '--raw', '--subdir', 'DAGS_FOLDER/rocket_launch.py', '--cfg-path', '/tmp/tmp5ewc4768']
[2023-10-03T10:02:10.442+0000] {standard_task_runner.py:85} INFO - Job 197: Subtask wait_for_data
[2023-10-03T10:02:10.816+0000] {task_command.py:410} INFO - Running <TaskInstance: rocket_launch2.wait_for_data scheduled__2023-09-17T00:00:00+00:00 [running]> on host e870058fa168
[2023-10-03T10:02:11.894+0000] {taskinstance.py:1570} INFO - Exporting env vars: AIRFLOW_CTX_DAG_OWNER='***' AIRFLOW_CTX_DAG_ID='rocket_launch2' AIRFLOW_CTX_TASK_ID='wait_for_data' AIRFLOW_CTX_EXECUTION_DATE='2023-09-17T00:00:00+00:00' AIRFLOW_CTX_TRY_NUMBER='1' AIRFLOW_CTX_DAG_RUN_ID='scheduled__2023-09-17T00:00:00+00:00'
[2023-10-03T10:02:11.895+0000] {http.py:122} INFO - Poking: 
[2023-10-03T10:02:12.005+0000] {base.py:73} INFO - Using connection ID 'thespacedevs_dev' for task execution.
[2023-10-03T10:02:12.512+0000] {base.py:255} INFO - Success criteria met. Exiting.
[2023-10-03T10:02:12.563+0000] {taskinstance.py:1373} INFO - Marking task as SUCCESS. dag_id=rocket_launch2, task_id=wait_for_data, execution_date=20230917T000000, start_date=20231003T100210, end_date=20231003T100212
[2023-10-03T10:02:12.806+0000] {local_task_job_runner.py:232} INFO - Task exited with return code 0
[2023-10-03T10:02:13.263+0000] {taskinstance.py:2674} INFO - 1 downstream tasks scheduled from follow-on schedule check
[2023-10-03T10:05:46.318+0000] {taskinstance.py:1125} INFO - Dependencies all met for dep_context=non-requeueable deps ti=<TaskInstance: rocket_launch2.wait_for_data scheduled__2023-09-17T00:00:00+00:00 [queued]>
[2023-10-03T10:05:46.448+0000] {taskinstance.py:1125} INFO - Dependencies all met for dep_context=requeueable deps ti=<TaskInstance: rocket_launch2.wait_for_data scheduled__2023-09-17T00:00:00+00:00 [queued]>
[2023-10-03T10:05:46.457+0000] {taskinstance.py:1331} INFO - Starting attempt 1 of 1
[2023-10-03T10:05:46.860+0000] {taskinstance.py:1350} INFO - Executing <Task(HttpSensor): wait_for_data> on 2023-09-17 00:00:00+00:00
[2023-10-03T10:05:46.971+0000] {standard_task_runner.py:57} INFO - Started process 3529 to run task
[2023-10-03T10:05:47.035+0000] {standard_task_runner.py:84} INFO - Running: ['***', 'tasks', 'run', 'rocket_launch2', 'wait_for_data', 'scheduled__2023-09-17T00:00:00+00:00', '--job-id', '287', '--raw', '--subdir', 'DAGS_FOLDER/rocket_launch.py', '--cfg-path', '/tmp/tmpaj8opjz5']
[2023-10-03T10:05:47.105+0000] {standard_task_runner.py:85} INFO - Job 287: Subtask wait_for_data
[2023-10-03T10:05:48.110+0000] {task_command.py:410} INFO - Running <TaskInstance: rocket_launch2.wait_for_data scheduled__2023-09-17T00:00:00+00:00 [running]> on host e870058fa168
[2023-10-03T10:05:49.011+0000] {taskinstance.py:1570} INFO - Exporting env vars: AIRFLOW_CTX_DAG_OWNER='***' AIRFLOW_CTX_DAG_ID='rocket_launch2' AIRFLOW_CTX_TASK_ID='wait_for_data' AIRFLOW_CTX_EXECUTION_DATE='2023-09-17T00:00:00+00:00' AIRFLOW_CTX_TRY_NUMBER='1' AIRFLOW_CTX_DAG_RUN_ID='scheduled__2023-09-17T00:00:00+00:00'
[2023-10-03T10:05:49.014+0000] {http.py:122} INFO - Poking: 
[2023-10-03T10:05:49.119+0000] {base.py:73} INFO - Using connection ID 'thespacedevs_dev' for task execution.
[2023-10-03T10:05:49.890+0000] {base.py:255} INFO - Success criteria met. Exiting.
[2023-10-03T10:05:49.979+0000] {taskinstance.py:1373} INFO - Marking task as SUCCESS. dag_id=rocket_launch2, task_id=wait_for_data, execution_date=20230917T000000, start_date=20231003T100546, end_date=20231003T100549
[2023-10-03T10:05:50.255+0000] {local_task_job_runner.py:232} INFO - Task exited with return code 0
[2023-10-03T10:05:50.754+0000] {taskinstance.py:2674} INFO - 1 downstream tasks scheduled from follow-on schedule check
[2023-10-03T10:16:21.642+0000] {taskinstance.py:1125} INFO - Dependencies all met for dep_context=non-requeueable deps ti=<TaskInstance: rocket_launch2.wait_for_data scheduled__2023-09-17T00:00:00+00:00 [queued]>
[2023-10-03T10:16:21.807+0000] {taskinstance.py:1125} INFO - Dependencies all met for dep_context=requeueable deps ti=<TaskInstance: rocket_launch2.wait_for_data scheduled__2023-09-17T00:00:00+00:00 [queued]>
[2023-10-03T10:16:21.826+0000] {taskinstance.py:1331} INFO - Starting attempt 1 of 1
[2023-10-03T10:16:22.167+0000] {taskinstance.py:1350} INFO - Executing <Task(HttpSensor): wait_for_data> on 2023-09-17 00:00:00+00:00
[2023-10-03T10:16:22.255+0000] {standard_task_runner.py:57} INFO - Started process 3891 to run task
[2023-10-03T10:16:22.330+0000] {standard_task_runner.py:84} INFO - Running: ['***', 'tasks', 'run', 'rocket_launch2', 'wait_for_data', 'scheduled__2023-09-17T00:00:00+00:00', '--job-id', '379', '--raw', '--subdir', 'DAGS_FOLDER/rocket_launch.py', '--cfg-path', '/tmp/tmp7ajtd2v_']
[2023-10-03T10:16:22.379+0000] {standard_task_runner.py:85} INFO - Job 379: Subtask wait_for_data
[2023-10-03T10:16:22.990+0000] {task_command.py:410} INFO - Running <TaskInstance: rocket_launch2.wait_for_data scheduled__2023-09-17T00:00:00+00:00 [running]> on host e870058fa168
[2023-10-03T10:16:24.158+0000] {taskinstance.py:1570} INFO - Exporting env vars: AIRFLOW_CTX_DAG_OWNER='***' AIRFLOW_CTX_DAG_ID='rocket_launch2' AIRFLOW_CTX_TASK_ID='wait_for_data' AIRFLOW_CTX_EXECUTION_DATE='2023-09-17T00:00:00+00:00' AIRFLOW_CTX_TRY_NUMBER='1' AIRFLOW_CTX_DAG_RUN_ID='scheduled__2023-09-17T00:00:00+00:00'
[2023-10-03T10:16:24.161+0000] {http.py:122} INFO - Poking: 
[2023-10-03T10:16:24.239+0000] {base.py:73} INFO - Using connection ID 'thespacedevs_dev' for task execution.
[2023-10-03T10:16:25.041+0000] {base.py:255} INFO - Success criteria met. Exiting.
[2023-10-03T10:16:25.153+0000] {taskinstance.py:1373} INFO - Marking task as SUCCESS. dag_id=rocket_launch2, task_id=wait_for_data, execution_date=20230917T000000, start_date=20231003T101621, end_date=20231003T101625
[2023-10-03T10:16:25.493+0000] {local_task_job_runner.py:232} INFO - Task exited with return code 0
[2023-10-03T10:16:26.080+0000] {taskinstance.py:2674} INFO - 1 downstream tasks scheduled from follow-on schedule check
