[2023-10-03T10:04:15.788+0000] {taskinstance.py:1125} INFO - Dependencies all met for dep_context=non-requeueable deps ti=<TaskInstance: rocket_launch2.check_launches scheduled__2023-10-01T00:00:00+00:00 [queued]>
[2023-10-03T10:04:15.844+0000] {taskinstance.py:1125} INFO - Dependencies all met for dep_context=requeueable deps ti=<TaskInstance: rocket_launch2.check_launches scheduled__2023-10-01T00:00:00+00:00 [queued]>
[2023-10-03T10:04:15.846+0000] {taskinstance.py:1331} INFO - Starting attempt 2 of 2
[2023-10-03T10:04:15.966+0000] {taskinstance.py:1350} INFO - Executing <Task(PythonOperator): check_launches> on 2023-10-01 00:00:00+00:00
[2023-10-03T10:04:16.000+0000] {standard_task_runner.py:57} INFO - Started process 3482 to run task
[2023-10-03T10:04:16.006+0000] {standard_task_runner.py:84} INFO - Running: ['***', 'tasks', 'run', 'rocket_launch2', 'check_launches', 'scheduled__2023-10-01T00:00:00+00:00', '--job-id', '282', '--raw', '--subdir', 'DAGS_FOLDER/rocket_launch.py', '--cfg-path', '/tmp/tmpaee4y370']
[2023-10-03T10:04:16.007+0000] {standard_task_runner.py:85} INFO - Job 282: Subtask check_launches
[2023-10-03T10:04:16.271+0000] {task_command.py:410} INFO - Running <TaskInstance: rocket_launch2.check_launches scheduled__2023-10-01T00:00:00+00:00 [running]> on host e870058fa168
[2023-10-03T10:04:16.475+0000] {taskinstance.py:1570} INFO - Exporting env vars: AIRFLOW_CTX_DAG_OWNER='***' AIRFLOW_CTX_DAG_ID='rocket_launch2' AIRFLOW_CTX_TASK_ID='check_launches' AIRFLOW_CTX_EXECUTION_DATE='2023-10-01T00:00:00+00:00' AIRFLOW_CTX_TRY_NUMBER='2' AIRFLOW_CTX_DAG_RUN_ID='scheduled__2023-10-01T00:00:00+00:00'
[2023-10-03T10:04:16.509+0000] {taskinstance.py:1454} INFO - No launches on 2023-10-01
[2023-10-03T10:04:16.571+0000] {taskinstance.py:1373} INFO - Marking task as SKIPPED. dag_id=rocket_launch2, task_id=check_launches, execution_date=20231001T000000, start_date=20231003T100415, end_date=20231003T100416
[2023-10-03T10:04:16.695+0000] {local_task_job_runner.py:232} INFO - Task exited with return code 0
[2023-10-03T10:04:16.732+0000] {taskinstance.py:2674} INFO - 0 downstream tasks scheduled from follow-on schedule check
[2023-10-03T10:09:36.238+0000] {taskinstance.py:1125} INFO - Dependencies all met for dep_context=non-requeueable deps ti=<TaskInstance: rocket_launch2.check_launches scheduled__2023-10-01T00:00:00+00:00 [queued]>
[2023-10-03T10:09:36.286+0000] {taskinstance.py:1125} INFO - Dependencies all met for dep_context=requeueable deps ti=<TaskInstance: rocket_launch2.check_launches scheduled__2023-10-01T00:00:00+00:00 [queued]>
[2023-10-03T10:09:36.295+0000] {taskinstance.py:1331} INFO - Starting attempt 2 of 2
[2023-10-03T10:09:36.358+0000] {taskinstance.py:1350} INFO - Executing <Task(PythonOperator): check_launches> on 2023-10-01 00:00:00+00:00
[2023-10-03T10:09:36.365+0000] {standard_task_runner.py:57} INFO - Started process 3754 to run task
[2023-10-03T10:09:36.391+0000] {standard_task_runner.py:84} INFO - Running: ['***', 'tasks', 'run', 'rocket_launch2', 'check_launches', 'scheduled__2023-10-01T00:00:00+00:00', '--job-id', '372', '--raw', '--subdir', 'DAGS_FOLDER/rocket_launch.py', '--cfg-path', '/tmp/tmpf0yasdnf']
[2023-10-03T10:09:36.394+0000] {standard_task_runner.py:85} INFO - Job 372: Subtask check_launches
[2023-10-03T10:09:36.534+0000] {task_command.py:410} INFO - Running <TaskInstance: rocket_launch2.check_launches scheduled__2023-10-01T00:00:00+00:00 [running]> on host e870058fa168
[2023-10-03T10:09:36.868+0000] {taskinstance.py:1570} INFO - Exporting env vars: AIRFLOW_CTX_DAG_OWNER='***' AIRFLOW_CTX_DAG_ID='rocket_launch2' AIRFLOW_CTX_TASK_ID='check_launches' AIRFLOW_CTX_EXECUTION_DATE='2023-10-01T00:00:00+00:00' AIRFLOW_CTX_TRY_NUMBER='2' AIRFLOW_CTX_DAG_RUN_ID='scheduled__2023-10-01T00:00:00+00:00'
[2023-10-03T10:09:36.958+0000] {taskinstance.py:1454} INFO - No launches on 2023-10-01
[2023-10-03T10:09:37.010+0000] {taskinstance.py:1373} INFO - Marking task as SKIPPED. dag_id=rocket_launch2, task_id=check_launches, execution_date=20231001T000000, start_date=20231003T100936, end_date=20231003T100937
[2023-10-03T10:09:37.079+0000] {local_task_job_runner.py:232} INFO - Task exited with return code 0
[2023-10-03T10:09:37.214+0000] {taskinstance.py:2674} INFO - 0 downstream tasks scheduled from follow-on schedule check
