[2023-10-03T08:04:19.321+0000] {taskinstance.py:1125} INFO - Dependencies all met for dep_context=non-requeueable deps ti=<TaskInstance: rocket_launch2.wait_for_data scheduled__2023-10-02T00:00:00+00:00 [queued]>
[2023-10-03T08:04:19.363+0000] {taskinstance.py:1125} INFO - Dependencies all met for dep_context=requeueable deps ti=<TaskInstance: rocket_launch2.wait_for_data scheduled__2023-10-02T00:00:00+00:00 [queued]>
[2023-10-03T08:04:19.363+0000] {taskinstance.py:1331} INFO - Starting attempt 1 of 1
[2023-10-03T08:04:19.483+0000] {taskinstance.py:1350} INFO - Executing <Task(HttpSensor): wait_for_data> on 2023-10-02 00:00:00+00:00
[2023-10-03T08:04:19.499+0000] {standard_task_runner.py:57} INFO - Started process 867 to run task
[2023-10-03T08:04:19.513+0000] {standard_task_runner.py:84} INFO - Running: ['***', 'tasks', 'run', 'rocket_launch2', 'wait_for_data', 'scheduled__2023-10-02T00:00:00+00:00', '--job-id', '28', '--raw', '--subdir', 'DAGS_FOLDER/rocket_launch.py', '--cfg-path', '/tmp/tmp01_m4aa7']
[2023-10-03T08:04:19.524+0000] {standard_task_runner.py:85} INFO - Job 28: Subtask wait_for_data
[2023-10-03T08:04:19.689+0000] {task_command.py:410} INFO - Running <TaskInstance: rocket_launch2.wait_for_data scheduled__2023-10-02T00:00:00+00:00 [running]> on host e870058fa168
[2023-10-03T08:04:19.880+0000] {taskinstance.py:1570} INFO - Exporting env vars: AIRFLOW_CTX_DAG_OWNER='***' AIRFLOW_CTX_DAG_ID='rocket_launch2' AIRFLOW_CTX_TASK_ID='wait_for_data' AIRFLOW_CTX_EXECUTION_DATE='2023-10-02T00:00:00+00:00' AIRFLOW_CTX_TRY_NUMBER='1' AIRFLOW_CTX_DAG_RUN_ID='scheduled__2023-10-02T00:00:00+00:00'
[2023-10-03T08:04:19.881+0000] {http.py:122} INFO - Poking: 
[2023-10-03T08:04:19.922+0000] {base.py:73} INFO - Using connection ID 'thespacedevs_dev' for task execution.
[2023-10-03T08:04:20.330+0000] {base.py:255} INFO - Success criteria met. Exiting.
[2023-10-03T08:04:20.340+0000] {taskinstance.py:1373} INFO - Marking task as SUCCESS. dag_id=rocket_launch2, task_id=wait_for_data, execution_date=20231002T000000, start_date=20231003T080419, end_date=20231003T080420
[2023-10-03T08:04:20.383+0000] {local_task_job_runner.py:232} INFO - Task exited with return code 0
[2023-10-03T08:04:20.400+0000] {taskinstance.py:2674} INFO - 0 downstream tasks scheduled from follow-on schedule check
[2023-10-03T08:16:10.934+0000] {taskinstance.py:1125} INFO - Dependencies all met for dep_context=non-requeueable deps ti=<TaskInstance: rocket_launch2.wait_for_data scheduled__2023-10-02T00:00:00+00:00 [queued]>
[2023-10-03T08:16:10.995+0000] {taskinstance.py:1125} INFO - Dependencies all met for dep_context=requeueable deps ti=<TaskInstance: rocket_launch2.wait_for_data scheduled__2023-10-02T00:00:00+00:00 [queued]>
[2023-10-03T08:16:10.996+0000] {taskinstance.py:1331} INFO - Starting attempt 1 of 1
[2023-10-03T08:16:11.071+0000] {taskinstance.py:1350} INFO - Executing <Task(HttpSensor): wait_for_data> on 2023-10-02 00:00:00+00:00
[2023-10-03T08:16:11.077+0000] {standard_task_runner.py:57} INFO - Started process 1085 to run task
[2023-10-03T08:16:11.083+0000] {standard_task_runner.py:84} INFO - Running: ['***', 'tasks', 'run', 'rocket_launch2', 'wait_for_data', 'scheduled__2023-10-02T00:00:00+00:00', '--job-id', '36', '--raw', '--subdir', 'DAGS_FOLDER/rocket_launch.py', '--cfg-path', '/tmp/tmpfkgpui7m']
[2023-10-03T08:16:11.085+0000] {standard_task_runner.py:85} INFO - Job 36: Subtask wait_for_data
[2023-10-03T08:16:11.225+0000] {task_command.py:410} INFO - Running <TaskInstance: rocket_launch2.wait_for_data scheduled__2023-10-02T00:00:00+00:00 [running]> on host e870058fa168
[2023-10-03T08:16:11.455+0000] {taskinstance.py:1570} INFO - Exporting env vars: AIRFLOW_CTX_DAG_OWNER='***' AIRFLOW_CTX_DAG_ID='rocket_launch2' AIRFLOW_CTX_TASK_ID='wait_for_data' AIRFLOW_CTX_EXECUTION_DATE='2023-10-02T00:00:00+00:00' AIRFLOW_CTX_TRY_NUMBER='1' AIRFLOW_CTX_DAG_RUN_ID='scheduled__2023-10-02T00:00:00+00:00'
[2023-10-03T08:16:11.456+0000] {http.py:122} INFO - Poking: 
[2023-10-03T08:16:11.484+0000] {base.py:73} INFO - Using connection ID 'thespacedevs_dev' for task execution.
[2023-10-03T08:16:12.239+0000] {base.py:255} INFO - Success criteria met. Exiting.
[2023-10-03T08:16:12.248+0000] {taskinstance.py:1373} INFO - Marking task as SUCCESS. dag_id=rocket_launch2, task_id=wait_for_data, execution_date=20231002T000000, start_date=20231003T081610, end_date=20231003T081612
[2023-10-03T08:16:12.302+0000] {local_task_job_runner.py:232} INFO - Task exited with return code 0
[2023-10-03T08:16:12.325+0000] {taskinstance.py:2674} INFO - 0 downstream tasks scheduled from follow-on schedule check
[2023-10-03T08:44:29.730+0000] {taskinstance.py:1125} INFO - Dependencies all met for dep_context=non-requeueable deps ti=<TaskInstance: rocket_launch2.wait_for_data scheduled__2023-10-02T00:00:00+00:00 [queued]>
[2023-10-03T08:44:29.761+0000] {taskinstance.py:1125} INFO - Dependencies all met for dep_context=requeueable deps ti=<TaskInstance: rocket_launch2.wait_for_data scheduled__2023-10-02T00:00:00+00:00 [queued]>
[2023-10-03T08:44:29.762+0000] {taskinstance.py:1331} INFO - Starting attempt 1 of 1
[2023-10-03T08:44:29.797+0000] {taskinstance.py:1350} INFO - Executing <Task(HttpSensor): wait_for_data> on 2023-10-02 00:00:00+00:00
[2023-10-03T08:44:29.802+0000] {standard_task_runner.py:57} INFO - Started process 1594 to run task
[2023-10-03T08:44:29.804+0000] {standard_task_runner.py:84} INFO - Running: ['***', 'tasks', 'run', 'rocket_launch2', 'wait_for_data', 'scheduled__2023-10-02T00:00:00+00:00', '--job-id', '39', '--raw', '--subdir', 'DAGS_FOLDER/rocket_launch.py', '--cfg-path', '/tmp/tmpu_bvwaqe']
[2023-10-03T08:44:29.805+0000] {standard_task_runner.py:85} INFO - Job 39: Subtask wait_for_data
[2023-10-03T08:44:29.882+0000] {task_command.py:410} INFO - Running <TaskInstance: rocket_launch2.wait_for_data scheduled__2023-10-02T00:00:00+00:00 [running]> on host e870058fa168
[2023-10-03T08:44:29.980+0000] {taskinstance.py:1570} INFO - Exporting env vars: AIRFLOW_CTX_DAG_OWNER='***' AIRFLOW_CTX_DAG_ID='rocket_launch2' AIRFLOW_CTX_TASK_ID='wait_for_data' AIRFLOW_CTX_EXECUTION_DATE='2023-10-02T00:00:00+00:00' AIRFLOW_CTX_TRY_NUMBER='1' AIRFLOW_CTX_DAG_RUN_ID='scheduled__2023-10-02T00:00:00+00:00'
[2023-10-03T08:44:29.981+0000] {http.py:122} INFO - Poking: 
[2023-10-03T08:44:29.990+0000] {base.py:73} INFO - Using connection ID 'thespacedevs_dev' for task execution.
[2023-10-03T08:44:31.094+0000] {base.py:255} INFO - Success criteria met. Exiting.
[2023-10-03T08:44:31.103+0000] {taskinstance.py:1373} INFO - Marking task as SUCCESS. dag_id=rocket_launch2, task_id=wait_for_data, execution_date=20231002T000000, start_date=20231003T084429, end_date=20231003T084431
[2023-10-03T08:44:31.164+0000] {local_task_job_runner.py:232} INFO - Task exited with return code 0
[2023-10-03T08:44:31.200+0000] {taskinstance.py:2674} INFO - 1 downstream tasks scheduled from follow-on schedule check
[2023-10-03T08:48:09.559+0000] {taskinstance.py:1125} INFO - Dependencies all met for dep_context=non-requeueable deps ti=<TaskInstance: rocket_launch2.wait_for_data scheduled__2023-10-02T00:00:00+00:00 [queued]>
[2023-10-03T08:48:09.586+0000] {taskinstance.py:1125} INFO - Dependencies all met for dep_context=requeueable deps ti=<TaskInstance: rocket_launch2.wait_for_data scheduled__2023-10-02T00:00:00+00:00 [queued]>
[2023-10-03T08:48:09.586+0000] {taskinstance.py:1331} INFO - Starting attempt 1 of 1
[2023-10-03T08:48:09.620+0000] {taskinstance.py:1350} INFO - Executing <Task(HttpSensor): wait_for_data> on 2023-10-02 00:00:00+00:00
[2023-10-03T08:48:09.626+0000] {standard_task_runner.py:57} INFO - Started process 1674 to run task
[2023-10-03T08:48:09.631+0000] {standard_task_runner.py:84} INFO - Running: ['***', 'tasks', 'run', 'rocket_launch2', 'wait_for_data', 'scheduled__2023-10-02T00:00:00+00:00', '--job-id', '45', '--raw', '--subdir', 'DAGS_FOLDER/rocket_launch.py', '--cfg-path', '/tmp/tmpzc8g_yuc']
[2023-10-03T08:48:09.631+0000] {standard_task_runner.py:85} INFO - Job 45: Subtask wait_for_data
[2023-10-03T08:48:09.719+0000] {task_command.py:410} INFO - Running <TaskInstance: rocket_launch2.wait_for_data scheduled__2023-10-02T00:00:00+00:00 [running]> on host e870058fa168
[2023-10-03T08:48:09.874+0000] {taskinstance.py:1570} INFO - Exporting env vars: AIRFLOW_CTX_DAG_OWNER='***' AIRFLOW_CTX_DAG_ID='rocket_launch2' AIRFLOW_CTX_TASK_ID='wait_for_data' AIRFLOW_CTX_EXECUTION_DATE='2023-10-02T00:00:00+00:00' AIRFLOW_CTX_TRY_NUMBER='1' AIRFLOW_CTX_DAG_RUN_ID='scheduled__2023-10-02T00:00:00+00:00'
[2023-10-03T08:48:09.876+0000] {http.py:122} INFO - Poking: 
[2023-10-03T08:48:09.893+0000] {base.py:73} INFO - Using connection ID 'thespacedevs_dev' for task execution.
[2023-10-03T08:48:10.258+0000] {base.py:255} INFO - Success criteria met. Exiting.
[2023-10-03T08:48:10.306+0000] {taskinstance.py:1373} INFO - Marking task as SUCCESS. dag_id=rocket_launch2, task_id=wait_for_data, execution_date=20231002T000000, start_date=20231003T084809, end_date=20231003T084810
[2023-10-03T08:48:10.436+0000] {local_task_job_runner.py:232} INFO - Task exited with return code 0
[2023-10-03T08:48:10.746+0000] {taskinstance.py:2674} INFO - 1 downstream tasks scheduled from follow-on schedule check
[2023-10-03T08:54:51.694+0000] {taskinstance.py:1125} INFO - Dependencies all met for dep_context=non-requeueable deps ti=<TaskInstance: rocket_launch2.wait_for_data scheduled__2023-10-02T00:00:00+00:00 [queued]>
[2023-10-03T08:54:51.719+0000] {taskinstance.py:1125} INFO - Dependencies all met for dep_context=requeueable deps ti=<TaskInstance: rocket_launch2.wait_for_data scheduled__2023-10-02T00:00:00+00:00 [queued]>
[2023-10-03T08:54:51.719+0000] {taskinstance.py:1331} INFO - Starting attempt 1 of 1
[2023-10-03T08:54:51.771+0000] {taskinstance.py:1350} INFO - Executing <Task(HttpSensor): wait_for_data> on 2023-10-02 00:00:00+00:00
[2023-10-03T08:54:51.790+0000] {standard_task_runner.py:57} INFO - Started process 1809 to run task
[2023-10-03T08:54:51.793+0000] {standard_task_runner.py:84} INFO - Running: ['***', 'tasks', 'run', 'rocket_launch2', 'wait_for_data', 'scheduled__2023-10-02T00:00:00+00:00', '--job-id', '54', '--raw', '--subdir', 'DAGS_FOLDER/rocket_launch.py', '--cfg-path', '/tmp/tmp0wqs2baq']
[2023-10-03T08:54:51.794+0000] {standard_task_runner.py:85} INFO - Job 54: Subtask wait_for_data
[2023-10-03T08:54:51.939+0000] {task_command.py:410} INFO - Running <TaskInstance: rocket_launch2.wait_for_data scheduled__2023-10-02T00:00:00+00:00 [running]> on host e870058fa168
[2023-10-03T08:54:52.116+0000] {taskinstance.py:1570} INFO - Exporting env vars: AIRFLOW_CTX_DAG_OWNER='***' AIRFLOW_CTX_DAG_ID='rocket_launch2' AIRFLOW_CTX_TASK_ID='wait_for_data' AIRFLOW_CTX_EXECUTION_DATE='2023-10-02T00:00:00+00:00' AIRFLOW_CTX_TRY_NUMBER='1' AIRFLOW_CTX_DAG_RUN_ID='scheduled__2023-10-02T00:00:00+00:00'
[2023-10-03T08:54:52.116+0000] {http.py:122} INFO - Poking: 
[2023-10-03T08:54:52.138+0000] {base.py:73} INFO - Using connection ID 'thespacedevs_dev' for task execution.
[2023-10-03T08:54:52.690+0000] {base.py:255} INFO - Success criteria met. Exiting.
[2023-10-03T08:54:52.713+0000] {taskinstance.py:1373} INFO - Marking task as SUCCESS. dag_id=rocket_launch2, task_id=wait_for_data, execution_date=20231002T000000, start_date=20231003T085451, end_date=20231003T085452
[2023-10-03T08:54:52.771+0000] {local_task_job_runner.py:232} INFO - Task exited with return code 0
[2023-10-03T08:54:52.829+0000] {taskinstance.py:2674} INFO - 1 downstream tasks scheduled from follow-on schedule check
[2023-10-03T09:25:23.288+0000] {taskinstance.py:1125} INFO - Dependencies all met for dep_context=non-requeueable deps ti=<TaskInstance: rocket_launch2.wait_for_data scheduled__2023-10-02T00:00:00+00:00 [queued]>
[2023-10-03T09:25:23.300+0000] {taskinstance.py:1125} INFO - Dependencies all met for dep_context=requeueable deps ti=<TaskInstance: rocket_launch2.wait_for_data scheduled__2023-10-02T00:00:00+00:00 [queued]>
[2023-10-03T09:25:23.300+0000] {taskinstance.py:1331} INFO - Starting attempt 1 of 1
[2023-10-03T09:25:23.328+0000] {taskinstance.py:1350} INFO - Executing <Task(HttpSensor): wait_for_data> on 2023-10-02 00:00:00+00:00
[2023-10-03T09:25:23.333+0000] {standard_task_runner.py:57} INFO - Started process 2371 to run task
[2023-10-03T09:25:23.335+0000] {standard_task_runner.py:84} INFO - Running: ['***', 'tasks', 'run', 'rocket_launch2', 'wait_for_data', 'scheduled__2023-10-02T00:00:00+00:00', '--job-id', '66', '--raw', '--subdir', 'DAGS_FOLDER/rocket_launch.py', '--cfg-path', '/tmp/tmpephun9vm']
[2023-10-03T09:25:23.335+0000] {standard_task_runner.py:85} INFO - Job 66: Subtask wait_for_data
[2023-10-03T09:25:23.393+0000] {task_command.py:410} INFO - Running <TaskInstance: rocket_launch2.wait_for_data scheduled__2023-10-02T00:00:00+00:00 [running]> on host e870058fa168
[2023-10-03T09:25:23.503+0000] {taskinstance.py:1570} INFO - Exporting env vars: AIRFLOW_CTX_DAG_OWNER='***' AIRFLOW_CTX_DAG_ID='rocket_launch2' AIRFLOW_CTX_TASK_ID='wait_for_data' AIRFLOW_CTX_EXECUTION_DATE='2023-10-02T00:00:00+00:00' AIRFLOW_CTX_TRY_NUMBER='1' AIRFLOW_CTX_DAG_RUN_ID='scheduled__2023-10-02T00:00:00+00:00'
[2023-10-03T09:25:23.504+0000] {http.py:122} INFO - Poking: 
[2023-10-03T09:25:23.519+0000] {base.py:73} INFO - Using connection ID 'thespacedevs_dev' for task execution.
[2023-10-03T09:25:25.088+0000] {base.py:255} INFO - Success criteria met. Exiting.
[2023-10-03T09:25:25.099+0000] {taskinstance.py:1373} INFO - Marking task as SUCCESS. dag_id=rocket_launch2, task_id=wait_for_data, execution_date=20231002T000000, start_date=20231003T092523, end_date=20231003T092525
[2023-10-03T09:25:25.151+0000] {local_task_job_runner.py:232} INFO - Task exited with return code 0
[2023-10-03T09:25:25.188+0000] {taskinstance.py:2674} INFO - 1 downstream tasks scheduled from follow-on schedule check
[2023-10-03T09:37:36.202+0000] {taskinstance.py:1125} INFO - Dependencies all met for dep_context=non-requeueable deps ti=<TaskInstance: rocket_launch2.wait_for_data scheduled__2023-10-02T00:00:00+00:00 [queued]>
[2023-10-03T09:37:36.223+0000] {taskinstance.py:1125} INFO - Dependencies all met for dep_context=requeueable deps ti=<TaskInstance: rocket_launch2.wait_for_data scheduled__2023-10-02T00:00:00+00:00 [queued]>
[2023-10-03T09:37:36.223+0000] {taskinstance.py:1331} INFO - Starting attempt 1 of 1
[2023-10-03T09:37:36.251+0000] {taskinstance.py:1350} INFO - Executing <Task(HttpSensor): wait_for_data> on 2023-10-02 00:00:00+00:00
[2023-10-03T09:37:36.257+0000] {standard_task_runner.py:57} INFO - Started process 2604 to run task
[2023-10-03T09:37:36.260+0000] {standard_task_runner.py:84} INFO - Running: ['***', 'tasks', 'run', 'rocket_launch2', 'wait_for_data', 'scheduled__2023-10-02T00:00:00+00:00', '--job-id', '75', '--raw', '--subdir', 'DAGS_FOLDER/rocket_launch.py', '--cfg-path', '/tmp/tmpypb0kkcg']
[2023-10-03T09:37:36.260+0000] {standard_task_runner.py:85} INFO - Job 75: Subtask wait_for_data
[2023-10-03T09:37:36.369+0000] {task_command.py:410} INFO - Running <TaskInstance: rocket_launch2.wait_for_data scheduled__2023-10-02T00:00:00+00:00 [running]> on host e870058fa168
[2023-10-03T09:37:36.482+0000] {taskinstance.py:1570} INFO - Exporting env vars: AIRFLOW_CTX_DAG_OWNER='***' AIRFLOW_CTX_DAG_ID='rocket_launch2' AIRFLOW_CTX_TASK_ID='wait_for_data' AIRFLOW_CTX_EXECUTION_DATE='2023-10-02T00:00:00+00:00' AIRFLOW_CTX_TRY_NUMBER='1' AIRFLOW_CTX_DAG_RUN_ID='scheduled__2023-10-02T00:00:00+00:00'
[2023-10-03T09:37:36.482+0000] {http.py:122} INFO - Poking: 
[2023-10-03T09:37:36.489+0000] {base.py:73} INFO - Using connection ID 'thespacedevs_dev' for task execution.
[2023-10-03T09:37:36.816+0000] {base.py:255} INFO - Success criteria met. Exiting.
[2023-10-03T09:37:36.829+0000] {taskinstance.py:1373} INFO - Marking task as SUCCESS. dag_id=rocket_launch2, task_id=wait_for_data, execution_date=20231002T000000, start_date=20231003T093736, end_date=20231003T093736
[2023-10-03T09:37:36.878+0000] {local_task_job_runner.py:232} INFO - Task exited with return code 0
[2023-10-03T09:37:36.907+0000] {taskinstance.py:2674} INFO - 1 downstream tasks scheduled from follow-on schedule check
[2023-10-03T09:39:59.284+0000] {taskinstance.py:1125} INFO - Dependencies all met for dep_context=non-requeueable deps ti=<TaskInstance: rocket_launch2.wait_for_data scheduled__2023-10-02T00:00:00+00:00 [queued]>
[2023-10-03T09:39:59.320+0000] {taskinstance.py:1125} INFO - Dependencies all met for dep_context=requeueable deps ti=<TaskInstance: rocket_launch2.wait_for_data scheduled__2023-10-02T00:00:00+00:00 [queued]>
[2023-10-03T09:39:59.321+0000] {taskinstance.py:1331} INFO - Starting attempt 1 of 1
[2023-10-03T09:39:59.417+0000] {taskinstance.py:1350} INFO - Executing <Task(HttpSensor): wait_for_data> on 2023-10-02 00:00:00+00:00
[2023-10-03T09:39:59.427+0000] {standard_task_runner.py:57} INFO - Started process 2768 to run task
[2023-10-03T09:39:59.440+0000] {standard_task_runner.py:84} INFO - Running: ['***', 'tasks', 'run', 'rocket_launch2', 'wait_for_data', 'scheduled__2023-10-02T00:00:00+00:00', '--job-id', '133', '--raw', '--subdir', 'DAGS_FOLDER/rocket_launch.py', '--cfg-path', '/tmp/tmp5yx_jyme']
[2023-10-03T09:39:59.441+0000] {standard_task_runner.py:85} INFO - Job 133: Subtask wait_for_data
[2023-10-03T09:39:59.564+0000] {task_command.py:410} INFO - Running <TaskInstance: rocket_launch2.wait_for_data scheduled__2023-10-02T00:00:00+00:00 [running]> on host e870058fa168
[2023-10-03T09:39:59.799+0000] {taskinstance.py:1570} INFO - Exporting env vars: AIRFLOW_CTX_DAG_OWNER='***' AIRFLOW_CTX_DAG_ID='rocket_launch2' AIRFLOW_CTX_TASK_ID='wait_for_data' AIRFLOW_CTX_EXECUTION_DATE='2023-10-02T00:00:00+00:00' AIRFLOW_CTX_TRY_NUMBER='1' AIRFLOW_CTX_DAG_RUN_ID='scheduled__2023-10-02T00:00:00+00:00'
[2023-10-03T09:39:59.800+0000] {http.py:122} INFO - Poking: 
[2023-10-03T09:39:59.852+0000] {base.py:73} INFO - Using connection ID 'thespacedevs_dev' for task execution.
[2023-10-03T09:40:00.353+0000] {base.py:255} INFO - Success criteria met. Exiting.
[2023-10-03T09:40:00.365+0000] {taskinstance.py:1373} INFO - Marking task as SUCCESS. dag_id=rocket_launch2, task_id=wait_for_data, execution_date=20231002T000000, start_date=20231003T093959, end_date=20231003T094000
[2023-10-03T09:40:00.426+0000] {local_task_job_runner.py:232} INFO - Task exited with return code 0
[2023-10-03T09:40:00.454+0000] {taskinstance.py:2674} INFO - 1 downstream tasks scheduled from follow-on schedule check
[2023-10-03T10:02:50.912+0000] {taskinstance.py:1125} INFO - Dependencies all met for dep_context=non-requeueable deps ti=<TaskInstance: rocket_launch2.wait_for_data scheduled__2023-10-02T00:00:00+00:00 [queued]>
[2023-10-03T10:02:50.923+0000] {taskinstance.py:1125} INFO - Dependencies all met for dep_context=requeueable deps ti=<TaskInstance: rocket_launch2.wait_for_data scheduled__2023-10-02T00:00:00+00:00 [queued]>
[2023-10-03T10:02:50.924+0000] {taskinstance.py:1331} INFO - Starting attempt 1 of 1
[2023-10-03T10:02:50.957+0000] {taskinstance.py:1350} INFO - Executing <Task(HttpSensor): wait_for_data> on 2023-10-02 00:00:00+00:00
[2023-10-03T10:02:50.963+0000] {standard_task_runner.py:57} INFO - Started process 3401 to run task
[2023-10-03T10:02:50.965+0000] {standard_task_runner.py:84} INFO - Running: ['***', 'tasks', 'run', 'rocket_launch2', 'wait_for_data', 'scheduled__2023-10-02T00:00:00+00:00', '--job-id', '256', '--raw', '--subdir', 'DAGS_FOLDER/rocket_launch.py', '--cfg-path', '/tmp/tmpkr4xkuh2']
[2023-10-03T10:02:50.965+0000] {standard_task_runner.py:85} INFO - Job 256: Subtask wait_for_data
[2023-10-03T10:02:51.036+0000] {task_command.py:410} INFO - Running <TaskInstance: rocket_launch2.wait_for_data scheduled__2023-10-02T00:00:00+00:00 [running]> on host e870058fa168
[2023-10-03T10:02:51.272+0000] {taskinstance.py:1570} INFO - Exporting env vars: AIRFLOW_CTX_DAG_OWNER='***' AIRFLOW_CTX_DAG_ID='rocket_launch2' AIRFLOW_CTX_TASK_ID='wait_for_data' AIRFLOW_CTX_EXECUTION_DATE='2023-10-02T00:00:00+00:00' AIRFLOW_CTX_TRY_NUMBER='1' AIRFLOW_CTX_DAG_RUN_ID='scheduled__2023-10-02T00:00:00+00:00'
[2023-10-03T10:02:51.273+0000] {http.py:122} INFO - Poking: 
[2023-10-03T10:02:51.287+0000] {base.py:73} INFO - Using connection ID 'thespacedevs_dev' for task execution.
[2023-10-03T10:02:51.588+0000] {base.py:255} INFO - Success criteria met. Exiting.
[2023-10-03T10:02:51.611+0000] {taskinstance.py:1373} INFO - Marking task as SUCCESS. dag_id=rocket_launch2, task_id=wait_for_data, execution_date=20231002T000000, start_date=20231003T100250, end_date=20231003T100251
[2023-10-03T10:02:51.675+0000] {local_task_job_runner.py:232} INFO - Task exited with return code 0
[2023-10-03T10:02:51.723+0000] {taskinstance.py:2674} INFO - 1 downstream tasks scheduled from follow-on schedule check
[2023-10-03T10:06:32.302+0000] {taskinstance.py:1125} INFO - Dependencies all met for dep_context=non-requeueable deps ti=<TaskInstance: rocket_launch2.wait_for_data scheduled__2023-10-02T00:00:00+00:00 [queued]>
[2023-10-03T10:06:32.358+0000] {taskinstance.py:1125} INFO - Dependencies all met for dep_context=requeueable deps ti=<TaskInstance: rocket_launch2.wait_for_data scheduled__2023-10-02T00:00:00+00:00 [queued]>
[2023-10-03T10:06:32.358+0000] {taskinstance.py:1331} INFO - Starting attempt 1 of 1
[2023-10-03T10:06:32.390+0000] {taskinstance.py:1350} INFO - Executing <Task(HttpSensor): wait_for_data> on 2023-10-02 00:00:00+00:00
[2023-10-03T10:06:32.405+0000] {standard_task_runner.py:57} INFO - Started process 3654 to run task
[2023-10-03T10:06:32.411+0000] {standard_task_runner.py:84} INFO - Running: ['***', 'tasks', 'run', 'rocket_launch2', 'wait_for_data', 'scheduled__2023-10-02T00:00:00+00:00', '--job-id', '350', '--raw', '--subdir', 'DAGS_FOLDER/rocket_launch.py', '--cfg-path', '/tmp/tmpqqtoa6ru']
[2023-10-03T10:06:32.420+0000] {standard_task_runner.py:85} INFO - Job 350: Subtask wait_for_data
[2023-10-03T10:06:32.520+0000] {task_command.py:410} INFO - Running <TaskInstance: rocket_launch2.wait_for_data scheduled__2023-10-02T00:00:00+00:00 [running]> on host e870058fa168
[2023-10-03T10:06:32.707+0000] {taskinstance.py:1570} INFO - Exporting env vars: AIRFLOW_CTX_DAG_OWNER='***' AIRFLOW_CTX_DAG_ID='rocket_launch2' AIRFLOW_CTX_TASK_ID='wait_for_data' AIRFLOW_CTX_EXECUTION_DATE='2023-10-02T00:00:00+00:00' AIRFLOW_CTX_TRY_NUMBER='1' AIRFLOW_CTX_DAG_RUN_ID='scheduled__2023-10-02T00:00:00+00:00'
[2023-10-03T10:06:32.707+0000] {http.py:122} INFO - Poking: 
[2023-10-03T10:06:32.731+0000] {base.py:73} INFO - Using connection ID 'thespacedevs_dev' for task execution.
[2023-10-03T10:06:33.010+0000] {base.py:255} INFO - Success criteria met. Exiting.
[2023-10-03T10:06:33.024+0000] {taskinstance.py:1373} INFO - Marking task as SUCCESS. dag_id=rocket_launch2, task_id=wait_for_data, execution_date=20231002T000000, start_date=20231003T100632, end_date=20231003T100633
[2023-10-03T10:06:33.060+0000] {local_task_job_runner.py:232} INFO - Task exited with return code 0
[2023-10-03T10:06:33.089+0000] {taskinstance.py:2674} INFO - 1 downstream tasks scheduled from follow-on schedule check
[2023-10-03T10:16:58.054+0000] {taskinstance.py:1125} INFO - Dependencies all met for dep_context=non-requeueable deps ti=<TaskInstance: rocket_launch2.wait_for_data scheduled__2023-10-02T00:00:00+00:00 [queued]>
[2023-10-03T10:16:58.158+0000] {taskinstance.py:1125} INFO - Dependencies all met for dep_context=requeueable deps ti=<TaskInstance: rocket_launch2.wait_for_data scheduled__2023-10-02T00:00:00+00:00 [queued]>
[2023-10-03T10:16:58.164+0000] {taskinstance.py:1331} INFO - Starting attempt 1 of 1
[2023-10-03T10:16:58.372+0000] {taskinstance.py:1350} INFO - Executing <Task(HttpSensor): wait_for_data> on 2023-10-02 00:00:00+00:00
[2023-10-03T10:16:58.425+0000] {standard_task_runner.py:57} INFO - Started process 4000 to run task
[2023-10-03T10:16:58.447+0000] {standard_task_runner.py:84} INFO - Running: ['***', 'tasks', 'run', 'rocket_launch2', 'wait_for_data', 'scheduled__2023-10-02T00:00:00+00:00', '--job-id', '435', '--raw', '--subdir', 'DAGS_FOLDER/rocket_launch.py', '--cfg-path', '/tmp/tmpxr6i5pqf']
[2023-10-03T10:16:58.491+0000] {standard_task_runner.py:85} INFO - Job 435: Subtask wait_for_data
[2023-10-03T10:16:58.983+0000] {task_command.py:410} INFO - Running <TaskInstance: rocket_launch2.wait_for_data scheduled__2023-10-02T00:00:00+00:00 [running]> on host e870058fa168
[2023-10-03T10:16:59.394+0000] {taskinstance.py:1570} INFO - Exporting env vars: AIRFLOW_CTX_DAG_OWNER='***' AIRFLOW_CTX_DAG_ID='rocket_launch2' AIRFLOW_CTX_TASK_ID='wait_for_data' AIRFLOW_CTX_EXECUTION_DATE='2023-10-02T00:00:00+00:00' AIRFLOW_CTX_TRY_NUMBER='1' AIRFLOW_CTX_DAG_RUN_ID='scheduled__2023-10-02T00:00:00+00:00'
[2023-10-03T10:16:59.395+0000] {http.py:122} INFO - Poking: 
[2023-10-03T10:16:59.428+0000] {base.py:73} INFO - Using connection ID 'thespacedevs_dev' for task execution.
[2023-10-03T10:16:59.776+0000] {base.py:255} INFO - Success criteria met. Exiting.
[2023-10-03T10:16:59.877+0000] {taskinstance.py:1373} INFO - Marking task as SUCCESS. dag_id=rocket_launch2, task_id=wait_for_data, execution_date=20231002T000000, start_date=20231003T101658, end_date=20231003T101659
[2023-10-03T10:17:00.015+0000] {local_task_job_runner.py:232} INFO - Task exited with return code 0
[2023-10-03T10:17:00.191+0000] {taskinstance.py:2674} INFO - 1 downstream tasks scheduled from follow-on schedule check
