[2023-10-03T09:53:06.634+0000] {taskinstance.py:1125} INFO - Dependencies all met for dep_context=non-requeueable deps ti=<TaskInstance: rocket_launch2.check_launches scheduled__2023-09-14T00:00:00+00:00 [queued]>
[2023-10-03T09:53:06.869+0000] {taskinstance.py:1125} INFO - Dependencies all met for dep_context=requeueable deps ti=<TaskInstance: rocket_launch2.check_launches scheduled__2023-09-14T00:00:00+00:00 [queued]>
[2023-10-03T09:53:06.870+0000] {taskinstance.py:1331} INFO - Starting attempt 1 of 1
[2023-10-03T09:53:07.148+0000] {taskinstance.py:1350} INFO - Executing <Task(ShortCircuitOperator): check_launches> on 2023-09-14 00:00:00+00:00
[2023-10-03T09:53:07.184+0000] {standard_task_runner.py:57} INFO - Started process 3060 to run task
[2023-10-03T09:53:07.217+0000] {standard_task_runner.py:84} INFO - Running: ['***', 'tasks', 'run', 'rocket_launch2', 'check_launches', 'scheduled__2023-09-14T00:00:00+00:00', '--job-id', '165', '--raw', '--subdir', 'DAGS_FOLDER/rocket_launch.py', '--cfg-path', '/tmp/tmpkwntj551']
[2023-10-03T09:53:07.218+0000] {standard_task_runner.py:85} INFO - Job 165: Subtask check_launches
[2023-10-03T09:53:07.895+0000] {task_command.py:410} INFO - Running <TaskInstance: rocket_launch2.check_launches scheduled__2023-09-14T00:00:00+00:00 [running]> on host e870058fa168
[2023-10-03T09:53:08.919+0000] {taskinstance.py:1570} INFO - Exporting env vars: AIRFLOW_CTX_DAG_OWNER='***' AIRFLOW_CTX_DAG_ID='rocket_launch2' AIRFLOW_CTX_TASK_ID='check_launches' AIRFLOW_CTX_EXECUTION_DATE='2023-09-14T00:00:00+00:00' AIRFLOW_CTX_TRY_NUMBER='1' AIRFLOW_CTX_DAG_RUN_ID='scheduled__2023-09-14T00:00:00+00:00'
[2023-10-03T09:53:09.182+0000] {taskinstance.py:1454} INFO - No launches on 2023-09-14
[2023-10-03T09:53:09.311+0000] {taskinstance.py:1373} INFO - Marking task as SKIPPED. dag_id=rocket_launch2, task_id=check_launches, execution_date=20230914T000000, start_date=20231003T095306, end_date=20231003T095309
[2023-10-03T09:53:09.633+0000] {local_task_job_runner.py:232} INFO - Task exited with return code 0
[2023-10-03T09:53:09.974+0000] {taskinstance.py:2674} INFO - 0 downstream tasks scheduled from follow-on schedule check
[2023-10-03T10:02:26.094+0000] {taskinstance.py:1125} INFO - Dependencies all met for dep_context=non-requeueable deps ti=<TaskInstance: rocket_launch2.check_launches scheduled__2023-09-14T00:00:00+00:00 [queued]>
[2023-10-03T10:02:26.324+0000] {taskinstance.py:1125} INFO - Dependencies all met for dep_context=requeueable deps ti=<TaskInstance: rocket_launch2.check_launches scheduled__2023-09-14T00:00:00+00:00 [queued]>
[2023-10-03T10:02:26.331+0000] {taskinstance.py:1331} INFO - Starting attempt 1 of 1
[2023-10-03T10:02:26.850+0000] {taskinstance.py:1350} INFO - Executing <Task(PythonOperator): check_launches> on 2023-09-14 00:00:00+00:00
[2023-10-03T10:02:26.895+0000] {standard_task_runner.py:57} INFO - Started process 3347 to run task
[2023-10-03T10:02:27.031+0000] {standard_task_runner.py:84} INFO - Running: ['***', 'tasks', 'run', 'rocket_launch2', 'check_launches', 'scheduled__2023-09-14T00:00:00+00:00', '--job-id', '225', '--raw', '--subdir', 'DAGS_FOLDER/rocket_launch.py', '--cfg-path', '/tmp/tmp1py0xwn1']
[2023-10-03T10:02:27.035+0000] {standard_task_runner.py:85} INFO - Job 225: Subtask check_launches
[2023-10-03T10:02:27.615+0000] {task_command.py:410} INFO - Running <TaskInstance: rocket_launch2.check_launches scheduled__2023-09-14T00:00:00+00:00 [running]> on host e870058fa168
[2023-10-03T10:02:28.229+0000] {taskinstance.py:1570} INFO - Exporting env vars: AIRFLOW_CTX_DAG_OWNER='***' AIRFLOW_CTX_DAG_ID='rocket_launch2' AIRFLOW_CTX_TASK_ID='check_launches' AIRFLOW_CTX_EXECUTION_DATE='2023-09-14T00:00:00+00:00' AIRFLOW_CTX_TRY_NUMBER='1' AIRFLOW_CTX_DAG_RUN_ID='scheduled__2023-09-14T00:00:00+00:00'
[2023-10-03T10:02:28.334+0000] {taskinstance.py:1454} INFO - No launches on 2023-09-14
[2023-10-03T10:02:28.459+0000] {taskinstance.py:1373} INFO - Marking task as SKIPPED. dag_id=rocket_launch2, task_id=check_launches, execution_date=20230914T000000, start_date=20231003T100226, end_date=20231003T100228
[2023-10-03T10:02:28.875+0000] {local_task_job_runner.py:232} INFO - Task exited with return code 0
[2023-10-03T10:02:29.326+0000] {taskinstance.py:2674} INFO - 0 downstream tasks scheduled from follow-on schedule check
[2023-10-03T10:06:07.462+0000] {taskinstance.py:1125} INFO - Dependencies all met for dep_context=non-requeueable deps ti=<TaskInstance: rocket_launch2.check_launches scheduled__2023-09-14T00:00:00+00:00 [queued]>
[2023-10-03T10:06:07.756+0000] {taskinstance.py:1125} INFO - Dependencies all met for dep_context=requeueable deps ti=<TaskInstance: rocket_launch2.check_launches scheduled__2023-09-14T00:00:00+00:00 [queued]>
[2023-10-03T10:06:07.756+0000] {taskinstance.py:1331} INFO - Starting attempt 1 of 1
[2023-10-03T10:06:08.386+0000] {taskinstance.py:1350} INFO - Executing <Task(PythonOperator): check_launches> on 2023-09-14 00:00:00+00:00
[2023-10-03T10:06:08.500+0000] {standard_task_runner.py:57} INFO - Started process 3592 to run task
[2023-10-03T10:06:08.571+0000] {standard_task_runner.py:84} INFO - Running: ['***', 'tasks', 'run', 'rocket_launch2', 'check_launches', 'scheduled__2023-09-14T00:00:00+00:00', '--job-id', '316', '--raw', '--subdir', 'DAGS_FOLDER/rocket_launch.py', '--cfg-path', '/tmp/tmplhxqqtfd']
[2023-10-03T10:06:08.588+0000] {standard_task_runner.py:85} INFO - Job 316: Subtask check_launches
[2023-10-03T10:06:08.919+0000] {task_command.py:410} INFO - Running <TaskInstance: rocket_launch2.check_launches scheduled__2023-09-14T00:00:00+00:00 [running]> on host e870058fa168
[2023-10-03T10:06:09.907+0000] {taskinstance.py:1570} INFO - Exporting env vars: AIRFLOW_CTX_DAG_OWNER='***' AIRFLOW_CTX_DAG_ID='rocket_launch2' AIRFLOW_CTX_TASK_ID='check_launches' AIRFLOW_CTX_EXECUTION_DATE='2023-09-14T00:00:00+00:00' AIRFLOW_CTX_TRY_NUMBER='1' AIRFLOW_CTX_DAG_RUN_ID='scheduled__2023-09-14T00:00:00+00:00'
[2023-10-03T10:06:10.117+0000] {taskinstance.py:1454} INFO - No launches on 2023-09-14
[2023-10-03T10:06:10.301+0000] {taskinstance.py:1373} INFO - Marking task as SKIPPED. dag_id=rocket_launch2, task_id=check_launches, execution_date=20230914T000000, start_date=20231003T100607, end_date=20231003T100610
[2023-10-03T10:06:10.952+0000] {local_task_job_runner.py:232} INFO - Task exited with return code 0
[2023-10-03T10:06:11.390+0000] {taskinstance.py:2674} INFO - 0 downstream tasks scheduled from follow-on schedule check
[2023-10-03T10:16:43.972+0000] {taskinstance.py:1125} INFO - Dependencies all met for dep_context=non-requeueable deps ti=<TaskInstance: rocket_launch2.check_launches scheduled__2023-09-14T00:00:00+00:00 [queued]>
[2023-10-03T10:16:44.355+0000] {taskinstance.py:1125} INFO - Dependencies all met for dep_context=requeueable deps ti=<TaskInstance: rocket_launch2.check_launches scheduled__2023-09-14T00:00:00+00:00 [queued]>
[2023-10-03T10:16:44.377+0000] {taskinstance.py:1331} INFO - Starting attempt 1 of 1
[2023-10-03T10:16:44.714+0000] {taskinstance.py:1350} INFO - Executing <Task(PythonOperator): check_launches> on 2023-09-14 00:00:00+00:00
[2023-10-03T10:16:44.822+0000] {standard_task_runner.py:57} INFO - Started process 3964 to run task
[2023-10-03T10:16:44.852+0000] {standard_task_runner.py:84} INFO - Running: ['***', 'tasks', 'run', 'rocket_launch2', 'check_launches', 'scheduled__2023-09-14T00:00:00+00:00', '--job-id', '411', '--raw', '--subdir', 'DAGS_FOLDER/rocket_launch.py', '--cfg-path', '/tmp/tmpxp_ksx1m']
[2023-10-03T10:16:44.908+0000] {standard_task_runner.py:85} INFO - Job 411: Subtask check_launches
[2023-10-03T10:16:45.378+0000] {task_command.py:410} INFO - Running <TaskInstance: rocket_launch2.check_launches scheduled__2023-09-14T00:00:00+00:00 [running]> on host e870058fa168
[2023-10-03T10:16:46.671+0000] {taskinstance.py:1570} INFO - Exporting env vars: AIRFLOW_CTX_DAG_OWNER='***' AIRFLOW_CTX_DAG_ID='rocket_launch2' AIRFLOW_CTX_TASK_ID='check_launches' AIRFLOW_CTX_EXECUTION_DATE='2023-09-14T00:00:00+00:00' AIRFLOW_CTX_TRY_NUMBER='1' AIRFLOW_CTX_DAG_RUN_ID='scheduled__2023-09-14T00:00:00+00:00'
[2023-10-03T10:16:46.824+0000] {taskinstance.py:1454} INFO - No launches on 2023-09-14
[2023-10-03T10:16:46.896+0000] {taskinstance.py:1373} INFO - Marking task as SKIPPED. dag_id=rocket_launch2, task_id=check_launches, execution_date=20230914T000000, start_date=20231003T101644, end_date=20231003T101646
[2023-10-03T10:16:47.198+0000] {local_task_job_runner.py:232} INFO - Task exited with return code 0
[2023-10-03T10:16:47.625+0000] {taskinstance.py:2674} INFO - 0 downstream tasks scheduled from follow-on schedule check
