[2023-10-03T10:04:08.703+0000] {taskinstance.py:1125} INFO - Dependencies all met for dep_context=non-requeueable deps ti=<TaskInstance: rocket_launch2.check_launches scheduled__2023-09-14T00:00:00+00:00 [queued]>
[2023-10-03T10:04:08.867+0000] {taskinstance.py:1125} INFO - Dependencies all met for dep_context=requeueable deps ti=<TaskInstance: rocket_launch2.check_launches scheduled__2023-09-14T00:00:00+00:00 [queued]>
[2023-10-03T10:04:08.871+0000] {taskinstance.py:1331} INFO - Starting attempt 2 of 2
[2023-10-03T10:04:09.117+0000] {taskinstance.py:1350} INFO - Executing <Task(PythonOperator): check_launches> on 2023-09-14 00:00:00+00:00
[2023-10-03T10:04:09.231+0000] {standard_task_runner.py:57} INFO - Started process 3470 to run task
[2023-10-03T10:04:09.269+0000] {standard_task_runner.py:84} INFO - Running: ['***', 'tasks', 'run', 'rocket_launch2', 'check_launches', 'scheduled__2023-09-14T00:00:00+00:00', '--job-id', '274', '--raw', '--subdir', 'DAGS_FOLDER/rocket_launch.py', '--cfg-path', '/tmp/tmpqevsjnb3']
[2023-10-03T10:04:09.302+0000] {standard_task_runner.py:85} INFO - Job 274: Subtask check_launches
[2023-10-03T10:04:09.971+0000] {task_command.py:410} INFO - Running <TaskInstance: rocket_launch2.check_launches scheduled__2023-09-14T00:00:00+00:00 [running]> on host e870058fa168
[2023-10-03T10:04:12.416+0000] {taskinstance.py:1570} INFO - Exporting env vars: AIRFLOW_CTX_DAG_OWNER='***' AIRFLOW_CTX_DAG_ID='rocket_launch2' AIRFLOW_CTX_TASK_ID='check_launches' AIRFLOW_CTX_EXECUTION_DATE='2023-09-14T00:00:00+00:00' AIRFLOW_CTX_TRY_NUMBER='2' AIRFLOW_CTX_DAG_RUN_ID='scheduled__2023-09-14T00:00:00+00:00'
[2023-10-03T10:04:12.565+0000] {taskinstance.py:1454} INFO - No launches on 2023-09-14
[2023-10-03T10:04:12.712+0000] {taskinstance.py:1373} INFO - Marking task as SKIPPED. dag_id=rocket_launch2, task_id=check_launches, execution_date=20230914T000000, start_date=20231003T100408, end_date=20231003T100412
[2023-10-03T10:04:13.131+0000] {local_task_job_runner.py:232} INFO - Task exited with return code 0
[2023-10-03T10:04:13.204+0000] {taskinstance.py:2674} INFO - 0 downstream tasks scheduled from follow-on schedule check
[2023-10-03T10:09:26.788+0000] {taskinstance.py:1125} INFO - Dependencies all met for dep_context=non-requeueable deps ti=<TaskInstance: rocket_launch2.check_launches scheduled__2023-09-14T00:00:00+00:00 [queued]>
[2023-10-03T10:09:26.935+0000] {taskinstance.py:1125} INFO - Dependencies all met for dep_context=requeueable deps ti=<TaskInstance: rocket_launch2.check_launches scheduled__2023-09-14T00:00:00+00:00 [queued]>
[2023-10-03T10:09:26.942+0000] {taskinstance.py:1331} INFO - Starting attempt 2 of 2
[2023-10-03T10:09:27.162+0000] {taskinstance.py:1350} INFO - Executing <Task(PythonOperator): check_launches> on 2023-09-14 00:00:00+00:00
[2023-10-03T10:09:27.202+0000] {standard_task_runner.py:57} INFO - Started process 3732 to run task
[2023-10-03T10:09:27.252+0000] {standard_task_runner.py:84} INFO - Running: ['***', 'tasks', 'run', 'rocket_launch2', 'check_launches', 'scheduled__2023-09-14T00:00:00+00:00', '--job-id', '358', '--raw', '--subdir', 'DAGS_FOLDER/rocket_launch.py', '--cfg-path', '/tmp/tmpp7pnrqs_']
[2023-10-03T10:09:27.259+0000] {standard_task_runner.py:85} INFO - Job 358: Subtask check_launches
[2023-10-03T10:09:27.883+0000] {task_command.py:410} INFO - Running <TaskInstance: rocket_launch2.check_launches scheduled__2023-09-14T00:00:00+00:00 [running]> on host e870058fa168
[2023-10-03T10:09:30.423+0000] {taskinstance.py:1570} INFO - Exporting env vars: AIRFLOW_CTX_DAG_OWNER='***' AIRFLOW_CTX_DAG_ID='rocket_launch2' AIRFLOW_CTX_TASK_ID='check_launches' AIRFLOW_CTX_EXECUTION_DATE='2023-09-14T00:00:00+00:00' AIRFLOW_CTX_TRY_NUMBER='2' AIRFLOW_CTX_DAG_RUN_ID='scheduled__2023-09-14T00:00:00+00:00'
[2023-10-03T10:09:30.676+0000] {taskinstance.py:1454} INFO - No launches on 2023-09-14
[2023-10-03T10:09:30.855+0000] {taskinstance.py:1373} INFO - Marking task as SKIPPED. dag_id=rocket_launch2, task_id=check_launches, execution_date=20230914T000000, start_date=20231003T100926, end_date=20231003T100930
[2023-10-03T10:09:31.481+0000] {local_task_job_runner.py:232} INFO - Task exited with return code 0
[2023-10-03T10:09:31.876+0000] {taskinstance.py:2674} INFO - 0 downstream tasks scheduled from follow-on schedule check
