[2023-10-03T08:44:32.647+0000] {taskinstance.py:1125} INFO - Dependencies all met for dep_context=non-requeueable deps ti=<TaskInstance: rocket_launch2.task_get_op scheduled__2023-09-30T00:00:00+00:00 [queued]>
[2023-10-03T08:44:32.661+0000] {taskinstance.py:1125} INFO - Dependencies all met for dep_context=requeueable deps ti=<TaskInstance: rocket_launch2.task_get_op scheduled__2023-09-30T00:00:00+00:00 [queued]>
[2023-10-03T08:44:32.661+0000] {taskinstance.py:1331} INFO - Starting attempt 1 of 1
[2023-10-03T08:44:32.692+0000] {taskinstance.py:1350} INFO - Executing <Task(SimpleHttpOperator): task_get_op> on 2023-09-30 00:00:00+00:00
[2023-10-03T08:44:32.699+0000] {standard_task_runner.py:57} INFO - Started process 1599 to run task
[2023-10-03T08:44:32.703+0000] {standard_task_runner.py:84} INFO - Running: ['***', 'tasks', 'run', 'rocket_launch2', 'task_get_op', 'scheduled__2023-09-30T00:00:00+00:00', '--job-id', '40', '--raw', '--subdir', 'DAGS_FOLDER/rocket_launch.py', '--cfg-path', '/tmp/tmpl29_qw8l']
[2023-10-03T08:44:32.703+0000] {standard_task_runner.py:85} INFO - Job 40: Subtask task_get_op
[2023-10-03T08:44:32.826+0000] {task_command.py:410} INFO - Running <TaskInstance: rocket_launch2.task_get_op scheduled__2023-09-30T00:00:00+00:00 [running]> on host e870058fa168
[2023-10-03T08:44:32.904+0000] {abstractoperator.py:582} ERROR - Exception rendering Jinja template for task 'task_get_op', field 'data'. Template: {'net_gte': '{{ ts }}', 'net_lt': '{{ macros.ds_add(ts, 1) }}'}
Traceback (most recent call last):
  File "/home/airflow/.local/lib/python3.7/site-packages/airflow/models/abstractoperator.py", line 574, in _do_render_template_fields
    seen_oids,
  File "/home/airflow/.local/lib/python3.7/site-packages/airflow/template/templater.py", line 168, in render_template
    return {k: self.render_template(v, context, jinja_env, oids) for k, v in value.items()}
  File "/home/airflow/.local/lib/python3.7/site-packages/airflow/template/templater.py", line 168, in <dictcomp>
    return {k: self.render_template(v, context, jinja_env, oids) for k, v in value.items()}
  File "/home/airflow/.local/lib/python3.7/site-packages/airflow/template/templater.py", line 156, in render_template
    return self._render(template, context)
  File "/home/airflow/.local/lib/python3.7/site-packages/airflow/models/abstractoperator.py", line 539, in _render
    return super()._render(template, context, dag=dag)
  File "/home/airflow/.local/lib/python3.7/site-packages/airflow/template/templater.py", line 113, in _render
    return render_template_to_string(template, context)
  File "/home/airflow/.local/lib/python3.7/site-packages/airflow/utils/helpers.py", line 288, in render_template_to_string
    return render_template(template, cast(MutableMapping[str, Any], context), native=False)
  File "/home/airflow/.local/lib/python3.7/site-packages/airflow/utils/helpers.py", line 283, in render_template
    return "".join(nodes)
  File "<template>", line 13, in root
  File "/home/airflow/.local/lib/python3.7/site-packages/jinja2/sandbox.py", line 393, in call
    return __context.call(__obj, *args, **kwargs)
  File "/home/airflow/.local/lib/python3.7/site-packages/jinja2/runtime.py", line 298, in call
    return __obj(*args, **kwargs)
  File "/home/airflow/.local/lib/python3.7/site-packages/airflow/macros/__init__.py", line 57, in ds_add
    dt = datetime.strptime(str(ds), "%Y-%m-%d") + timedelta(days=days)
  File "/usr/local/lib/python3.7/_strptime.py", line 577, in _strptime_datetime
    tt, fraction, gmtoff_fraction = _strptime(data_string, format)
  File "/usr/local/lib/python3.7/_strptime.py", line 362, in _strptime
    data_string[found.end():])
ValueError: unconverted data remains: T00:00:00+00:00
[2023-10-03T08:44:32.950+0000] {taskinstance.py:1847} ERROR - Task failed with exception
Traceback (most recent call last):
  File "/home/airflow/.local/lib/python3.7/site-packages/airflow/models/taskinstance.py", line 1430, in _run_raw_task
    self._execute_task_with_callbacks(context, test_mode)
  File "/home/airflow/.local/lib/python3.7/site-packages/airflow/models/taskinstance.py", line 1554, in _execute_task_with_callbacks
    task_orig = self.render_templates(context=context)
  File "/home/airflow/.local/lib/python3.7/site-packages/airflow/models/taskinstance.py", line 2202, in render_templates
    original_task.render_template_fields(context)
  File "/home/airflow/.local/lib/python3.7/site-packages/airflow/models/baseoperator.py", line 1254, in render_template_fields
    self._do_render_template_fields(self, self.template_fields, context, jinja_env, set())
  File "/home/airflow/.local/lib/python3.7/site-packages/airflow/utils/session.py", line 76, in wrapper
    return func(*args, session=session, **kwargs)
  File "/home/airflow/.local/lib/python3.7/site-packages/airflow/models/abstractoperator.py", line 574, in _do_render_template_fields
    seen_oids,
  File "/home/airflow/.local/lib/python3.7/site-packages/airflow/template/templater.py", line 168, in render_template
    return {k: self.render_template(v, context, jinja_env, oids) for k, v in value.items()}
  File "/home/airflow/.local/lib/python3.7/site-packages/airflow/template/templater.py", line 168, in <dictcomp>
    return {k: self.render_template(v, context, jinja_env, oids) for k, v in value.items()}
  File "/home/airflow/.local/lib/python3.7/site-packages/airflow/template/templater.py", line 156, in render_template
    return self._render(template, context)
  File "/home/airflow/.local/lib/python3.7/site-packages/airflow/models/abstractoperator.py", line 539, in _render
    return super()._render(template, context, dag=dag)
  File "/home/airflow/.local/lib/python3.7/site-packages/airflow/template/templater.py", line 113, in _render
    return render_template_to_string(template, context)
  File "/home/airflow/.local/lib/python3.7/site-packages/airflow/utils/helpers.py", line 288, in render_template_to_string
    return render_template(template, cast(MutableMapping[str, Any], context), native=False)
  File "/home/airflow/.local/lib/python3.7/site-packages/airflow/utils/helpers.py", line 283, in render_template
    return "".join(nodes)
  File "<template>", line 13, in root
  File "/home/airflow/.local/lib/python3.7/site-packages/jinja2/sandbox.py", line 393, in call
    return __context.call(__obj, *args, **kwargs)
  File "/home/airflow/.local/lib/python3.7/site-packages/jinja2/runtime.py", line 298, in call
    return __obj(*args, **kwargs)
  File "/home/airflow/.local/lib/python3.7/site-packages/airflow/macros/__init__.py", line 57, in ds_add
    dt = datetime.strptime(str(ds), "%Y-%m-%d") + timedelta(days=days)
  File "/usr/local/lib/python3.7/_strptime.py", line 577, in _strptime_datetime
    tt, fraction, gmtoff_fraction = _strptime(data_string, format)
  File "/usr/local/lib/python3.7/_strptime.py", line 362, in _strptime
    data_string[found.end():])
ValueError: unconverted data remains: T00:00:00+00:00
[2023-10-03T08:44:32.976+0000] {taskinstance.py:1373} INFO - Marking task as FAILED. dag_id=rocket_launch2, task_id=task_get_op, execution_date=20230930T000000, start_date=20231003T084432, end_date=20231003T084432
[2023-10-03T08:44:33.022+0000] {standard_task_runner.py:109} ERROR - Failed to execute job 40 for task task_get_op (unconverted data remains: T00:00:00+00:00; 1599)
[2023-10-03T08:44:33.039+0000] {local_task_job_runner.py:232} INFO - Task exited with return code 1
[2023-10-03T08:44:33.060+0000] {taskinstance.py:2674} INFO - 0 downstream tasks scheduled from follow-on schedule check
[2023-10-03T08:48:12.240+0000] {taskinstance.py:1125} INFO - Dependencies all met for dep_context=non-requeueable deps ti=<TaskInstance: rocket_launch2.task_get_op scheduled__2023-09-30T00:00:00+00:00 [queued]>
[2023-10-03T08:48:12.265+0000] {taskinstance.py:1125} INFO - Dependencies all met for dep_context=requeueable deps ti=<TaskInstance: rocket_launch2.task_get_op scheduled__2023-09-30T00:00:00+00:00 [queued]>
[2023-10-03T08:48:12.265+0000] {taskinstance.py:1331} INFO - Starting attempt 1 of 1
[2023-10-03T08:48:12.293+0000] {taskinstance.py:1350} INFO - Executing <Task(SimpleHttpOperator): task_get_op> on 2023-09-30 00:00:00+00:00
[2023-10-03T08:48:12.299+0000] {standard_task_runner.py:57} INFO - Started process 1680 to run task
[2023-10-03T08:48:12.306+0000] {standard_task_runner.py:84} INFO - Running: ['***', 'tasks', 'run', 'rocket_launch2', 'task_get_op', 'scheduled__2023-09-30T00:00:00+00:00', '--job-id', '48', '--raw', '--subdir', 'DAGS_FOLDER/rocket_launch.py', '--cfg-path', '/tmp/tmploapqh_h']
[2023-10-03T08:48:12.309+0000] {standard_task_runner.py:85} INFO - Job 48: Subtask task_get_op
[2023-10-03T08:48:12.386+0000] {task_command.py:410} INFO - Running <TaskInstance: rocket_launch2.task_get_op scheduled__2023-09-30T00:00:00+00:00 [running]> on host e870058fa168
[2023-10-03T08:48:12.447+0000] {warnings.py:110} WARNING - /home/***/.local/lib/python3.7/site-packages/***/utils/context.py:205: AirflowContextDeprecationWarning: Accessing 'next_ds' from the template is deprecated and will be removed in a future version. Please use '{{ data_interval_end | ds }}' instead.
  warnings.warn(_create_deprecation_warning(key, self._deprecation_replacements[key]))

[2023-10-03T08:48:12.509+0000] {taskinstance.py:1570} INFO - Exporting env vars: AIRFLOW_CTX_DAG_OWNER='***' AIRFLOW_CTX_DAG_ID='rocket_launch2' AIRFLOW_CTX_TASK_ID='task_get_op' AIRFLOW_CTX_EXECUTION_DATE='2023-09-30T00:00:00+00:00' AIRFLOW_CTX_TRY_NUMBER='1' AIRFLOW_CTX_DAG_RUN_ID='scheduled__2023-09-30T00:00:00+00:00'
[2023-10-03T08:48:12.510+0000] {http.py:123} INFO - Calling HTTP method
[2023-10-03T08:48:12.524+0000] {base.py:73} INFO - Using connection ID 'thespacedevs_dev' for task execution.
[2023-10-03T08:48:14.430+0000] {taskinstance.py:1373} INFO - Marking task as SUCCESS. dag_id=rocket_launch2, task_id=task_get_op, execution_date=20230930T000000, start_date=20231003T084812, end_date=20231003T084814
[2023-10-03T08:48:14.491+0000] {local_task_job_runner.py:232} INFO - Task exited with return code 0
[2023-10-03T08:48:14.529+0000] {taskinstance.py:2674} INFO - 0 downstream tasks scheduled from follow-on schedule check
[2023-10-03T08:54:55.100+0000] {taskinstance.py:1125} INFO - Dependencies all met for dep_context=non-requeueable deps ti=<TaskInstance: rocket_launch2.task_get_op scheduled__2023-09-30T00:00:00+00:00 [queued]>
[2023-10-03T08:54:55.189+0000] {taskinstance.py:1125} INFO - Dependencies all met for dep_context=requeueable deps ti=<TaskInstance: rocket_launch2.task_get_op scheduled__2023-09-30T00:00:00+00:00 [queued]>
[2023-10-03T08:54:55.189+0000] {taskinstance.py:1331} INFO - Starting attempt 1 of 1
[2023-10-03T08:54:55.249+0000] {taskinstance.py:1350} INFO - Executing <Task(SimpleHttpOperator): task_get_op> on 2023-09-30 00:00:00+00:00
[2023-10-03T08:54:55.264+0000] {standard_task_runner.py:57} INFO - Started process 1816 to run task
[2023-10-03T08:54:55.276+0000] {standard_task_runner.py:84} INFO - Running: ['***', 'tasks', 'run', 'rocket_launch2', 'task_get_op', 'scheduled__2023-09-30T00:00:00+00:00', '--job-id', '56', '--raw', '--subdir', 'DAGS_FOLDER/rocket_launch.py', '--cfg-path', '/tmp/tmpvzei1pms']
[2023-10-03T08:54:55.280+0000] {standard_task_runner.py:85} INFO - Job 56: Subtask task_get_op
[2023-10-03T08:54:55.484+0000] {task_command.py:410} INFO - Running <TaskInstance: rocket_launch2.task_get_op scheduled__2023-09-30T00:00:00+00:00 [running]> on host e870058fa168
[2023-10-03T08:54:55.735+0000] {warnings.py:110} WARNING - /home/***/.local/lib/python3.7/site-packages/***/utils/context.py:205: AirflowContextDeprecationWarning: Accessing 'next_ds' from the template is deprecated and will be removed in a future version. Please use '{{ data_interval_end | ds }}' instead.
  warnings.warn(_create_deprecation_warning(key, self._deprecation_replacements[key]))

[2023-10-03T08:54:55.848+0000] {taskinstance.py:1570} INFO - Exporting env vars: AIRFLOW_CTX_DAG_OWNER='***' AIRFLOW_CTX_DAG_ID='rocket_launch2' AIRFLOW_CTX_TASK_ID='task_get_op' AIRFLOW_CTX_EXECUTION_DATE='2023-09-30T00:00:00+00:00' AIRFLOW_CTX_TRY_NUMBER='1' AIRFLOW_CTX_DAG_RUN_ID='scheduled__2023-09-30T00:00:00+00:00'
[2023-10-03T08:54:55.849+0000] {http.py:123} INFO - Calling HTTP method
[2023-10-03T08:54:55.860+0000] {base.py:73} INFO - Using connection ID 'thespacedevs_dev' for task execution.
[2023-10-03T08:54:57.871+0000] {taskinstance.py:1373} INFO - Marking task as SUCCESS. dag_id=rocket_launch2, task_id=task_get_op, execution_date=20230930T000000, start_date=20231003T085455, end_date=20231003T085457
[2023-10-03T08:54:57.932+0000] {local_task_job_runner.py:232} INFO - Task exited with return code 0
[2023-10-03T08:54:57.959+0000] {taskinstance.py:2674} INFO - 0 downstream tasks scheduled from follow-on schedule check
[2023-10-03T09:25:26.331+0000] {taskinstance.py:1125} INFO - Dependencies all met for dep_context=non-requeueable deps ti=<TaskInstance: rocket_launch2.task_get_op scheduled__2023-09-30T00:00:00+00:00 [queued]>
[2023-10-03T09:25:26.346+0000] {taskinstance.py:1125} INFO - Dependencies all met for dep_context=requeueable deps ti=<TaskInstance: rocket_launch2.task_get_op scheduled__2023-09-30T00:00:00+00:00 [queued]>
[2023-10-03T09:25:26.348+0000] {taskinstance.py:1331} INFO - Starting attempt 1 of 1
[2023-10-03T09:25:26.387+0000] {taskinstance.py:1350} INFO - Executing <Task(SimpleHttpOperator): task_get_op> on 2023-09-30 00:00:00+00:00
[2023-10-03T09:25:26.395+0000] {standard_task_runner.py:57} INFO - Started process 2377 to run task
[2023-10-03T09:25:26.402+0000] {standard_task_runner.py:84} INFO - Running: ['***', 'tasks', 'run', 'rocket_launch2', 'task_get_op', 'scheduled__2023-09-30T00:00:00+00:00', '--job-id', '69', '--raw', '--subdir', 'DAGS_FOLDER/rocket_launch.py', '--cfg-path', '/tmp/tmpopcweent']
[2023-10-03T09:25:26.411+0000] {standard_task_runner.py:85} INFO - Job 69: Subtask task_get_op
[2023-10-03T09:25:26.577+0000] {task_command.py:410} INFO - Running <TaskInstance: rocket_launch2.task_get_op scheduled__2023-09-30T00:00:00+00:00 [running]> on host e870058fa168
[2023-10-03T09:25:26.672+0000] {warnings.py:110} WARNING - /home/***/.local/lib/python3.7/site-packages/***/utils/context.py:205: AirflowContextDeprecationWarning: Accessing 'next_ds' from the template is deprecated and will be removed in a future version. Please use '{{ data_interval_end | ds }}' instead.
  warnings.warn(_create_deprecation_warning(key, self._deprecation_replacements[key]))

[2023-10-03T09:25:26.728+0000] {taskinstance.py:1570} INFO - Exporting env vars: AIRFLOW_CTX_DAG_OWNER='***' AIRFLOW_CTX_DAG_ID='rocket_launch2' AIRFLOW_CTX_TASK_ID='task_get_op' AIRFLOW_CTX_EXECUTION_DATE='2023-09-30T00:00:00+00:00' AIRFLOW_CTX_TRY_NUMBER='1' AIRFLOW_CTX_DAG_RUN_ID='scheduled__2023-09-30T00:00:00+00:00'
[2023-10-03T09:25:26.729+0000] {http.py:123} INFO - Calling HTTP method
[2023-10-03T09:25:26.737+0000] {base.py:73} INFO - Using connection ID 'thespacedevs_dev' for task execution.
[2023-10-03T09:25:27.659+0000] {http.py:127} INFO - {"count":1,"next":null,"previous":null,"results":[{"id":"1c75cf8f-7097-46cc-9fe3-28c4886df4a6","url":"https://lldev.thespacedevs.com/2.2.0/launch/1c75cf8f-7097-46cc-9fe3-28c4886df4a6/","slug":"falcon-9-block-5-starlink-group-6-19","name":"Falcon 9 Block 5 | Starlink Group 6-19","status":{"id":3,"name":"Launch Successful","abbrev":"Success","description":"The launch vehicle successfully inserted its payload(s) into the target orbit(s)."},"last_updated":"2023-09-30T03:06:46Z","net":"2023-09-30T02:00:00Z","window_end":"2023-09-30T02:15:50Z","window_start":"2023-09-29T22:39:30Z","net_precision":{"id":0,"name":"Second","abbrev":"SEC","description":"The T-0 is accurate to the second."},"probability":40,"weather_concerns":"Anvil Cloud Rules, Cumulus Cloud Rule, Surface Electric Fields Rule","holdreason":"","failreason":"","hashtag":null,"launch_service_provider":{"id":121,"url":"https://lldev.thespacedevs.com/2.2.0/agencies/121/","name":"SpaceX","type":"Commercial"},"rocket":{"id":7961,"configuration":{"id":164,"url":"https://lldev.thespacedevs.com/2.2.0/config/launcher/164/","name":"Falcon 9","family":"Falcon","full_name":"Falcon 9 Block 5","variant":"Block 5"}},"mission":{"id":6478,"name":"Starlink Group 6-19","description":"A batch of 22 satellites for the Starlink mega-constellation - SpaceX's project for space-based Internet communication system.","launch_designator":null,"type":"Communications","orbit":{"id":8,"name":"Low Earth Orbit","abbrev":"LEO"},"agencies":[{"id":121,"url":"https://lldev.thespacedevs.com/2.2.0/agencies/121/","name":"SpaceX","featured":true,"type":"Commercial","country_code":"USA","abbrev":"SpX","description":"Space Exploration Technologies Corp., known as SpaceX, is an American aerospace manufacturer and space transport services company headquartered in Hawthorne, California. It was founded in 2002 by entrepreneur Elon Musk with the goal of reducing space transportation costs and enabling the colonization of Mars. SpaceX operates from many pads, on the East Coast of the US they operate from SLC-40 at Cape Canaveral Space Force Station and historic LC-39A at Kennedy Space Center. They also operate from SLC-4E at Vandenberg Space Force Base, California, usually for polar launches. Another launch site is being developed at Boca Chica, Texas.","administrator":"CEO: Elon Musk","founding_year":"2002","launchers":"Falcon | Starship","spacecraft":"Dragon","launch_library_url":"https://launchlibrary.net/1.4/agency/121","total_launch_count":283,"consecutive_successful_launches":44,"successful_launches":273,"failed_launches":10,"pending_launches":130,"consecutive_successful_landings":153,"successful_landings":235,"failed_landings":22,"attempted_landings":256,"info_url":"http://www.spacex.com/","wiki_url":"http://en.wikipedia.org/wiki/SpaceX","logo_url":"https://spacelaunchnow-prod-east.nyc3.digitaloceanspaces.com/media/logo/spacex_logo_20220826094919.png","image_url":"https://spacelaunchnow-prod-east.nyc3.digitaloceanspaces.com/media/agency_images/spacex_image_20190207032501.jpeg","nation_url":"https://spacelaunchnow-prod-east.nyc3.digitaloceanspaces.com/media/agency_nation/spacex_nation_20230531064544.jpg"}],"info_urls":[],"vid_urls":[]},"pad":{"id":80,"url":"https://lldev.thespacedevs.com/2.2.0/pad/80/","agency_id":121,"name":"Space Launch Complex 40","description":null,"info_url":null,"wiki_url":"https://en.wikipedia.org/wiki/Cape_Canaveral_Air_Force_Station_Space_Launch_Complex_40","map_url":"https://www.google.com/maps?q=28.56194122,-80.57735736","latitude":"28.56194122","longitude":"-80.57735736","location":{"id":12,"url":"https://lldev.thespacedevs.com/2.2.0/location/12/","name":"Cape Canaveral, FL, USA","country_code":"USA","description":null,"map_image":"https://spacelaunchnow-prod-east.nyc3.digitaloceanspaces.com/media/launch_images/location_12_20200803142519.jpg","timezone_name":"America/New_York","total_launch_count":910,"total_landing_count":37},"country_code":"USA","map_image":"https://spacelaunchnow-prod-east.nyc3.digitaloceanspaces.com/media/launch_images/pad_80_20200803143323.jpg","total_launch_count":202,"orbital_launch_attempt_count":202},"webcast_live":false,"image":"https://spacelaunchnow-prod-east.nyc3.digitaloceanspaces.com/media/launch_images/falcon2520925_image_20230727063129.png","infographic":null,"program":[],"orbital_launch_attempt_count":6516,"location_launch_attempt_count":910,"pad_launch_attempt_count":202,"agency_launch_attempt_count":283,"orbital_launch_attempt_count_year":159,"location_launch_attempt_count_year":42,"pad_launch_attempt_count_year":39,"agency_launch_attempt_count_year":70}]}
[2023-10-03T09:25:27.693+0000] {taskinstance.py:1373} INFO - Marking task as SUCCESS. dag_id=rocket_launch2, task_id=task_get_op, execution_date=20230930T000000, start_date=20231003T092526, end_date=20231003T092527
[2023-10-03T09:25:27.753+0000] {local_task_job_runner.py:232} INFO - Task exited with return code 0
[2023-10-03T09:25:27.771+0000] {taskinstance.py:2674} INFO - 1 downstream tasks scheduled from follow-on schedule check
[2023-10-03T09:37:38.274+0000] {taskinstance.py:1125} INFO - Dependencies all met for dep_context=non-requeueable deps ti=<TaskInstance: rocket_launch2.task_get_op scheduled__2023-09-30T00:00:00+00:00 [queued]>
[2023-10-03T09:37:38.285+0000] {taskinstance.py:1125} INFO - Dependencies all met for dep_context=requeueable deps ti=<TaskInstance: rocket_launch2.task_get_op scheduled__2023-09-30T00:00:00+00:00 [queued]>
[2023-10-03T09:37:38.285+0000] {taskinstance.py:1331} INFO - Starting attempt 1 of 1
[2023-10-03T09:37:38.323+0000] {taskinstance.py:1350} INFO - Executing <Task(SimpleHttpOperator): task_get_op> on 2023-09-30 00:00:00+00:00
[2023-10-03T09:37:38.331+0000] {standard_task_runner.py:57} INFO - Started process 2610 to run task
[2023-10-03T09:37:38.335+0000] {standard_task_runner.py:84} INFO - Running: ['***', 'tasks', 'run', 'rocket_launch2', 'task_get_op', 'scheduled__2023-09-30T00:00:00+00:00', '--job-id', '78', '--raw', '--subdir', 'DAGS_FOLDER/rocket_launch.py', '--cfg-path', '/tmp/tmp9c6ycf4m']
[2023-10-03T09:37:38.336+0000] {standard_task_runner.py:85} INFO - Job 78: Subtask task_get_op
[2023-10-03T09:37:38.448+0000] {task_command.py:410} INFO - Running <TaskInstance: rocket_launch2.task_get_op scheduled__2023-09-30T00:00:00+00:00 [running]> on host e870058fa168
[2023-10-03T09:37:38.604+0000] {warnings.py:110} WARNING - /home/***/.local/lib/python3.7/site-packages/***/utils/context.py:205: AirflowContextDeprecationWarning: Accessing 'next_ds' from the template is deprecated and will be removed in a future version. Please use '{{ data_interval_end | ds }}' instead.
  warnings.warn(_create_deprecation_warning(key, self._deprecation_replacements[key]))

[2023-10-03T09:37:38.756+0000] {taskinstance.py:1570} INFO - Exporting env vars: AIRFLOW_CTX_DAG_OWNER='***' AIRFLOW_CTX_DAG_ID='rocket_launch2' AIRFLOW_CTX_TASK_ID='task_get_op' AIRFLOW_CTX_EXECUTION_DATE='2023-09-30T00:00:00+00:00' AIRFLOW_CTX_TRY_NUMBER='1' AIRFLOW_CTX_DAG_RUN_ID='scheduled__2023-09-30T00:00:00+00:00'
[2023-10-03T09:37:38.756+0000] {http.py:123} INFO - Calling HTTP method
[2023-10-03T09:37:38.764+0000] {base.py:73} INFO - Using connection ID 'thespacedevs_dev' for task execution.
[2023-10-03T09:37:39.007+0000] {http.py:127} INFO - {"count":1,"next":null,"previous":null,"results":[{"id":"1c75cf8f-7097-46cc-9fe3-28c4886df4a6","url":"https://lldev.thespacedevs.com/2.2.0/launch/1c75cf8f-7097-46cc-9fe3-28c4886df4a6/","slug":"falcon-9-block-5-starlink-group-6-19","name":"Falcon 9 Block 5 | Starlink Group 6-19","status":{"id":3,"name":"Launch Successful","abbrev":"Success","description":"The launch vehicle successfully inserted its payload(s) into the target orbit(s)."},"last_updated":"2023-09-30T03:06:46Z","net":"2023-09-30T02:00:00Z","window_end":"2023-09-30T02:15:50Z","window_start":"2023-09-29T22:39:30Z","net_precision":{"id":0,"name":"Second","abbrev":"SEC","description":"The T-0 is accurate to the second."},"probability":40,"weather_concerns":"Anvil Cloud Rules, Cumulus Cloud Rule, Surface Electric Fields Rule","holdreason":"","failreason":"","hashtag":null,"launch_service_provider":{"id":121,"url":"https://lldev.thespacedevs.com/2.2.0/agencies/121/","name":"SpaceX","type":"Commercial"},"rocket":{"id":7961,"configuration":{"id":164,"url":"https://lldev.thespacedevs.com/2.2.0/config/launcher/164/","name":"Falcon 9","family":"Falcon","full_name":"Falcon 9 Block 5","variant":"Block 5"}},"mission":{"id":6478,"name":"Starlink Group 6-19","description":"A batch of 22 satellites for the Starlink mega-constellation - SpaceX's project for space-based Internet communication system.","launch_designator":null,"type":"Communications","orbit":{"id":8,"name":"Low Earth Orbit","abbrev":"LEO"},"agencies":[{"id":121,"url":"https://lldev.thespacedevs.com/2.2.0/agencies/121/","name":"SpaceX","featured":true,"type":"Commercial","country_code":"USA","abbrev":"SpX","description":"Space Exploration Technologies Corp., known as SpaceX, is an American aerospace manufacturer and space transport services company headquartered in Hawthorne, California. It was founded in 2002 by entrepreneur Elon Musk with the goal of reducing space transportation costs and enabling the colonization of Mars. SpaceX operates from many pads, on the East Coast of the US they operate from SLC-40 at Cape Canaveral Space Force Station and historic LC-39A at Kennedy Space Center. They also operate from SLC-4E at Vandenberg Space Force Base, California, usually for polar launches. Another launch site is being developed at Boca Chica, Texas.","administrator":"CEO: Elon Musk","founding_year":"2002","launchers":"Falcon | Starship","spacecraft":"Dragon","launch_library_url":"https://launchlibrary.net/1.4/agency/121","total_launch_count":283,"consecutive_successful_launches":44,"successful_launches":273,"failed_launches":10,"pending_launches":130,"consecutive_successful_landings":153,"successful_landings":235,"failed_landings":22,"attempted_landings":256,"info_url":"http://www.spacex.com/","wiki_url":"http://en.wikipedia.org/wiki/SpaceX","logo_url":"https://spacelaunchnow-prod-east.nyc3.digitaloceanspaces.com/media/logo/spacex_logo_20220826094919.png","image_url":"https://spacelaunchnow-prod-east.nyc3.digitaloceanspaces.com/media/agency_images/spacex_image_20190207032501.jpeg","nation_url":"https://spacelaunchnow-prod-east.nyc3.digitaloceanspaces.com/media/agency_nation/spacex_nation_20230531064544.jpg"}],"info_urls":[],"vid_urls":[]},"pad":{"id":80,"url":"https://lldev.thespacedevs.com/2.2.0/pad/80/","agency_id":121,"name":"Space Launch Complex 40","description":null,"info_url":null,"wiki_url":"https://en.wikipedia.org/wiki/Cape_Canaveral_Air_Force_Station_Space_Launch_Complex_40","map_url":"https://www.google.com/maps?q=28.56194122,-80.57735736","latitude":"28.56194122","longitude":"-80.57735736","location":{"id":12,"url":"https://lldev.thespacedevs.com/2.2.0/location/12/","name":"Cape Canaveral, FL, USA","country_code":"USA","description":null,"map_image":"https://spacelaunchnow-prod-east.nyc3.digitaloceanspaces.com/media/launch_images/location_12_20200803142519.jpg","timezone_name":"America/New_York","total_launch_count":910,"total_landing_count":37},"country_code":"USA","map_image":"https://spacelaunchnow-prod-east.nyc3.digitaloceanspaces.com/media/launch_images/pad_80_20200803143323.jpg","total_launch_count":202,"orbital_launch_attempt_count":202},"webcast_live":false,"image":"https://spacelaunchnow-prod-east.nyc3.digitaloceanspaces.com/media/launch_images/falcon2520925_image_20230727063129.png","infographic":null,"program":[],"orbital_launch_attempt_count":6516,"location_launch_attempt_count":910,"pad_launch_attempt_count":202,"agency_launch_attempt_count":283,"orbital_launch_attempt_count_year":159,"location_launch_attempt_count_year":42,"pad_launch_attempt_count_year":39,"agency_launch_attempt_count_year":70}]}
[2023-10-03T09:37:39.046+0000] {taskinstance.py:1373} INFO - Marking task as SUCCESS. dag_id=rocket_launch2, task_id=task_get_op, execution_date=20230930T000000, start_date=20231003T093738, end_date=20231003T093739
[2023-10-03T09:37:39.095+0000] {local_task_job_runner.py:232} INFO - Task exited with return code 0
[2023-10-03T09:37:39.113+0000] {taskinstance.py:2674} INFO - 1 downstream tasks scheduled from follow-on schedule check
[2023-10-03T09:40:01.901+0000] {taskinstance.py:1125} INFO - Dependencies all met for dep_context=non-requeueable deps ti=<TaskInstance: rocket_launch2.task_get_op scheduled__2023-09-30T00:00:00+00:00 [queued]>
[2023-10-03T09:40:01.946+0000] {taskinstance.py:1125} INFO - Dependencies all met for dep_context=requeueable deps ti=<TaskInstance: rocket_launch2.task_get_op scheduled__2023-09-30T00:00:00+00:00 [queued]>
[2023-10-03T09:40:01.948+0000] {taskinstance.py:1331} INFO - Starting attempt 1 of 1
[2023-10-03T09:40:01.999+0000] {taskinstance.py:1350} INFO - Executing <Task(SimpleHttpOperator): task_get_op> on 2023-09-30 00:00:00+00:00
[2023-10-03T09:40:02.010+0000] {standard_task_runner.py:84} INFO - Running: ['***', 'tasks', 'run', 'rocket_launch2', 'task_get_op', 'scheduled__2023-09-30T00:00:00+00:00', '--job-id', '137', '--raw', '--subdir', 'DAGS_FOLDER/rocket_launch.py', '--cfg-path', '/tmp/tmpd5brfi1_']
[2023-10-03T09:40:02.011+0000] {standard_task_runner.py:85} INFO - Job 137: Subtask task_get_op
[2023-10-03T09:40:02.006+0000] {standard_task_runner.py:57} INFO - Started process 2776 to run task
[2023-10-03T09:40:02.142+0000] {task_command.py:410} INFO - Running <TaskInstance: rocket_launch2.task_get_op scheduled__2023-09-30T00:00:00+00:00 [running]> on host e870058fa168
[2023-10-03T09:40:02.345+0000] {warnings.py:110} WARNING - /home/***/.local/lib/python3.7/site-packages/***/utils/context.py:205: AirflowContextDeprecationWarning: Accessing 'next_ds' from the template is deprecated and will be removed in a future version. Please use '{{ data_interval_end | ds }}' instead.
  warnings.warn(_create_deprecation_warning(key, self._deprecation_replacements[key]))

[2023-10-03T09:40:02.616+0000] {taskinstance.py:1570} INFO - Exporting env vars: AIRFLOW_CTX_DAG_OWNER='***' AIRFLOW_CTX_DAG_ID='rocket_launch2' AIRFLOW_CTX_TASK_ID='task_get_op' AIRFLOW_CTX_EXECUTION_DATE='2023-09-30T00:00:00+00:00' AIRFLOW_CTX_TRY_NUMBER='1' AIRFLOW_CTX_DAG_RUN_ID='scheduled__2023-09-30T00:00:00+00:00'
[2023-10-03T09:40:02.616+0000] {http.py:123} INFO - Calling HTTP method
[2023-10-03T09:40:02.624+0000] {base.py:73} INFO - Using connection ID 'thespacedevs_dev' for task execution.
[2023-10-03T09:40:03.595+0000] {http.py:127} INFO - {"count":1,"next":null,"previous":null,"results":[{"id":"1c75cf8f-7097-46cc-9fe3-28c4886df4a6","url":"https://lldev.thespacedevs.com/2.2.0/launch/1c75cf8f-7097-46cc-9fe3-28c4886df4a6/","slug":"falcon-9-block-5-starlink-group-6-19","name":"Falcon 9 Block 5 | Starlink Group 6-19","status":{"id":3,"name":"Launch Successful","abbrev":"Success","description":"The launch vehicle successfully inserted its payload(s) into the target orbit(s)."},"last_updated":"2023-09-30T03:06:46Z","net":"2023-09-30T02:00:00Z","window_end":"2023-09-30T02:15:50Z","window_start":"2023-09-29T22:39:30Z","net_precision":{"id":0,"name":"Second","abbrev":"SEC","description":"The T-0 is accurate to the second."},"probability":40,"weather_concerns":"Anvil Cloud Rules, Cumulus Cloud Rule, Surface Electric Fields Rule","holdreason":"","failreason":"","hashtag":null,"launch_service_provider":{"id":121,"url":"https://lldev.thespacedevs.com/2.2.0/agencies/121/","name":"SpaceX","type":"Commercial"},"rocket":{"id":7961,"configuration":{"id":164,"url":"https://lldev.thespacedevs.com/2.2.0/config/launcher/164/","name":"Falcon 9","family":"Falcon","full_name":"Falcon 9 Block 5","variant":"Block 5"}},"mission":{"id":6478,"name":"Starlink Group 6-19","description":"A batch of 22 satellites for the Starlink mega-constellation - SpaceX's project for space-based Internet communication system.","launch_designator":null,"type":"Communications","orbit":{"id":8,"name":"Low Earth Orbit","abbrev":"LEO"},"agencies":[{"id":121,"url":"https://lldev.thespacedevs.com/2.2.0/agencies/121/","name":"SpaceX","featured":true,"type":"Commercial","country_code":"USA","abbrev":"SpX","description":"Space Exploration Technologies Corp., known as SpaceX, is an American aerospace manufacturer and space transport services company headquartered in Hawthorne, California. It was founded in 2002 by entrepreneur Elon Musk with the goal of reducing space transportation costs and enabling the colonization of Mars. SpaceX operates from many pads, on the East Coast of the US they operate from SLC-40 at Cape Canaveral Space Force Station and historic LC-39A at Kennedy Space Center. They also operate from SLC-4E at Vandenberg Space Force Base, California, usually for polar launches. Another launch site is being developed at Boca Chica, Texas.","administrator":"CEO: Elon Musk","founding_year":"2002","launchers":"Falcon | Starship","spacecraft":"Dragon","launch_library_url":"https://launchlibrary.net/1.4/agency/121","total_launch_count":283,"consecutive_successful_launches":44,"successful_launches":273,"failed_launches":10,"pending_launches":130,"consecutive_successful_landings":153,"successful_landings":235,"failed_landings":22,"attempted_landings":256,"info_url":"http://www.spacex.com/","wiki_url":"http://en.wikipedia.org/wiki/SpaceX","logo_url":"https://spacelaunchnow-prod-east.nyc3.digitaloceanspaces.com/media/logo/spacex_logo_20220826094919.png","image_url":"https://spacelaunchnow-prod-east.nyc3.digitaloceanspaces.com/media/agency_images/spacex_image_20190207032501.jpeg","nation_url":"https://spacelaunchnow-prod-east.nyc3.digitaloceanspaces.com/media/agency_nation/spacex_nation_20230531064544.jpg"}],"info_urls":[],"vid_urls":[]},"pad":{"id":80,"url":"https://lldev.thespacedevs.com/2.2.0/pad/80/","agency_id":121,"name":"Space Launch Complex 40","description":null,"info_url":null,"wiki_url":"https://en.wikipedia.org/wiki/Cape_Canaveral_Air_Force_Station_Space_Launch_Complex_40","map_url":"https://www.google.com/maps?q=28.56194122,-80.57735736","latitude":"28.56194122","longitude":"-80.57735736","location":{"id":12,"url":"https://lldev.thespacedevs.com/2.2.0/location/12/","name":"Cape Canaveral, FL, USA","country_code":"USA","description":null,"map_image":"https://spacelaunchnow-prod-east.nyc3.digitaloceanspaces.com/media/launch_images/location_12_20200803142519.jpg","timezone_name":"America/New_York","total_launch_count":910,"total_landing_count":37},"country_code":"USA","map_image":"https://spacelaunchnow-prod-east.nyc3.digitaloceanspaces.com/media/launch_images/pad_80_20200803143323.jpg","total_launch_count":202,"orbital_launch_attempt_count":202},"webcast_live":false,"image":"https://spacelaunchnow-prod-east.nyc3.digitaloceanspaces.com/media/launch_images/falcon2520925_image_20230727063129.png","infographic":null,"program":[],"orbital_launch_attempt_count":6516,"location_launch_attempt_count":910,"pad_launch_attempt_count":202,"agency_launch_attempt_count":283,"orbital_launch_attempt_count_year":159,"location_launch_attempt_count_year":42,"pad_launch_attempt_count_year":39,"agency_launch_attempt_count_year":70}]}
[2023-10-03T09:40:03.636+0000] {taskinstance.py:1373} INFO - Marking task as SUCCESS. dag_id=rocket_launch2, task_id=task_get_op, execution_date=20230930T000000, start_date=20231003T094001, end_date=20231003T094003
[2023-10-03T09:40:03.686+0000] {local_task_job_runner.py:232} INFO - Task exited with return code 0
[2023-10-03T09:40:03.791+0000] {taskinstance.py:2674} INFO - 1 downstream tasks scheduled from follow-on schedule check
[2023-10-03T10:02:51.727+0000] {taskinstance.py:1125} INFO - Dependencies all met for dep_context=non-requeueable deps ti=<TaskInstance: rocket_launch2.task_get_op scheduled__2023-09-30T00:00:00+00:00 [queued]>
[2023-10-03T10:02:51.737+0000] {taskinstance.py:1125} INFO - Dependencies all met for dep_context=requeueable deps ti=<TaskInstance: rocket_launch2.task_get_op scheduled__2023-09-30T00:00:00+00:00 [queued]>
[2023-10-03T10:02:51.738+0000] {taskinstance.py:1331} INFO - Starting attempt 1 of 1
[2023-10-03T10:02:51.767+0000] {taskinstance.py:1350} INFO - Executing <Task(SimpleHttpOperator): task_get_op> on 2023-09-30 00:00:00+00:00
[2023-10-03T10:02:51.771+0000] {standard_task_runner.py:57} INFO - Started process 3403 to run task
[2023-10-03T10:02:51.773+0000] {standard_task_runner.py:84} INFO - Running: ['***', 'tasks', 'run', 'rocket_launch2', 'task_get_op', 'scheduled__2023-09-30T00:00:00+00:00', '--job-id', '257', '--raw', '--subdir', 'DAGS_FOLDER/rocket_launch.py', '--cfg-path', '/tmp/tmp95nbeovs']
[2023-10-03T10:02:51.774+0000] {standard_task_runner.py:85} INFO - Job 257: Subtask task_get_op
[2023-10-03T10:02:51.820+0000] {task_command.py:410} INFO - Running <TaskInstance: rocket_launch2.task_get_op scheduled__2023-09-30T00:00:00+00:00 [running]> on host e870058fa168
[2023-10-03T10:02:51.870+0000] {warnings.py:110} WARNING - /home/***/.local/lib/python3.7/site-packages/***/utils/context.py:205: AirflowContextDeprecationWarning: Accessing 'next_ds' from the template is deprecated and will be removed in a future version. Please use '{{ data_interval_end | ds }}' instead.
  warnings.warn(_create_deprecation_warning(key, self._deprecation_replacements[key]))

[2023-10-03T10:02:51.912+0000] {taskinstance.py:1570} INFO - Exporting env vars: AIRFLOW_CTX_DAG_OWNER='***' AIRFLOW_CTX_DAG_ID='rocket_launch2' AIRFLOW_CTX_TASK_ID='task_get_op' AIRFLOW_CTX_EXECUTION_DATE='2023-09-30T00:00:00+00:00' AIRFLOW_CTX_TRY_NUMBER='1' AIRFLOW_CTX_DAG_RUN_ID='scheduled__2023-09-30T00:00:00+00:00'
[2023-10-03T10:02:51.913+0000] {http.py:123} INFO - Calling HTTP method
[2023-10-03T10:02:51.920+0000] {base.py:73} INFO - Using connection ID 'thespacedevs_dev' for task execution.
[2023-10-03T10:02:52.162+0000] {http.py:127} INFO - {"count":1,"next":null,"previous":null,"results":[{"id":"1c75cf8f-7097-46cc-9fe3-28c4886df4a6","url":"https://lldev.thespacedevs.com/2.2.0/launch/1c75cf8f-7097-46cc-9fe3-28c4886df4a6/","slug":"falcon-9-block-5-starlink-group-6-19","name":"Falcon 9 Block 5 | Starlink Group 6-19","status":{"id":3,"name":"Launch Successful","abbrev":"Success","description":"The launch vehicle successfully inserted its payload(s) into the target orbit(s)."},"last_updated":"2023-09-30T03:06:46Z","net":"2023-09-30T02:00:00Z","window_end":"2023-09-30T02:15:50Z","window_start":"2023-09-29T22:39:30Z","net_precision":{"id":0,"name":"Second","abbrev":"SEC","description":"The T-0 is accurate to the second."},"probability":40,"weather_concerns":"Anvil Cloud Rules, Cumulus Cloud Rule, Surface Electric Fields Rule","holdreason":"","failreason":"","hashtag":null,"launch_service_provider":{"id":121,"url":"https://lldev.thespacedevs.com/2.2.0/agencies/121/","name":"SpaceX","type":"Commercial"},"rocket":{"id":7961,"configuration":{"id":164,"url":"https://lldev.thespacedevs.com/2.2.0/config/launcher/164/","name":"Falcon 9","family":"Falcon","full_name":"Falcon 9 Block 5","variant":"Block 5"}},"mission":{"id":6478,"name":"Starlink Group 6-19","description":"A batch of 22 satellites for the Starlink mega-constellation - SpaceX's project for space-based Internet communication system.","launch_designator":null,"type":"Communications","orbit":{"id":8,"name":"Low Earth Orbit","abbrev":"LEO"},"agencies":[{"id":121,"url":"https://lldev.thespacedevs.com/2.2.0/agencies/121/","name":"SpaceX","featured":true,"type":"Commercial","country_code":"USA","abbrev":"SpX","description":"Space Exploration Technologies Corp., known as SpaceX, is an American aerospace manufacturer and space transport services company headquartered in Hawthorne, California. It was founded in 2002 by entrepreneur Elon Musk with the goal of reducing space transportation costs and enabling the colonization of Mars. SpaceX operates from many pads, on the East Coast of the US they operate from SLC-40 at Cape Canaveral Space Force Station and historic LC-39A at Kennedy Space Center. They also operate from SLC-4E at Vandenberg Space Force Base, California, usually for polar launches. Another launch site is being developed at Boca Chica, Texas.","administrator":"CEO: Elon Musk","founding_year":"2002","launchers":"Falcon | Starship","spacecraft":"Dragon","launch_library_url":"https://launchlibrary.net/1.4/agency/121","total_launch_count":283,"consecutive_successful_launches":44,"successful_launches":273,"failed_launches":10,"pending_launches":130,"consecutive_successful_landings":153,"successful_landings":235,"failed_landings":22,"attempted_landings":256,"info_url":"http://www.spacex.com/","wiki_url":"http://en.wikipedia.org/wiki/SpaceX","logo_url":"https://spacelaunchnow-prod-east.nyc3.digitaloceanspaces.com/media/logo/spacex_logo_20220826094919.png","image_url":"https://spacelaunchnow-prod-east.nyc3.digitaloceanspaces.com/media/agency_images/spacex_image_20190207032501.jpeg","nation_url":"https://spacelaunchnow-prod-east.nyc3.digitaloceanspaces.com/media/agency_nation/spacex_nation_20230531064544.jpg"}],"info_urls":[],"vid_urls":[]},"pad":{"id":80,"url":"https://lldev.thespacedevs.com/2.2.0/pad/80/","agency_id":121,"name":"Space Launch Complex 40","description":null,"info_url":null,"wiki_url":"https://en.wikipedia.org/wiki/Cape_Canaveral_Air_Force_Station_Space_Launch_Complex_40","map_url":"https://www.google.com/maps?q=28.56194122,-80.57735736","latitude":"28.56194122","longitude":"-80.57735736","location":{"id":12,"url":"https://lldev.thespacedevs.com/2.2.0/location/12/","name":"Cape Canaveral, FL, USA","country_code":"USA","description":null,"map_image":"https://spacelaunchnow-prod-east.nyc3.digitaloceanspaces.com/media/launch_images/location_12_20200803142519.jpg","timezone_name":"America/New_York","total_launch_count":910,"total_landing_count":37},"country_code":"USA","map_image":"https://spacelaunchnow-prod-east.nyc3.digitaloceanspaces.com/media/launch_images/pad_80_20200803143323.jpg","total_launch_count":202,"orbital_launch_attempt_count":202},"webcast_live":false,"image":"https://spacelaunchnow-prod-east.nyc3.digitaloceanspaces.com/media/launch_images/falcon2520925_image_20230727063129.png","infographic":null,"program":[],"orbital_launch_attempt_count":6516,"location_launch_attempt_count":910,"pad_launch_attempt_count":202,"agency_launch_attempt_count":283,"orbital_launch_attempt_count_year":159,"location_launch_attempt_count_year":42,"pad_launch_attempt_count_year":39,"agency_launch_attempt_count_year":70}]}
[2023-10-03T10:02:52.215+0000] {taskinstance.py:1373} INFO - Marking task as SUCCESS. dag_id=rocket_launch2, task_id=task_get_op, execution_date=20230930T000000, start_date=20231003T100251, end_date=20231003T100252
[2023-10-03T10:02:52.266+0000] {local_task_job_runner.py:232} INFO - Task exited with return code 0
[2023-10-03T10:02:52.301+0000] {taskinstance.py:2674} INFO - 1 downstream tasks scheduled from follow-on schedule check
[2023-10-03T10:06:26.242+0000] {taskinstance.py:1125} INFO - Dependencies all met for dep_context=non-requeueable deps ti=<TaskInstance: rocket_launch2.task_get_op scheduled__2023-09-30T00:00:00+00:00 [queued]>
[2023-10-03T10:06:26.255+0000] {taskinstance.py:1125} INFO - Dependencies all met for dep_context=requeueable deps ti=<TaskInstance: rocket_launch2.task_get_op scheduled__2023-09-30T00:00:00+00:00 [queued]>
[2023-10-03T10:06:26.255+0000] {taskinstance.py:1331} INFO - Starting attempt 1 of 1
[2023-10-03T10:06:26.282+0000] {taskinstance.py:1350} INFO - Executing <Task(SimpleHttpOperator): task_get_op> on 2023-09-30 00:00:00+00:00
[2023-10-03T10:06:26.287+0000] {standard_task_runner.py:57} INFO - Started process 3642 to run task
[2023-10-03T10:06:26.289+0000] {standard_task_runner.py:84} INFO - Running: ['***', 'tasks', 'run', 'rocket_launch2', 'task_get_op', 'scheduled__2023-09-30T00:00:00+00:00', '--job-id', '344', '--raw', '--subdir', 'DAGS_FOLDER/rocket_launch.py', '--cfg-path', '/tmp/tmpwo6u5gis']
[2023-10-03T10:06:26.290+0000] {standard_task_runner.py:85} INFO - Job 344: Subtask task_get_op
[2023-10-03T10:06:26.344+0000] {task_command.py:410} INFO - Running <TaskInstance: rocket_launch2.task_get_op scheduled__2023-09-30T00:00:00+00:00 [running]> on host e870058fa168
[2023-10-03T10:06:26.409+0000] {warnings.py:110} WARNING - /home/***/.local/lib/python3.7/site-packages/***/utils/context.py:205: AirflowContextDeprecationWarning: Accessing 'next_ds' from the template is deprecated and will be removed in a future version. Please use '{{ data_interval_end | ds }}' instead.
  warnings.warn(_create_deprecation_warning(key, self._deprecation_replacements[key]))

[2023-10-03T10:06:26.476+0000] {taskinstance.py:1570} INFO - Exporting env vars: AIRFLOW_CTX_DAG_OWNER='***' AIRFLOW_CTX_DAG_ID='rocket_launch2' AIRFLOW_CTX_TASK_ID='task_get_op' AIRFLOW_CTX_EXECUTION_DATE='2023-09-30T00:00:00+00:00' AIRFLOW_CTX_TRY_NUMBER='1' AIRFLOW_CTX_DAG_RUN_ID='scheduled__2023-09-30T00:00:00+00:00'
[2023-10-03T10:06:26.476+0000] {http.py:123} INFO - Calling HTTP method
[2023-10-03T10:06:26.483+0000] {base.py:73} INFO - Using connection ID 'thespacedevs_dev' for task execution.
[2023-10-03T10:06:27.248+0000] {http.py:127} INFO - {"count":1,"next":null,"previous":null,"results":[{"id":"1c75cf8f-7097-46cc-9fe3-28c4886df4a6","url":"https://lldev.thespacedevs.com/2.2.0/launch/1c75cf8f-7097-46cc-9fe3-28c4886df4a6/","slug":"falcon-9-block-5-starlink-group-6-19","name":"Falcon 9 Block 5 | Starlink Group 6-19","status":{"id":3,"name":"Launch Successful","abbrev":"Success","description":"The launch vehicle successfully inserted its payload(s) into the target orbit(s)."},"last_updated":"2023-09-30T03:06:46Z","net":"2023-09-30T02:00:00Z","window_end":"2023-09-30T02:15:50Z","window_start":"2023-09-29T22:39:30Z","net_precision":{"id":0,"name":"Second","abbrev":"SEC","description":"The T-0 is accurate to the second."},"probability":40,"weather_concerns":"Anvil Cloud Rules, Cumulus Cloud Rule, Surface Electric Fields Rule","holdreason":"","failreason":"","hashtag":null,"launch_service_provider":{"id":121,"url":"https://lldev.thespacedevs.com/2.2.0/agencies/121/","name":"SpaceX","type":"Commercial"},"rocket":{"id":7961,"configuration":{"id":164,"url":"https://lldev.thespacedevs.com/2.2.0/config/launcher/164/","name":"Falcon 9","family":"Falcon","full_name":"Falcon 9 Block 5","variant":"Block 5"}},"mission":{"id":6478,"name":"Starlink Group 6-19","description":"A batch of 22 satellites for the Starlink mega-constellation - SpaceX's project for space-based Internet communication system.","launch_designator":null,"type":"Communications","orbit":{"id":8,"name":"Low Earth Orbit","abbrev":"LEO"},"agencies":[{"id":121,"url":"https://lldev.thespacedevs.com/2.2.0/agencies/121/","name":"SpaceX","featured":true,"type":"Commercial","country_code":"USA","abbrev":"SpX","description":"Space Exploration Technologies Corp., known as SpaceX, is an American aerospace manufacturer and space transport services company headquartered in Hawthorne, California. It was founded in 2002 by entrepreneur Elon Musk with the goal of reducing space transportation costs and enabling the colonization of Mars. SpaceX operates from many pads, on the East Coast of the US they operate from SLC-40 at Cape Canaveral Space Force Station and historic LC-39A at Kennedy Space Center. They also operate from SLC-4E at Vandenberg Space Force Base, California, usually for polar launches. Another launch site is being developed at Boca Chica, Texas.","administrator":"CEO: Elon Musk","founding_year":"2002","launchers":"Falcon | Starship","spacecraft":"Dragon","launch_library_url":"https://launchlibrary.net/1.4/agency/121","total_launch_count":283,"consecutive_successful_launches":44,"successful_launches":273,"failed_launches":10,"pending_launches":130,"consecutive_successful_landings":153,"successful_landings":235,"failed_landings":22,"attempted_landings":256,"info_url":"http://www.spacex.com/","wiki_url":"http://en.wikipedia.org/wiki/SpaceX","logo_url":"https://spacelaunchnow-prod-east.nyc3.digitaloceanspaces.com/media/logo/spacex_logo_20220826094919.png","image_url":"https://spacelaunchnow-prod-east.nyc3.digitaloceanspaces.com/media/agency_images/spacex_image_20190207032501.jpeg","nation_url":"https://spacelaunchnow-prod-east.nyc3.digitaloceanspaces.com/media/agency_nation/spacex_nation_20230531064544.jpg"}],"info_urls":[],"vid_urls":[]},"pad":{"id":80,"url":"https://lldev.thespacedevs.com/2.2.0/pad/80/","agency_id":121,"name":"Space Launch Complex 40","description":null,"info_url":null,"wiki_url":"https://en.wikipedia.org/wiki/Cape_Canaveral_Air_Force_Station_Space_Launch_Complex_40","map_url":"https://www.google.com/maps?q=28.56194122,-80.57735736","latitude":"28.56194122","longitude":"-80.57735736","location":{"id":12,"url":"https://lldev.thespacedevs.com/2.2.0/location/12/","name":"Cape Canaveral, FL, USA","country_code":"USA","description":null,"map_image":"https://spacelaunchnow-prod-east.nyc3.digitaloceanspaces.com/media/launch_images/location_12_20200803142519.jpg","timezone_name":"America/New_York","total_launch_count":910,"total_landing_count":37},"country_code":"USA","map_image":"https://spacelaunchnow-prod-east.nyc3.digitaloceanspaces.com/media/launch_images/pad_80_20200803143323.jpg","total_launch_count":202,"orbital_launch_attempt_count":202},"webcast_live":false,"image":"https://spacelaunchnow-prod-east.nyc3.digitaloceanspaces.com/media/launch_images/falcon2520925_image_20230727063129.png","infographic":null,"program":[],"orbital_launch_attempt_count":6516,"location_launch_attempt_count":910,"pad_launch_attempt_count":202,"agency_launch_attempt_count":283,"orbital_launch_attempt_count_year":159,"location_launch_attempt_count_year":42,"pad_launch_attempt_count_year":39,"agency_launch_attempt_count_year":70}]}
[2023-10-03T10:06:27.283+0000] {taskinstance.py:1373} INFO - Marking task as SUCCESS. dag_id=rocket_launch2, task_id=task_get_op, execution_date=20230930T000000, start_date=20231003T100626, end_date=20231003T100627
[2023-10-03T10:06:27.345+0000] {local_task_job_runner.py:232} INFO - Task exited with return code 0
[2023-10-03T10:06:27.372+0000] {taskinstance.py:2674} INFO - 1 downstream tasks scheduled from follow-on schedule check
[2023-10-03T10:17:01.226+0000] {taskinstance.py:1125} INFO - Dependencies all met for dep_context=non-requeueable deps ti=<TaskInstance: rocket_launch2.task_get_op scheduled__2023-09-30T00:00:00+00:00 [queued]>
[2023-10-03T10:17:01.240+0000] {taskinstance.py:1125} INFO - Dependencies all met for dep_context=requeueable deps ti=<TaskInstance: rocket_launch2.task_get_op scheduled__2023-09-30T00:00:00+00:00 [queued]>
[2023-10-03T10:17:01.248+0000] {taskinstance.py:1331} INFO - Starting attempt 1 of 1
[2023-10-03T10:17:01.343+0000] {taskinstance.py:1350} INFO - Executing <Task(SimpleHttpOperator): task_get_op> on 2023-09-30 00:00:00+00:00
[2023-10-03T10:17:01.357+0000] {standard_task_runner.py:57} INFO - Started process 4008 to run task
[2023-10-03T10:17:01.369+0000] {standard_task_runner.py:84} INFO - Running: ['***', 'tasks', 'run', 'rocket_launch2', 'task_get_op', 'scheduled__2023-09-30T00:00:00+00:00', '--job-id', '438', '--raw', '--subdir', 'DAGS_FOLDER/rocket_launch.py', '--cfg-path', '/tmp/tmp0haj9nla']
[2023-10-03T10:17:01.383+0000] {standard_task_runner.py:85} INFO - Job 438: Subtask task_get_op
[2023-10-03T10:17:01.655+0000] {task_command.py:410} INFO - Running <TaskInstance: rocket_launch2.task_get_op scheduled__2023-09-30T00:00:00+00:00 [running]> on host e870058fa168
[2023-10-03T10:17:01.832+0000] {warnings.py:110} WARNING - /home/***/.local/lib/python3.7/site-packages/***/utils/context.py:205: AirflowContextDeprecationWarning: Accessing 'next_ds' from the template is deprecated and will be removed in a future version. Please use '{{ data_interval_end | ds }}' instead.
  warnings.warn(_create_deprecation_warning(key, self._deprecation_replacements[key]))

[2023-10-03T10:17:02.153+0000] {taskinstance.py:1570} INFO - Exporting env vars: AIRFLOW_CTX_DAG_OWNER='***' AIRFLOW_CTX_DAG_ID='rocket_launch2' AIRFLOW_CTX_TASK_ID='task_get_op' AIRFLOW_CTX_EXECUTION_DATE='2023-09-30T00:00:00+00:00' AIRFLOW_CTX_TRY_NUMBER='1' AIRFLOW_CTX_DAG_RUN_ID='scheduled__2023-09-30T00:00:00+00:00'
[2023-10-03T10:17:02.160+0000] {http.py:123} INFO - Calling HTTP method
[2023-10-03T10:17:02.200+0000] {base.py:73} INFO - Using connection ID 'thespacedevs_dev' for task execution.
[2023-10-03T10:17:03.232+0000] {http.py:127} INFO - {"count":1,"next":null,"previous":null,"results":[{"id":"1c75cf8f-7097-46cc-9fe3-28c4886df4a6","url":"https://lldev.thespacedevs.com/2.2.0/launch/1c75cf8f-7097-46cc-9fe3-28c4886df4a6/","slug":"falcon-9-block-5-starlink-group-6-19","name":"Falcon 9 Block 5 | Starlink Group 6-19","status":{"id":3,"name":"Launch Successful","abbrev":"Success","description":"The launch vehicle successfully inserted its payload(s) into the target orbit(s)."},"last_updated":"2023-09-30T03:06:46Z","net":"2023-09-30T02:00:00Z","window_end":"2023-09-30T02:15:50Z","window_start":"2023-09-29T22:39:30Z","net_precision":{"id":0,"name":"Second","abbrev":"SEC","description":"The T-0 is accurate to the second."},"probability":40,"weather_concerns":"Anvil Cloud Rules, Cumulus Cloud Rule, Surface Electric Fields Rule","holdreason":"","failreason":"","hashtag":null,"launch_service_provider":{"id":121,"url":"https://lldev.thespacedevs.com/2.2.0/agencies/121/","name":"SpaceX","type":"Commercial"},"rocket":{"id":7961,"configuration":{"id":164,"url":"https://lldev.thespacedevs.com/2.2.0/config/launcher/164/","name":"Falcon 9","family":"Falcon","full_name":"Falcon 9 Block 5","variant":"Block 5"}},"mission":{"id":6478,"name":"Starlink Group 6-19","description":"A batch of 22 satellites for the Starlink mega-constellation - SpaceX's project for space-based Internet communication system.","launch_designator":null,"type":"Communications","orbit":{"id":8,"name":"Low Earth Orbit","abbrev":"LEO"},"agencies":[{"id":121,"url":"https://lldev.thespacedevs.com/2.2.0/agencies/121/","name":"SpaceX","featured":true,"type":"Commercial","country_code":"USA","abbrev":"SpX","description":"Space Exploration Technologies Corp., known as SpaceX, is an American aerospace manufacturer and space transport services company headquartered in Hawthorne, California. It was founded in 2002 by entrepreneur Elon Musk with the goal of reducing space transportation costs and enabling the colonization of Mars. SpaceX operates from many pads, on the East Coast of the US they operate from SLC-40 at Cape Canaveral Space Force Station and historic LC-39A at Kennedy Space Center. They also operate from SLC-4E at Vandenberg Space Force Base, California, usually for polar launches. Another launch site is being developed at Boca Chica, Texas.","administrator":"CEO: Elon Musk","founding_year":"2002","launchers":"Falcon | Starship","spacecraft":"Dragon","launch_library_url":"https://launchlibrary.net/1.4/agency/121","total_launch_count":283,"consecutive_successful_launches":44,"successful_launches":273,"failed_launches":10,"pending_launches":130,"consecutive_successful_landings":153,"successful_landings":235,"failed_landings":22,"attempted_landings":256,"info_url":"http://www.spacex.com/","wiki_url":"http://en.wikipedia.org/wiki/SpaceX","logo_url":"https://spacelaunchnow-prod-east.nyc3.digitaloceanspaces.com/media/logo/spacex_logo_20220826094919.png","image_url":"https://spacelaunchnow-prod-east.nyc3.digitaloceanspaces.com/media/agency_images/spacex_image_20190207032501.jpeg","nation_url":"https://spacelaunchnow-prod-east.nyc3.digitaloceanspaces.com/media/agency_nation/spacex_nation_20230531064544.jpg"}],"info_urls":[],"vid_urls":[]},"pad":{"id":80,"url":"https://lldev.thespacedevs.com/2.2.0/pad/80/","agency_id":121,"name":"Space Launch Complex 40","description":null,"info_url":null,"wiki_url":"https://en.wikipedia.org/wiki/Cape_Canaveral_Air_Force_Station_Space_Launch_Complex_40","map_url":"https://www.google.com/maps?q=28.56194122,-80.57735736","latitude":"28.56194122","longitude":"-80.57735736","location":{"id":12,"url":"https://lldev.thespacedevs.com/2.2.0/location/12/","name":"Cape Canaveral, FL, USA","country_code":"USA","description":null,"map_image":"https://spacelaunchnow-prod-east.nyc3.digitaloceanspaces.com/media/launch_images/location_12_20200803142519.jpg","timezone_name":"America/New_York","total_launch_count":910,"total_landing_count":37},"country_code":"USA","map_image":"https://spacelaunchnow-prod-east.nyc3.digitaloceanspaces.com/media/launch_images/pad_80_20200803143323.jpg","total_launch_count":202,"orbital_launch_attempt_count":202},"webcast_live":false,"image":"https://spacelaunchnow-prod-east.nyc3.digitaloceanspaces.com/media/launch_images/falcon2520925_image_20230727063129.png","infographic":null,"program":[],"orbital_launch_attempt_count":6516,"location_launch_attempt_count":910,"pad_launch_attempt_count":202,"agency_launch_attempt_count":283,"orbital_launch_attempt_count_year":159,"location_launch_attempt_count_year":42,"pad_launch_attempt_count_year":39,"agency_launch_attempt_count_year":70}]}
[2023-10-03T10:17:03.260+0000] {taskinstance.py:1373} INFO - Marking task as SUCCESS. dag_id=rocket_launch2, task_id=task_get_op, execution_date=20230930T000000, start_date=20231003T101701, end_date=20231003T101703
[2023-10-03T10:17:03.290+0000] {local_task_job_runner.py:232} INFO - Task exited with return code 0
[2023-10-03T10:17:03.314+0000] {taskinstance.py:2674} INFO - 1 downstream tasks scheduled from follow-on schedule check
