[2023-10-03T10:04:07.922+0000] {taskinstance.py:1125} INFO - Dependencies all met for dep_context=non-requeueable deps ti=<TaskInstance: rocket_launch2.check_launches scheduled__2023-09-22T00:00:00+00:00 [queued]>
[2023-10-03T10:04:08.059+0000] {taskinstance.py:1125} INFO - Dependencies all met for dep_context=requeueable deps ti=<TaskInstance: rocket_launch2.check_launches scheduled__2023-09-22T00:00:00+00:00 [queued]>
[2023-10-03T10:04:08.062+0000] {taskinstance.py:1331} INFO - Starting attempt 2 of 2
[2023-10-03T10:04:08.251+0000] {taskinstance.py:1350} INFO - Executing <Task(PythonOperator): check_launches> on 2023-09-22 00:00:00+00:00
[2023-10-03T10:04:08.308+0000] {standard_task_runner.py:57} INFO - Started process 3461 to run task
[2023-10-03T10:04:08.330+0000] {standard_task_runner.py:84} INFO - Running: ['***', 'tasks', 'run', 'rocket_launch2', 'check_launches', 'scheduled__2023-09-22T00:00:00+00:00', '--job-id', '265', '--raw', '--subdir', 'DAGS_FOLDER/rocket_launch.py', '--cfg-path', '/tmp/tmpt_r1io9g']
[2023-10-03T10:04:08.347+0000] {standard_task_runner.py:85} INFO - Job 265: Subtask check_launches
[2023-10-03T10:04:09.027+0000] {task_command.py:410} INFO - Running <TaskInstance: rocket_launch2.check_launches scheduled__2023-09-22T00:00:00+00:00 [running]> on host e870058fa168
[2023-10-03T10:04:10.915+0000] {taskinstance.py:1570} INFO - Exporting env vars: AIRFLOW_CTX_DAG_OWNER='***' AIRFLOW_CTX_DAG_ID='rocket_launch2' AIRFLOW_CTX_TASK_ID='check_launches' AIRFLOW_CTX_EXECUTION_DATE='2023-09-22T00:00:00+00:00' AIRFLOW_CTX_TRY_NUMBER='2' AIRFLOW_CTX_DAG_RUN_ID='scheduled__2023-09-22T00:00:00+00:00'
[2023-10-03T10:04:11.142+0000] {taskinstance.py:1454} INFO - No launches on 2023-09-22
[2023-10-03T10:04:11.353+0000] {taskinstance.py:1373} INFO - Marking task as SKIPPED. dag_id=rocket_launch2, task_id=check_launches, execution_date=20230922T000000, start_date=20231003T100407, end_date=20231003T100411
[2023-10-03T10:04:12.068+0000] {local_task_job_runner.py:232} INFO - Task exited with return code 0
[2023-10-03T10:04:12.406+0000] {taskinstance.py:2674} INFO - 0 downstream tasks scheduled from follow-on schedule check
[2023-10-03T10:09:27.188+0000] {taskinstance.py:1125} INFO - Dependencies all met for dep_context=non-requeueable deps ti=<TaskInstance: rocket_launch2.check_launches scheduled__2023-09-22T00:00:00+00:00 [queued]>
[2023-10-03T10:09:27.412+0000] {taskinstance.py:1125} INFO - Dependencies all met for dep_context=requeueable deps ti=<TaskInstance: rocket_launch2.check_launches scheduled__2023-09-22T00:00:00+00:00 [queued]>
[2023-10-03T10:09:27.417+0000] {taskinstance.py:1331} INFO - Starting attempt 2 of 2
[2023-10-03T10:09:27.905+0000] {taskinstance.py:1350} INFO - Executing <Task(PythonOperator): check_launches> on 2023-09-22 00:00:00+00:00
[2023-10-03T10:09:28.111+0000] {standard_task_runner.py:57} INFO - Started process 3744 to run task
[2023-10-03T10:09:28.187+0000] {standard_task_runner.py:84} INFO - Running: ['***', 'tasks', 'run', 'rocket_launch2', 'check_launches', 'scheduled__2023-09-22T00:00:00+00:00', '--job-id', '367', '--raw', '--subdir', 'DAGS_FOLDER/rocket_launch.py', '--cfg-path', '/tmp/tmpw9xmhena']
[2023-10-03T10:09:28.220+0000] {standard_task_runner.py:85} INFO - Job 367: Subtask check_launches
[2023-10-03T10:09:29.645+0000] {task_command.py:410} INFO - Running <TaskInstance: rocket_launch2.check_launches scheduled__2023-09-22T00:00:00+00:00 [running]> on host e870058fa168
[2023-10-03T10:09:31.920+0000] {taskinstance.py:1570} INFO - Exporting env vars: AIRFLOW_CTX_DAG_OWNER='***' AIRFLOW_CTX_DAG_ID='rocket_launch2' AIRFLOW_CTX_TASK_ID='check_launches' AIRFLOW_CTX_EXECUTION_DATE='2023-09-22T00:00:00+00:00' AIRFLOW_CTX_TRY_NUMBER='2' AIRFLOW_CTX_DAG_RUN_ID='scheduled__2023-09-22T00:00:00+00:00'
[2023-10-03T10:09:32.288+0000] {taskinstance.py:1454} INFO - No launches on 2023-09-22
[2023-10-03T10:09:32.467+0000] {taskinstance.py:1373} INFO - Marking task as SKIPPED. dag_id=rocket_launch2, task_id=check_launches, execution_date=20230922T000000, start_date=20231003T100927, end_date=20231003T100932
[2023-10-03T10:09:32.848+0000] {local_task_job_runner.py:232} INFO - Task exited with return code 0
[2023-10-03T10:09:32.925+0000] {taskinstance.py:2674} INFO - 0 downstream tasks scheduled from follow-on schedule check
