[2023-10-03T09:53:07.147+0000] {taskinstance.py:1125} INFO - Dependencies all met for dep_context=non-requeueable deps ti=<TaskInstance: rocket_launch2.check_launches scheduled__2023-09-22T00:00:00+00:00 [queued]>
[2023-10-03T09:53:07.584+0000] {taskinstance.py:1125} INFO - Dependencies all met for dep_context=requeueable deps ti=<TaskInstance: rocket_launch2.check_launches scheduled__2023-09-22T00:00:00+00:00 [queued]>
[2023-10-03T09:53:07.614+0000] {taskinstance.py:1331} INFO - Starting attempt 1 of 1
[2023-10-03T09:53:07.860+0000] {taskinstance.py:1350} INFO - Executing <Task(ShortCircuitOperator): check_launches> on 2023-09-22 00:00:00+00:00
[2023-10-03T09:53:07.945+0000] {standard_task_runner.py:57} INFO - Started process 3063 to run task
[2023-10-03T09:53:07.952+0000] {standard_task_runner.py:84} INFO - Running: ['***', 'tasks', 'run', 'rocket_launch2', 'check_launches', 'scheduled__2023-09-22T00:00:00+00:00', '--job-id', '167', '--raw', '--subdir', 'DAGS_FOLDER/rocket_launch.py', '--cfg-path', '/tmp/tmp3qpr7nsp']
[2023-10-03T09:53:07.971+0000] {standard_task_runner.py:85} INFO - Job 167: Subtask check_launches
[2023-10-03T09:53:08.493+0000] {task_command.py:410} INFO - Running <TaskInstance: rocket_launch2.check_launches scheduled__2023-09-22T00:00:00+00:00 [running]> on host e870058fa168
[2023-10-03T09:53:09.887+0000] {taskinstance.py:1570} INFO - Exporting env vars: AIRFLOW_CTX_DAG_OWNER='***' AIRFLOW_CTX_DAG_ID='rocket_launch2' AIRFLOW_CTX_TASK_ID='check_launches' AIRFLOW_CTX_EXECUTION_DATE='2023-09-22T00:00:00+00:00' AIRFLOW_CTX_TRY_NUMBER='1' AIRFLOW_CTX_DAG_RUN_ID='scheduled__2023-09-22T00:00:00+00:00'
[2023-10-03T09:53:09.958+0000] {taskinstance.py:1454} INFO - No launches on 2023-09-22
[2023-10-03T09:53:09.988+0000] {taskinstance.py:1373} INFO - Marking task as SKIPPED. dag_id=rocket_launch2, task_id=check_launches, execution_date=20230922T000000, start_date=20231003T095307, end_date=20231003T095309
[2023-10-03T09:53:10.120+0000] {local_task_job_runner.py:232} INFO - Task exited with return code 0
[2023-10-03T09:53:10.398+0000] {taskinstance.py:2674} INFO - 0 downstream tasks scheduled from follow-on schedule check
[2023-10-03T10:02:36.849+0000] {taskinstance.py:1125} INFO - Dependencies all met for dep_context=non-requeueable deps ti=<TaskInstance: rocket_launch2.check_launches scheduled__2023-09-22T00:00:00+00:00 [queued]>
[2023-10-03T10:02:37.258+0000] {taskinstance.py:1125} INFO - Dependencies all met for dep_context=requeueable deps ti=<TaskInstance: rocket_launch2.check_launches scheduled__2023-09-22T00:00:00+00:00 [queued]>
[2023-10-03T10:02:37.263+0000] {taskinstance.py:1331} INFO - Starting attempt 1 of 1
[2023-10-03T10:02:37.674+0000] {taskinstance.py:1350} INFO - Executing <Task(PythonOperator): check_launches> on 2023-09-22 00:00:00+00:00
[2023-10-03T10:02:37.769+0000] {standard_task_runner.py:57} INFO - Started process 3370 to run task
[2023-10-03T10:02:37.823+0000] {standard_task_runner.py:84} INFO - Running: ['***', 'tasks', 'run', 'rocket_launch2', 'check_launches', 'scheduled__2023-09-22T00:00:00+00:00', '--job-id', '236', '--raw', '--subdir', 'DAGS_FOLDER/rocket_launch.py', '--cfg-path', '/tmp/tmpridw_hr1']
[2023-10-03T10:02:37.837+0000] {standard_task_runner.py:85} INFO - Job 236: Subtask check_launches
[2023-10-03T10:02:38.405+0000] {task_command.py:410} INFO - Running <TaskInstance: rocket_launch2.check_launches scheduled__2023-09-22T00:00:00+00:00 [running]> on host e870058fa168
[2023-10-03T10:02:39.635+0000] {taskinstance.py:1570} INFO - Exporting env vars: AIRFLOW_CTX_DAG_OWNER='***' AIRFLOW_CTX_DAG_ID='rocket_launch2' AIRFLOW_CTX_TASK_ID='check_launches' AIRFLOW_CTX_EXECUTION_DATE='2023-09-22T00:00:00+00:00' AIRFLOW_CTX_TRY_NUMBER='1' AIRFLOW_CTX_DAG_RUN_ID='scheduled__2023-09-22T00:00:00+00:00'
[2023-10-03T10:02:39.803+0000] {taskinstance.py:1454} INFO - No launches on 2023-09-22
[2023-10-03T10:02:39.890+0000] {taskinstance.py:1373} INFO - Marking task as SKIPPED. dag_id=rocket_launch2, task_id=check_launches, execution_date=20230922T000000, start_date=20231003T100236, end_date=20231003T100239
[2023-10-03T10:02:40.275+0000] {local_task_job_runner.py:232} INFO - Task exited with return code 0
[2023-10-03T10:02:40.526+0000] {taskinstance.py:2674} INFO - 0 downstream tasks scheduled from follow-on schedule check
[2023-10-03T10:06:12.797+0000] {taskinstance.py:1125} INFO - Dependencies all met for dep_context=non-requeueable deps ti=<TaskInstance: rocket_launch2.check_launches scheduled__2023-09-22T00:00:00+00:00 [queued]>
[2023-10-03T10:06:13.180+0000] {taskinstance.py:1125} INFO - Dependencies all met for dep_context=requeueable deps ti=<TaskInstance: rocket_launch2.check_launches scheduled__2023-09-22T00:00:00+00:00 [queued]>
[2023-10-03T10:06:13.180+0000] {taskinstance.py:1331} INFO - Starting attempt 1 of 1
[2023-10-03T10:06:13.654+0000] {taskinstance.py:1350} INFO - Executing <Task(PythonOperator): check_launches> on 2023-09-22 00:00:00+00:00
[2023-10-03T10:06:13.762+0000] {standard_task_runner.py:57} INFO - Started process 3609 to run task
[2023-10-03T10:06:13.895+0000] {standard_task_runner.py:84} INFO - Running: ['***', 'tasks', 'run', 'rocket_launch2', 'check_launches', 'scheduled__2023-09-22T00:00:00+00:00', '--job-id', '325', '--raw', '--subdir', 'DAGS_FOLDER/rocket_launch.py', '--cfg-path', '/tmp/tmphm5iqgdw']
[2023-10-03T10:06:13.966+0000] {standard_task_runner.py:85} INFO - Job 325: Subtask check_launches
[2023-10-03T10:06:14.464+0000] {task_command.py:410} INFO - Running <TaskInstance: rocket_launch2.check_launches scheduled__2023-09-22T00:00:00+00:00 [running]> on host e870058fa168
[2023-10-03T10:06:15.192+0000] {taskinstance.py:1570} INFO - Exporting env vars: AIRFLOW_CTX_DAG_OWNER='***' AIRFLOW_CTX_DAG_ID='rocket_launch2' AIRFLOW_CTX_TASK_ID='check_launches' AIRFLOW_CTX_EXECUTION_DATE='2023-09-22T00:00:00+00:00' AIRFLOW_CTX_TRY_NUMBER='1' AIRFLOW_CTX_DAG_RUN_ID='scheduled__2023-09-22T00:00:00+00:00'
[2023-10-03T10:06:15.357+0000] {taskinstance.py:1454} INFO - No launches on 2023-09-22
[2023-10-03T10:06:15.628+0000] {taskinstance.py:1373} INFO - Marking task as SKIPPED. dag_id=rocket_launch2, task_id=check_launches, execution_date=20230922T000000, start_date=20231003T100612, end_date=20231003T100615
[2023-10-03T10:06:15.853+0000] {local_task_job_runner.py:232} INFO - Task exited with return code 0
[2023-10-03T10:06:16.102+0000] {taskinstance.py:2674} INFO - 0 downstream tasks scheduled from follow-on schedule check
[2023-10-03T10:16:45.391+0000] {taskinstance.py:1125} INFO - Dependencies all met for dep_context=non-requeueable deps ti=<TaskInstance: rocket_launch2.check_launches scheduled__2023-09-22T00:00:00+00:00 [queued]>
[2023-10-03T10:16:45.688+0000] {taskinstance.py:1125} INFO - Dependencies all met for dep_context=requeueable deps ti=<TaskInstance: rocket_launch2.check_launches scheduled__2023-09-22T00:00:00+00:00 [queued]>
[2023-10-03T10:16:45.710+0000] {taskinstance.py:1331} INFO - Starting attempt 1 of 1
[2023-10-03T10:16:46.340+0000] {taskinstance.py:1350} INFO - Executing <Task(PythonOperator): check_launches> on 2023-09-22 00:00:00+00:00
[2023-10-03T10:16:46.436+0000] {standard_task_runner.py:57} INFO - Started process 3971 to run task
[2023-10-03T10:16:46.457+0000] {standard_task_runner.py:84} INFO - Running: ['***', 'tasks', 'run', 'rocket_launch2', 'check_launches', 'scheduled__2023-09-22T00:00:00+00:00', '--job-id', '418', '--raw', '--subdir', 'DAGS_FOLDER/rocket_launch.py', '--cfg-path', '/tmp/tmpkupe9lmb']
[2023-10-03T10:16:46.498+0000] {standard_task_runner.py:85} INFO - Job 418: Subtask check_launches
[2023-10-03T10:16:47.043+0000] {task_command.py:410} INFO - Running <TaskInstance: rocket_launch2.check_launches scheduled__2023-09-22T00:00:00+00:00 [running]> on host e870058fa168
[2023-10-03T10:16:48.400+0000] {taskinstance.py:1570} INFO - Exporting env vars: AIRFLOW_CTX_DAG_OWNER='***' AIRFLOW_CTX_DAG_ID='rocket_launch2' AIRFLOW_CTX_TASK_ID='check_launches' AIRFLOW_CTX_EXECUTION_DATE='2023-09-22T00:00:00+00:00' AIRFLOW_CTX_TRY_NUMBER='1' AIRFLOW_CTX_DAG_RUN_ID='scheduled__2023-09-22T00:00:00+00:00'
[2023-10-03T10:16:48.498+0000] {taskinstance.py:1454} INFO - No launches on 2023-09-22
[2023-10-03T10:16:48.619+0000] {taskinstance.py:1373} INFO - Marking task as SKIPPED. dag_id=rocket_launch2, task_id=check_launches, execution_date=20230922T000000, start_date=20231003T101645, end_date=20231003T101648
[2023-10-03T10:16:48.859+0000] {local_task_job_runner.py:232} INFO - Task exited with return code 0
[2023-10-03T10:16:49.061+0000] {taskinstance.py:2674} INFO - 0 downstream tasks scheduled from follow-on schedule check
