[2023-10-03T09:53:06.397+0000] {taskinstance.py:1125} INFO - Dependencies all met for dep_context=non-requeueable deps ti=<TaskInstance: rocket_launch2.check_launches scheduled__2023-09-15T00:00:00+00:00 [queued]>
[2023-10-03T09:53:06.646+0000] {taskinstance.py:1125} INFO - Dependencies all met for dep_context=requeueable deps ti=<TaskInstance: rocket_launch2.check_launches scheduled__2023-09-15T00:00:00+00:00 [queued]>
[2023-10-03T09:53:06.674+0000] {taskinstance.py:1331} INFO - Starting attempt 1 of 1
[2023-10-03T09:53:06.930+0000] {taskinstance.py:1350} INFO - Executing <Task(ShortCircuitOperator): check_launches> on 2023-09-15 00:00:00+00:00
[2023-10-03T09:53:06.992+0000] {standard_task_runner.py:57} INFO - Started process 3059 to run task
[2023-10-03T09:53:07.017+0000] {standard_task_runner.py:84} INFO - Running: ['***', 'tasks', 'run', 'rocket_launch2', 'check_launches', 'scheduled__2023-09-15T00:00:00+00:00', '--job-id', '164', '--raw', '--subdir', 'DAGS_FOLDER/rocket_launch.py', '--cfg-path', '/tmp/tmp4nq9__q6']
[2023-10-03T09:53:07.017+0000] {standard_task_runner.py:85} INFO - Job 164: Subtask check_launches
[2023-10-03T09:53:07.814+0000] {task_command.py:410} INFO - Running <TaskInstance: rocket_launch2.check_launches scheduled__2023-09-15T00:00:00+00:00 [running]> on host e870058fa168
[2023-10-03T09:53:09.485+0000] {taskinstance.py:1570} INFO - Exporting env vars: AIRFLOW_CTX_DAG_OWNER='***' AIRFLOW_CTX_DAG_ID='rocket_launch2' AIRFLOW_CTX_TASK_ID='check_launches' AIRFLOW_CTX_EXECUTION_DATE='2023-09-15T00:00:00+00:00' AIRFLOW_CTX_TRY_NUMBER='1' AIRFLOW_CTX_DAG_RUN_ID='scheduled__2023-09-15T00:00:00+00:00'
[2023-10-03T09:53:09.575+0000] {python.py:183} INFO - Done. Returned value was: True
[2023-10-03T09:53:09.582+0000] {python.py:253} INFO - Condition result is True
[2023-10-03T09:53:09.583+0000] {python.py:256} INFO - Proceeding with downstream tasks...
[2023-10-03T09:53:09.785+0000] {taskinstance.py:1373} INFO - Marking task as SUCCESS. dag_id=rocket_launch2, task_id=check_launches, execution_date=20230915T000000, start_date=20231003T095306, end_date=20231003T095309
[2023-10-03T09:53:09.908+0000] {local_task_job_runner.py:232} INFO - Task exited with return code 0
[2023-10-03T09:53:10.181+0000] {taskinstance.py:2674} INFO - 1 downstream tasks scheduled from follow-on schedule check
[2023-10-03T10:02:33.429+0000] {taskinstance.py:1125} INFO - Dependencies all met for dep_context=non-requeueable deps ti=<TaskInstance: rocket_launch2.check_launches scheduled__2023-09-15T00:00:00+00:00 [queued]>
[2023-10-03T10:02:33.654+0000] {taskinstance.py:1125} INFO - Dependencies all met for dep_context=requeueable deps ti=<TaskInstance: rocket_launch2.check_launches scheduled__2023-09-15T00:00:00+00:00 [queued]>
[2023-10-03T10:02:33.666+0000] {taskinstance.py:1331} INFO - Starting attempt 1 of 1
[2023-10-03T10:02:34.062+0000] {taskinstance.py:1350} INFO - Executing <Task(PythonOperator): check_launches> on 2023-09-15 00:00:00+00:00
[2023-10-03T10:02:34.150+0000] {standard_task_runner.py:57} INFO - Started process 3360 to run task
[2023-10-03T10:02:34.238+0000] {standard_task_runner.py:84} INFO - Running: ['***', 'tasks', 'run', 'rocket_launch2', 'check_launches', 'scheduled__2023-09-15T00:00:00+00:00', '--job-id', '231', '--raw', '--subdir', 'DAGS_FOLDER/rocket_launch.py', '--cfg-path', '/tmp/tmpf1tx6gtv']
[2023-10-03T10:02:34.251+0000] {standard_task_runner.py:85} INFO - Job 231: Subtask check_launches
[2023-10-03T10:02:35.036+0000] {task_command.py:410} INFO - Running <TaskInstance: rocket_launch2.check_launches scheduled__2023-09-15T00:00:00+00:00 [running]> on host e870058fa168
[2023-10-03T10:02:36.044+0000] {taskinstance.py:1570} INFO - Exporting env vars: AIRFLOW_CTX_DAG_OWNER='***' AIRFLOW_CTX_DAG_ID='rocket_launch2' AIRFLOW_CTX_TASK_ID='check_launches' AIRFLOW_CTX_EXECUTION_DATE='2023-09-15T00:00:00+00:00' AIRFLOW_CTX_TRY_NUMBER='1' AIRFLOW_CTX_DAG_RUN_ID='scheduled__2023-09-15T00:00:00+00:00'
[2023-10-03T10:02:36.187+0000] {python.py:183} INFO - Done. Returned value was: None
[2023-10-03T10:02:36.356+0000] {taskinstance.py:1373} INFO - Marking task as SUCCESS. dag_id=rocket_launch2, task_id=check_launches, execution_date=20230915T000000, start_date=20231003T100233, end_date=20231003T100236
[2023-10-03T10:02:36.847+0000] {local_task_job_runner.py:232} INFO - Task exited with return code 0
[2023-10-03T10:02:36.908+0000] {taskinstance.py:2674} INFO - 1 downstream tasks scheduled from follow-on schedule check
[2023-10-03T10:06:11.275+0000] {taskinstance.py:1125} INFO - Dependencies all met for dep_context=non-requeueable deps ti=<TaskInstance: rocket_launch2.check_launches scheduled__2023-09-15T00:00:00+00:00 [queued]>
[2023-10-03T10:06:11.431+0000] {taskinstance.py:1125} INFO - Dependencies all met for dep_context=requeueable deps ti=<TaskInstance: rocket_launch2.check_launches scheduled__2023-09-15T00:00:00+00:00 [queued]>
[2023-10-03T10:06:11.436+0000] {taskinstance.py:1331} INFO - Starting attempt 1 of 1
[2023-10-03T10:06:11.679+0000] {taskinstance.py:1350} INFO - Executing <Task(PythonOperator): check_launches> on 2023-09-15 00:00:00+00:00
[2023-10-03T10:06:11.701+0000] {standard_task_runner.py:57} INFO - Started process 3599 to run task
[2023-10-03T10:06:11.758+0000] {standard_task_runner.py:84} INFO - Running: ['***', 'tasks', 'run', 'rocket_launch2', 'check_launches', 'scheduled__2023-09-15T00:00:00+00:00', '--job-id', '321', '--raw', '--subdir', 'DAGS_FOLDER/rocket_launch.py', '--cfg-path', '/tmp/tmp0aw9u15d']
[2023-10-03T10:06:11.766+0000] {standard_task_runner.py:85} INFO - Job 321: Subtask check_launches
[2023-10-03T10:06:12.135+0000] {task_command.py:410} INFO - Running <TaskInstance: rocket_launch2.check_launches scheduled__2023-09-15T00:00:00+00:00 [running]> on host e870058fa168
[2023-10-03T10:06:13.482+0000] {taskinstance.py:1570} INFO - Exporting env vars: AIRFLOW_CTX_DAG_OWNER='***' AIRFLOW_CTX_DAG_ID='rocket_launch2' AIRFLOW_CTX_TASK_ID='check_launches' AIRFLOW_CTX_EXECUTION_DATE='2023-09-15T00:00:00+00:00' AIRFLOW_CTX_TRY_NUMBER='1' AIRFLOW_CTX_DAG_RUN_ID='scheduled__2023-09-15T00:00:00+00:00'
[2023-10-03T10:06:13.671+0000] {python.py:183} INFO - Done. Returned value was: None
[2023-10-03T10:06:13.690+0000] {taskinstance.py:1373} INFO - Marking task as SUCCESS. dag_id=rocket_launch2, task_id=check_launches, execution_date=20230915T000000, start_date=20231003T100611, end_date=20231003T100613
[2023-10-03T10:06:14.031+0000] {local_task_job_runner.py:232} INFO - Task exited with return code 0
[2023-10-03T10:06:14.274+0000] {taskinstance.py:2674} INFO - 1 downstream tasks scheduled from follow-on schedule check
[2023-10-03T10:16:41.285+0000] {taskinstance.py:1125} INFO - Dependencies all met for dep_context=non-requeueable deps ti=<TaskInstance: rocket_launch2.check_launches scheduled__2023-09-15T00:00:00+00:00 [queued]>
[2023-10-03T10:16:41.463+0000] {taskinstance.py:1125} INFO - Dependencies all met for dep_context=requeueable deps ti=<TaskInstance: rocket_launch2.check_launches scheduled__2023-09-15T00:00:00+00:00 [queued]>
[2023-10-03T10:16:41.468+0000] {taskinstance.py:1331} INFO - Starting attempt 1 of 1
[2023-10-03T10:16:41.864+0000] {taskinstance.py:1350} INFO - Executing <Task(PythonOperator): check_launches> on 2023-09-15 00:00:00+00:00
[2023-10-03T10:16:42.070+0000] {standard_task_runner.py:57} INFO - Started process 3958 to run task
[2023-10-03T10:16:42.140+0000] {standard_task_runner.py:84} INFO - Running: ['***', 'tasks', 'run', 'rocket_launch2', 'check_launches', 'scheduled__2023-09-15T00:00:00+00:00', '--job-id', '407', '--raw', '--subdir', 'DAGS_FOLDER/rocket_launch.py', '--cfg-path', '/tmp/tmpphwoummz']
[2023-10-03T10:16:42.153+0000] {standard_task_runner.py:85} INFO - Job 407: Subtask check_launches
[2023-10-03T10:16:42.573+0000] {task_command.py:410} INFO - Running <TaskInstance: rocket_launch2.check_launches scheduled__2023-09-15T00:00:00+00:00 [running]> on host e870058fa168
[2023-10-03T10:16:42.779+0000] {taskinstance.py:1570} INFO - Exporting env vars: AIRFLOW_CTX_DAG_OWNER='***' AIRFLOW_CTX_DAG_ID='rocket_launch2' AIRFLOW_CTX_TASK_ID='check_launches' AIRFLOW_CTX_EXECUTION_DATE='2023-09-15T00:00:00+00:00' AIRFLOW_CTX_TRY_NUMBER='1' AIRFLOW_CTX_DAG_RUN_ID='scheduled__2023-09-15T00:00:00+00:00'
[2023-10-03T10:16:42.807+0000] {python.py:183} INFO - Done. Returned value was: None
[2023-10-03T10:16:42.820+0000] {taskinstance.py:1373} INFO - Marking task as SUCCESS. dag_id=rocket_launch2, task_id=check_launches, execution_date=20230915T000000, start_date=20231003T101641, end_date=20231003T101642
[2023-10-03T10:16:42.985+0000] {local_task_job_runner.py:232} INFO - Task exited with return code 0
[2023-10-03T10:16:43.184+0000] {taskinstance.py:2674} INFO - 1 downstream tasks scheduled from follow-on schedule check
