[2023-10-03T10:04:08.267+0000] {taskinstance.py:1125} INFO - Dependencies all met for dep_context=non-requeueable deps ti=<TaskInstance: rocket_launch2.check_launches scheduled__2023-09-15T00:00:00+00:00 [queued]>
[2023-10-03T10:04:08.463+0000] {taskinstance.py:1125} INFO - Dependencies all met for dep_context=requeueable deps ti=<TaskInstance: rocket_launch2.check_launches scheduled__2023-09-15T00:00:00+00:00 [queued]>
[2023-10-03T10:04:08.463+0000] {taskinstance.py:1331} INFO - Starting attempt 2 of 2
[2023-10-03T10:04:08.741+0000] {taskinstance.py:1350} INFO - Executing <Task(PythonOperator): check_launches> on 2023-09-15 00:00:00+00:00
[2023-10-03T10:04:08.819+0000] {standard_task_runner.py:57} INFO - Started process 3465 to run task
[2023-10-03T10:04:08.859+0000] {standard_task_runner.py:84} INFO - Running: ['***', 'tasks', 'run', 'rocket_launch2', 'check_launches', 'scheduled__2023-09-15T00:00:00+00:00', '--job-id', '267', '--raw', '--subdir', 'DAGS_FOLDER/rocket_launch.py', '--cfg-path', '/tmp/tmpsfpfk6nb']
[2023-10-03T10:04:08.868+0000] {standard_task_runner.py:85} INFO - Job 267: Subtask check_launches
[2023-10-03T10:04:09.332+0000] {task_command.py:410} INFO - Running <TaskInstance: rocket_launch2.check_launches scheduled__2023-09-15T00:00:00+00:00 [running]> on host e870058fa168
[2023-10-03T10:04:11.230+0000] {taskinstance.py:1570} INFO - Exporting env vars: AIRFLOW_CTX_DAG_OWNER='***' AIRFLOW_CTX_DAG_ID='rocket_launch2' AIRFLOW_CTX_TASK_ID='check_launches' AIRFLOW_CTX_EXECUTION_DATE='2023-09-15T00:00:00+00:00' AIRFLOW_CTX_TRY_NUMBER='2' AIRFLOW_CTX_DAG_RUN_ID='scheduled__2023-09-15T00:00:00+00:00'
[2023-10-03T10:04:11.351+0000] {python.py:183} INFO - Done. Returned value was: None
[2023-10-03T10:04:11.465+0000] {taskinstance.py:1373} INFO - Marking task as SUCCESS. dag_id=rocket_launch2, task_id=check_launches, execution_date=20230915T000000, start_date=20231003T100408, end_date=20231003T100411
[2023-10-03T10:04:12.148+0000] {local_task_job_runner.py:232} INFO - Task exited with return code 0
[2023-10-03T10:04:12.523+0000] {taskinstance.py:2674} INFO - 0 downstream tasks scheduled from follow-on schedule check
[2023-10-03T10:09:27.164+0000] {taskinstance.py:1125} INFO - Dependencies all met for dep_context=non-requeueable deps ti=<TaskInstance: rocket_launch2.check_launches scheduled__2023-09-15T00:00:00+00:00 [queued]>
[2023-10-03T10:09:27.367+0000] {taskinstance.py:1125} INFO - Dependencies all met for dep_context=requeueable deps ti=<TaskInstance: rocket_launch2.check_launches scheduled__2023-09-15T00:00:00+00:00 [queued]>
[2023-10-03T10:09:27.383+0000] {taskinstance.py:1331} INFO - Starting attempt 2 of 2
[2023-10-03T10:09:27.869+0000] {taskinstance.py:1350} INFO - Executing <Task(PythonOperator): check_launches> on 2023-09-15 00:00:00+00:00
[2023-10-03T10:09:28.028+0000] {standard_task_runner.py:57} INFO - Started process 3743 to run task
[2023-10-03T10:09:28.062+0000] {standard_task_runner.py:84} INFO - Running: ['***', 'tasks', 'run', 'rocket_launch2', 'check_launches', 'scheduled__2023-09-15T00:00:00+00:00', '--job-id', '364', '--raw', '--subdir', 'DAGS_FOLDER/rocket_launch.py', '--cfg-path', '/tmp/tmpf_vtr3ge']
[2023-10-03T10:09:28.076+0000] {standard_task_runner.py:85} INFO - Job 364: Subtask check_launches
[2023-10-03T10:09:29.286+0000] {task_command.py:410} INFO - Running <TaskInstance: rocket_launch2.check_launches scheduled__2023-09-15T00:00:00+00:00 [running]> on host e870058fa168
[2023-10-03T10:09:31.522+0000] {taskinstance.py:1570} INFO - Exporting env vars: AIRFLOW_CTX_DAG_OWNER='***' AIRFLOW_CTX_DAG_ID='rocket_launch2' AIRFLOW_CTX_TASK_ID='check_launches' AIRFLOW_CTX_EXECUTION_DATE='2023-09-15T00:00:00+00:00' AIRFLOW_CTX_TRY_NUMBER='2' AIRFLOW_CTX_DAG_RUN_ID='scheduled__2023-09-15T00:00:00+00:00'
[2023-10-03T10:09:31.883+0000] {python.py:183} INFO - Done. Returned value was: None
[2023-10-03T10:09:32.134+0000] {taskinstance.py:1373} INFO - Marking task as SUCCESS. dag_id=rocket_launch2, task_id=check_launches, execution_date=20230915T000000, start_date=20231003T100927, end_date=20231003T100932
[2023-10-03T10:09:32.541+0000] {local_task_job_runner.py:232} INFO - Task exited with return code 0
[2023-10-03T10:09:32.624+0000] {taskinstance.py:2674} INFO - 0 downstream tasks scheduled from follow-on schedule check
