[2023-10-03T09:25:28.514+0000] {taskinstance.py:1125} INFO - Dependencies all met for dep_context=non-requeueable deps ti=<TaskInstance: rocket_launch2.branching scheduled__2023-09-30T00:00:00+00:00 [queued]>
[2023-10-03T09:25:28.530+0000] {taskinstance.py:1125} INFO - Dependencies all met for dep_context=requeueable deps ti=<TaskInstance: rocket_launch2.branching scheduled__2023-09-30T00:00:00+00:00 [queued]>
[2023-10-03T09:25:28.531+0000] {taskinstance.py:1331} INFO - Starting attempt 1 of 1
[2023-10-03T09:25:28.559+0000] {taskinstance.py:1350} INFO - Executing <Task(BranchPythonOperator): branching> on 2023-09-30 00:00:00+00:00
[2023-10-03T09:25:28.564+0000] {standard_task_runner.py:57} INFO - Started process 2380 to run task
[2023-10-03T09:25:28.567+0000] {standard_task_runner.py:84} INFO - Running: ['***', 'tasks', 'run', 'rocket_launch2', 'branching', 'scheduled__2023-09-30T00:00:00+00:00', '--job-id', '70', '--raw', '--subdir', 'DAGS_FOLDER/rocket_launch.py', '--cfg-path', '/tmp/tmpr0a5frv6']
[2023-10-03T09:25:28.567+0000] {standard_task_runner.py:85} INFO - Job 70: Subtask branching
[2023-10-03T09:25:28.677+0000] {task_command.py:410} INFO - Running <TaskInstance: rocket_launch2.branching scheduled__2023-09-30T00:00:00+00:00 [running]> on host e870058fa168
[2023-10-03T09:25:28.894+0000] {taskinstance.py:1570} INFO - Exporting env vars: AIRFLOW_CTX_DAG_OWNER='***' AIRFLOW_CTX_DAG_ID='rocket_launch2' AIRFLOW_CTX_TASK_ID='branching' AIRFLOW_CTX_EXECUTION_DATE='2023-09-30T00:00:00+00:00' AIRFLOW_CTX_TRY_NUMBER='1' AIRFLOW_CTX_DAG_RUN_ID='scheduled__2023-09-30T00:00:00+00:00'
[2023-10-03T09:25:28.911+0000] {python.py:183} INFO - Done. Returned value was: True
[2023-10-03T09:25:28.914+0000] {python.py:216} INFO - Branch callable return True
[2023-10-03T09:25:28.914+0000] {skipmixin.py:161} INFO - Following branch True
[2023-10-03T09:25:28.929+0000] {taskinstance.py:1847} ERROR - Task failed with exception
Traceback (most recent call last):
  File "/home/airflow/.local/lib/python3.7/site-packages/airflow/operators/python.py", line 217, in execute
    self.skip_all_except(context["ti"], branch)
  File "/home/airflow/.local/lib/python3.7/site-packages/airflow/models/skipmixin.py", line 178, in skip_all_except
    "'branch_task_ids' must be either None, a task ID, or an Iterable of IDs, "
airflow.exceptions.AirflowException: 'branch_task_ids' must be either None, a task ID, or an Iterable of IDs, but got 'bool'.
[2023-10-03T09:25:28.940+0000] {taskinstance.py:1373} INFO - Marking task as FAILED. dag_id=rocket_launch2, task_id=branching, execution_date=20230930T000000, start_date=20231003T092528, end_date=20231003T092528
[2023-10-03T09:25:28.966+0000] {standard_task_runner.py:109} ERROR - Failed to execute job 70 for task branching ('branch_task_ids' must be either None, a task ID, or an Iterable of IDs, but got 'bool'.; 2380)
[2023-10-03T09:25:28.979+0000] {local_task_job_runner.py:232} INFO - Task exited with return code 1
[2023-10-03T09:25:29.002+0000] {taskinstance.py:2674} INFO - 0 downstream tasks scheduled from follow-on schedule check
[2023-10-03T09:37:40.623+0000] {taskinstance.py:1125} INFO - Dependencies all met for dep_context=non-requeueable deps ti=<TaskInstance: rocket_launch2.branching scheduled__2023-09-30T00:00:00+00:00 [queued]>
[2023-10-03T09:37:40.661+0000] {taskinstance.py:1125} INFO - Dependencies all met for dep_context=requeueable deps ti=<TaskInstance: rocket_launch2.branching scheduled__2023-09-30T00:00:00+00:00 [queued]>
[2023-10-03T09:37:40.666+0000] {taskinstance.py:1331} INFO - Starting attempt 1 of 1
[2023-10-03T09:37:40.751+0000] {taskinstance.py:1350} INFO - Executing <Task(BranchPythonOperator): branching> on 2023-09-30 00:00:00+00:00
[2023-10-03T09:37:40.760+0000] {standard_task_runner.py:57} INFO - Started process 2622 to run task
[2023-10-03T09:37:40.769+0000] {standard_task_runner.py:84} INFO - Running: ['***', 'tasks', 'run', 'rocket_launch2', 'branching', 'scheduled__2023-09-30T00:00:00+00:00', '--job-id', '80', '--raw', '--subdir', 'DAGS_FOLDER/rocket_launch.py', '--cfg-path', '/tmp/tmpuxjsmuku']
[2023-10-03T09:37:40.770+0000] {standard_task_runner.py:85} INFO - Job 80: Subtask branching
[2023-10-03T09:37:40.937+0000] {task_command.py:410} INFO - Running <TaskInstance: rocket_launch2.branching scheduled__2023-09-30T00:00:00+00:00 [running]> on host e870058fa168
[2023-10-03T09:37:41.211+0000] {taskinstance.py:1570} INFO - Exporting env vars: AIRFLOW_CTX_DAG_OWNER='***' AIRFLOW_CTX_DAG_ID='rocket_launch2' AIRFLOW_CTX_TASK_ID='branching' AIRFLOW_CTX_EXECUTION_DATE='2023-09-30T00:00:00+00:00' AIRFLOW_CTX_TRY_NUMBER='1' AIRFLOW_CTX_DAG_RUN_ID='scheduled__2023-09-30T00:00:00+00:00'
[2023-10-03T09:37:41.255+0000] {python.py:183} INFO - Done. Returned value was: True
[2023-10-03T09:37:41.257+0000] {python.py:216} INFO - Branch callable return True
[2023-10-03T09:37:41.258+0000] {skipmixin.py:161} INFO - Following branch True
[2023-10-03T09:37:41.288+0000] {taskinstance.py:1847} ERROR - Task failed with exception
Traceback (most recent call last):
  File "/home/airflow/.local/lib/python3.7/site-packages/airflow/operators/python.py", line 217, in execute
    self.skip_all_except(context["ti"], branch)
  File "/home/airflow/.local/lib/python3.7/site-packages/airflow/models/skipmixin.py", line 178, in skip_all_except
    "'branch_task_ids' must be either None, a task ID, or an Iterable of IDs, "
airflow.exceptions.AirflowException: 'branch_task_ids' must be either None, a task ID, or an Iterable of IDs, but got 'bool'.
[2023-10-03T09:37:41.297+0000] {taskinstance.py:1373} INFO - Marking task as FAILED. dag_id=rocket_launch2, task_id=branching, execution_date=20230930T000000, start_date=20231003T093740, end_date=20231003T093741
[2023-10-03T09:37:41.327+0000] {standard_task_runner.py:109} ERROR - Failed to execute job 80 for task branching ('branch_task_ids' must be either None, a task ID, or an Iterable of IDs, but got 'bool'.; 2622)
[2023-10-03T09:37:41.372+0000] {local_task_job_runner.py:232} INFO - Task exited with return code 1
[2023-10-03T09:37:41.393+0000] {taskinstance.py:2674} INFO - 0 downstream tasks scheduled from follow-on schedule check
[2023-10-03T09:40:04.922+0000] {taskinstance.py:1125} INFO - Dependencies all met for dep_context=non-requeueable deps ti=<TaskInstance: rocket_launch2.branching scheduled__2023-09-30T00:00:00+00:00 [queued]>
[2023-10-03T09:40:04.976+0000] {taskinstance.py:1125} INFO - Dependencies all met for dep_context=requeueable deps ti=<TaskInstance: rocket_launch2.branching scheduled__2023-09-30T00:00:00+00:00 [queued]>
[2023-10-03T09:40:04.977+0000] {taskinstance.py:1331} INFO - Starting attempt 1 of 1
[2023-10-03T09:40:05.050+0000] {taskinstance.py:1350} INFO - Executing <Task(BranchPythonOperator): branching> on 2023-09-30 00:00:00+00:00
[2023-10-03T09:40:05.057+0000] {standard_task_runner.py:57} INFO - Started process 2782 to run task
[2023-10-03T09:40:05.070+0000] {standard_task_runner.py:84} INFO - Running: ['***', 'tasks', 'run', 'rocket_launch2', 'branching', 'scheduled__2023-09-30T00:00:00+00:00', '--job-id', '139', '--raw', '--subdir', 'DAGS_FOLDER/rocket_launch.py', '--cfg-path', '/tmp/tmplzzhvumd']
[2023-10-03T09:40:05.073+0000] {standard_task_runner.py:85} INFO - Job 139: Subtask branching
[2023-10-03T09:40:05.324+0000] {task_command.py:410} INFO - Running <TaskInstance: rocket_launch2.branching scheduled__2023-09-30T00:00:00+00:00 [running]> on host e870058fa168
[2023-10-03T09:40:05.661+0000] {taskinstance.py:1570} INFO - Exporting env vars: AIRFLOW_CTX_DAG_OWNER='***' AIRFLOW_CTX_DAG_ID='rocket_launch2' AIRFLOW_CTX_TASK_ID='branching' AIRFLOW_CTX_EXECUTION_DATE='2023-09-30T00:00:00+00:00' AIRFLOW_CTX_TRY_NUMBER='1' AIRFLOW_CTX_DAG_RUN_ID='scheduled__2023-09-30T00:00:00+00:00'
[2023-10-03T09:40:05.687+0000] {python.py:183} INFO - Done. Returned value was: True
[2023-10-03T09:40:05.691+0000] {python.py:216} INFO - Branch callable return True
[2023-10-03T09:40:05.691+0000] {skipmixin.py:161} INFO - Following branch True
[2023-10-03T09:40:05.707+0000] {taskinstance.py:1847} ERROR - Task failed with exception
Traceback (most recent call last):
  File "/home/airflow/.local/lib/python3.7/site-packages/airflow/operators/python.py", line 217, in execute
    self.skip_all_except(context["ti"], branch)
  File "/home/airflow/.local/lib/python3.7/site-packages/airflow/models/skipmixin.py", line 178, in skip_all_except
    "'branch_task_ids' must be either None, a task ID, or an Iterable of IDs, "
airflow.exceptions.AirflowException: 'branch_task_ids' must be either None, a task ID, or an Iterable of IDs, but got 'bool'.
[2023-10-03T09:40:05.716+0000] {taskinstance.py:1373} INFO - Marking task as FAILED. dag_id=rocket_launch2, task_id=branching, execution_date=20230930T000000, start_date=20231003T094004, end_date=20231003T094005
[2023-10-03T09:40:05.748+0000] {standard_task_runner.py:109} ERROR - Failed to execute job 139 for task branching ('branch_task_ids' must be either None, a task ID, or an Iterable of IDs, but got 'bool'.; 2782)
[2023-10-03T09:40:05.779+0000] {local_task_job_runner.py:232} INFO - Task exited with return code 1
[2023-10-03T09:40:05.803+0000] {taskinstance.py:2674} INFO - 0 downstream tasks scheduled from follow-on schedule check
