[2023-10-03T09:39:16.631+0000] {taskinstance.py:1125} INFO - Dependencies all met for dep_context=non-requeueable deps ti=<TaskInstance: rocket_launch2.wait_for_data scheduled__2023-09-18T00:00:00+00:00 [queued]>
[2023-10-03T09:39:16.722+0000] {taskinstance.py:1125} INFO - Dependencies all met for dep_context=requeueable deps ti=<TaskInstance: rocket_launch2.wait_for_data scheduled__2023-09-18T00:00:00+00:00 [queued]>
[2023-10-03T09:39:16.724+0000] {taskinstance.py:1331} INFO - Starting attempt 1 of 1
[2023-10-03T09:39:17.033+0000] {taskinstance.py:1350} INFO - Executing <Task(HttpSensor): wait_for_data> on 2023-09-18 00:00:00+00:00
[2023-10-03T09:39:17.042+0000] {standard_task_runner.py:57} INFO - Started process 2666 to run task
[2023-10-03T09:39:17.081+0000] {standard_task_runner.py:84} INFO - Running: ['***', 'tasks', 'run', 'rocket_launch2', 'wait_for_data', 'scheduled__2023-09-18T00:00:00+00:00', '--job-id', '86', '--raw', '--subdir', 'DAGS_FOLDER/rocket_launch.py', '--cfg-path', '/tmp/tmpi47j_l3c']
[2023-10-03T09:39:17.122+0000] {standard_task_runner.py:85} INFO - Job 86: Subtask wait_for_data
[2023-10-03T09:39:17.905+0000] {task_command.py:410} INFO - Running <TaskInstance: rocket_launch2.wait_for_data scheduled__2023-09-18T00:00:00+00:00 [running]> on host e870058fa168
[2023-10-03T09:39:19.404+0000] {taskinstance.py:1570} INFO - Exporting env vars: AIRFLOW_CTX_DAG_OWNER='***' AIRFLOW_CTX_DAG_ID='rocket_launch2' AIRFLOW_CTX_TASK_ID='wait_for_data' AIRFLOW_CTX_EXECUTION_DATE='2023-09-18T00:00:00+00:00' AIRFLOW_CTX_TRY_NUMBER='1' AIRFLOW_CTX_DAG_RUN_ID='scheduled__2023-09-18T00:00:00+00:00'
[2023-10-03T09:39:19.408+0000] {http.py:122} INFO - Poking: 
[2023-10-03T09:39:19.503+0000] {base.py:73} INFO - Using connection ID 'thespacedevs_dev' for task execution.
[2023-10-03T09:39:20.200+0000] {base.py:255} INFO - Success criteria met. Exiting.
[2023-10-03T09:39:20.273+0000] {taskinstance.py:1373} INFO - Marking task as SUCCESS. dag_id=rocket_launch2, task_id=wait_for_data, execution_date=20230918T000000, start_date=20231003T093916, end_date=20231003T093920
[2023-10-03T09:39:20.467+0000] {local_task_job_runner.py:232} INFO - Task exited with return code 0
[2023-10-03T09:39:21.052+0000] {taskinstance.py:2674} INFO - 1 downstream tasks scheduled from follow-on schedule check
[2023-10-03T10:02:10.191+0000] {taskinstance.py:1125} INFO - Dependencies all met for dep_context=non-requeueable deps ti=<TaskInstance: rocket_launch2.wait_for_data scheduled__2023-09-18T00:00:00+00:00 [queued]>
[2023-10-03T10:02:10.259+0000] {taskinstance.py:1125} INFO - Dependencies all met for dep_context=requeueable deps ti=<TaskInstance: rocket_launch2.wait_for_data scheduled__2023-09-18T00:00:00+00:00 [queued]>
[2023-10-03T10:02:10.270+0000] {taskinstance.py:1331} INFO - Starting attempt 1 of 1
[2023-10-03T10:02:10.483+0000] {taskinstance.py:1350} INFO - Executing <Task(HttpSensor): wait_for_data> on 2023-09-18 00:00:00+00:00
[2023-10-03T10:02:10.551+0000] {standard_task_runner.py:57} INFO - Started process 3288 to run task
[2023-10-03T10:02:10.586+0000] {standard_task_runner.py:84} INFO - Running: ['***', 'tasks', 'run', 'rocket_launch2', 'wait_for_data', 'scheduled__2023-09-18T00:00:00+00:00', '--job-id', '198', '--raw', '--subdir', 'DAGS_FOLDER/rocket_launch.py', '--cfg-path', '/tmp/tmp8ofkpjvm']
[2023-10-03T10:02:10.587+0000] {standard_task_runner.py:85} INFO - Job 198: Subtask wait_for_data
[2023-10-03T10:02:11.124+0000] {task_command.py:410} INFO - Running <TaskInstance: rocket_launch2.wait_for_data scheduled__2023-09-18T00:00:00+00:00 [running]> on host e870058fa168
[2023-10-03T10:02:12.413+0000] {taskinstance.py:1570} INFO - Exporting env vars: AIRFLOW_CTX_DAG_OWNER='***' AIRFLOW_CTX_DAG_ID='rocket_launch2' AIRFLOW_CTX_TASK_ID='wait_for_data' AIRFLOW_CTX_EXECUTION_DATE='2023-09-18T00:00:00+00:00' AIRFLOW_CTX_TRY_NUMBER='1' AIRFLOW_CTX_DAG_RUN_ID='scheduled__2023-09-18T00:00:00+00:00'
[2023-10-03T10:02:12.420+0000] {http.py:122} INFO - Poking: 
[2023-10-03T10:02:12.508+0000] {base.py:73} INFO - Using connection ID 'thespacedevs_dev' for task execution.
[2023-10-03T10:02:13.117+0000] {base.py:255} INFO - Success criteria met. Exiting.
[2023-10-03T10:02:13.187+0000] {taskinstance.py:1373} INFO - Marking task as SUCCESS. dag_id=rocket_launch2, task_id=wait_for_data, execution_date=20230918T000000, start_date=20231003T100210, end_date=20231003T100213
[2023-10-03T10:02:13.620+0000] {local_task_job_runner.py:232} INFO - Task exited with return code 0
[2023-10-03T10:02:14.493+0000] {taskinstance.py:2674} INFO - 1 downstream tasks scheduled from follow-on schedule check
[2023-10-03T10:05:48.212+0000] {taskinstance.py:1125} INFO - Dependencies all met for dep_context=non-requeueable deps ti=<TaskInstance: rocket_launch2.wait_for_data scheduled__2023-09-18T00:00:00+00:00 [queued]>
[2023-10-03T10:05:48.337+0000] {taskinstance.py:1125} INFO - Dependencies all met for dep_context=requeueable deps ti=<TaskInstance: rocket_launch2.wait_for_data scheduled__2023-09-18T00:00:00+00:00 [queued]>
[2023-10-03T10:05:48.350+0000] {taskinstance.py:1331} INFO - Starting attempt 1 of 1
[2023-10-03T10:05:48.566+0000] {taskinstance.py:1350} INFO - Executing <Task(HttpSensor): wait_for_data> on 2023-09-18 00:00:00+00:00
[2023-10-03T10:05:48.623+0000] {standard_task_runner.py:57} INFO - Started process 3533 to run task
[2023-10-03T10:05:48.630+0000] {standard_task_runner.py:84} INFO - Running: ['***', 'tasks', 'run', 'rocket_launch2', 'wait_for_data', 'scheduled__2023-09-18T00:00:00+00:00', '--job-id', '290', '--raw', '--subdir', 'DAGS_FOLDER/rocket_launch.py', '--cfg-path', '/tmp/tmpo4geuhra']
[2023-10-03T10:05:48.642+0000] {standard_task_runner.py:85} INFO - Job 290: Subtask wait_for_data
[2023-10-03T10:05:48.847+0000] {task_command.py:410} INFO - Running <TaskInstance: rocket_launch2.wait_for_data scheduled__2023-09-18T00:00:00+00:00 [running]> on host e870058fa168
[2023-10-03T10:05:50.458+0000] {taskinstance.py:1570} INFO - Exporting env vars: AIRFLOW_CTX_DAG_OWNER='***' AIRFLOW_CTX_DAG_ID='rocket_launch2' AIRFLOW_CTX_TASK_ID='wait_for_data' AIRFLOW_CTX_EXECUTION_DATE='2023-09-18T00:00:00+00:00' AIRFLOW_CTX_TRY_NUMBER='1' AIRFLOW_CTX_DAG_RUN_ID='scheduled__2023-09-18T00:00:00+00:00'
[2023-10-03T10:05:50.467+0000] {http.py:122} INFO - Poking: 
[2023-10-03T10:05:50.511+0000] {base.py:73} INFO - Using connection ID 'thespacedevs_dev' for task execution.
[2023-10-03T10:05:51.066+0000] {base.py:255} INFO - Success criteria met. Exiting.
[2023-10-03T10:05:51.296+0000] {taskinstance.py:1373} INFO - Marking task as SUCCESS. dag_id=rocket_launch2, task_id=wait_for_data, execution_date=20230918T000000, start_date=20231003T100548, end_date=20231003T100551
[2023-10-03T10:05:51.696+0000] {local_task_job_runner.py:232} INFO - Task exited with return code 0
[2023-10-03T10:05:52.508+0000] {taskinstance.py:2674} INFO - 0 downstream tasks scheduled from follow-on schedule check
[2023-10-03T10:16:22.153+0000] {taskinstance.py:1125} INFO - Dependencies all met for dep_context=non-requeueable deps ti=<TaskInstance: rocket_launch2.wait_for_data scheduled__2023-09-18T00:00:00+00:00 [queued]>
[2023-10-03T10:16:22.370+0000] {taskinstance.py:1125} INFO - Dependencies all met for dep_context=requeueable deps ti=<TaskInstance: rocket_launch2.wait_for_data scheduled__2023-09-18T00:00:00+00:00 [queued]>
[2023-10-03T10:16:22.382+0000] {taskinstance.py:1331} INFO - Starting attempt 1 of 1
[2023-10-03T10:16:22.753+0000] {taskinstance.py:1350} INFO - Executing <Task(HttpSensor): wait_for_data> on 2023-09-18 00:00:00+00:00
[2023-10-03T10:16:22.791+0000] {standard_task_runner.py:57} INFO - Started process 3892 to run task
[2023-10-03T10:16:22.860+0000] {standard_task_runner.py:84} INFO - Running: ['***', 'tasks', 'run', 'rocket_launch2', 'wait_for_data', 'scheduled__2023-09-18T00:00:00+00:00', '--job-id', '380', '--raw', '--subdir', 'DAGS_FOLDER/rocket_launch.py', '--cfg-path', '/tmp/tmp0eoj5uht']
[2023-10-03T10:16:22.870+0000] {standard_task_runner.py:85} INFO - Job 380: Subtask wait_for_data
[2023-10-03T10:16:23.295+0000] {task_command.py:410} INFO - Running <TaskInstance: rocket_launch2.wait_for_data scheduled__2023-09-18T00:00:00+00:00 [running]> on host e870058fa168
[2023-10-03T10:16:24.482+0000] {taskinstance.py:1570} INFO - Exporting env vars: AIRFLOW_CTX_DAG_OWNER='***' AIRFLOW_CTX_DAG_ID='rocket_launch2' AIRFLOW_CTX_TASK_ID='wait_for_data' AIRFLOW_CTX_EXECUTION_DATE='2023-09-18T00:00:00+00:00' AIRFLOW_CTX_TRY_NUMBER='1' AIRFLOW_CTX_DAG_RUN_ID='scheduled__2023-09-18T00:00:00+00:00'
[2023-10-03T10:16:24.488+0000] {http.py:122} INFO - Poking: 
[2023-10-03T10:16:24.566+0000] {base.py:73} INFO - Using connection ID 'thespacedevs_dev' for task execution.
[2023-10-03T10:16:25.382+0000] {base.py:255} INFO - Success criteria met. Exiting.
[2023-10-03T10:16:25.542+0000] {taskinstance.py:1373} INFO - Marking task as SUCCESS. dag_id=rocket_launch2, task_id=wait_for_data, execution_date=20230918T000000, start_date=20231003T101622, end_date=20231003T101625
[2023-10-03T10:16:25.822+0000] {local_task_job_runner.py:232} INFO - Task exited with return code 0
[2023-10-03T10:16:26.354+0000] {taskinstance.py:2674} INFO - 1 downstream tasks scheduled from follow-on schedule check
