[2023-10-03T09:39:20.846+0000] {taskinstance.py:1125} INFO - Dependencies all met for dep_context=non-requeueable deps ti=<TaskInstance: rocket_launch2.wait_for_data scheduled__2023-09-19T00:00:00+00:00 [queued]>
[2023-10-03T09:39:21.271+0000] {taskinstance.py:1125} INFO - Dependencies all met for dep_context=requeueable deps ti=<TaskInstance: rocket_launch2.wait_for_data scheduled__2023-09-19T00:00:00+00:00 [queued]>
[2023-10-03T09:39:21.303+0000] {taskinstance.py:1331} INFO - Starting attempt 1 of 1
[2023-10-03T09:39:21.719+0000] {taskinstance.py:1350} INFO - Executing <Task(HttpSensor): wait_for_data> on 2023-09-19 00:00:00+00:00
[2023-10-03T09:39:21.807+0000] {standard_task_runner.py:84} INFO - Running: ['***', 'tasks', 'run', 'rocket_launch2', 'wait_for_data', 'scheduled__2023-09-19T00:00:00+00:00', '--job-id', '90', '--raw', '--subdir', 'DAGS_FOLDER/rocket_launch.py', '--cfg-path', '/tmp/tmps2ntsekb']
[2023-10-03T09:39:21.810+0000] {standard_task_runner.py:85} INFO - Job 90: Subtask wait_for_data
[2023-10-03T09:39:21.826+0000] {standard_task_runner.py:57} INFO - Started process 2681 to run task
[2023-10-03T09:39:22.458+0000] {task_command.py:410} INFO - Running <TaskInstance: rocket_launch2.wait_for_data scheduled__2023-09-19T00:00:00+00:00 [running]> on host e870058fa168
[2023-10-03T09:39:23.440+0000] {taskinstance.py:1570} INFO - Exporting env vars: AIRFLOW_CTX_DAG_OWNER='***' AIRFLOW_CTX_DAG_ID='rocket_launch2' AIRFLOW_CTX_TASK_ID='wait_for_data' AIRFLOW_CTX_EXECUTION_DATE='2023-09-19T00:00:00+00:00' AIRFLOW_CTX_TRY_NUMBER='1' AIRFLOW_CTX_DAG_RUN_ID='scheduled__2023-09-19T00:00:00+00:00'
[2023-10-03T09:39:23.448+0000] {http.py:122} INFO - Poking: 
[2023-10-03T09:39:23.739+0000] {base.py:73} INFO - Using connection ID 'thespacedevs_dev' for task execution.
[2023-10-03T09:39:24.569+0000] {base.py:255} INFO - Success criteria met. Exiting.
[2023-10-03T09:39:24.628+0000] {taskinstance.py:1373} INFO - Marking task as SUCCESS. dag_id=rocket_launch2, task_id=wait_for_data, execution_date=20230919T000000, start_date=20231003T093920, end_date=20231003T093924
[2023-10-03T09:39:24.737+0000] {local_task_job_runner.py:232} INFO - Task exited with return code 0
[2023-10-03T09:39:24.868+0000] {taskinstance.py:2674} INFO - 1 downstream tasks scheduled from follow-on schedule check
[2023-10-03T10:02:10.462+0000] {taskinstance.py:1125} INFO - Dependencies all met for dep_context=non-requeueable deps ti=<TaskInstance: rocket_launch2.wait_for_data scheduled__2023-09-19T00:00:00+00:00 [queued]>
[2023-10-03T10:02:10.581+0000] {taskinstance.py:1125} INFO - Dependencies all met for dep_context=requeueable deps ti=<TaskInstance: rocket_launch2.wait_for_data scheduled__2023-09-19T00:00:00+00:00 [queued]>
[2023-10-03T10:02:10.585+0000] {taskinstance.py:1331} INFO - Starting attempt 1 of 1
[2023-10-03T10:02:10.782+0000] {taskinstance.py:1350} INFO - Executing <Task(HttpSensor): wait_for_data> on 2023-09-19 00:00:00+00:00
[2023-10-03T10:02:10.797+0000] {standard_task_runner.py:57} INFO - Started process 3289 to run task
[2023-10-03T10:02:10.812+0000] {standard_task_runner.py:84} INFO - Running: ['***', 'tasks', 'run', 'rocket_launch2', 'wait_for_data', 'scheduled__2023-09-19T00:00:00+00:00', '--job-id', '199', '--raw', '--subdir', 'DAGS_FOLDER/rocket_launch.py', '--cfg-path', '/tmp/tmp5ic5a82i']
[2023-10-03T10:02:10.813+0000] {standard_task_runner.py:85} INFO - Job 199: Subtask wait_for_data
[2023-10-03T10:02:11.275+0000] {task_command.py:410} INFO - Running <TaskInstance: rocket_launch2.wait_for_data scheduled__2023-09-19T00:00:00+00:00 [running]> on host e870058fa168
[2023-10-03T10:02:12.495+0000] {taskinstance.py:1570} INFO - Exporting env vars: AIRFLOW_CTX_DAG_OWNER='***' AIRFLOW_CTX_DAG_ID='rocket_launch2' AIRFLOW_CTX_TASK_ID='wait_for_data' AIRFLOW_CTX_EXECUTION_DATE='2023-09-19T00:00:00+00:00' AIRFLOW_CTX_TRY_NUMBER='1' AIRFLOW_CTX_DAG_RUN_ID='scheduled__2023-09-19T00:00:00+00:00'
[2023-10-03T10:02:12.501+0000] {http.py:122} INFO - Poking: 
[2023-10-03T10:02:12.591+0000] {base.py:73} INFO - Using connection ID 'thespacedevs_dev' for task execution.
[2023-10-03T10:02:12.986+0000] {base.py:255} INFO - Success criteria met. Exiting.
[2023-10-03T10:02:13.080+0000] {taskinstance.py:1373} INFO - Marking task as SUCCESS. dag_id=rocket_launch2, task_id=wait_for_data, execution_date=20230919T000000, start_date=20231003T100210, end_date=20231003T100213
[2023-10-03T10:02:13.289+0000] {local_task_job_runner.py:232} INFO - Task exited with return code 0
[2023-10-03T10:02:14.060+0000] {taskinstance.py:2674} INFO - 0 downstream tasks scheduled from follow-on schedule check
[2023-10-03T10:05:47.884+0000] {taskinstance.py:1125} INFO - Dependencies all met for dep_context=non-requeueable deps ti=<TaskInstance: rocket_launch2.wait_for_data scheduled__2023-09-19T00:00:00+00:00 [queued]>
[2023-10-03T10:05:48.076+0000] {taskinstance.py:1125} INFO - Dependencies all met for dep_context=requeueable deps ti=<TaskInstance: rocket_launch2.wait_for_data scheduled__2023-09-19T00:00:00+00:00 [queued]>
[2023-10-03T10:05:48.093+0000] {taskinstance.py:1331} INFO - Starting attempt 1 of 1
[2023-10-03T10:05:48.209+0000] {taskinstance.py:1350} INFO - Executing <Task(HttpSensor): wait_for_data> on 2023-09-19 00:00:00+00:00
[2023-10-03T10:05:48.277+0000] {standard_task_runner.py:84} INFO - Running: ['***', 'tasks', 'run', 'rocket_launch2', 'wait_for_data', 'scheduled__2023-09-19T00:00:00+00:00', '--job-id', '289', '--raw', '--subdir', 'DAGS_FOLDER/rocket_launch.py', '--cfg-path', '/tmp/tmpyi8aefy9']
[2023-10-03T10:05:48.254+0000] {standard_task_runner.py:57} INFO - Started process 3532 to run task
[2023-10-03T10:05:48.301+0000] {standard_task_runner.py:85} INFO - Job 289: Subtask wait_for_data
[2023-10-03T10:05:48.615+0000] {task_command.py:410} INFO - Running <TaskInstance: rocket_launch2.wait_for_data scheduled__2023-09-19T00:00:00+00:00 [running]> on host e870058fa168
[2023-10-03T10:05:49.861+0000] {taskinstance.py:1570} INFO - Exporting env vars: AIRFLOW_CTX_DAG_OWNER='***' AIRFLOW_CTX_DAG_ID='rocket_launch2' AIRFLOW_CTX_TASK_ID='wait_for_data' AIRFLOW_CTX_EXECUTION_DATE='2023-09-19T00:00:00+00:00' AIRFLOW_CTX_TRY_NUMBER='1' AIRFLOW_CTX_DAG_RUN_ID='scheduled__2023-09-19T00:00:00+00:00'
[2023-10-03T10:05:49.865+0000] {http.py:122} INFO - Poking: 
[2023-10-03T10:05:49.973+0000] {base.py:73} INFO - Using connection ID 'thespacedevs_dev' for task execution.
[2023-10-03T10:05:50.883+0000] {base.py:255} INFO - Success criteria met. Exiting.
[2023-10-03T10:05:51.136+0000] {taskinstance.py:1373} INFO - Marking task as SUCCESS. dag_id=rocket_launch2, task_id=wait_for_data, execution_date=20230919T000000, start_date=20231003T100547, end_date=20231003T100551
[2023-10-03T10:05:51.328+0000] {local_task_job_runner.py:232} INFO - Task exited with return code 0
[2023-10-03T10:05:52.450+0000] {taskinstance.py:2674} INFO - 1 downstream tasks scheduled from follow-on schedule check
[2023-10-03T10:16:22.233+0000] {taskinstance.py:1125} INFO - Dependencies all met for dep_context=non-requeueable deps ti=<TaskInstance: rocket_launch2.wait_for_data scheduled__2023-09-19T00:00:00+00:00 [queued]>
[2023-10-03T10:16:22.592+0000] {taskinstance.py:1125} INFO - Dependencies all met for dep_context=requeueable deps ti=<TaskInstance: rocket_launch2.wait_for_data scheduled__2023-09-19T00:00:00+00:00 [queued]>
[2023-10-03T10:16:22.602+0000] {taskinstance.py:1331} INFO - Starting attempt 1 of 1
[2023-10-03T10:16:22.782+0000] {taskinstance.py:1350} INFO - Executing <Task(HttpSensor): wait_for_data> on 2023-09-19 00:00:00+00:00
[2023-10-03T10:16:22.832+0000] {standard_task_runner.py:57} INFO - Started process 3893 to run task
[2023-10-03T10:16:22.883+0000] {standard_task_runner.py:84} INFO - Running: ['***', 'tasks', 'run', 'rocket_launch2', 'wait_for_data', 'scheduled__2023-09-19T00:00:00+00:00', '--job-id', '381', '--raw', '--subdir', 'DAGS_FOLDER/rocket_launch.py', '--cfg-path', '/tmp/tmpja70q7_d']
[2023-10-03T10:16:22.901+0000] {standard_task_runner.py:85} INFO - Job 381: Subtask wait_for_data
[2023-10-03T10:16:23.450+0000] {task_command.py:410} INFO - Running <TaskInstance: rocket_launch2.wait_for_data scheduled__2023-09-19T00:00:00+00:00 [running]> on host e870058fa168
[2023-10-03T10:16:24.754+0000] {taskinstance.py:1570} INFO - Exporting env vars: AIRFLOW_CTX_DAG_OWNER='***' AIRFLOW_CTX_DAG_ID='rocket_launch2' AIRFLOW_CTX_TASK_ID='wait_for_data' AIRFLOW_CTX_EXECUTION_DATE='2023-09-19T00:00:00+00:00' AIRFLOW_CTX_TRY_NUMBER='1' AIRFLOW_CTX_DAG_RUN_ID='scheduled__2023-09-19T00:00:00+00:00'
[2023-10-03T10:16:24.755+0000] {http.py:122} INFO - Poking: 
[2023-10-03T10:16:24.835+0000] {base.py:73} INFO - Using connection ID 'thespacedevs_dev' for task execution.
[2023-10-03T10:16:25.873+0000] {base.py:255} INFO - Success criteria met. Exiting.
[2023-10-03T10:16:26.020+0000] {taskinstance.py:1373} INFO - Marking task as SUCCESS. dag_id=rocket_launch2, task_id=wait_for_data, execution_date=20230919T000000, start_date=20231003T101622, end_date=20231003T101626
[2023-10-03T10:16:26.374+0000] {local_task_job_runner.py:232} INFO - Task exited with return code 0
[2023-10-03T10:16:27.046+0000] {taskinstance.py:2674} INFO - 1 downstream tasks scheduled from follow-on schedule check
