[2023-10-03T10:04:15.768+0000] {taskinstance.py:1125} INFO - Dependencies all met for dep_context=non-requeueable deps ti=<TaskInstance: rocket_launch2.check_launches scheduled__2023-09-30T00:00:00+00:00 [queued]>
[2023-10-03T10:04:15.801+0000] {taskinstance.py:1125} INFO - Dependencies all met for dep_context=requeueable deps ti=<TaskInstance: rocket_launch2.check_launches scheduled__2023-09-30T00:00:00+00:00 [queued]>
[2023-10-03T10:04:15.811+0000] {taskinstance.py:1331} INFO - Starting attempt 2 of 2
[2023-10-03T10:04:15.928+0000] {taskinstance.py:1350} INFO - Executing <Task(PythonOperator): check_launches> on 2023-09-30 00:00:00+00:00
[2023-10-03T10:04:15.944+0000] {standard_task_runner.py:57} INFO - Started process 3481 to run task
[2023-10-03T10:04:15.974+0000] {standard_task_runner.py:84} INFO - Running: ['***', 'tasks', 'run', 'rocket_launch2', 'check_launches', 'scheduled__2023-09-30T00:00:00+00:00', '--job-id', '281', '--raw', '--subdir', 'DAGS_FOLDER/rocket_launch.py', '--cfg-path', '/tmp/tmptq7c0f5h']
[2023-10-03T10:04:15.976+0000] {standard_task_runner.py:85} INFO - Job 281: Subtask check_launches
[2023-10-03T10:04:16.229+0000] {task_command.py:410} INFO - Running <TaskInstance: rocket_launch2.check_launches scheduled__2023-09-30T00:00:00+00:00 [running]> on host e870058fa168
[2023-10-03T10:04:16.523+0000] {taskinstance.py:1570} INFO - Exporting env vars: AIRFLOW_CTX_DAG_OWNER='***' AIRFLOW_CTX_DAG_ID='rocket_launch2' AIRFLOW_CTX_TASK_ID='check_launches' AIRFLOW_CTX_EXECUTION_DATE='2023-09-30T00:00:00+00:00' AIRFLOW_CTX_TRY_NUMBER='2' AIRFLOW_CTX_DAG_RUN_ID='scheduled__2023-09-30T00:00:00+00:00'
[2023-10-03T10:04:16.606+0000] {python.py:183} INFO - Done. Returned value was: None
[2023-10-03T10:04:16.632+0000] {taskinstance.py:1373} INFO - Marking task as SUCCESS. dag_id=rocket_launch2, task_id=check_launches, execution_date=20230930T000000, start_date=20231003T100415, end_date=20231003T100416
[2023-10-03T10:04:16.694+0000] {local_task_job_runner.py:232} INFO - Task exited with return code 0
[2023-10-03T10:04:16.729+0000] {taskinstance.py:2674} INFO - 0 downstream tasks scheduled from follow-on schedule check
[2023-10-03T10:09:36.400+0000] {taskinstance.py:1125} INFO - Dependencies all met for dep_context=non-requeueable deps ti=<TaskInstance: rocket_launch2.check_launches scheduled__2023-09-30T00:00:00+00:00 [queued]>
[2023-10-03T10:09:36.457+0000] {taskinstance.py:1125} INFO - Dependencies all met for dep_context=requeueable deps ti=<TaskInstance: rocket_launch2.check_launches scheduled__2023-09-30T00:00:00+00:00 [queued]>
[2023-10-03T10:09:36.460+0000] {taskinstance.py:1331} INFO - Starting attempt 2 of 2
[2023-10-03T10:09:36.542+0000] {taskinstance.py:1350} INFO - Executing <Task(PythonOperator): check_launches> on 2023-09-30 00:00:00+00:00
[2023-10-03T10:09:36.553+0000] {standard_task_runner.py:57} INFO - Started process 3756 to run task
[2023-10-03T10:09:36.566+0000] {standard_task_runner.py:84} INFO - Running: ['***', 'tasks', 'run', 'rocket_launch2', 'check_launches', 'scheduled__2023-09-30T00:00:00+00:00', '--job-id', '374', '--raw', '--subdir', 'DAGS_FOLDER/rocket_launch.py', '--cfg-path', '/tmp/tmptkaelpf_']
[2023-10-03T10:09:36.567+0000] {standard_task_runner.py:85} INFO - Job 374: Subtask check_launches
[2023-10-03T10:09:36.696+0000] {task_command.py:410} INFO - Running <TaskInstance: rocket_launch2.check_launches scheduled__2023-09-30T00:00:00+00:00 [running]> on host e870058fa168
[2023-10-03T10:09:37.092+0000] {taskinstance.py:1570} INFO - Exporting env vars: AIRFLOW_CTX_DAG_OWNER='***' AIRFLOW_CTX_DAG_ID='rocket_launch2' AIRFLOW_CTX_TASK_ID='check_launches' AIRFLOW_CTX_EXECUTION_DATE='2023-09-30T00:00:00+00:00' AIRFLOW_CTX_TRY_NUMBER='2' AIRFLOW_CTX_DAG_RUN_ID='scheduled__2023-09-30T00:00:00+00:00'
[2023-10-03T10:09:37.169+0000] {python.py:183} INFO - Done. Returned value was: None
[2023-10-03T10:09:37.279+0000] {taskinstance.py:1373} INFO - Marking task as SUCCESS. dag_id=rocket_launch2, task_id=check_launches, execution_date=20230930T000000, start_date=20231003T100936, end_date=20231003T100937
[2023-10-03T10:09:37.498+0000] {local_task_job_runner.py:232} INFO - Task exited with return code 0
[2023-10-03T10:09:37.574+0000] {taskinstance.py:2674} INFO - 0 downstream tasks scheduled from follow-on schedule check
