[2023-10-03T09:39:38.172+0000] {taskinstance.py:1125} INFO - Dependencies all met for dep_context=non-requeueable deps ti=<TaskInstance: rocket_launch2.task_get_op scheduled__2023-09-22T00:00:00+00:00 [queued]>
[2023-10-03T09:39:38.803+0000] {taskinstance.py:1125} INFO - Dependencies all met for dep_context=requeueable deps ti=<TaskInstance: rocket_launch2.task_get_op scheduled__2023-09-22T00:00:00+00:00 [queued]>
[2023-10-03T09:39:38.814+0000] {taskinstance.py:1331} INFO - Starting attempt 1 of 1
[2023-10-03T09:39:39.242+0000] {taskinstance.py:1350} INFO - Executing <Task(SimpleHttpOperator): task_get_op> on 2023-09-22 00:00:00+00:00
[2023-10-03T09:39:39.339+0000] {standard_task_runner.py:57} INFO - Started process 2718 to run task
[2023-10-03T09:39:39.406+0000] {standard_task_runner.py:84} INFO - Running: ['***', 'tasks', 'run', 'rocket_launch2', 'task_get_op', 'scheduled__2023-09-22T00:00:00+00:00', '--job-id', '107', '--raw', '--subdir', 'DAGS_FOLDER/rocket_launch.py', '--cfg-path', '/tmp/tmp0xeux40s']
[2023-10-03T09:39:39.410+0000] {standard_task_runner.py:85} INFO - Job 107: Subtask task_get_op
[2023-10-03T09:39:39.964+0000] {task_command.py:410} INFO - Running <TaskInstance: rocket_launch2.task_get_op scheduled__2023-09-22T00:00:00+00:00 [running]> on host e870058fa168
[2023-10-03T09:39:40.423+0000] {warnings.py:110} WARNING - /home/***/.local/lib/python3.7/site-packages/***/utils/context.py:205: AirflowContextDeprecationWarning: Accessing 'next_ds' from the template is deprecated and will be removed in a future version. Please use '{{ data_interval_end | ds }}' instead.
  warnings.warn(_create_deprecation_warning(key, self._deprecation_replacements[key]))

[2023-10-03T09:39:41.087+0000] {taskinstance.py:1570} INFO - Exporting env vars: AIRFLOW_CTX_DAG_OWNER='***' AIRFLOW_CTX_DAG_ID='rocket_launch2' AIRFLOW_CTX_TASK_ID='task_get_op' AIRFLOW_CTX_EXECUTION_DATE='2023-09-22T00:00:00+00:00' AIRFLOW_CTX_TRY_NUMBER='1' AIRFLOW_CTX_DAG_RUN_ID='scheduled__2023-09-22T00:00:00+00:00'
[2023-10-03T09:39:41.100+0000] {http.py:123} INFO - Calling HTTP method
[2023-10-03T09:39:41.233+0000] {base.py:73} INFO - Using connection ID 'thespacedevs_dev' for task execution.
[2023-10-03T09:39:41.965+0000] {http.py:127} INFO - {"count":0,"next":null,"previous":null,"results":[]}
[2023-10-03T09:39:42.193+0000] {taskinstance.py:1373} INFO - Marking task as SUCCESS. dag_id=rocket_launch2, task_id=task_get_op, execution_date=20230922T000000, start_date=20231003T093938, end_date=20231003T093942
[2023-10-03T09:39:42.523+0000] {local_task_job_runner.py:232} INFO - Task exited with return code 0
[2023-10-03T09:39:42.881+0000] {taskinstance.py:2674} INFO - 1 downstream tasks scheduled from follow-on schedule check
[2023-10-03T10:02:23.343+0000] {taskinstance.py:1125} INFO - Dependencies all met for dep_context=non-requeueable deps ti=<TaskInstance: rocket_launch2.task_get_op scheduled__2023-09-22T00:00:00+00:00 [queued]>
[2023-10-03T10:02:23.497+0000] {taskinstance.py:1125} INFO - Dependencies all met for dep_context=requeueable deps ti=<TaskInstance: rocket_launch2.task_get_op scheduled__2023-09-22T00:00:00+00:00 [queued]>
[2023-10-03T10:02:23.506+0000] {taskinstance.py:1331} INFO - Starting attempt 1 of 1
[2023-10-03T10:02:23.829+0000] {taskinstance.py:1350} INFO - Executing <Task(SimpleHttpOperator): task_get_op> on 2023-09-22 00:00:00+00:00
[2023-10-03T10:02:23.900+0000] {standard_task_runner.py:84} INFO - Running: ['***', 'tasks', 'run', 'rocket_launch2', 'task_get_op', 'scheduled__2023-09-22T00:00:00+00:00', '--job-id', '221', '--raw', '--subdir', 'DAGS_FOLDER/rocket_launch.py', '--cfg-path', '/tmp/tmpujo29hwh']
[2023-10-03T10:02:23.900+0000] {standard_task_runner.py:85} INFO - Job 221: Subtask task_get_op
[2023-10-03T10:02:23.912+0000] {standard_task_runner.py:57} INFO - Started process 3336 to run task
[2023-10-03T10:02:25.081+0000] {task_command.py:410} INFO - Running <TaskInstance: rocket_launch2.task_get_op scheduled__2023-09-22T00:00:00+00:00 [running]> on host e870058fa168
[2023-10-03T10:02:26.130+0000] {warnings.py:110} WARNING - /home/***/.local/lib/python3.7/site-packages/***/utils/context.py:205: AirflowContextDeprecationWarning: Accessing 'next_ds' from the template is deprecated and will be removed in a future version. Please use '{{ data_interval_end | ds }}' instead.
  warnings.warn(_create_deprecation_warning(key, self._deprecation_replacements[key]))

[2023-10-03T10:02:27.084+0000] {taskinstance.py:1570} INFO - Exporting env vars: AIRFLOW_CTX_DAG_OWNER='***' AIRFLOW_CTX_DAG_ID='rocket_launch2' AIRFLOW_CTX_TASK_ID='task_get_op' AIRFLOW_CTX_EXECUTION_DATE='2023-09-22T00:00:00+00:00' AIRFLOW_CTX_TRY_NUMBER='1' AIRFLOW_CTX_DAG_RUN_ID='scheduled__2023-09-22T00:00:00+00:00'
[2023-10-03T10:02:27.125+0000] {http.py:123} INFO - Calling HTTP method
[2023-10-03T10:02:27.273+0000] {base.py:73} INFO - Using connection ID 'thespacedevs_dev' for task execution.
[2023-10-03T10:02:28.321+0000] {http.py:127} INFO - {"count":0,"next":null,"previous":null,"results":[]}
[2023-10-03T10:02:28.533+0000] {taskinstance.py:1373} INFO - Marking task as SUCCESS. dag_id=rocket_launch2, task_id=task_get_op, execution_date=20230922T000000, start_date=20231003T100223, end_date=20231003T100228
[2023-10-03T10:02:29.223+0000] {local_task_job_runner.py:232} INFO - Task exited with return code 0
[2023-10-03T10:02:30.028+0000] {taskinstance.py:2674} INFO - 0 downstream tasks scheduled from follow-on schedule check
[2023-10-03T10:06:01.931+0000] {taskinstance.py:1125} INFO - Dependencies all met for dep_context=non-requeueable deps ti=<TaskInstance: rocket_launch2.task_get_op scheduled__2023-09-22T00:00:00+00:00 [queued]>
[2023-10-03T10:06:02.255+0000] {taskinstance.py:1125} INFO - Dependencies all met for dep_context=requeueable deps ti=<TaskInstance: rocket_launch2.task_get_op scheduled__2023-09-22T00:00:00+00:00 [queued]>
[2023-10-03T10:06:02.262+0000] {taskinstance.py:1331} INFO - Starting attempt 1 of 1
[2023-10-03T10:06:02.490+0000] {taskinstance.py:1350} INFO - Executing <Task(SimpleHttpOperator): task_get_op> on 2023-09-22 00:00:00+00:00
[2023-10-03T10:06:02.564+0000] {standard_task_runner.py:57} INFO - Started process 3570 to run task
[2023-10-03T10:06:02.620+0000] {standard_task_runner.py:84} INFO - Running: ['***', 'tasks', 'run', 'rocket_launch2', 'task_get_op', 'scheduled__2023-09-22T00:00:00+00:00', '--job-id', '309', '--raw', '--subdir', 'DAGS_FOLDER/rocket_launch.py', '--cfg-path', '/tmp/tmpvc4s7_o5']
[2023-10-03T10:06:02.646+0000] {standard_task_runner.py:85} INFO - Job 309: Subtask task_get_op
[2023-10-03T10:06:03.354+0000] {task_command.py:410} INFO - Running <TaskInstance: rocket_launch2.task_get_op scheduled__2023-09-22T00:00:00+00:00 [running]> on host e870058fa168
[2023-10-03T10:06:04.288+0000] {warnings.py:110} WARNING - /home/***/.local/lib/python3.7/site-packages/***/utils/context.py:205: AirflowContextDeprecationWarning: Accessing 'next_ds' from the template is deprecated and will be removed in a future version. Please use '{{ data_interval_end | ds }}' instead.
  warnings.warn(_create_deprecation_warning(key, self._deprecation_replacements[key]))

[2023-10-03T10:06:04.968+0000] {taskinstance.py:1570} INFO - Exporting env vars: AIRFLOW_CTX_DAG_OWNER='***' AIRFLOW_CTX_DAG_ID='rocket_launch2' AIRFLOW_CTX_TASK_ID='task_get_op' AIRFLOW_CTX_EXECUTION_DATE='2023-09-22T00:00:00+00:00' AIRFLOW_CTX_TRY_NUMBER='1' AIRFLOW_CTX_DAG_RUN_ID='scheduled__2023-09-22T00:00:00+00:00'
[2023-10-03T10:06:04.968+0000] {http.py:123} INFO - Calling HTTP method
[2023-10-03T10:06:05.000+0000] {base.py:73} INFO - Using connection ID 'thespacedevs_dev' for task execution.
[2023-10-03T10:06:05.877+0000] {http.py:127} INFO - {"count":0,"next":null,"previous":null,"results":[]}
[2023-10-03T10:06:06.059+0000] {taskinstance.py:1373} INFO - Marking task as SUCCESS. dag_id=rocket_launch2, task_id=task_get_op, execution_date=20230922T000000, start_date=20231003T100601, end_date=20231003T100606
[2023-10-03T10:06:06.251+0000] {local_task_job_runner.py:232} INFO - Task exited with return code 0
[2023-10-03T10:06:06.621+0000] {taskinstance.py:2674} INFO - 1 downstream tasks scheduled from follow-on schedule check
[2023-10-03T10:16:33.971+0000] {taskinstance.py:1125} INFO - Dependencies all met for dep_context=non-requeueable deps ti=<TaskInstance: rocket_launch2.task_get_op scheduled__2023-09-22T00:00:00+00:00 [queued]>
[2023-10-03T10:16:34.132+0000] {taskinstance.py:1125} INFO - Dependencies all met for dep_context=requeueable deps ti=<TaskInstance: rocket_launch2.task_get_op scheduled__2023-09-22T00:00:00+00:00 [queued]>
[2023-10-03T10:16:34.144+0000] {taskinstance.py:1331} INFO - Starting attempt 1 of 1
[2023-10-03T10:16:34.505+0000] {taskinstance.py:1350} INFO - Executing <Task(SimpleHttpOperator): task_get_op> on 2023-09-22 00:00:00+00:00
[2023-10-03T10:16:34.605+0000] {standard_task_runner.py:57} INFO - Started process 3936 to run task
[2023-10-03T10:16:34.675+0000] {standard_task_runner.py:84} INFO - Running: ['***', 'tasks', 'run', 'rocket_launch2', 'task_get_op', 'scheduled__2023-09-22T00:00:00+00:00', '--job-id', '400', '--raw', '--subdir', 'DAGS_FOLDER/rocket_launch.py', '--cfg-path', '/tmp/tmprirmbf71']
[2023-10-03T10:16:34.693+0000] {standard_task_runner.py:85} INFO - Job 400: Subtask task_get_op
[2023-10-03T10:16:35.271+0000] {task_command.py:410} INFO - Running <TaskInstance: rocket_launch2.task_get_op scheduled__2023-09-22T00:00:00+00:00 [running]> on host e870058fa168
[2023-10-03T10:16:36.207+0000] {warnings.py:110} WARNING - /home/***/.local/lib/python3.7/site-packages/***/utils/context.py:205: AirflowContextDeprecationWarning: Accessing 'next_ds' from the template is deprecated and will be removed in a future version. Please use '{{ data_interval_end | ds }}' instead.
  warnings.warn(_create_deprecation_warning(key, self._deprecation_replacements[key]))

[2023-10-03T10:16:36.771+0000] {taskinstance.py:1570} INFO - Exporting env vars: AIRFLOW_CTX_DAG_OWNER='***' AIRFLOW_CTX_DAG_ID='rocket_launch2' AIRFLOW_CTX_TASK_ID='task_get_op' AIRFLOW_CTX_EXECUTION_DATE='2023-09-22T00:00:00+00:00' AIRFLOW_CTX_TRY_NUMBER='1' AIRFLOW_CTX_DAG_RUN_ID='scheduled__2023-09-22T00:00:00+00:00'
[2023-10-03T10:16:36.772+0000] {http.py:123} INFO - Calling HTTP method
[2023-10-03T10:16:36.827+0000] {base.py:73} INFO - Using connection ID 'thespacedevs_dev' for task execution.
[2023-10-03T10:16:38.514+0000] {http.py:127} INFO - {"count":0,"next":null,"previous":null,"results":[]}
[2023-10-03T10:16:38.903+0000] {taskinstance.py:1373} INFO - Marking task as SUCCESS. dag_id=rocket_launch2, task_id=task_get_op, execution_date=20230922T000000, start_date=20231003T101633, end_date=20231003T101638
[2023-10-03T10:16:39.231+0000] {local_task_job_runner.py:232} INFO - Task exited with return code 0
[2023-10-03T10:16:39.770+0000] {taskinstance.py:2674} INFO - 0 downstream tasks scheduled from follow-on schedule check
