[2023-10-03T08:44:32.613+0000] {taskinstance.py:1125} INFO - Dependencies all met for dep_context=non-requeueable deps ti=<TaskInstance: rocket_launch2.task_get_op scheduled__2023-10-01T00:00:00+00:00 [queued]>
[2023-10-03T08:44:32.628+0000] {taskinstance.py:1125} INFO - Dependencies all met for dep_context=requeueable deps ti=<TaskInstance: rocket_launch2.task_get_op scheduled__2023-10-01T00:00:00+00:00 [queued]>
[2023-10-03T08:44:32.629+0000] {taskinstance.py:1331} INFO - Starting attempt 1 of 1
[2023-10-03T08:44:32.655+0000] {taskinstance.py:1350} INFO - Executing <Task(SimpleHttpOperator): task_get_op> on 2023-10-01 00:00:00+00:00
[2023-10-03T08:44:32.668+0000] {standard_task_runner.py:57} INFO - Started process 1598 to run task
[2023-10-03T08:44:32.676+0000] {standard_task_runner.py:84} INFO - Running: ['***', 'tasks', 'run', 'rocket_launch2', 'task_get_op', 'scheduled__2023-10-01T00:00:00+00:00', '--job-id', '41', '--raw', '--subdir', 'DAGS_FOLDER/rocket_launch.py', '--cfg-path', '/tmp/tmp7wdvpufo']
[2023-10-03T08:44:32.679+0000] {standard_task_runner.py:85} INFO - Job 41: Subtask task_get_op
[2023-10-03T08:44:32.768+0000] {task_command.py:410} INFO - Running <TaskInstance: rocket_launch2.task_get_op scheduled__2023-10-01T00:00:00+00:00 [running]> on host e870058fa168
[2023-10-03T08:44:32.873+0000] {abstractoperator.py:582} ERROR - Exception rendering Jinja template for task 'task_get_op', field 'data'. Template: {'net_gte': '{{ ts }}', 'net_lt': '{{ macros.ds_add(ts, 1) }}'}
Traceback (most recent call last):
  File "/home/airflow/.local/lib/python3.7/site-packages/airflow/models/abstractoperator.py", line 574, in _do_render_template_fields
    seen_oids,
  File "/home/airflow/.local/lib/python3.7/site-packages/airflow/template/templater.py", line 168, in render_template
    return {k: self.render_template(v, context, jinja_env, oids) for k, v in value.items()}
  File "/home/airflow/.local/lib/python3.7/site-packages/airflow/template/templater.py", line 168, in <dictcomp>
    return {k: self.render_template(v, context, jinja_env, oids) for k, v in value.items()}
  File "/home/airflow/.local/lib/python3.7/site-packages/airflow/template/templater.py", line 156, in render_template
    return self._render(template, context)
  File "/home/airflow/.local/lib/python3.7/site-packages/airflow/models/abstractoperator.py", line 539, in _render
    return super()._render(template, context, dag=dag)
  File "/home/airflow/.local/lib/python3.7/site-packages/airflow/template/templater.py", line 113, in _render
    return render_template_to_string(template, context)
  File "/home/airflow/.local/lib/python3.7/site-packages/airflow/utils/helpers.py", line 288, in render_template_to_string
    return render_template(template, cast(MutableMapping[str, Any], context), native=False)
  File "/home/airflow/.local/lib/python3.7/site-packages/airflow/utils/helpers.py", line 283, in render_template
    return "".join(nodes)
  File "<template>", line 13, in root
  File "/home/airflow/.local/lib/python3.7/site-packages/jinja2/sandbox.py", line 393, in call
    return __context.call(__obj, *args, **kwargs)
  File "/home/airflow/.local/lib/python3.7/site-packages/jinja2/runtime.py", line 298, in call
    return __obj(*args, **kwargs)
  File "/home/airflow/.local/lib/python3.7/site-packages/airflow/macros/__init__.py", line 57, in ds_add
    dt = datetime.strptime(str(ds), "%Y-%m-%d") + timedelta(days=days)
  File "/usr/local/lib/python3.7/_strptime.py", line 577, in _strptime_datetime
    tt, fraction, gmtoff_fraction = _strptime(data_string, format)
  File "/usr/local/lib/python3.7/_strptime.py", line 362, in _strptime
    data_string[found.end():])
ValueError: unconverted data remains: T00:00:00+00:00
[2023-10-03T08:44:32.950+0000] {taskinstance.py:1847} ERROR - Task failed with exception
Traceback (most recent call last):
  File "/home/airflow/.local/lib/python3.7/site-packages/airflow/models/taskinstance.py", line 1430, in _run_raw_task
    self._execute_task_with_callbacks(context, test_mode)
  File "/home/airflow/.local/lib/python3.7/site-packages/airflow/models/taskinstance.py", line 1554, in _execute_task_with_callbacks
    task_orig = self.render_templates(context=context)
  File "/home/airflow/.local/lib/python3.7/site-packages/airflow/models/taskinstance.py", line 2202, in render_templates
    original_task.render_template_fields(context)
  File "/home/airflow/.local/lib/python3.7/site-packages/airflow/models/baseoperator.py", line 1254, in render_template_fields
    self._do_render_template_fields(self, self.template_fields, context, jinja_env, set())
  File "/home/airflow/.local/lib/python3.7/site-packages/airflow/utils/session.py", line 76, in wrapper
    return func(*args, session=session, **kwargs)
  File "/home/airflow/.local/lib/python3.7/site-packages/airflow/models/abstractoperator.py", line 574, in _do_render_template_fields
    seen_oids,
  File "/home/airflow/.local/lib/python3.7/site-packages/airflow/template/templater.py", line 168, in render_template
    return {k: self.render_template(v, context, jinja_env, oids) for k, v in value.items()}
  File "/home/airflow/.local/lib/python3.7/site-packages/airflow/template/templater.py", line 168, in <dictcomp>
    return {k: self.render_template(v, context, jinja_env, oids) for k, v in value.items()}
  File "/home/airflow/.local/lib/python3.7/site-packages/airflow/template/templater.py", line 156, in render_template
    return self._render(template, context)
  File "/home/airflow/.local/lib/python3.7/site-packages/airflow/models/abstractoperator.py", line 539, in _render
    return super()._render(template, context, dag=dag)
  File "/home/airflow/.local/lib/python3.7/site-packages/airflow/template/templater.py", line 113, in _render
    return render_template_to_string(template, context)
  File "/home/airflow/.local/lib/python3.7/site-packages/airflow/utils/helpers.py", line 288, in render_template_to_string
    return render_template(template, cast(MutableMapping[str, Any], context), native=False)
  File "/home/airflow/.local/lib/python3.7/site-packages/airflow/utils/helpers.py", line 283, in render_template
    return "".join(nodes)
  File "<template>", line 13, in root
  File "/home/airflow/.local/lib/python3.7/site-packages/jinja2/sandbox.py", line 393, in call
    return __context.call(__obj, *args, **kwargs)
  File "/home/airflow/.local/lib/python3.7/site-packages/jinja2/runtime.py", line 298, in call
    return __obj(*args, **kwargs)
  File "/home/airflow/.local/lib/python3.7/site-packages/airflow/macros/__init__.py", line 57, in ds_add
    dt = datetime.strptime(str(ds), "%Y-%m-%d") + timedelta(days=days)
  File "/usr/local/lib/python3.7/_strptime.py", line 577, in _strptime_datetime
    tt, fraction, gmtoff_fraction = _strptime(data_string, format)
  File "/usr/local/lib/python3.7/_strptime.py", line 362, in _strptime
    data_string[found.end():])
ValueError: unconverted data remains: T00:00:00+00:00
[2023-10-03T08:44:32.982+0000] {taskinstance.py:1373} INFO - Marking task as FAILED. dag_id=rocket_launch2, task_id=task_get_op, execution_date=20231001T000000, start_date=20231003T084432, end_date=20231003T084432
[2023-10-03T08:44:33.011+0000] {standard_task_runner.py:109} ERROR - Failed to execute job 41 for task task_get_op (unconverted data remains: T00:00:00+00:00; 1598)
[2023-10-03T08:44:33.028+0000] {local_task_job_runner.py:232} INFO - Task exited with return code 1
[2023-10-03T08:44:33.051+0000] {taskinstance.py:2674} INFO - 0 downstream tasks scheduled from follow-on schedule check
[2023-10-03T08:48:12.223+0000] {taskinstance.py:1125} INFO - Dependencies all met for dep_context=non-requeueable deps ti=<TaskInstance: rocket_launch2.task_get_op scheduled__2023-10-01T00:00:00+00:00 [queued]>
[2023-10-03T08:48:12.251+0000] {taskinstance.py:1125} INFO - Dependencies all met for dep_context=requeueable deps ti=<TaskInstance: rocket_launch2.task_get_op scheduled__2023-10-01T00:00:00+00:00 [queued]>
[2023-10-03T08:48:12.251+0000] {taskinstance.py:1331} INFO - Starting attempt 1 of 1
[2023-10-03T08:48:12.282+0000] {taskinstance.py:1350} INFO - Executing <Task(SimpleHttpOperator): task_get_op> on 2023-10-01 00:00:00+00:00
[2023-10-03T08:48:12.290+0000] {standard_task_runner.py:57} INFO - Started process 1679 to run task
[2023-10-03T08:48:12.308+0000] {standard_task_runner.py:84} INFO - Running: ['***', 'tasks', 'run', 'rocket_launch2', 'task_get_op', 'scheduled__2023-10-01T00:00:00+00:00', '--job-id', '47', '--raw', '--subdir', 'DAGS_FOLDER/rocket_launch.py', '--cfg-path', '/tmp/tmpdw1xwlgm']
[2023-10-03T08:48:12.317+0000] {standard_task_runner.py:85} INFO - Job 47: Subtask task_get_op
[2023-10-03T08:48:12.397+0000] {task_command.py:410} INFO - Running <TaskInstance: rocket_launch2.task_get_op scheduled__2023-10-01T00:00:00+00:00 [running]> on host e870058fa168
[2023-10-03T08:48:12.459+0000] {warnings.py:110} WARNING - /home/***/.local/lib/python3.7/site-packages/***/utils/context.py:205: AirflowContextDeprecationWarning: Accessing 'next_ds' from the template is deprecated and will be removed in a future version. Please use '{{ data_interval_end | ds }}' instead.
  warnings.warn(_create_deprecation_warning(key, self._deprecation_replacements[key]))

[2023-10-03T08:48:12.517+0000] {taskinstance.py:1570} INFO - Exporting env vars: AIRFLOW_CTX_DAG_OWNER='***' AIRFLOW_CTX_DAG_ID='rocket_launch2' AIRFLOW_CTX_TASK_ID='task_get_op' AIRFLOW_CTX_EXECUTION_DATE='2023-10-01T00:00:00+00:00' AIRFLOW_CTX_TRY_NUMBER='1' AIRFLOW_CTX_DAG_RUN_ID='scheduled__2023-10-01T00:00:00+00:00'
[2023-10-03T08:48:12.518+0000] {http.py:123} INFO - Calling HTTP method
[2023-10-03T08:48:12.529+0000] {base.py:73} INFO - Using connection ID 'thespacedevs_dev' for task execution.
[2023-10-03T08:48:15.859+0000] {taskinstance.py:1373} INFO - Marking task as SUCCESS. dag_id=rocket_launch2, task_id=task_get_op, execution_date=20231001T000000, start_date=20231003T084812, end_date=20231003T084815
[2023-10-03T08:48:15.896+0000] {local_task_job_runner.py:232} INFO - Task exited with return code 0
[2023-10-03T08:48:15.910+0000] {taskinstance.py:2674} INFO - 0 downstream tasks scheduled from follow-on schedule check
[2023-10-03T08:54:55.284+0000] {taskinstance.py:1125} INFO - Dependencies all met for dep_context=non-requeueable deps ti=<TaskInstance: rocket_launch2.task_get_op scheduled__2023-10-01T00:00:00+00:00 [queued]>
[2023-10-03T08:54:55.378+0000] {taskinstance.py:1125} INFO - Dependencies all met for dep_context=requeueable deps ti=<TaskInstance: rocket_launch2.task_get_op scheduled__2023-10-01T00:00:00+00:00 [queued]>
[2023-10-03T08:54:55.379+0000] {taskinstance.py:1331} INFO - Starting attempt 1 of 1
[2023-10-03T08:54:55.443+0000] {taskinstance.py:1350} INFO - Executing <Task(SimpleHttpOperator): task_get_op> on 2023-10-01 00:00:00+00:00
[2023-10-03T08:54:55.456+0000] {standard_task_runner.py:57} INFO - Started process 1817 to run task
[2023-10-03T08:54:55.464+0000] {standard_task_runner.py:84} INFO - Running: ['***', 'tasks', 'run', 'rocket_launch2', 'task_get_op', 'scheduled__2023-10-01T00:00:00+00:00', '--job-id', '57', '--raw', '--subdir', 'DAGS_FOLDER/rocket_launch.py', '--cfg-path', '/tmp/tmpgn9s2sda']
[2023-10-03T08:54:55.465+0000] {standard_task_runner.py:85} INFO - Job 57: Subtask task_get_op
[2023-10-03T08:54:55.679+0000] {task_command.py:410} INFO - Running <TaskInstance: rocket_launch2.task_get_op scheduled__2023-10-01T00:00:00+00:00 [running]> on host e870058fa168
[2023-10-03T08:54:55.808+0000] {warnings.py:110} WARNING - /home/***/.local/lib/python3.7/site-packages/***/utils/context.py:205: AirflowContextDeprecationWarning: Accessing 'next_ds' from the template is deprecated and will be removed in a future version. Please use '{{ data_interval_end | ds }}' instead.
  warnings.warn(_create_deprecation_warning(key, self._deprecation_replacements[key]))

[2023-10-03T08:54:55.887+0000] {taskinstance.py:1570} INFO - Exporting env vars: AIRFLOW_CTX_DAG_OWNER='***' AIRFLOW_CTX_DAG_ID='rocket_launch2' AIRFLOW_CTX_TASK_ID='task_get_op' AIRFLOW_CTX_EXECUTION_DATE='2023-10-01T00:00:00+00:00' AIRFLOW_CTX_TRY_NUMBER='1' AIRFLOW_CTX_DAG_RUN_ID='scheduled__2023-10-01T00:00:00+00:00'
[2023-10-03T08:54:55.887+0000] {http.py:123} INFO - Calling HTTP method
[2023-10-03T08:54:55.896+0000] {base.py:73} INFO - Using connection ID 'thespacedevs_dev' for task execution.
[2023-10-03T08:54:57.719+0000] {taskinstance.py:1373} INFO - Marking task as SUCCESS. dag_id=rocket_launch2, task_id=task_get_op, execution_date=20231001T000000, start_date=20231003T085455, end_date=20231003T085457
[2023-10-03T08:54:57.776+0000] {local_task_job_runner.py:232} INFO - Task exited with return code 0
[2023-10-03T08:54:57.800+0000] {taskinstance.py:2674} INFO - 0 downstream tasks scheduled from follow-on schedule check
[2023-10-03T09:25:26.287+0000] {taskinstance.py:1125} INFO - Dependencies all met for dep_context=non-requeueable deps ti=<TaskInstance: rocket_launch2.task_get_op scheduled__2023-10-01T00:00:00+00:00 [queued]>
[2023-10-03T09:25:26.307+0000] {taskinstance.py:1125} INFO - Dependencies all met for dep_context=requeueable deps ti=<TaskInstance: rocket_launch2.task_get_op scheduled__2023-10-01T00:00:00+00:00 [queued]>
[2023-10-03T09:25:26.307+0000] {taskinstance.py:1331} INFO - Starting attempt 1 of 1
[2023-10-03T09:25:26.359+0000] {taskinstance.py:1350} INFO - Executing <Task(SimpleHttpOperator): task_get_op> on 2023-10-01 00:00:00+00:00
[2023-10-03T09:25:26.366+0000] {standard_task_runner.py:57} INFO - Started process 2376 to run task
[2023-10-03T09:25:26.378+0000] {standard_task_runner.py:84} INFO - Running: ['***', 'tasks', 'run', 'rocket_launch2', 'task_get_op', 'scheduled__2023-10-01T00:00:00+00:00', '--job-id', '68', '--raw', '--subdir', 'DAGS_FOLDER/rocket_launch.py', '--cfg-path', '/tmp/tmp7uzc4lza']
[2023-10-03T09:25:26.379+0000] {standard_task_runner.py:85} INFO - Job 68: Subtask task_get_op
[2023-10-03T09:25:26.557+0000] {task_command.py:410} INFO - Running <TaskInstance: rocket_launch2.task_get_op scheduled__2023-10-01T00:00:00+00:00 [running]> on host e870058fa168
[2023-10-03T09:25:26.647+0000] {warnings.py:110} WARNING - /home/***/.local/lib/python3.7/site-packages/***/utils/context.py:205: AirflowContextDeprecationWarning: Accessing 'next_ds' from the template is deprecated and will be removed in a future version. Please use '{{ data_interval_end | ds }}' instead.
  warnings.warn(_create_deprecation_warning(key, self._deprecation_replacements[key]))

[2023-10-03T09:25:26.711+0000] {taskinstance.py:1570} INFO - Exporting env vars: AIRFLOW_CTX_DAG_OWNER='***' AIRFLOW_CTX_DAG_ID='rocket_launch2' AIRFLOW_CTX_TASK_ID='task_get_op' AIRFLOW_CTX_EXECUTION_DATE='2023-10-01T00:00:00+00:00' AIRFLOW_CTX_TRY_NUMBER='1' AIRFLOW_CTX_DAG_RUN_ID='scheduled__2023-10-01T00:00:00+00:00'
[2023-10-03T09:25:26.712+0000] {http.py:123} INFO - Calling HTTP method
[2023-10-03T09:25:26.724+0000] {base.py:73} INFO - Using connection ID 'thespacedevs_dev' for task execution.
[2023-10-03T09:25:28.079+0000] {http.py:127} INFO - {"count":0,"next":null,"previous":null,"results":[]}
[2023-10-03T09:25:28.173+0000] {taskinstance.py:1373} INFO - Marking task as SUCCESS. dag_id=rocket_launch2, task_id=task_get_op, execution_date=20231001T000000, start_date=20231003T092526, end_date=20231003T092528
[2023-10-03T09:25:28.255+0000] {local_task_job_runner.py:232} INFO - Task exited with return code 0
[2023-10-03T09:25:28.310+0000] {taskinstance.py:2674} INFO - 1 downstream tasks scheduled from follow-on schedule check
[2023-10-03T09:37:38.215+0000] {taskinstance.py:1125} INFO - Dependencies all met for dep_context=non-requeueable deps ti=<TaskInstance: rocket_launch2.task_get_op scheduled__2023-10-01T00:00:00+00:00 [queued]>
[2023-10-03T09:37:38.241+0000] {taskinstance.py:1125} INFO - Dependencies all met for dep_context=requeueable deps ti=<TaskInstance: rocket_launch2.task_get_op scheduled__2023-10-01T00:00:00+00:00 [queued]>
[2023-10-03T09:37:38.243+0000] {taskinstance.py:1331} INFO - Starting attempt 1 of 1
[2023-10-03T09:37:38.284+0000] {taskinstance.py:1350} INFO - Executing <Task(SimpleHttpOperator): task_get_op> on 2023-10-01 00:00:00+00:00
[2023-10-03T09:37:38.294+0000] {standard_task_runner.py:57} INFO - Started process 2608 to run task
[2023-10-03T09:37:38.299+0000] {standard_task_runner.py:84} INFO - Running: ['***', 'tasks', 'run', 'rocket_launch2', 'task_get_op', 'scheduled__2023-10-01T00:00:00+00:00', '--job-id', '76', '--raw', '--subdir', 'DAGS_FOLDER/rocket_launch.py', '--cfg-path', '/tmp/tmpyyf0xkxb']
[2023-10-03T09:37:38.299+0000] {standard_task_runner.py:85} INFO - Job 76: Subtask task_get_op
[2023-10-03T09:37:38.456+0000] {task_command.py:410} INFO - Running <TaskInstance: rocket_launch2.task_get_op scheduled__2023-10-01T00:00:00+00:00 [running]> on host e870058fa168
[2023-10-03T09:37:38.560+0000] {warnings.py:110} WARNING - /home/***/.local/lib/python3.7/site-packages/***/utils/context.py:205: AirflowContextDeprecationWarning: Accessing 'next_ds' from the template is deprecated and will be removed in a future version. Please use '{{ data_interval_end | ds }}' instead.
  warnings.warn(_create_deprecation_warning(key, self._deprecation_replacements[key]))

[2023-10-03T09:37:38.707+0000] {taskinstance.py:1570} INFO - Exporting env vars: AIRFLOW_CTX_DAG_OWNER='***' AIRFLOW_CTX_DAG_ID='rocket_launch2' AIRFLOW_CTX_TASK_ID='task_get_op' AIRFLOW_CTX_EXECUTION_DATE='2023-10-01T00:00:00+00:00' AIRFLOW_CTX_TRY_NUMBER='1' AIRFLOW_CTX_DAG_RUN_ID='scheduled__2023-10-01T00:00:00+00:00'
[2023-10-03T09:37:38.708+0000] {http.py:123} INFO - Calling HTTP method
[2023-10-03T09:37:38.742+0000] {base.py:73} INFO - Using connection ID 'thespacedevs_dev' for task execution.
[2023-10-03T09:37:39.168+0000] {http.py:127} INFO - {"count":0,"next":null,"previous":null,"results":[]}
[2023-10-03T09:37:39.197+0000] {taskinstance.py:1373} INFO - Marking task as SUCCESS. dag_id=rocket_launch2, task_id=task_get_op, execution_date=20231001T000000, start_date=20231003T093738, end_date=20231003T093739
[2023-10-03T09:37:39.241+0000] {local_task_job_runner.py:232} INFO - Task exited with return code 0
[2023-10-03T09:37:39.259+0000] {taskinstance.py:2674} INFO - 1 downstream tasks scheduled from follow-on schedule check
[2023-10-03T09:40:01.893+0000] {taskinstance.py:1125} INFO - Dependencies all met for dep_context=non-requeueable deps ti=<TaskInstance: rocket_launch2.task_get_op scheduled__2023-10-01T00:00:00+00:00 [queued]>
[2023-10-03T09:40:01.922+0000] {taskinstance.py:1125} INFO - Dependencies all met for dep_context=requeueable deps ti=<TaskInstance: rocket_launch2.task_get_op scheduled__2023-10-01T00:00:00+00:00 [queued]>
[2023-10-03T09:40:01.924+0000] {taskinstance.py:1331} INFO - Starting attempt 1 of 1
[2023-10-03T09:40:01.982+0000] {taskinstance.py:1350} INFO - Executing <Task(SimpleHttpOperator): task_get_op> on 2023-10-01 00:00:00+00:00
[2023-10-03T09:40:01.991+0000] {standard_task_runner.py:57} INFO - Started process 2775 to run task
[2023-10-03T09:40:01.996+0000] {standard_task_runner.py:84} INFO - Running: ['***', 'tasks', 'run', 'rocket_launch2', 'task_get_op', 'scheduled__2023-10-01T00:00:00+00:00', '--job-id', '136', '--raw', '--subdir', 'DAGS_FOLDER/rocket_launch.py', '--cfg-path', '/tmp/tmp3ioxw_1k']
[2023-10-03T09:40:01.997+0000] {standard_task_runner.py:85} INFO - Job 136: Subtask task_get_op
[2023-10-03T09:40:02.100+0000] {task_command.py:410} INFO - Running <TaskInstance: rocket_launch2.task_get_op scheduled__2023-10-01T00:00:00+00:00 [running]> on host e870058fa168
[2023-10-03T09:40:02.224+0000] {warnings.py:110} WARNING - /home/***/.local/lib/python3.7/site-packages/***/utils/context.py:205: AirflowContextDeprecationWarning: Accessing 'next_ds' from the template is deprecated and will be removed in a future version. Please use '{{ data_interval_end | ds }}' instead.
  warnings.warn(_create_deprecation_warning(key, self._deprecation_replacements[key]))

[2023-10-03T09:40:02.577+0000] {taskinstance.py:1570} INFO - Exporting env vars: AIRFLOW_CTX_DAG_OWNER='***' AIRFLOW_CTX_DAG_ID='rocket_launch2' AIRFLOW_CTX_TASK_ID='task_get_op' AIRFLOW_CTX_EXECUTION_DATE='2023-10-01T00:00:00+00:00' AIRFLOW_CTX_TRY_NUMBER='1' AIRFLOW_CTX_DAG_RUN_ID='scheduled__2023-10-01T00:00:00+00:00'
[2023-10-03T09:40:02.577+0000] {http.py:123} INFO - Calling HTTP method
[2023-10-03T09:40:02.589+0000] {base.py:73} INFO - Using connection ID 'thespacedevs_dev' for task execution.
[2023-10-03T09:40:02.910+0000] {http.py:127} INFO - {"count":0,"next":null,"previous":null,"results":[]}
[2023-10-03T09:40:02.942+0000] {taskinstance.py:1373} INFO - Marking task as SUCCESS. dag_id=rocket_launch2, task_id=task_get_op, execution_date=20231001T000000, start_date=20231003T094001, end_date=20231003T094002
[2023-10-03T09:40:03.000+0000] {local_task_job_runner.py:232} INFO - Task exited with return code 0
[2023-10-03T09:40:03.019+0000] {taskinstance.py:2674} INFO - 1 downstream tasks scheduled from follow-on schedule check
[2023-10-03T10:02:53.457+0000] {taskinstance.py:1125} INFO - Dependencies all met for dep_context=non-requeueable deps ti=<TaskInstance: rocket_launch2.task_get_op scheduled__2023-10-01T00:00:00+00:00 [queued]>
[2023-10-03T10:02:53.485+0000] {taskinstance.py:1125} INFO - Dependencies all met for dep_context=requeueable deps ti=<TaskInstance: rocket_launch2.task_get_op scheduled__2023-10-01T00:00:00+00:00 [queued]>
[2023-10-03T10:02:53.486+0000] {taskinstance.py:1331} INFO - Starting attempt 1 of 1
[2023-10-03T10:02:53.518+0000] {taskinstance.py:1350} INFO - Executing <Task(SimpleHttpOperator): task_get_op> on 2023-10-01 00:00:00+00:00
[2023-10-03T10:02:53.525+0000] {standard_task_runner.py:57} INFO - Started process 3407 to run task
[2023-10-03T10:02:53.530+0000] {standard_task_runner.py:84} INFO - Running: ['***', 'tasks', 'run', 'rocket_launch2', 'task_get_op', 'scheduled__2023-10-01T00:00:00+00:00', '--job-id', '259', '--raw', '--subdir', 'DAGS_FOLDER/rocket_launch.py', '--cfg-path', '/tmp/tmpa9z2nmdt']
[2023-10-03T10:02:53.531+0000] {standard_task_runner.py:85} INFO - Job 259: Subtask task_get_op
[2023-10-03T10:02:53.600+0000] {task_command.py:410} INFO - Running <TaskInstance: rocket_launch2.task_get_op scheduled__2023-10-01T00:00:00+00:00 [running]> on host e870058fa168
[2023-10-03T10:02:53.728+0000] {warnings.py:110} WARNING - /home/***/.local/lib/python3.7/site-packages/***/utils/context.py:205: AirflowContextDeprecationWarning: Accessing 'next_ds' from the template is deprecated and will be removed in a future version. Please use '{{ data_interval_end | ds }}' instead.
  warnings.warn(_create_deprecation_warning(key, self._deprecation_replacements[key]))

[2023-10-03T10:02:53.899+0000] {taskinstance.py:1570} INFO - Exporting env vars: AIRFLOW_CTX_DAG_OWNER='***' AIRFLOW_CTX_DAG_ID='rocket_launch2' AIRFLOW_CTX_TASK_ID='task_get_op' AIRFLOW_CTX_EXECUTION_DATE='2023-10-01T00:00:00+00:00' AIRFLOW_CTX_TRY_NUMBER='1' AIRFLOW_CTX_DAG_RUN_ID='scheduled__2023-10-01T00:00:00+00:00'
[2023-10-03T10:02:53.902+0000] {http.py:123} INFO - Calling HTTP method
[2023-10-03T10:02:53.914+0000] {base.py:73} INFO - Using connection ID 'thespacedevs_dev' for task execution.
[2023-10-03T10:02:54.167+0000] {http.py:127} INFO - {"count":0,"next":null,"previous":null,"results":[]}
[2023-10-03T10:02:54.200+0000] {taskinstance.py:1373} INFO - Marking task as SUCCESS. dag_id=rocket_launch2, task_id=task_get_op, execution_date=20231001T000000, start_date=20231003T100253, end_date=20231003T100254
[2023-10-03T10:02:54.273+0000] {local_task_job_runner.py:232} INFO - Task exited with return code 0
[2023-10-03T10:02:54.336+0000] {taskinstance.py:2674} INFO - 0 downstream tasks scheduled from follow-on schedule check
[2023-10-03T10:06:32.497+0000] {taskinstance.py:1125} INFO - Dependencies all met for dep_context=non-requeueable deps ti=<TaskInstance: rocket_launch2.task_get_op scheduled__2023-10-01T00:00:00+00:00 [queued]>
[2023-10-03T10:06:32.540+0000] {taskinstance.py:1125} INFO - Dependencies all met for dep_context=requeueable deps ti=<TaskInstance: rocket_launch2.task_get_op scheduled__2023-10-01T00:00:00+00:00 [queued]>
[2023-10-03T10:06:32.542+0000] {taskinstance.py:1331} INFO - Starting attempt 1 of 1
[2023-10-03T10:06:32.592+0000] {taskinstance.py:1350} INFO - Executing <Task(SimpleHttpOperator): task_get_op> on 2023-10-01 00:00:00+00:00
[2023-10-03T10:06:32.606+0000] {standard_task_runner.py:57} INFO - Started process 3655 to run task
[2023-10-03T10:06:32.612+0000] {standard_task_runner.py:84} INFO - Running: ['***', 'tasks', 'run', 'rocket_launch2', 'task_get_op', 'scheduled__2023-10-01T00:00:00+00:00', '--job-id', '351', '--raw', '--subdir', 'DAGS_FOLDER/rocket_launch.py', '--cfg-path', '/tmp/tmpq9dngodf']
[2023-10-03T10:06:32.616+0000] {standard_task_runner.py:85} INFO - Job 351: Subtask task_get_op
[2023-10-03T10:06:32.701+0000] {task_command.py:410} INFO - Running <TaskInstance: rocket_launch2.task_get_op scheduled__2023-10-01T00:00:00+00:00 [running]> on host e870058fa168
[2023-10-03T10:06:32.783+0000] {warnings.py:110} WARNING - /home/***/.local/lib/python3.7/site-packages/***/utils/context.py:205: AirflowContextDeprecationWarning: Accessing 'next_ds' from the template is deprecated and will be removed in a future version. Please use '{{ data_interval_end | ds }}' instead.
  warnings.warn(_create_deprecation_warning(key, self._deprecation_replacements[key]))

[2023-10-03T10:06:32.849+0000] {taskinstance.py:1570} INFO - Exporting env vars: AIRFLOW_CTX_DAG_OWNER='***' AIRFLOW_CTX_DAG_ID='rocket_launch2' AIRFLOW_CTX_TASK_ID='task_get_op' AIRFLOW_CTX_EXECUTION_DATE='2023-10-01T00:00:00+00:00' AIRFLOW_CTX_TRY_NUMBER='1' AIRFLOW_CTX_DAG_RUN_ID='scheduled__2023-10-01T00:00:00+00:00'
[2023-10-03T10:06:32.850+0000] {http.py:123} INFO - Calling HTTP method
[2023-10-03T10:06:32.885+0000] {base.py:73} INFO - Using connection ID 'thespacedevs_dev' for task execution.
[2023-10-03T10:06:33.331+0000] {http.py:127} INFO - {"count":0,"next":null,"previous":null,"results":[]}
[2023-10-03T10:06:33.359+0000] {taskinstance.py:1373} INFO - Marking task as SUCCESS. dag_id=rocket_launch2, task_id=task_get_op, execution_date=20231001T000000, start_date=20231003T100632, end_date=20231003T100633
[2023-10-03T10:06:33.394+0000] {local_task_job_runner.py:232} INFO - Task exited with return code 0
[2023-10-03T10:06:33.421+0000] {taskinstance.py:2674} INFO - 1 downstream tasks scheduled from follow-on schedule check
[2023-10-03T10:17:01.592+0000] {taskinstance.py:1125} INFO - Dependencies all met for dep_context=non-requeueable deps ti=<TaskInstance: rocket_launch2.task_get_op scheduled__2023-10-01T00:00:00+00:00 [queued]>
[2023-10-03T10:17:01.644+0000] {taskinstance.py:1125} INFO - Dependencies all met for dep_context=requeueable deps ti=<TaskInstance: rocket_launch2.task_get_op scheduled__2023-10-01T00:00:00+00:00 [queued]>
[2023-10-03T10:17:01.644+0000] {taskinstance.py:1331} INFO - Starting attempt 1 of 1
[2023-10-03T10:17:01.720+0000] {taskinstance.py:1350} INFO - Executing <Task(SimpleHttpOperator): task_get_op> on 2023-10-01 00:00:00+00:00
[2023-10-03T10:17:01.731+0000] {standard_task_runner.py:57} INFO - Started process 4010 to run task
[2023-10-03T10:17:01.736+0000] {standard_task_runner.py:84} INFO - Running: ['***', 'tasks', 'run', 'rocket_launch2', 'task_get_op', 'scheduled__2023-10-01T00:00:00+00:00', '--job-id', '440', '--raw', '--subdir', 'DAGS_FOLDER/rocket_launch.py', '--cfg-path', '/tmp/tmpkmot9jwr']
[2023-10-03T10:17:01.738+0000] {standard_task_runner.py:85} INFO - Job 440: Subtask task_get_op
[2023-10-03T10:17:01.849+0000] {task_command.py:410} INFO - Running <TaskInstance: rocket_launch2.task_get_op scheduled__2023-10-01T00:00:00+00:00 [running]> on host e870058fa168
[2023-10-03T10:17:02.059+0000] {warnings.py:110} WARNING - /home/***/.local/lib/python3.7/site-packages/***/utils/context.py:205: AirflowContextDeprecationWarning: Accessing 'next_ds' from the template is deprecated and will be removed in a future version. Please use '{{ data_interval_end | ds }}' instead.
  warnings.warn(_create_deprecation_warning(key, self._deprecation_replacements[key]))

[2023-10-03T10:17:02.320+0000] {taskinstance.py:1570} INFO - Exporting env vars: AIRFLOW_CTX_DAG_OWNER='***' AIRFLOW_CTX_DAG_ID='rocket_launch2' AIRFLOW_CTX_TASK_ID='task_get_op' AIRFLOW_CTX_EXECUTION_DATE='2023-10-01T00:00:00+00:00' AIRFLOW_CTX_TRY_NUMBER='1' AIRFLOW_CTX_DAG_RUN_ID='scheduled__2023-10-01T00:00:00+00:00'
[2023-10-03T10:17:02.321+0000] {http.py:123} INFO - Calling HTTP method
[2023-10-03T10:17:02.346+0000] {base.py:73} INFO - Using connection ID 'thespacedevs_dev' for task execution.
[2023-10-03T10:17:03.405+0000] {http.py:127} INFO - {"count":0,"next":null,"previous":null,"results":[]}
[2023-10-03T10:17:03.528+0000] {taskinstance.py:1373} INFO - Marking task as SUCCESS. dag_id=rocket_launch2, task_id=task_get_op, execution_date=20231001T000000, start_date=20231003T101701, end_date=20231003T101703
[2023-10-03T10:17:03.670+0000] {local_task_job_runner.py:232} INFO - Task exited with return code 0
[2023-10-03T10:17:03.821+0000] {taskinstance.py:2674} INFO - 1 downstream tasks scheduled from follow-on schedule check
