[2023-10-03T09:39:14.840+0000] {taskinstance.py:1125} INFO - Dependencies all met for dep_context=non-requeueable deps ti=<TaskInstance: rocket_launch2.wait_for_data scheduled__2023-09-14T00:00:00+00:00 [queued]>
[2023-10-03T09:39:14.866+0000] {taskinstance.py:1125} INFO - Dependencies all met for dep_context=requeueable deps ti=<TaskInstance: rocket_launch2.wait_for_data scheduled__2023-09-14T00:00:00+00:00 [queued]>
[2023-10-03T09:39:14.866+0000] {taskinstance.py:1331} INFO - Starting attempt 1 of 1
[2023-10-03T09:39:15.032+0000] {taskinstance.py:1350} INFO - Executing <Task(HttpSensor): wait_for_data> on 2023-09-14 00:00:00+00:00
[2023-10-03T09:39:15.150+0000] {standard_task_runner.py:57} INFO - Started process 2654 to run task
[2023-10-03T09:39:15.155+0000] {standard_task_runner.py:84} INFO - Running: ['***', 'tasks', 'run', 'rocket_launch2', 'wait_for_data', 'scheduled__2023-09-14T00:00:00+00:00', '--job-id', '83', '--raw', '--subdir', 'DAGS_FOLDER/rocket_launch.py', '--cfg-path', '/tmp/tmpcef5sv0f']
[2023-10-03T09:39:15.160+0000] {standard_task_runner.py:85} INFO - Job 83: Subtask wait_for_data
[2023-10-03T09:39:15.867+0000] {task_command.py:410} INFO - Running <TaskInstance: rocket_launch2.wait_for_data scheduled__2023-09-14T00:00:00+00:00 [running]> on host e870058fa168
[2023-10-03T09:39:17.241+0000] {taskinstance.py:1570} INFO - Exporting env vars: AIRFLOW_CTX_DAG_OWNER='***' AIRFLOW_CTX_DAG_ID='rocket_launch2' AIRFLOW_CTX_TASK_ID='wait_for_data' AIRFLOW_CTX_EXECUTION_DATE='2023-09-14T00:00:00+00:00' AIRFLOW_CTX_TRY_NUMBER='1' AIRFLOW_CTX_DAG_RUN_ID='scheduled__2023-09-14T00:00:00+00:00'
[2023-10-03T09:39:17.243+0000] {http.py:122} INFO - Poking: 
[2023-10-03T09:39:17.367+0000] {base.py:73} INFO - Using connection ID 'thespacedevs_dev' for task execution.
[2023-10-03T09:39:18.259+0000] {base.py:255} INFO - Success criteria met. Exiting.
[2023-10-03T09:39:18.393+0000] {taskinstance.py:1373} INFO - Marking task as SUCCESS. dag_id=rocket_launch2, task_id=wait_for_data, execution_date=20230914T000000, start_date=20231003T093914, end_date=20231003T093918
[2023-10-03T09:39:18.798+0000] {local_task_job_runner.py:232} INFO - Task exited with return code 0
[2023-10-03T09:39:19.148+0000] {taskinstance.py:2674} INFO - 1 downstream tasks scheduled from follow-on schedule check
[2023-10-03T10:02:05.755+0000] {taskinstance.py:1125} INFO - Dependencies all met for dep_context=non-requeueable deps ti=<TaskInstance: rocket_launch2.wait_for_data scheduled__2023-09-14T00:00:00+00:00 [queued]>
[2023-10-03T10:02:05.803+0000] {taskinstance.py:1125} INFO - Dependencies all met for dep_context=requeueable deps ti=<TaskInstance: rocket_launch2.wait_for_data scheduled__2023-09-14T00:00:00+00:00 [queued]>
[2023-10-03T10:02:05.813+0000] {taskinstance.py:1331} INFO - Starting attempt 1 of 1
[2023-10-03T10:02:05.971+0000] {taskinstance.py:1350} INFO - Executing <Task(HttpSensor): wait_for_data> on 2023-09-14 00:00:00+00:00
[2023-10-03T10:02:06.041+0000] {standard_task_runner.py:57} INFO - Started process 3274 to run task
[2023-10-03T10:02:06.049+0000] {standard_task_runner.py:84} INFO - Running: ['***', 'tasks', 'run', 'rocket_launch2', 'wait_for_data', 'scheduled__2023-09-14T00:00:00+00:00', '--job-id', '194', '--raw', '--subdir', 'DAGS_FOLDER/rocket_launch.py', '--cfg-path', '/tmp/tmplgfiae4p']
[2023-10-03T10:02:06.088+0000] {standard_task_runner.py:85} INFO - Job 194: Subtask wait_for_data
[2023-10-03T10:02:06.847+0000] {task_command.py:410} INFO - Running <TaskInstance: rocket_launch2.wait_for_data scheduled__2023-09-14T00:00:00+00:00 [running]> on host e870058fa168
[2023-10-03T10:02:07.727+0000] {taskinstance.py:1570} INFO - Exporting env vars: AIRFLOW_CTX_DAG_OWNER='***' AIRFLOW_CTX_DAG_ID='rocket_launch2' AIRFLOW_CTX_TASK_ID='wait_for_data' AIRFLOW_CTX_EXECUTION_DATE='2023-09-14T00:00:00+00:00' AIRFLOW_CTX_TRY_NUMBER='1' AIRFLOW_CTX_DAG_RUN_ID='scheduled__2023-09-14T00:00:00+00:00'
[2023-10-03T10:02:07.736+0000] {http.py:122} INFO - Poking: 
[2023-10-03T10:02:07.819+0000] {base.py:73} INFO - Using connection ID 'thespacedevs_dev' for task execution.
[2023-10-03T10:02:08.422+0000] {base.py:255} INFO - Success criteria met. Exiting.
[2023-10-03T10:02:08.476+0000] {taskinstance.py:1373} INFO - Marking task as SUCCESS. dag_id=rocket_launch2, task_id=wait_for_data, execution_date=20230914T000000, start_date=20231003T100205, end_date=20231003T100208
[2023-10-03T10:02:08.792+0000] {local_task_job_runner.py:232} INFO - Task exited with return code 0
[2023-10-03T10:02:09.418+0000] {taskinstance.py:2674} INFO - 0 downstream tasks scheduled from follow-on schedule check
[2023-10-03T10:05:43.940+0000] {taskinstance.py:1125} INFO - Dependencies all met for dep_context=non-requeueable deps ti=<TaskInstance: rocket_launch2.wait_for_data scheduled__2023-09-14T00:00:00+00:00 [queued]>
[2023-10-03T10:05:44.051+0000] {taskinstance.py:1125} INFO - Dependencies all met for dep_context=requeueable deps ti=<TaskInstance: rocket_launch2.wait_for_data scheduled__2023-09-14T00:00:00+00:00 [queued]>
[2023-10-03T10:05:44.052+0000] {taskinstance.py:1331} INFO - Starting attempt 1 of 1
[2023-10-03T10:05:44.396+0000] {taskinstance.py:1350} INFO - Executing <Task(HttpSensor): wait_for_data> on 2023-09-14 00:00:00+00:00
[2023-10-03T10:05:44.465+0000] {standard_task_runner.py:57} INFO - Started process 3521 to run task
[2023-10-03T10:05:44.498+0000] {standard_task_runner.py:84} INFO - Running: ['***', 'tasks', 'run', 'rocket_launch2', 'wait_for_data', 'scheduled__2023-09-14T00:00:00+00:00', '--job-id', '285', '--raw', '--subdir', 'DAGS_FOLDER/rocket_launch.py', '--cfg-path', '/tmp/tmptalb0pt5']
[2023-10-03T10:05:44.530+0000] {standard_task_runner.py:85} INFO - Job 285: Subtask wait_for_data
[2023-10-03T10:05:44.824+0000] {task_command.py:410} INFO - Running <TaskInstance: rocket_launch2.wait_for_data scheduled__2023-09-14T00:00:00+00:00 [running]> on host e870058fa168
[2023-10-03T10:05:45.857+0000] {taskinstance.py:1570} INFO - Exporting env vars: AIRFLOW_CTX_DAG_OWNER='***' AIRFLOW_CTX_DAG_ID='rocket_launch2' AIRFLOW_CTX_TASK_ID='wait_for_data' AIRFLOW_CTX_EXECUTION_DATE='2023-09-14T00:00:00+00:00' AIRFLOW_CTX_TRY_NUMBER='1' AIRFLOW_CTX_DAG_RUN_ID='scheduled__2023-09-14T00:00:00+00:00'
[2023-10-03T10:05:45.859+0000] {http.py:122} INFO - Poking: 
[2023-10-03T10:05:45.926+0000] {base.py:73} INFO - Using connection ID 'thespacedevs_dev' for task execution.
[2023-10-03T10:05:47.249+0000] {base.py:255} INFO - Success criteria met. Exiting.
[2023-10-03T10:05:47.491+0000] {taskinstance.py:1373} INFO - Marking task as SUCCESS. dag_id=rocket_launch2, task_id=wait_for_data, execution_date=20230914T000000, start_date=20231003T100543, end_date=20231003T100547
[2023-10-03T10:05:47.975+0000] {local_task_job_runner.py:232} INFO - Task exited with return code 0
[2023-10-03T10:05:48.214+0000] {taskinstance.py:2674} INFO - 1 downstream tasks scheduled from follow-on schedule check
[2023-10-03T10:16:19.388+0000] {taskinstance.py:1125} INFO - Dependencies all met for dep_context=non-requeueable deps ti=<TaskInstance: rocket_launch2.wait_for_data scheduled__2023-09-14T00:00:00+00:00 [queued]>
[2023-10-03T10:16:19.691+0000] {taskinstance.py:1125} INFO - Dependencies all met for dep_context=requeueable deps ti=<TaskInstance: rocket_launch2.wait_for_data scheduled__2023-09-14T00:00:00+00:00 [queued]>
[2023-10-03T10:16:19.695+0000] {taskinstance.py:1331} INFO - Starting attempt 1 of 1
[2023-10-03T10:16:20.042+0000] {taskinstance.py:1350} INFO - Executing <Task(HttpSensor): wait_for_data> on 2023-09-14 00:00:00+00:00
[2023-10-03T10:16:20.130+0000] {standard_task_runner.py:57} INFO - Started process 3887 to run task
[2023-10-03T10:16:20.187+0000] {standard_task_runner.py:84} INFO - Running: ['***', 'tasks', 'run', 'rocket_launch2', 'wait_for_data', 'scheduled__2023-09-14T00:00:00+00:00', '--job-id', '376', '--raw', '--subdir', 'DAGS_FOLDER/rocket_launch.py', '--cfg-path', '/tmp/tmprb9ckhsx']
[2023-10-03T10:16:20.215+0000] {standard_task_runner.py:85} INFO - Job 376: Subtask wait_for_data
[2023-10-03T10:16:21.026+0000] {task_command.py:410} INFO - Running <TaskInstance: rocket_launch2.wait_for_data scheduled__2023-09-14T00:00:00+00:00 [running]> on host e870058fa168
[2023-10-03T10:16:21.798+0000] {taskinstance.py:1570} INFO - Exporting env vars: AIRFLOW_CTX_DAG_OWNER='***' AIRFLOW_CTX_DAG_ID='rocket_launch2' AIRFLOW_CTX_TASK_ID='wait_for_data' AIRFLOW_CTX_EXECUTION_DATE='2023-09-14T00:00:00+00:00' AIRFLOW_CTX_TRY_NUMBER='1' AIRFLOW_CTX_DAG_RUN_ID='scheduled__2023-09-14T00:00:00+00:00'
[2023-10-03T10:16:21.802+0000] {http.py:122} INFO - Poking: 
[2023-10-03T10:16:21.871+0000] {base.py:73} INFO - Using connection ID 'thespacedevs_dev' for task execution.
[2023-10-03T10:16:22.897+0000] {base.py:255} INFO - Success criteria met. Exiting.
[2023-10-03T10:16:22.970+0000] {taskinstance.py:1373} INFO - Marking task as SUCCESS. dag_id=rocket_launch2, task_id=wait_for_data, execution_date=20230914T000000, start_date=20231003T101619, end_date=20231003T101622
[2023-10-03T10:16:23.202+0000] {local_task_job_runner.py:232} INFO - Task exited with return code 0
[2023-10-03T10:16:24.018+0000] {taskinstance.py:2674} INFO - 1 downstream tasks scheduled from follow-on schedule check
