[2023-10-03T10:04:07.569+0000] {taskinstance.py:1125} INFO - Dependencies all met for dep_context=non-requeueable deps ti=<TaskInstance: rocket_launch2.check_launches scheduled__2023-09-13T00:00:00+00:00 [queued]>
[2023-10-03T10:04:07.859+0000] {taskinstance.py:1125} INFO - Dependencies all met for dep_context=requeueable deps ti=<TaskInstance: rocket_launch2.check_launches scheduled__2023-09-13T00:00:00+00:00 [queued]>
[2023-10-03T10:04:07.869+0000] {taskinstance.py:1331} INFO - Starting attempt 2 of 2
[2023-10-03T10:04:08.045+0000] {taskinstance.py:1350} INFO - Executing <Task(PythonOperator): check_launches> on 2023-09-13 00:00:00+00:00
[2023-10-03T10:04:08.091+0000] {standard_task_runner.py:57} INFO - Started process 3460 to run task
[2023-10-03T10:04:08.117+0000] {standard_task_runner.py:84} INFO - Running: ['***', 'tasks', 'run', 'rocket_launch2', 'check_launches', 'scheduled__2023-09-13T00:00:00+00:00', '--job-id', '264', '--raw', '--subdir', 'DAGS_FOLDER/rocket_launch.py', '--cfg-path', '/tmp/tmpik4_uj4u']
[2023-10-03T10:04:08.126+0000] {standard_task_runner.py:85} INFO - Job 264: Subtask check_launches
[2023-10-03T10:04:08.745+0000] {task_command.py:410} INFO - Running <TaskInstance: rocket_launch2.check_launches scheduled__2023-09-13T00:00:00+00:00 [running]> on host e870058fa168
[2023-10-03T10:04:09.595+0000] {taskinstance.py:1570} INFO - Exporting env vars: AIRFLOW_CTX_DAG_OWNER='***' AIRFLOW_CTX_DAG_ID='rocket_launch2' AIRFLOW_CTX_TASK_ID='check_launches' AIRFLOW_CTX_EXECUTION_DATE='2023-09-13T00:00:00+00:00' AIRFLOW_CTX_TRY_NUMBER='2' AIRFLOW_CTX_DAG_RUN_ID='scheduled__2023-09-13T00:00:00+00:00'
[2023-10-03T10:04:09.833+0000] {taskinstance.py:1454} INFO - No launches on 2023-09-13
[2023-10-03T10:04:09.991+0000] {taskinstance.py:1373} INFO - Marking task as SKIPPED. dag_id=rocket_launch2, task_id=check_launches, execution_date=20230913T000000, start_date=20231003T100407, end_date=20231003T100409
[2023-10-03T10:04:10.760+0000] {local_task_job_runner.py:232} INFO - Task exited with return code 0
[2023-10-03T10:04:10.992+0000] {taskinstance.py:2674} INFO - 0 downstream tasks scheduled from follow-on schedule check
[2023-10-03T10:09:26.926+0000] {taskinstance.py:1125} INFO - Dependencies all met for dep_context=non-requeueable deps ti=<TaskInstance: rocket_launch2.check_launches scheduled__2023-09-13T00:00:00+00:00 [queued]>
[2023-10-03T10:09:27.069+0000] {taskinstance.py:1125} INFO - Dependencies all met for dep_context=requeueable deps ti=<TaskInstance: rocket_launch2.check_launches scheduled__2023-09-13T00:00:00+00:00 [queued]>
[2023-10-03T10:09:27.087+0000] {taskinstance.py:1331} INFO - Starting attempt 2 of 2
[2023-10-03T10:09:27.442+0000] {taskinstance.py:1350} INFO - Executing <Task(PythonOperator): check_launches> on 2023-09-13 00:00:00+00:00
[2023-10-03T10:09:27.519+0000] {standard_task_runner.py:57} INFO - Started process 3739 to run task
[2023-10-03T10:09:27.549+0000] {standard_task_runner.py:84} INFO - Running: ['***', 'tasks', 'run', 'rocket_launch2', 'check_launches', 'scheduled__2023-09-13T00:00:00+00:00', '--job-id', '357', '--raw', '--subdir', 'DAGS_FOLDER/rocket_launch.py', '--cfg-path', '/tmp/tmptvhcsk8v']
[2023-10-03T10:09:27.640+0000] {standard_task_runner.py:85} INFO - Job 357: Subtask check_launches
[2023-10-03T10:09:28.806+0000] {task_command.py:410} INFO - Running <TaskInstance: rocket_launch2.check_launches scheduled__2023-09-13T00:00:00+00:00 [running]> on host e870058fa168
[2023-10-03T10:09:31.205+0000] {taskinstance.py:1570} INFO - Exporting env vars: AIRFLOW_CTX_DAG_OWNER='***' AIRFLOW_CTX_DAG_ID='rocket_launch2' AIRFLOW_CTX_TASK_ID='check_launches' AIRFLOW_CTX_EXECUTION_DATE='2023-09-13T00:00:00+00:00' AIRFLOW_CTX_TRY_NUMBER='2' AIRFLOW_CTX_DAG_RUN_ID='scheduled__2023-09-13T00:00:00+00:00'
[2023-10-03T10:09:31.552+0000] {taskinstance.py:1454} INFO - No launches on 2023-09-13
[2023-10-03T10:09:31.718+0000] {taskinstance.py:1373} INFO - Marking task as SKIPPED. dag_id=rocket_launch2, task_id=check_launches, execution_date=20230913T000000, start_date=20231003T100926, end_date=20231003T100931
[2023-10-03T10:09:32.332+0000] {local_task_job_runner.py:232} INFO - Task exited with return code 0
[2023-10-03T10:09:32.607+0000] {taskinstance.py:2674} INFO - 0 downstream tasks scheduled from follow-on schedule check
