[2023-10-03T09:53:05.681+0000] {taskinstance.py:1125} INFO - Dependencies all met for dep_context=non-requeueable deps ti=<TaskInstance: rocket_launch2.check_launches scheduled__2023-09-13T00:00:00+00:00 [queued]>
[2023-10-03T09:53:05.943+0000] {taskinstance.py:1125} INFO - Dependencies all met for dep_context=requeueable deps ti=<TaskInstance: rocket_launch2.check_launches scheduled__2023-09-13T00:00:00+00:00 [queued]>
[2023-10-03T09:53:05.957+0000] {taskinstance.py:1331} INFO - Starting attempt 1 of 1
[2023-10-03T09:53:06.403+0000] {taskinstance.py:1350} INFO - Executing <Task(ShortCircuitOperator): check_launches> on 2023-09-13 00:00:00+00:00
[2023-10-03T09:53:06.452+0000] {standard_task_runner.py:57} INFO - Started process 3058 to run task
[2023-10-03T09:53:06.503+0000] {standard_task_runner.py:84} INFO - Running: ['***', 'tasks', 'run', 'rocket_launch2', 'check_launches', 'scheduled__2023-09-13T00:00:00+00:00', '--job-id', '163', '--raw', '--subdir', 'DAGS_FOLDER/rocket_launch.py', '--cfg-path', '/tmp/tmpztakm_r5']
[2023-10-03T09:53:06.524+0000] {standard_task_runner.py:85} INFO - Job 163: Subtask check_launches
[2023-10-03T09:53:07.049+0000] {task_command.py:410} INFO - Running <TaskInstance: rocket_launch2.check_launches scheduled__2023-09-13T00:00:00+00:00 [running]> on host e870058fa168
[2023-10-03T09:53:08.620+0000] {taskinstance.py:1570} INFO - Exporting env vars: AIRFLOW_CTX_DAG_OWNER='***' AIRFLOW_CTX_DAG_ID='rocket_launch2' AIRFLOW_CTX_TASK_ID='check_launches' AIRFLOW_CTX_EXECUTION_DATE='2023-09-13T00:00:00+00:00' AIRFLOW_CTX_TRY_NUMBER='1' AIRFLOW_CTX_DAG_RUN_ID='scheduled__2023-09-13T00:00:00+00:00'
[2023-10-03T09:53:08.871+0000] {taskinstance.py:1454} INFO - No launches on 2023-09-13
[2023-10-03T09:53:09.005+0000] {taskinstance.py:1373} INFO - Marking task as SKIPPED. dag_id=rocket_launch2, task_id=check_launches, execution_date=20230913T000000, start_date=20231003T095305, end_date=20231003T095309
[2023-10-03T09:53:09.466+0000] {local_task_job_runner.py:232} INFO - Task exited with return code 0
[2023-10-03T09:53:09.844+0000] {taskinstance.py:2674} INFO - 0 downstream tasks scheduled from follow-on schedule check
[2023-10-03T10:02:22.832+0000] {taskinstance.py:1125} INFO - Dependencies all met for dep_context=non-requeueable deps ti=<TaskInstance: rocket_launch2.check_launches scheduled__2023-09-13T00:00:00+00:00 [queued]>
[2023-10-03T10:02:22.984+0000] {taskinstance.py:1125} INFO - Dependencies all met for dep_context=requeueable deps ti=<TaskInstance: rocket_launch2.check_launches scheduled__2023-09-13T00:00:00+00:00 [queued]>
[2023-10-03T10:02:22.985+0000] {taskinstance.py:1331} INFO - Starting attempt 1 of 1
[2023-10-03T10:02:23.065+0000] {taskinstance.py:1350} INFO - Executing <Task(PythonOperator): check_launches> on 2023-09-13 00:00:00+00:00
[2023-10-03T10:02:23.072+0000] {standard_task_runner.py:57} INFO - Started process 3333 to run task
[2023-10-03T10:02:23.113+0000] {standard_task_runner.py:84} INFO - Running: ['***', 'tasks', 'run', 'rocket_launch2', 'check_launches', 'scheduled__2023-09-13T00:00:00+00:00', '--job-id', '219', '--raw', '--subdir', 'DAGS_FOLDER/rocket_launch.py', '--cfg-path', '/tmp/tmpqcwretpf']
[2023-10-03T10:02:23.132+0000] {standard_task_runner.py:85} INFO - Job 219: Subtask check_launches
[2023-10-03T10:02:23.463+0000] {task_command.py:410} INFO - Running <TaskInstance: rocket_launch2.check_launches scheduled__2023-09-13T00:00:00+00:00 [running]> on host e870058fa168
[2023-10-03T10:02:24.631+0000] {taskinstance.py:1570} INFO - Exporting env vars: AIRFLOW_CTX_DAG_OWNER='***' AIRFLOW_CTX_DAG_ID='rocket_launch2' AIRFLOW_CTX_TASK_ID='check_launches' AIRFLOW_CTX_EXECUTION_DATE='2023-09-13T00:00:00+00:00' AIRFLOW_CTX_TRY_NUMBER='1' AIRFLOW_CTX_DAG_RUN_ID='scheduled__2023-09-13T00:00:00+00:00'
[2023-10-03T10:02:24.853+0000] {taskinstance.py:1454} INFO - No launches on 2023-09-13
[2023-10-03T10:02:24.986+0000] {taskinstance.py:1373} INFO - Marking task as SKIPPED. dag_id=rocket_launch2, task_id=check_launches, execution_date=20230913T000000, start_date=20231003T100222, end_date=20231003T100224
[2023-10-03T10:02:25.213+0000] {local_task_job_runner.py:232} INFO - Task exited with return code 0
[2023-10-03T10:02:25.641+0000] {taskinstance.py:2674} INFO - 0 downstream tasks scheduled from follow-on schedule check
[2023-10-03T10:06:08.636+0000] {taskinstance.py:1125} INFO - Dependencies all met for dep_context=non-requeueable deps ti=<TaskInstance: rocket_launch2.check_launches scheduled__2023-09-13T00:00:00+00:00 [queued]>
[2023-10-03T10:06:08.783+0000] {taskinstance.py:1125} INFO - Dependencies all met for dep_context=requeueable deps ti=<TaskInstance: rocket_launch2.check_launches scheduled__2023-09-13T00:00:00+00:00 [queued]>
[2023-10-03T10:06:08.784+0000] {taskinstance.py:1331} INFO - Starting attempt 1 of 1
[2023-10-03T10:06:08.972+0000] {taskinstance.py:1350} INFO - Executing <Task(PythonOperator): check_launches> on 2023-09-13 00:00:00+00:00
[2023-10-03T10:06:09.027+0000] {standard_task_runner.py:57} INFO - Started process 3594 to run task
[2023-10-03T10:06:09.079+0000] {standard_task_runner.py:84} INFO - Running: ['***', 'tasks', 'run', 'rocket_launch2', 'check_launches', 'scheduled__2023-09-13T00:00:00+00:00', '--job-id', '317', '--raw', '--subdir', 'DAGS_FOLDER/rocket_launch.py', '--cfg-path', '/tmp/tmpbmtbhea4']
[2023-10-03T10:06:09.080+0000] {standard_task_runner.py:85} INFO - Job 317: Subtask check_launches
[2023-10-03T10:06:09.459+0000] {task_command.py:410} INFO - Running <TaskInstance: rocket_launch2.check_launches scheduled__2023-09-13T00:00:00+00:00 [running]> on host e870058fa168
[2023-10-03T10:06:10.931+0000] {taskinstance.py:1570} INFO - Exporting env vars: AIRFLOW_CTX_DAG_OWNER='***' AIRFLOW_CTX_DAG_ID='rocket_launch2' AIRFLOW_CTX_TASK_ID='check_launches' AIRFLOW_CTX_EXECUTION_DATE='2023-09-13T00:00:00+00:00' AIRFLOW_CTX_TRY_NUMBER='1' AIRFLOW_CTX_DAG_RUN_ID='scheduled__2023-09-13T00:00:00+00:00'
[2023-10-03T10:06:11.104+0000] {taskinstance.py:1454} INFO - No launches on 2023-09-13
[2023-10-03T10:06:11.245+0000] {taskinstance.py:1373} INFO - Marking task as SKIPPED. dag_id=rocket_launch2, task_id=check_launches, execution_date=20230913T000000, start_date=20231003T100608, end_date=20231003T100611
[2023-10-03T10:06:11.668+0000] {local_task_job_runner.py:232} INFO - Task exited with return code 0
[2023-10-03T10:06:11.943+0000] {taskinstance.py:2674} INFO - 0 downstream tasks scheduled from follow-on schedule check
[2023-10-03T10:16:41.780+0000] {taskinstance.py:1125} INFO - Dependencies all met for dep_context=non-requeueable deps ti=<TaskInstance: rocket_launch2.check_launches scheduled__2023-09-13T00:00:00+00:00 [queued]>
[2023-10-03T10:16:42.057+0000] {taskinstance.py:1125} INFO - Dependencies all met for dep_context=requeueable deps ti=<TaskInstance: rocket_launch2.check_launches scheduled__2023-09-13T00:00:00+00:00 [queued]>
[2023-10-03T10:16:42.068+0000] {taskinstance.py:1331} INFO - Starting attempt 1 of 1
[2023-10-03T10:16:42.394+0000] {taskinstance.py:1350} INFO - Executing <Task(PythonOperator): check_launches> on 2023-09-13 00:00:00+00:00
[2023-10-03T10:16:42.512+0000] {standard_task_runner.py:57} INFO - Started process 3960 to run task
[2023-10-03T10:16:42.589+0000] {standard_task_runner.py:84} INFO - Running: ['***', 'tasks', 'run', 'rocket_launch2', 'check_launches', 'scheduled__2023-09-13T00:00:00+00:00', '--job-id', '408', '--raw', '--subdir', 'DAGS_FOLDER/rocket_launch.py', '--cfg-path', '/tmp/tmp0l_2cvsi']
[2023-10-03T10:16:42.618+0000] {standard_task_runner.py:85} INFO - Job 408: Subtask check_launches
[2023-10-03T10:16:43.080+0000] {task_command.py:410} INFO - Running <TaskInstance: rocket_launch2.check_launches scheduled__2023-09-13T00:00:00+00:00 [running]> on host e870058fa168
[2023-10-03T10:16:44.016+0000] {taskinstance.py:1570} INFO - Exporting env vars: AIRFLOW_CTX_DAG_OWNER='***' AIRFLOW_CTX_DAG_ID='rocket_launch2' AIRFLOW_CTX_TASK_ID='check_launches' AIRFLOW_CTX_EXECUTION_DATE='2023-09-13T00:00:00+00:00' AIRFLOW_CTX_TRY_NUMBER='1' AIRFLOW_CTX_DAG_RUN_ID='scheduled__2023-09-13T00:00:00+00:00'
[2023-10-03T10:16:44.265+0000] {taskinstance.py:1454} INFO - No launches on 2023-09-13
[2023-10-03T10:16:44.398+0000] {taskinstance.py:1373} INFO - Marking task as SKIPPED. dag_id=rocket_launch2, task_id=check_launches, execution_date=20230913T000000, start_date=20231003T101641, end_date=20231003T101644
[2023-10-03T10:16:44.584+0000] {local_task_job_runner.py:232} INFO - Task exited with return code 0
[2023-10-03T10:16:44.949+0000] {taskinstance.py:2674} INFO - 0 downstream tasks scheduled from follow-on schedule check
