[2023-10-03T10:04:08.584+0000] {taskinstance.py:1125} INFO - Dependencies all met for dep_context=non-requeueable deps ti=<TaskInstance: rocket_launch2.check_launches scheduled__2023-09-18T00:00:00+00:00 [queued]>
[2023-10-03T10:04:08.795+0000] {taskinstance.py:1125} INFO - Dependencies all met for dep_context=requeueable deps ti=<TaskInstance: rocket_launch2.check_launches scheduled__2023-09-18T00:00:00+00:00 [queued]>
[2023-10-03T10:04:08.806+0000] {taskinstance.py:1331} INFO - Starting attempt 2 of 2
[2023-10-03T10:04:09.273+0000] {taskinstance.py:1350} INFO - Executing <Task(PythonOperator): check_launches> on 2023-09-18 00:00:00+00:00
[2023-10-03T10:04:09.346+0000] {standard_task_runner.py:57} INFO - Started process 3474 to run task
[2023-10-03T10:04:09.377+0000] {standard_task_runner.py:84} INFO - Running: ['***', 'tasks', 'run', 'rocket_launch2', 'check_launches', 'scheduled__2023-09-18T00:00:00+00:00', '--job-id', '273', '--raw', '--subdir', 'DAGS_FOLDER/rocket_launch.py', '--cfg-path', '/tmp/tmpw5hu74yb']
[2023-10-03T10:04:09.398+0000] {standard_task_runner.py:85} INFO - Job 273: Subtask check_launches
[2023-10-03T10:04:10.299+0000] {task_command.py:410} INFO - Running <TaskInstance: rocket_launch2.check_launches scheduled__2023-09-18T00:00:00+00:00 [running]> on host e870058fa168
[2023-10-03T10:04:12.601+0000] {taskinstance.py:1570} INFO - Exporting env vars: AIRFLOW_CTX_DAG_OWNER='***' AIRFLOW_CTX_DAG_ID='rocket_launch2' AIRFLOW_CTX_TASK_ID='check_launches' AIRFLOW_CTX_EXECUTION_DATE='2023-09-18T00:00:00+00:00' AIRFLOW_CTX_TRY_NUMBER='2' AIRFLOW_CTX_DAG_RUN_ID='scheduled__2023-09-18T00:00:00+00:00'
[2023-10-03T10:04:13.056+0000] {taskinstance.py:1454} INFO - No launches on 2023-09-18
[2023-10-03T10:04:13.130+0000] {taskinstance.py:1373} INFO - Marking task as SKIPPED. dag_id=rocket_launch2, task_id=check_launches, execution_date=20230918T000000, start_date=20231003T100408, end_date=20231003T100413
[2023-10-03T10:04:13.459+0000] {local_task_job_runner.py:232} INFO - Task exited with return code 0
[2023-10-03T10:04:13.801+0000] {taskinstance.py:2674} INFO - 0 downstream tasks scheduled from follow-on schedule check
[2023-10-03T10:09:26.801+0000] {taskinstance.py:1125} INFO - Dependencies all met for dep_context=non-requeueable deps ti=<TaskInstance: rocket_launch2.check_launches scheduled__2023-09-18T00:00:00+00:00 [queued]>
[2023-10-03T10:09:26.965+0000] {taskinstance.py:1125} INFO - Dependencies all met for dep_context=requeueable deps ti=<TaskInstance: rocket_launch2.check_launches scheduled__2023-09-18T00:00:00+00:00 [queued]>
[2023-10-03T10:09:26.979+0000] {taskinstance.py:1331} INFO - Starting attempt 2 of 2
[2023-10-03T10:09:27.212+0000] {taskinstance.py:1350} INFO - Executing <Task(PythonOperator): check_launches> on 2023-09-18 00:00:00+00:00
[2023-10-03T10:09:27.237+0000] {standard_task_runner.py:57} INFO - Started process 3734 to run task
[2023-10-03T10:09:27.309+0000] {standard_task_runner.py:84} INFO - Running: ['***', 'tasks', 'run', 'rocket_launch2', 'check_launches', 'scheduled__2023-09-18T00:00:00+00:00', '--job-id', '360', '--raw', '--subdir', 'DAGS_FOLDER/rocket_launch.py', '--cfg-path', '/tmp/tmph2m9uibr']
[2023-10-03T10:09:27.350+0000] {standard_task_runner.py:85} INFO - Job 360: Subtask check_launches
[2023-10-03T10:09:28.520+0000] {task_command.py:410} INFO - Running <TaskInstance: rocket_launch2.check_launches scheduled__2023-09-18T00:00:00+00:00 [running]> on host e870058fa168
[2023-10-03T10:09:30.814+0000] {taskinstance.py:1570} INFO - Exporting env vars: AIRFLOW_CTX_DAG_OWNER='***' AIRFLOW_CTX_DAG_ID='rocket_launch2' AIRFLOW_CTX_TASK_ID='check_launches' AIRFLOW_CTX_EXECUTION_DATE='2023-09-18T00:00:00+00:00' AIRFLOW_CTX_TRY_NUMBER='2' AIRFLOW_CTX_DAG_RUN_ID='scheduled__2023-09-18T00:00:00+00:00'
[2023-10-03T10:09:31.293+0000] {taskinstance.py:1454} INFO - No launches on 2023-09-18
[2023-10-03T10:09:31.419+0000] {taskinstance.py:1373} INFO - Marking task as SKIPPED. dag_id=rocket_launch2, task_id=check_launches, execution_date=20230918T000000, start_date=20231003T100926, end_date=20231003T100931
[2023-10-03T10:09:31.858+0000] {local_task_job_runner.py:232} INFO - Task exited with return code 0
[2023-10-03T10:09:32.171+0000] {taskinstance.py:2674} INFO - 0 downstream tasks scheduled from follow-on schedule check
