[2023-10-03T09:53:07.771+0000] {taskinstance.py:1125} INFO - Dependencies all met for dep_context=non-requeueable deps ti=<TaskInstance: rocket_launch2.check_launches scheduled__2023-09-18T00:00:00+00:00 [queued]>
[2023-10-03T09:53:08.088+0000] {taskinstance.py:1125} INFO - Dependencies all met for dep_context=requeueable deps ti=<TaskInstance: rocket_launch2.check_launches scheduled__2023-09-18T00:00:00+00:00 [queued]>
[2023-10-03T09:53:08.089+0000] {taskinstance.py:1331} INFO - Starting attempt 1 of 1
[2023-10-03T09:53:08.524+0000] {taskinstance.py:1350} INFO - Executing <Task(ShortCircuitOperator): check_launches> on 2023-09-18 00:00:00+00:00
[2023-10-03T09:53:08.629+0000] {standard_task_runner.py:57} INFO - Started process 3065 to run task
[2023-10-03T09:53:08.674+0000] {standard_task_runner.py:84} INFO - Running: ['***', 'tasks', 'run', 'rocket_launch2', 'check_launches', 'scheduled__2023-09-18T00:00:00+00:00', '--job-id', '169', '--raw', '--subdir', 'DAGS_FOLDER/rocket_launch.py', '--cfg-path', '/tmp/tmpij1al4ca']
[2023-10-03T09:53:08.678+0000] {standard_task_runner.py:85} INFO - Job 169: Subtask check_launches
[2023-10-03T09:53:09.395+0000] {task_command.py:410} INFO - Running <TaskInstance: rocket_launch2.check_launches scheduled__2023-09-18T00:00:00+00:00 [running]> on host e870058fa168
[2023-10-03T09:53:10.308+0000] {taskinstance.py:1570} INFO - Exporting env vars: AIRFLOW_CTX_DAG_OWNER='***' AIRFLOW_CTX_DAG_ID='rocket_launch2' AIRFLOW_CTX_TASK_ID='check_launches' AIRFLOW_CTX_EXECUTION_DATE='2023-09-18T00:00:00+00:00' AIRFLOW_CTX_TRY_NUMBER='1' AIRFLOW_CTX_DAG_RUN_ID='scheduled__2023-09-18T00:00:00+00:00'
[2023-10-03T09:53:10.402+0000] {taskinstance.py:1454} INFO - No launches on 2023-09-18
[2023-10-03T09:53:10.464+0000] {taskinstance.py:1373} INFO - Marking task as SKIPPED. dag_id=rocket_launch2, task_id=check_launches, execution_date=20230918T000000, start_date=20231003T095307, end_date=20231003T095310
[2023-10-03T09:53:10.725+0000] {local_task_job_runner.py:232} INFO - Task exited with return code 0
[2023-10-03T09:53:11.049+0000] {taskinstance.py:2674} INFO - 0 downstream tasks scheduled from follow-on schedule check
[2023-10-03T10:02:32.776+0000] {taskinstance.py:1125} INFO - Dependencies all met for dep_context=non-requeueable deps ti=<TaskInstance: rocket_launch2.check_launches scheduled__2023-09-18T00:00:00+00:00 [queued]>
[2023-10-03T10:02:33.027+0000] {taskinstance.py:1125} INFO - Dependencies all met for dep_context=requeueable deps ti=<TaskInstance: rocket_launch2.check_launches scheduled__2023-09-18T00:00:00+00:00 [queued]>
[2023-10-03T10:02:33.051+0000] {taskinstance.py:1331} INFO - Starting attempt 1 of 1
[2023-10-03T10:02:33.431+0000] {taskinstance.py:1350} INFO - Executing <Task(PythonOperator): check_launches> on 2023-09-18 00:00:00+00:00
[2023-10-03T10:02:33.499+0000] {standard_task_runner.py:57} INFO - Started process 3358 to run task
[2023-10-03T10:02:33.517+0000] {standard_task_runner.py:84} INFO - Running: ['***', 'tasks', 'run', 'rocket_launch2', 'check_launches', 'scheduled__2023-09-18T00:00:00+00:00', '--job-id', '230', '--raw', '--subdir', 'DAGS_FOLDER/rocket_launch.py', '--cfg-path', '/tmp/tmpzclhlej3']
[2023-10-03T10:02:33.561+0000] {standard_task_runner.py:85} INFO - Job 230: Subtask check_launches
[2023-10-03T10:02:34.303+0000] {task_command.py:410} INFO - Running <TaskInstance: rocket_launch2.check_launches scheduled__2023-09-18T00:00:00+00:00 [running]> on host e870058fa168
[2023-10-03T10:02:35.888+0000] {taskinstance.py:1570} INFO - Exporting env vars: AIRFLOW_CTX_DAG_OWNER='***' AIRFLOW_CTX_DAG_ID='rocket_launch2' AIRFLOW_CTX_TASK_ID='check_launches' AIRFLOW_CTX_EXECUTION_DATE='2023-09-18T00:00:00+00:00' AIRFLOW_CTX_TRY_NUMBER='1' AIRFLOW_CTX_DAG_RUN_ID='scheduled__2023-09-18T00:00:00+00:00'
[2023-10-03T10:02:36.006+0000] {taskinstance.py:1454} INFO - No launches on 2023-09-18
[2023-10-03T10:02:36.134+0000] {taskinstance.py:1373} INFO - Marking task as SKIPPED. dag_id=rocket_launch2, task_id=check_launches, execution_date=20230918T000000, start_date=20231003T100232, end_date=20231003T100236
[2023-10-03T10:02:36.475+0000] {local_task_job_runner.py:232} INFO - Task exited with return code 0
[2023-10-03T10:02:36.803+0000] {taskinstance.py:2674} INFO - 0 downstream tasks scheduled from follow-on schedule check
[2023-10-03T10:06:09.926+0000] {taskinstance.py:1125} INFO - Dependencies all met for dep_context=non-requeueable deps ti=<TaskInstance: rocket_launch2.check_launches scheduled__2023-09-18T00:00:00+00:00 [queued]>
[2023-10-03T10:06:10.243+0000] {taskinstance.py:1125} INFO - Dependencies all met for dep_context=requeueable deps ti=<TaskInstance: rocket_launch2.check_launches scheduled__2023-09-18T00:00:00+00:00 [queued]>
[2023-10-03T10:06:10.243+0000] {taskinstance.py:1331} INFO - Starting attempt 1 of 1
[2023-10-03T10:06:10.891+0000] {taskinstance.py:1350} INFO - Executing <Task(PythonOperator): check_launches> on 2023-09-18 00:00:00+00:00
[2023-10-03T10:06:10.967+0000] {standard_task_runner.py:57} INFO - Started process 3597 to run task
[2023-10-03T10:06:11.009+0000] {standard_task_runner.py:84} INFO - Running: ['***', 'tasks', 'run', 'rocket_launch2', 'check_launches', 'scheduled__2023-09-18T00:00:00+00:00', '--job-id', '319', '--raw', '--subdir', 'DAGS_FOLDER/rocket_launch.py', '--cfg-path', '/tmp/tmpb28p63f1']
[2023-10-03T10:06:11.046+0000] {standard_task_runner.py:85} INFO - Job 319: Subtask check_launches
[2023-10-03T10:06:11.632+0000] {task_command.py:410} INFO - Running <TaskInstance: rocket_launch2.check_launches scheduled__2023-09-18T00:00:00+00:00 [running]> on host e870058fa168
[2023-10-03T10:06:12.468+0000] {taskinstance.py:1570} INFO - Exporting env vars: AIRFLOW_CTX_DAG_OWNER='***' AIRFLOW_CTX_DAG_ID='rocket_launch2' AIRFLOW_CTX_TASK_ID='check_launches' AIRFLOW_CTX_EXECUTION_DATE='2023-09-18T00:00:00+00:00' AIRFLOW_CTX_TRY_NUMBER='1' AIRFLOW_CTX_DAG_RUN_ID='scheduled__2023-09-18T00:00:00+00:00'
[2023-10-03T10:06:12.570+0000] {taskinstance.py:1454} INFO - No launches on 2023-09-18
[2023-10-03T10:06:12.709+0000] {taskinstance.py:1373} INFO - Marking task as SKIPPED. dag_id=rocket_launch2, task_id=check_launches, execution_date=20230918T000000, start_date=20231003T100609, end_date=20231003T100612
[2023-10-03T10:06:13.106+0000] {local_task_job_runner.py:232} INFO - Task exited with return code 0
[2023-10-03T10:06:13.643+0000] {taskinstance.py:2674} INFO - 0 downstream tasks scheduled from follow-on schedule check
[2023-10-03T10:16:43.375+0000] {taskinstance.py:1125} INFO - Dependencies all met for dep_context=non-requeueable deps ti=<TaskInstance: rocket_launch2.check_launches scheduled__2023-09-18T00:00:00+00:00 [queued]>
[2023-10-03T10:16:43.527+0000] {taskinstance.py:1125} INFO - Dependencies all met for dep_context=requeueable deps ti=<TaskInstance: rocket_launch2.check_launches scheduled__2023-09-18T00:00:00+00:00 [queued]>
[2023-10-03T10:16:43.548+0000] {taskinstance.py:1331} INFO - Starting attempt 1 of 1
[2023-10-03T10:16:43.909+0000] {taskinstance.py:1350} INFO - Executing <Task(PythonOperator): check_launches> on 2023-09-18 00:00:00+00:00
[2023-10-03T10:16:43.929+0000] {standard_task_runner.py:57} INFO - Started process 3961 to run task
[2023-10-03T10:16:44.015+0000] {standard_task_runner.py:84} INFO - Running: ['***', 'tasks', 'run', 'rocket_launch2', 'check_launches', 'scheduled__2023-09-18T00:00:00+00:00', '--job-id', '410', '--raw', '--subdir', 'DAGS_FOLDER/rocket_launch.py', '--cfg-path', '/tmp/tmp3gggtid_']
[2023-10-03T10:16:44.042+0000] {standard_task_runner.py:85} INFO - Job 410: Subtask check_launches
[2023-10-03T10:16:44.811+0000] {task_command.py:410} INFO - Running <TaskInstance: rocket_launch2.check_launches scheduled__2023-09-18T00:00:00+00:00 [running]> on host e870058fa168
[2023-10-03T10:16:45.791+0000] {taskinstance.py:1570} INFO - Exporting env vars: AIRFLOW_CTX_DAG_OWNER='***' AIRFLOW_CTX_DAG_ID='rocket_launch2' AIRFLOW_CTX_TASK_ID='check_launches' AIRFLOW_CTX_EXECUTION_DATE='2023-09-18T00:00:00+00:00' AIRFLOW_CTX_TRY_NUMBER='1' AIRFLOW_CTX_DAG_RUN_ID='scheduled__2023-09-18T00:00:00+00:00'
[2023-10-03T10:16:46.187+0000] {taskinstance.py:1454} INFO - No launches on 2023-09-18
[2023-10-03T10:16:46.379+0000] {taskinstance.py:1373} INFO - Marking task as SKIPPED. dag_id=rocket_launch2, task_id=check_launches, execution_date=20230918T000000, start_date=20231003T101643, end_date=20231003T101646
[2023-10-03T10:16:46.629+0000] {local_task_job_runner.py:232} INFO - Task exited with return code 0
[2023-10-03T10:16:46.982+0000] {taskinstance.py:2674} INFO - 0 downstream tasks scheduled from follow-on schedule check
