[2023-10-03T09:53:06.763+0000] {taskinstance.py:1125} INFO - Dependencies all met for dep_context=non-requeueable deps ti=<TaskInstance: rocket_launch2.check_launches scheduled__2023-09-20T00:00:00+00:00 [queued]>
[2023-10-03T09:53:06.992+0000] {taskinstance.py:1125} INFO - Dependencies all met for dep_context=requeueable deps ti=<TaskInstance: rocket_launch2.check_launches scheduled__2023-09-20T00:00:00+00:00 [queued]>
[2023-10-03T09:53:07.004+0000] {taskinstance.py:1331} INFO - Starting attempt 1 of 1
[2023-10-03T09:53:07.427+0000] {taskinstance.py:1350} INFO - Executing <Task(ShortCircuitOperator): check_launches> on 2023-09-20 00:00:00+00:00
[2023-10-03T09:53:07.574+0000] {standard_task_runner.py:57} INFO - Started process 3061 to run task
[2023-10-03T09:53:07.636+0000] {standard_task_runner.py:84} INFO - Running: ['***', 'tasks', 'run', 'rocket_launch2', 'check_launches', 'scheduled__2023-09-20T00:00:00+00:00', '--job-id', '166', '--raw', '--subdir', 'DAGS_FOLDER/rocket_launch.py', '--cfg-path', '/tmp/tmpkhb5_w7v']
[2023-10-03T09:53:07.637+0000] {standard_task_runner.py:85} INFO - Job 166: Subtask check_launches
[2023-10-03T09:53:08.490+0000] {task_command.py:410} INFO - Running <TaskInstance: rocket_launch2.check_launches scheduled__2023-09-20T00:00:00+00:00 [running]> on host e870058fa168
[2023-10-03T09:53:09.569+0000] {taskinstance.py:1570} INFO - Exporting env vars: AIRFLOW_CTX_DAG_OWNER='***' AIRFLOW_CTX_DAG_ID='rocket_launch2' AIRFLOW_CTX_TASK_ID='check_launches' AIRFLOW_CTX_EXECUTION_DATE='2023-09-20T00:00:00+00:00' AIRFLOW_CTX_TRY_NUMBER='1' AIRFLOW_CTX_DAG_RUN_ID='scheduled__2023-09-20T00:00:00+00:00'
[2023-10-03T09:53:09.660+0000] {python.py:183} INFO - Done. Returned value was: True
[2023-10-03T09:53:09.661+0000] {python.py:253} INFO - Condition result is True
[2023-10-03T09:53:09.661+0000] {python.py:256} INFO - Proceeding with downstream tasks...
[2023-10-03T09:53:09.939+0000] {taskinstance.py:1373} INFO - Marking task as SUCCESS. dag_id=rocket_launch2, task_id=check_launches, execution_date=20230920T000000, start_date=20231003T095306, end_date=20231003T095309
[2023-10-03T09:53:10.109+0000] {local_task_job_runner.py:232} INFO - Task exited with return code 0
[2023-10-03T09:53:10.433+0000] {taskinstance.py:2674} INFO - 1 downstream tasks scheduled from follow-on schedule check
[2023-10-03T10:02:34.397+0000] {taskinstance.py:1125} INFO - Dependencies all met for dep_context=non-requeueable deps ti=<TaskInstance: rocket_launch2.check_launches scheduled__2023-09-20T00:00:00+00:00 [queued]>
[2023-10-03T10:02:34.666+0000] {taskinstance.py:1125} INFO - Dependencies all met for dep_context=requeueable deps ti=<TaskInstance: rocket_launch2.check_launches scheduled__2023-09-20T00:00:00+00:00 [queued]>
[2023-10-03T10:02:34.681+0000] {taskinstance.py:1331} INFO - Starting attempt 1 of 1
[2023-10-03T10:02:35.204+0000] {taskinstance.py:1350} INFO - Executing <Task(PythonOperator): check_launches> on 2023-09-20 00:00:00+00:00
[2023-10-03T10:02:35.269+0000] {standard_task_runner.py:57} INFO - Started process 3362 to run task
[2023-10-03T10:02:35.314+0000] {standard_task_runner.py:84} INFO - Running: ['***', 'tasks', 'run', 'rocket_launch2', 'check_launches', 'scheduled__2023-09-20T00:00:00+00:00', '--job-id', '233', '--raw', '--subdir', 'DAGS_FOLDER/rocket_launch.py', '--cfg-path', '/tmp/tmp_0ib9s5i']
[2023-10-03T10:02:35.347+0000] {standard_task_runner.py:85} INFO - Job 233: Subtask check_launches
[2023-10-03T10:02:35.695+0000] {task_command.py:410} INFO - Running <TaskInstance: rocket_launch2.check_launches scheduled__2023-09-20T00:00:00+00:00 [running]> on host e870058fa168
[2023-10-03T10:02:37.668+0000] {taskinstance.py:1570} INFO - Exporting env vars: AIRFLOW_CTX_DAG_OWNER='***' AIRFLOW_CTX_DAG_ID='rocket_launch2' AIRFLOW_CTX_TASK_ID='check_launches' AIRFLOW_CTX_EXECUTION_DATE='2023-09-20T00:00:00+00:00' AIRFLOW_CTX_TRY_NUMBER='1' AIRFLOW_CTX_DAG_RUN_ID='scheduled__2023-09-20T00:00:00+00:00'
[2023-10-03T10:02:37.844+0000] {python.py:183} INFO - Done. Returned value was: None
[2023-10-03T10:02:37.936+0000] {taskinstance.py:1373} INFO - Marking task as SUCCESS. dag_id=rocket_launch2, task_id=check_launches, execution_date=20230920T000000, start_date=20231003T100234, end_date=20231003T100237
[2023-10-03T10:02:38.140+0000] {local_task_job_runner.py:232} INFO - Task exited with return code 0
[2023-10-03T10:02:38.444+0000] {taskinstance.py:2674} INFO - 1 downstream tasks scheduled from follow-on schedule check
[2023-10-03T10:06:12.538+0000] {taskinstance.py:1125} INFO - Dependencies all met for dep_context=non-requeueable deps ti=<TaskInstance: rocket_launch2.check_launches scheduled__2023-09-20T00:00:00+00:00 [queued]>
[2023-10-03T10:06:12.775+0000] {taskinstance.py:1125} INFO - Dependencies all met for dep_context=requeueable deps ti=<TaskInstance: rocket_launch2.check_launches scheduled__2023-09-20T00:00:00+00:00 [queued]>
[2023-10-03T10:06:12.802+0000] {taskinstance.py:1331} INFO - Starting attempt 1 of 1
[2023-10-03T10:06:13.141+0000] {taskinstance.py:1350} INFO - Executing <Task(PythonOperator): check_launches> on 2023-09-20 00:00:00+00:00
[2023-10-03T10:06:13.222+0000] {standard_task_runner.py:57} INFO - Started process 3606 to run task
[2023-10-03T10:06:13.320+0000] {standard_task_runner.py:84} INFO - Running: ['***', 'tasks', 'run', 'rocket_launch2', 'check_launches', 'scheduled__2023-09-20T00:00:00+00:00', '--job-id', '322', '--raw', '--subdir', 'DAGS_FOLDER/rocket_launch.py', '--cfg-path', '/tmp/tmpfry9_yqp']
[2023-10-03T10:06:13.347+0000] {standard_task_runner.py:85} INFO - Job 322: Subtask check_launches
[2023-10-03T10:06:14.271+0000] {task_command.py:410} INFO - Running <TaskInstance: rocket_launch2.check_launches scheduled__2023-09-20T00:00:00+00:00 [running]> on host e870058fa168
[2023-10-03T10:06:15.011+0000] {taskinstance.py:1570} INFO - Exporting env vars: AIRFLOW_CTX_DAG_OWNER='***' AIRFLOW_CTX_DAG_ID='rocket_launch2' AIRFLOW_CTX_TASK_ID='check_launches' AIRFLOW_CTX_EXECUTION_DATE='2023-09-20T00:00:00+00:00' AIRFLOW_CTX_TRY_NUMBER='1' AIRFLOW_CTX_DAG_RUN_ID='scheduled__2023-09-20T00:00:00+00:00'
[2023-10-03T10:06:15.181+0000] {python.py:183} INFO - Done. Returned value was: None
[2023-10-03T10:06:15.285+0000] {taskinstance.py:1373} INFO - Marking task as SUCCESS. dag_id=rocket_launch2, task_id=check_launches, execution_date=20230920T000000, start_date=20231003T100612, end_date=20231003T100615
[2023-10-03T10:06:15.750+0000] {local_task_job_runner.py:232} INFO - Task exited with return code 0
[2023-10-03T10:06:16.083+0000] {taskinstance.py:2674} INFO - 0 downstream tasks scheduled from follow-on schedule check
[2023-10-03T10:16:44.837+0000] {taskinstance.py:1125} INFO - Dependencies all met for dep_context=non-requeueable deps ti=<TaskInstance: rocket_launch2.check_launches scheduled__2023-09-20T00:00:00+00:00 [queued]>
[2023-10-03T10:16:45.020+0000] {taskinstance.py:1125} INFO - Dependencies all met for dep_context=requeueable deps ti=<TaskInstance: rocket_launch2.check_launches scheduled__2023-09-20T00:00:00+00:00 [queued]>
[2023-10-03T10:16:45.034+0000] {taskinstance.py:1331} INFO - Starting attempt 1 of 1
[2023-10-03T10:16:45.306+0000] {taskinstance.py:1350} INFO - Executing <Task(PythonOperator): check_launches> on 2023-09-20 00:00:00+00:00
[2023-10-03T10:16:45.401+0000] {standard_task_runner.py:84} INFO - Running: ['***', 'tasks', 'run', 'rocket_launch2', 'check_launches', 'scheduled__2023-09-20T00:00:00+00:00', '--job-id', '415', '--raw', '--subdir', 'DAGS_FOLDER/rocket_launch.py', '--cfg-path', '/tmp/tmprc6tl_66']
[2023-10-03T10:16:45.402+0000] {standard_task_runner.py:57} INFO - Started process 3966 to run task
[2023-10-03T10:16:45.432+0000] {standard_task_runner.py:85} INFO - Job 415: Subtask check_launches
[2023-10-03T10:16:46.401+0000] {task_command.py:410} INFO - Running <TaskInstance: rocket_launch2.check_launches scheduled__2023-09-20T00:00:00+00:00 [running]> on host e870058fa168
[2023-10-03T10:16:47.793+0000] {taskinstance.py:1570} INFO - Exporting env vars: AIRFLOW_CTX_DAG_OWNER='***' AIRFLOW_CTX_DAG_ID='rocket_launch2' AIRFLOW_CTX_TASK_ID='check_launches' AIRFLOW_CTX_EXECUTION_DATE='2023-09-20T00:00:00+00:00' AIRFLOW_CTX_TRY_NUMBER='1' AIRFLOW_CTX_DAG_RUN_ID='scheduled__2023-09-20T00:00:00+00:00'
[2023-10-03T10:16:47.983+0000] {python.py:183} INFO - Done. Returned value was: None
[2023-10-03T10:16:48.109+0000] {taskinstance.py:1373} INFO - Marking task as SUCCESS. dag_id=rocket_launch2, task_id=check_launches, execution_date=20230920T000000, start_date=20231003T101644, end_date=20231003T101648
[2023-10-03T10:16:48.266+0000] {local_task_job_runner.py:232} INFO - Task exited with return code 0
[2023-10-03T10:16:48.510+0000] {taskinstance.py:2674} INFO - 1 downstream tasks scheduled from follow-on schedule check
