[2023-10-03T10:04:08.728+0000] {taskinstance.py:1125} INFO - Dependencies all met for dep_context=non-requeueable deps ti=<TaskInstance: rocket_launch2.check_launches scheduled__2023-09-20T00:00:00+00:00 [queued]>
[2023-10-03T10:04:08.861+0000] {taskinstance.py:1125} INFO - Dependencies all met for dep_context=requeueable deps ti=<TaskInstance: rocket_launch2.check_launches scheduled__2023-09-20T00:00:00+00:00 [queued]>
[2023-10-03T10:04:08.862+0000] {taskinstance.py:1331} INFO - Starting attempt 2 of 2
[2023-10-03T10:04:09.251+0000] {taskinstance.py:1350} INFO - Executing <Task(PythonOperator): check_launches> on 2023-09-20 00:00:00+00:00
[2023-10-03T10:04:09.327+0000] {standard_task_runner.py:57} INFO - Started process 3473 to run task
[2023-10-03T10:04:09.353+0000] {standard_task_runner.py:84} INFO - Running: ['***', 'tasks', 'run', 'rocket_launch2', 'check_launches', 'scheduled__2023-09-20T00:00:00+00:00', '--job-id', '276', '--raw', '--subdir', 'DAGS_FOLDER/rocket_launch.py', '--cfg-path', '/tmp/tmp4925d271']
[2023-10-03T10:04:09.397+0000] {standard_task_runner.py:85} INFO - Job 276: Subtask check_launches
[2023-10-03T10:04:09.955+0000] {task_command.py:410} INFO - Running <TaskInstance: rocket_launch2.check_launches scheduled__2023-09-20T00:00:00+00:00 [running]> on host e870058fa168
[2023-10-03T10:04:12.369+0000] {taskinstance.py:1570} INFO - Exporting env vars: AIRFLOW_CTX_DAG_OWNER='***' AIRFLOW_CTX_DAG_ID='rocket_launch2' AIRFLOW_CTX_TASK_ID='check_launches' AIRFLOW_CTX_EXECUTION_DATE='2023-09-20T00:00:00+00:00' AIRFLOW_CTX_TRY_NUMBER='2' AIRFLOW_CTX_DAG_RUN_ID='scheduled__2023-09-20T00:00:00+00:00'
[2023-10-03T10:04:12.750+0000] {python.py:183} INFO - Done. Returned value was: None
[2023-10-03T10:04:13.004+0000] {taskinstance.py:1373} INFO - Marking task as SUCCESS. dag_id=rocket_launch2, task_id=check_launches, execution_date=20230920T000000, start_date=20231003T100408, end_date=20231003T100413
[2023-10-03T10:04:13.467+0000] {local_task_job_runner.py:232} INFO - Task exited with return code 0
[2023-10-03T10:04:13.788+0000] {taskinstance.py:2674} INFO - 0 downstream tasks scheduled from follow-on schedule check
[2023-10-03T10:09:26.839+0000] {taskinstance.py:1125} INFO - Dependencies all met for dep_context=non-requeueable deps ti=<TaskInstance: rocket_launch2.check_launches scheduled__2023-09-20T00:00:00+00:00 [queued]>
[2023-10-03T10:09:27.015+0000] {taskinstance.py:1125} INFO - Dependencies all met for dep_context=requeueable deps ti=<TaskInstance: rocket_launch2.check_launches scheduled__2023-09-20T00:00:00+00:00 [queued]>
[2023-10-03T10:09:27.016+0000] {taskinstance.py:1331} INFO - Starting attempt 2 of 2
[2023-10-03T10:09:27.232+0000] {taskinstance.py:1350} INFO - Executing <Task(PythonOperator): check_launches> on 2023-09-20 00:00:00+00:00
[2023-10-03T10:09:27.257+0000] {standard_task_runner.py:57} INFO - Started process 3736 to run task
[2023-10-03T10:09:27.272+0000] {standard_task_runner.py:84} INFO - Running: ['***', 'tasks', 'run', 'rocket_launch2', 'check_launches', 'scheduled__2023-09-20T00:00:00+00:00', '--job-id', '361', '--raw', '--subdir', 'DAGS_FOLDER/rocket_launch.py', '--cfg-path', '/tmp/tmpn85osck7']
[2023-10-03T10:09:27.291+0000] {standard_task_runner.py:85} INFO - Job 361: Subtask check_launches
[2023-10-03T10:09:27.914+0000] {task_command.py:410} INFO - Running <TaskInstance: rocket_launch2.check_launches scheduled__2023-09-20T00:00:00+00:00 [running]> on host e870058fa168
[2023-10-03T10:09:30.354+0000] {taskinstance.py:1570} INFO - Exporting env vars: AIRFLOW_CTX_DAG_OWNER='***' AIRFLOW_CTX_DAG_ID='rocket_launch2' AIRFLOW_CTX_TASK_ID='check_launches' AIRFLOW_CTX_EXECUTION_DATE='2023-09-20T00:00:00+00:00' AIRFLOW_CTX_TRY_NUMBER='2' AIRFLOW_CTX_DAG_RUN_ID='scheduled__2023-09-20T00:00:00+00:00'
[2023-10-03T10:09:30.564+0000] {python.py:183} INFO - Done. Returned value was: None
[2023-10-03T10:09:30.783+0000] {taskinstance.py:1373} INFO - Marking task as SUCCESS. dag_id=rocket_launch2, task_id=check_launches, execution_date=20230920T000000, start_date=20231003T100926, end_date=20231003T100930
[2023-10-03T10:09:31.317+0000] {local_task_job_runner.py:232} INFO - Task exited with return code 0
[2023-10-03T10:09:31.785+0000] {taskinstance.py:2674} INFO - 0 downstream tasks scheduled from follow-on schedule check
