[2023-10-03T09:25:28.688+0000] {taskinstance.py:1125} INFO - Dependencies all met for dep_context=non-requeueable deps ti=<TaskInstance: rocket_launch2.branching scheduled__2023-10-02T00:00:00+00:00 [queued]>
[2023-10-03T09:25:28.748+0000] {taskinstance.py:1125} INFO - Dependencies all met for dep_context=requeueable deps ti=<TaskInstance: rocket_launch2.branching scheduled__2023-10-02T00:00:00+00:00 [queued]>
[2023-10-03T09:25:28.749+0000] {taskinstance.py:1331} INFO - Starting attempt 1 of 1
[2023-10-03T09:25:28.826+0000] {taskinstance.py:1350} INFO - Executing <Task(BranchPythonOperator): branching> on 2023-10-02 00:00:00+00:00
[2023-10-03T09:25:28.833+0000] {standard_task_runner.py:57} INFO - Started process 2381 to run task
[2023-10-03T09:25:28.835+0000] {standard_task_runner.py:84} INFO - Running: ['***', 'tasks', 'run', 'rocket_launch2', 'branching', 'scheduled__2023-10-02T00:00:00+00:00', '--job-id', '71', '--raw', '--subdir', 'DAGS_FOLDER/rocket_launch.py', '--cfg-path', '/tmp/tmp7azzwou_']
[2023-10-03T09:25:28.838+0000] {standard_task_runner.py:85} INFO - Job 71: Subtask branching
[2023-10-03T09:25:28.919+0000] {task_command.py:410} INFO - Running <TaskInstance: rocket_launch2.branching scheduled__2023-10-02T00:00:00+00:00 [running]> on host e870058fa168
[2023-10-03T09:25:29.031+0000] {taskinstance.py:1570} INFO - Exporting env vars: AIRFLOW_CTX_DAG_OWNER='***' AIRFLOW_CTX_DAG_ID='rocket_launch2' AIRFLOW_CTX_TASK_ID='branching' AIRFLOW_CTX_EXECUTION_DATE='2023-10-02T00:00:00+00:00' AIRFLOW_CTX_TRY_NUMBER='1' AIRFLOW_CTX_DAG_RUN_ID='scheduled__2023-10-02T00:00:00+00:00'
[2023-10-03T09:25:29.045+0000] {python.py:183} INFO - Done. Returned value was: False
[2023-10-03T09:25:29.046+0000] {python.py:216} INFO - Branch callable return False
[2023-10-03T09:25:29.046+0000] {skipmixin.py:161} INFO - Following branch False
[2023-10-03T09:25:29.054+0000] {taskinstance.py:1847} ERROR - Task failed with exception
Traceback (most recent call last):
  File "/home/airflow/.local/lib/python3.7/site-packages/airflow/operators/python.py", line 217, in execute
    self.skip_all_except(context["ti"], branch)
  File "/home/airflow/.local/lib/python3.7/site-packages/airflow/models/skipmixin.py", line 178, in skip_all_except
    "'branch_task_ids' must be either None, a task ID, or an Iterable of IDs, "
airflow.exceptions.AirflowException: 'branch_task_ids' must be either None, a task ID, or an Iterable of IDs, but got 'bool'.
[2023-10-03T09:25:29.057+0000] {taskinstance.py:1373} INFO - Marking task as FAILED. dag_id=rocket_launch2, task_id=branching, execution_date=20231002T000000, start_date=20231003T092528, end_date=20231003T092529
[2023-10-03T09:25:29.075+0000] {standard_task_runner.py:109} ERROR - Failed to execute job 71 for task branching ('branch_task_ids' must be either None, a task ID, or an Iterable of IDs, but got 'bool'.; 2381)
[2023-10-03T09:25:29.095+0000] {local_task_job_runner.py:232} INFO - Task exited with return code 1
[2023-10-03T09:25:29.109+0000] {taskinstance.py:2674} INFO - 0 downstream tasks scheduled from follow-on schedule check
[2023-10-03T09:37:40.423+0000] {taskinstance.py:1125} INFO - Dependencies all met for dep_context=non-requeueable deps ti=<TaskInstance: rocket_launch2.branching scheduled__2023-10-02T00:00:00+00:00 [queued]>
[2023-10-03T09:37:40.453+0000] {taskinstance.py:1125} INFO - Dependencies all met for dep_context=requeueable deps ti=<TaskInstance: rocket_launch2.branching scheduled__2023-10-02T00:00:00+00:00 [queued]>
[2023-10-03T09:37:40.455+0000] {taskinstance.py:1331} INFO - Starting attempt 1 of 1
[2023-10-03T09:37:40.504+0000] {taskinstance.py:1350} INFO - Executing <Task(BranchPythonOperator): branching> on 2023-10-02 00:00:00+00:00
[2023-10-03T09:37:40.522+0000] {standard_task_runner.py:57} INFO - Started process 2621 to run task
[2023-10-03T09:37:40.533+0000] {standard_task_runner.py:84} INFO - Running: ['***', 'tasks', 'run', 'rocket_launch2', 'branching', 'scheduled__2023-10-02T00:00:00+00:00', '--job-id', '79', '--raw', '--subdir', 'DAGS_FOLDER/rocket_launch.py', '--cfg-path', '/tmp/tmpa_i1a1oq']
[2023-10-03T09:37:40.540+0000] {standard_task_runner.py:85} INFO - Job 79: Subtask branching
[2023-10-03T09:37:40.668+0000] {task_command.py:410} INFO - Running <TaskInstance: rocket_launch2.branching scheduled__2023-10-02T00:00:00+00:00 [running]> on host e870058fa168
[2023-10-03T09:37:40.867+0000] {taskinstance.py:1570} INFO - Exporting env vars: AIRFLOW_CTX_DAG_OWNER='***' AIRFLOW_CTX_DAG_ID='rocket_launch2' AIRFLOW_CTX_TASK_ID='branching' AIRFLOW_CTX_EXECUTION_DATE='2023-10-02T00:00:00+00:00' AIRFLOW_CTX_TRY_NUMBER='1' AIRFLOW_CTX_DAG_RUN_ID='scheduled__2023-10-02T00:00:00+00:00'
[2023-10-03T09:37:40.887+0000] {taskinstance.py:1847} ERROR - Task failed with exception
Traceback (most recent call last):
  File "/home/airflow/.local/lib/python3.7/site-packages/airflow/operators/python.py", line 215, in execute
    branch = super().execute(context)
  File "/home/airflow/.local/lib/python3.7/site-packages/airflow/operators/python.py", line 181, in execute
    return_value = self.execute_callable()
  File "/home/airflow/.local/lib/python3.7/site-packages/airflow/operators/python.py", line 198, in execute_callable
    return self.python_callable(*self.op_args, **self.op_kwargs)
  File "/opt/airflow/dags/rocket_launch.py", line 41, in _check_count
    raise AirflowSkipException(f"No launches on {context['ds']}")
NameError: name 'context' is not defined
[2023-10-03T09:37:40.912+0000] {taskinstance.py:1373} INFO - Marking task as FAILED. dag_id=rocket_launch2, task_id=branching, execution_date=20231002T000000, start_date=20231003T093740, end_date=20231003T093740
[2023-10-03T09:37:40.974+0000] {standard_task_runner.py:109} ERROR - Failed to execute job 79 for task branching (name 'context' is not defined; 2621)
[2023-10-03T09:37:41.032+0000] {local_task_job_runner.py:232} INFO - Task exited with return code 1
[2023-10-03T09:37:41.124+0000] {taskinstance.py:2674} INFO - 0 downstream tasks scheduled from follow-on schedule check
[2023-10-03T09:40:04.757+0000] {taskinstance.py:1125} INFO - Dependencies all met for dep_context=non-requeueable deps ti=<TaskInstance: rocket_launch2.branching scheduled__2023-10-02T00:00:00+00:00 [queued]>
[2023-10-03T09:40:04.869+0000] {taskinstance.py:1125} INFO - Dependencies all met for dep_context=requeueable deps ti=<TaskInstance: rocket_launch2.branching scheduled__2023-10-02T00:00:00+00:00 [queued]>
[2023-10-03T09:40:04.870+0000] {taskinstance.py:1331} INFO - Starting attempt 1 of 1
[2023-10-03T09:40:04.938+0000] {taskinstance.py:1350} INFO - Executing <Task(BranchPythonOperator): branching> on 2023-10-02 00:00:00+00:00
[2023-10-03T09:40:04.960+0000] {standard_task_runner.py:57} INFO - Started process 2781 to run task
[2023-10-03T09:40:04.982+0000] {standard_task_runner.py:84} INFO - Running: ['***', 'tasks', 'run', 'rocket_launch2', 'branching', 'scheduled__2023-10-02T00:00:00+00:00', '--job-id', '138', '--raw', '--subdir', 'DAGS_FOLDER/rocket_launch.py', '--cfg-path', '/tmp/tmpmj9thzm1']
[2023-10-03T09:40:04.985+0000] {standard_task_runner.py:85} INFO - Job 138: Subtask branching
[2023-10-03T09:40:05.285+0000] {task_command.py:410} INFO - Running <TaskInstance: rocket_launch2.branching scheduled__2023-10-02T00:00:00+00:00 [running]> on host e870058fa168
[2023-10-03T09:40:05.672+0000] {taskinstance.py:1570} INFO - Exporting env vars: AIRFLOW_CTX_DAG_OWNER='***' AIRFLOW_CTX_DAG_ID='rocket_launch2' AIRFLOW_CTX_TASK_ID='branching' AIRFLOW_CTX_EXECUTION_DATE='2023-10-02T00:00:00+00:00' AIRFLOW_CTX_TRY_NUMBER='1' AIRFLOW_CTX_DAG_RUN_ID='scheduled__2023-10-02T00:00:00+00:00'
[2023-10-03T09:40:05.703+0000] {taskinstance.py:1454} INFO - No launches on 2023-10-02
[2023-10-03T09:40:05.727+0000] {taskinstance.py:1373} INFO - Marking task as SKIPPED. dag_id=rocket_launch2, task_id=branching, execution_date=20231002T000000, start_date=20231003T094004, end_date=20231003T094005
[2023-10-03T09:40:05.811+0000] {local_task_job_runner.py:232} INFO - Task exited with return code 0
[2023-10-03T09:40:05.840+0000] {taskinstance.py:2674} INFO - 0 downstream tasks scheduled from follow-on schedule check
