[2023-10-03T10:04:08.426+0000] {taskinstance.py:1125} INFO - Dependencies all met for dep_context=non-requeueable deps ti=<TaskInstance: rocket_launch2.check_launches scheduled__2023-09-21T00:00:00+00:00 [queued]>
[2023-10-03T10:04:08.602+0000] {taskinstance.py:1125} INFO - Dependencies all met for dep_context=requeueable deps ti=<TaskInstance: rocket_launch2.check_launches scheduled__2023-09-21T00:00:00+00:00 [queued]>
[2023-10-03T10:04:08.606+0000] {taskinstance.py:1331} INFO - Starting attempt 2 of 2
[2023-10-03T10:04:08.837+0000] {taskinstance.py:1350} INFO - Executing <Task(PythonOperator): check_launches> on 2023-09-21 00:00:00+00:00
[2023-10-03T10:04:09.017+0000] {standard_task_runner.py:57} INFO - Started process 3468 to run task
[2023-10-03T10:04:09.078+0000] {standard_task_runner.py:84} INFO - Running: ['***', 'tasks', 'run', 'rocket_launch2', 'check_launches', 'scheduled__2023-09-21T00:00:00+00:00', '--job-id', '277', '--raw', '--subdir', 'DAGS_FOLDER/rocket_launch.py', '--cfg-path', '/tmp/tmpnqgs9jfl']
[2023-10-03T10:04:09.092+0000] {standard_task_runner.py:85} INFO - Job 277: Subtask check_launches
[2023-10-03T10:04:09.872+0000] {task_command.py:410} INFO - Running <TaskInstance: rocket_launch2.check_launches scheduled__2023-09-21T00:00:00+00:00 [running]> on host e870058fa168
[2023-10-03T10:04:12.023+0000] {taskinstance.py:1570} INFO - Exporting env vars: AIRFLOW_CTX_DAG_OWNER='***' AIRFLOW_CTX_DAG_ID='rocket_launch2' AIRFLOW_CTX_TASK_ID='check_launches' AIRFLOW_CTX_EXECUTION_DATE='2023-09-21T00:00:00+00:00' AIRFLOW_CTX_TRY_NUMBER='2' AIRFLOW_CTX_DAG_RUN_ID='scheduled__2023-09-21T00:00:00+00:00'
[2023-10-03T10:04:12.417+0000] {python.py:183} INFO - Done. Returned value was: None
[2023-10-03T10:04:12.461+0000] {taskinstance.py:1373} INFO - Marking task as SUCCESS. dag_id=rocket_launch2, task_id=check_launches, execution_date=20230921T000000, start_date=20231003T100408, end_date=20231003T100412
[2023-10-03T10:04:13.025+0000] {local_task_job_runner.py:232} INFO - Task exited with return code 0
[2023-10-03T10:04:13.524+0000] {taskinstance.py:2674} INFO - 0 downstream tasks scheduled from follow-on schedule check
[2023-10-03T10:09:27.087+0000] {taskinstance.py:1125} INFO - Dependencies all met for dep_context=non-requeueable deps ti=<TaskInstance: rocket_launch2.check_launches scheduled__2023-09-21T00:00:00+00:00 [queued]>
[2023-10-03T10:09:27.126+0000] {taskinstance.py:1125} INFO - Dependencies all met for dep_context=requeueable deps ti=<TaskInstance: rocket_launch2.check_launches scheduled__2023-09-21T00:00:00+00:00 [queued]>
[2023-10-03T10:09:27.134+0000] {taskinstance.py:1331} INFO - Starting attempt 2 of 2
[2023-10-03T10:09:27.464+0000] {taskinstance.py:1350} INFO - Executing <Task(PythonOperator): check_launches> on 2023-09-21 00:00:00+00:00
[2023-10-03T10:09:27.506+0000] {standard_task_runner.py:57} INFO - Started process 3738 to run task
[2023-10-03T10:09:27.603+0000] {standard_task_runner.py:84} INFO - Running: ['***', 'tasks', 'run', 'rocket_launch2', 'check_launches', 'scheduled__2023-09-21T00:00:00+00:00', '--job-id', '365', '--raw', '--subdir', 'DAGS_FOLDER/rocket_launch.py', '--cfg-path', '/tmp/tmpm54i5e96']
[2023-10-03T10:09:27.669+0000] {standard_task_runner.py:85} INFO - Job 365: Subtask check_launches
[2023-10-03T10:09:28.955+0000] {task_command.py:410} INFO - Running <TaskInstance: rocket_launch2.check_launches scheduled__2023-09-21T00:00:00+00:00 [running]> on host e870058fa168
[2023-10-03T10:09:31.231+0000] {taskinstance.py:1570} INFO - Exporting env vars: AIRFLOW_CTX_DAG_OWNER='***' AIRFLOW_CTX_DAG_ID='rocket_launch2' AIRFLOW_CTX_TASK_ID='check_launches' AIRFLOW_CTX_EXECUTION_DATE='2023-09-21T00:00:00+00:00' AIRFLOW_CTX_TRY_NUMBER='2' AIRFLOW_CTX_DAG_RUN_ID='scheduled__2023-09-21T00:00:00+00:00'
[2023-10-03T10:09:31.603+0000] {python.py:183} INFO - Done. Returned value was: None
[2023-10-03T10:09:31.769+0000] {taskinstance.py:1373} INFO - Marking task as SUCCESS. dag_id=rocket_launch2, task_id=check_launches, execution_date=20230921T000000, start_date=20231003T100927, end_date=20231003T100931
[2023-10-03T10:09:32.333+0000] {local_task_job_runner.py:232} INFO - Task exited with return code 0
[2023-10-03T10:09:32.570+0000] {taskinstance.py:2674} INFO - 0 downstream tasks scheduled from follow-on schedule check
