[2023-10-03T09:53:08.201+0000] {taskinstance.py:1125} INFO - Dependencies all met for dep_context=non-requeueable deps ti=<TaskInstance: rocket_launch2.check_launches scheduled__2023-09-21T00:00:00+00:00 [queued]>
[2023-10-03T09:53:08.502+0000] {taskinstance.py:1125} INFO - Dependencies all met for dep_context=requeueable deps ti=<TaskInstance: rocket_launch2.check_launches scheduled__2023-09-21T00:00:00+00:00 [queued]>
[2023-10-03T09:53:08.507+0000] {taskinstance.py:1331} INFO - Starting attempt 1 of 1
[2023-10-03T09:53:08.923+0000] {taskinstance.py:1350} INFO - Executing <Task(ShortCircuitOperator): check_launches> on 2023-09-21 00:00:00+00:00
[2023-10-03T09:53:08.948+0000] {standard_task_runner.py:57} INFO - Started process 3068 to run task
[2023-10-03T09:53:09.010+0000] {standard_task_runner.py:84} INFO - Running: ['***', 'tasks', 'run', 'rocket_launch2', 'check_launches', 'scheduled__2023-09-21T00:00:00+00:00', '--job-id', '171', '--raw', '--subdir', 'DAGS_FOLDER/rocket_launch.py', '--cfg-path', '/tmp/tmp31m8emg8']
[2023-10-03T09:53:09.055+0000] {standard_task_runner.py:85} INFO - Job 171: Subtask check_launches
[2023-10-03T09:53:09.576+0000] {task_command.py:410} INFO - Running <TaskInstance: rocket_launch2.check_launches scheduled__2023-09-21T00:00:00+00:00 [running]> on host e870058fa168
[2023-10-03T09:53:10.647+0000] {taskinstance.py:1570} INFO - Exporting env vars: AIRFLOW_CTX_DAG_OWNER='***' AIRFLOW_CTX_DAG_ID='rocket_launch2' AIRFLOW_CTX_TASK_ID='check_launches' AIRFLOW_CTX_EXECUTION_DATE='2023-09-21T00:00:00+00:00' AIRFLOW_CTX_TRY_NUMBER='1' AIRFLOW_CTX_DAG_RUN_ID='scheduled__2023-09-21T00:00:00+00:00'
[2023-10-03T09:53:10.819+0000] {python.py:183} INFO - Done. Returned value was: True
[2023-10-03T09:53:10.828+0000] {python.py:253} INFO - Condition result is True
[2023-10-03T09:53:10.829+0000] {python.py:256} INFO - Proceeding with downstream tasks...
[2023-10-03T09:53:10.968+0000] {taskinstance.py:1373} INFO - Marking task as SUCCESS. dag_id=rocket_launch2, task_id=check_launches, execution_date=20230921T000000, start_date=20231003T095308, end_date=20231003T095310
[2023-10-03T09:53:11.206+0000] {local_task_job_runner.py:232} INFO - Task exited with return code 0
[2023-10-03T09:53:11.498+0000] {taskinstance.py:2674} INFO - 0 downstream tasks scheduled from follow-on schedule check
[2023-10-03T10:02:33.772+0000] {taskinstance.py:1125} INFO - Dependencies all met for dep_context=non-requeueable deps ti=<TaskInstance: rocket_launch2.check_launches scheduled__2023-09-21T00:00:00+00:00 [queued]>
[2023-10-03T10:02:34.208+0000] {taskinstance.py:1125} INFO - Dependencies all met for dep_context=requeueable deps ti=<TaskInstance: rocket_launch2.check_launches scheduled__2023-09-21T00:00:00+00:00 [queued]>
[2023-10-03T10:02:34.229+0000] {taskinstance.py:1331} INFO - Starting attempt 1 of 1
[2023-10-03T10:02:34.521+0000] {taskinstance.py:1350} INFO - Executing <Task(PythonOperator): check_launches> on 2023-09-21 00:00:00+00:00
[2023-10-03T10:02:34.549+0000] {standard_task_runner.py:57} INFO - Started process 3361 to run task
[2023-10-03T10:02:34.584+0000] {standard_task_runner.py:84} INFO - Running: ['***', 'tasks', 'run', 'rocket_launch2', 'check_launches', 'scheduled__2023-09-21T00:00:00+00:00', '--job-id', '232', '--raw', '--subdir', 'DAGS_FOLDER/rocket_launch.py', '--cfg-path', '/tmp/tmpyglem9jo']
[2023-10-03T10:02:34.622+0000] {standard_task_runner.py:85} INFO - Job 232: Subtask check_launches
[2023-10-03T10:02:35.378+0000] {task_command.py:410} INFO - Running <TaskInstance: rocket_launch2.check_launches scheduled__2023-09-21T00:00:00+00:00 [running]> on host e870058fa168
[2023-10-03T10:02:37.009+0000] {taskinstance.py:1570} INFO - Exporting env vars: AIRFLOW_CTX_DAG_OWNER='***' AIRFLOW_CTX_DAG_ID='rocket_launch2' AIRFLOW_CTX_TASK_ID='check_launches' AIRFLOW_CTX_EXECUTION_DATE='2023-09-21T00:00:00+00:00' AIRFLOW_CTX_TRY_NUMBER='1' AIRFLOW_CTX_DAG_RUN_ID='scheduled__2023-09-21T00:00:00+00:00'
[2023-10-03T10:02:37.159+0000] {python.py:183} INFO - Done. Returned value was: None
[2023-10-03T10:02:37.412+0000] {taskinstance.py:1373} INFO - Marking task as SUCCESS. dag_id=rocket_launch2, task_id=check_launches, execution_date=20230921T000000, start_date=20231003T100233, end_date=20231003T100237
[2023-10-03T10:02:37.752+0000] {local_task_job_runner.py:232} INFO - Task exited with return code 0
[2023-10-03T10:02:38.179+0000] {taskinstance.py:2674} INFO - 0 downstream tasks scheduled from follow-on schedule check
[2023-10-03T10:06:12.689+0000] {taskinstance.py:1125} INFO - Dependencies all met for dep_context=non-requeueable deps ti=<TaskInstance: rocket_launch2.check_launches scheduled__2023-09-21T00:00:00+00:00 [queued]>
[2023-10-03T10:06:13.136+0000] {taskinstance.py:1125} INFO - Dependencies all met for dep_context=requeueable deps ti=<TaskInstance: rocket_launch2.check_launches scheduled__2023-09-21T00:00:00+00:00 [queued]>
[2023-10-03T10:06:13.136+0000] {taskinstance.py:1331} INFO - Starting attempt 1 of 1
[2023-10-03T10:06:13.443+0000] {taskinstance.py:1350} INFO - Executing <Task(PythonOperator): check_launches> on 2023-09-21 00:00:00+00:00
[2023-10-03T10:06:13.497+0000] {standard_task_runner.py:57} INFO - Started process 3607 to run task
[2023-10-03T10:06:13.513+0000] {standard_task_runner.py:84} INFO - Running: ['***', 'tasks', 'run', 'rocket_launch2', 'check_launches', 'scheduled__2023-09-21T00:00:00+00:00', '--job-id', '323', '--raw', '--subdir', 'DAGS_FOLDER/rocket_launch.py', '--cfg-path', '/tmp/tmpxhnh9gu7']
[2023-10-03T10:06:13.570+0000] {standard_task_runner.py:85} INFO - Job 323: Subtask check_launches
[2023-10-03T10:06:14.343+0000] {task_command.py:410} INFO - Running <TaskInstance: rocket_launch2.check_launches scheduled__2023-09-21T00:00:00+00:00 [running]> on host e870058fa168
[2023-10-03T10:06:14.962+0000] {taskinstance.py:1570} INFO - Exporting env vars: AIRFLOW_CTX_DAG_OWNER='***' AIRFLOW_CTX_DAG_ID='rocket_launch2' AIRFLOW_CTX_TASK_ID='check_launches' AIRFLOW_CTX_EXECUTION_DATE='2023-09-21T00:00:00+00:00' AIRFLOW_CTX_TRY_NUMBER='1' AIRFLOW_CTX_DAG_RUN_ID='scheduled__2023-09-21T00:00:00+00:00'
[2023-10-03T10:06:15.130+0000] {python.py:183} INFO - Done. Returned value was: None
[2023-10-03T10:06:15.279+0000] {taskinstance.py:1373} INFO - Marking task as SUCCESS. dag_id=rocket_launch2, task_id=check_launches, execution_date=20230921T000000, start_date=20231003T100612, end_date=20231003T100615
[2023-10-03T10:06:15.749+0000] {local_task_job_runner.py:232} INFO - Task exited with return code 0
[2023-10-03T10:06:16.053+0000] {taskinstance.py:2674} INFO - 0 downstream tasks scheduled from follow-on schedule check
[2023-10-03T10:16:45.913+0000] {taskinstance.py:1125} INFO - Dependencies all met for dep_context=non-requeueable deps ti=<TaskInstance: rocket_launch2.check_launches scheduled__2023-09-21T00:00:00+00:00 [queued]>
[2023-10-03T10:16:46.339+0000] {taskinstance.py:1125} INFO - Dependencies all met for dep_context=requeueable deps ti=<TaskInstance: rocket_launch2.check_launches scheduled__2023-09-21T00:00:00+00:00 [queued]>
[2023-10-03T10:16:46.349+0000] {taskinstance.py:1331} INFO - Starting attempt 1 of 1
[2023-10-03T10:16:46.638+0000] {taskinstance.py:1350} INFO - Executing <Task(PythonOperator): check_launches> on 2023-09-21 00:00:00+00:00
[2023-10-03T10:16:46.666+0000] {standard_task_runner.py:57} INFO - Started process 3972 to run task
[2023-10-03T10:16:46.721+0000] {standard_task_runner.py:84} INFO - Running: ['***', 'tasks', 'run', 'rocket_launch2', 'check_launches', 'scheduled__2023-09-21T00:00:00+00:00', '--job-id', '419', '--raw', '--subdir', 'DAGS_FOLDER/rocket_launch.py', '--cfg-path', '/tmp/tmphsnm7biy']
[2023-10-03T10:16:46.762+0000] {standard_task_runner.py:85} INFO - Job 419: Subtask check_launches
[2023-10-03T10:16:47.416+0000] {task_command.py:410} INFO - Running <TaskInstance: rocket_launch2.check_launches scheduled__2023-09-21T00:00:00+00:00 [running]> on host e870058fa168
[2023-10-03T10:16:48.719+0000] {taskinstance.py:1570} INFO - Exporting env vars: AIRFLOW_CTX_DAG_OWNER='***' AIRFLOW_CTX_DAG_ID='rocket_launch2' AIRFLOW_CTX_TASK_ID='check_launches' AIRFLOW_CTX_EXECUTION_DATE='2023-09-21T00:00:00+00:00' AIRFLOW_CTX_TRY_NUMBER='1' AIRFLOW_CTX_DAG_RUN_ID='scheduled__2023-09-21T00:00:00+00:00'
[2023-10-03T10:16:48.844+0000] {python.py:183} INFO - Done. Returned value was: None
[2023-10-03T10:16:48.925+0000] {taskinstance.py:1373} INFO - Marking task as SUCCESS. dag_id=rocket_launch2, task_id=check_launches, execution_date=20230921T000000, start_date=20231003T101645, end_date=20231003T101648
[2023-10-03T10:16:49.120+0000] {local_task_job_runner.py:232} INFO - Task exited with return code 0
[2023-10-03T10:16:49.439+0000] {taskinstance.py:2674} INFO - 1 downstream tasks scheduled from follow-on schedule check
