[2023-10-03T09:53:23.323+0000] {taskinstance.py:1125} INFO - Dependencies all met for dep_context=non-requeueable deps ti=<TaskInstance: rocket_launch2.check_launches scheduled__2023-10-02T00:00:00+00:00 [queued]>
[2023-10-03T09:53:23.355+0000] {taskinstance.py:1125} INFO - Dependencies all met for dep_context=requeueable deps ti=<TaskInstance: rocket_launch2.check_launches scheduled__2023-10-02T00:00:00+00:00 [queued]>
[2023-10-03T09:53:23.355+0000] {taskinstance.py:1331} INFO - Starting attempt 1 of 1
[2023-10-03T09:53:23.406+0000] {taskinstance.py:1350} INFO - Executing <Task(ShortCircuitOperator): check_launches> on 2023-10-02 00:00:00+00:00
[2023-10-03T09:53:23.413+0000] {standard_task_runner.py:57} INFO - Started process 3110 to run task
[2023-10-03T09:53:23.423+0000] {standard_task_runner.py:84} INFO - Running: ['***', 'tasks', 'run', 'rocket_launch2', 'check_launches', 'scheduled__2023-10-02T00:00:00+00:00', '--job-id', '189', '--raw', '--subdir', 'DAGS_FOLDER/rocket_launch.py', '--cfg-path', '/tmp/tmpve1ogg61']
[2023-10-03T09:53:23.424+0000] {standard_task_runner.py:85} INFO - Job 189: Subtask check_launches
[2023-10-03T09:53:23.617+0000] {task_command.py:410} INFO - Running <TaskInstance: rocket_launch2.check_launches scheduled__2023-10-02T00:00:00+00:00 [running]> on host e870058fa168
[2023-10-03T09:53:24.115+0000] {taskinstance.py:1570} INFO - Exporting env vars: AIRFLOW_CTX_DAG_OWNER='***' AIRFLOW_CTX_DAG_ID='rocket_launch2' AIRFLOW_CTX_TASK_ID='check_launches' AIRFLOW_CTX_EXECUTION_DATE='2023-10-02T00:00:00+00:00' AIRFLOW_CTX_TRY_NUMBER='1' AIRFLOW_CTX_DAG_RUN_ID='scheduled__2023-10-02T00:00:00+00:00'
[2023-10-03T09:53:24.143+0000] {taskinstance.py:1454} INFO - No launches on 2023-10-02
[2023-10-03T09:53:24.170+0000] {taskinstance.py:1373} INFO - Marking task as SKIPPED. dag_id=rocket_launch2, task_id=check_launches, execution_date=20231002T000000, start_date=20231003T095323, end_date=20231003T095324
[2023-10-03T09:53:24.252+0000] {local_task_job_runner.py:232} INFO - Task exited with return code 0
[2023-10-03T09:53:24.390+0000] {taskinstance.py:2674} INFO - 0 downstream tasks scheduled from follow-on schedule check
[2023-10-03T10:02:55.183+0000] {taskinstance.py:1125} INFO - Dependencies all met for dep_context=non-requeueable deps ti=<TaskInstance: rocket_launch2.check_launches scheduled__2023-10-02T00:00:00+00:00 [queued]>
[2023-10-03T10:02:55.200+0000] {taskinstance.py:1125} INFO - Dependencies all met for dep_context=requeueable deps ti=<TaskInstance: rocket_launch2.check_launches scheduled__2023-10-02T00:00:00+00:00 [queued]>
[2023-10-03T10:02:55.201+0000] {taskinstance.py:1331} INFO - Starting attempt 1 of 1
[2023-10-03T10:02:55.238+0000] {taskinstance.py:1350} INFO - Executing <Task(PythonOperator): check_launches> on 2023-10-02 00:00:00+00:00
[2023-10-03T10:02:55.245+0000] {standard_task_runner.py:57} INFO - Started process 3414 to run task
[2023-10-03T10:02:55.261+0000] {standard_task_runner.py:84} INFO - Running: ['***', 'tasks', 'run', 'rocket_launch2', 'check_launches', 'scheduled__2023-10-02T00:00:00+00:00', '--job-id', '263', '--raw', '--subdir', 'DAGS_FOLDER/rocket_launch.py', '--cfg-path', '/tmp/tmp2sgkqgqf']
[2023-10-03T10:02:55.261+0000] {standard_task_runner.py:85} INFO - Job 263: Subtask check_launches
[2023-10-03T10:02:55.412+0000] {task_command.py:410} INFO - Running <TaskInstance: rocket_launch2.check_launches scheduled__2023-10-02T00:00:00+00:00 [running]> on host e870058fa168
[2023-10-03T10:02:55.783+0000] {taskinstance.py:1570} INFO - Exporting env vars: AIRFLOW_CTX_DAG_OWNER='***' AIRFLOW_CTX_DAG_ID='rocket_launch2' AIRFLOW_CTX_TASK_ID='check_launches' AIRFLOW_CTX_EXECUTION_DATE='2023-10-02T00:00:00+00:00' AIRFLOW_CTX_TRY_NUMBER='1' AIRFLOW_CTX_DAG_RUN_ID='scheduled__2023-10-02T00:00:00+00:00'
[2023-10-03T10:02:55.805+0000] {taskinstance.py:1454} INFO - No launches on 2023-10-02
[2023-10-03T10:02:55.819+0000] {taskinstance.py:1373} INFO - Marking task as SKIPPED. dag_id=rocket_launch2, task_id=check_launches, execution_date=20231002T000000, start_date=20231003T100255, end_date=20231003T100255
[2023-10-03T10:02:55.890+0000] {local_task_job_runner.py:232} INFO - Task exited with return code 0
[2023-10-03T10:02:55.926+0000] {taskinstance.py:2674} INFO - 0 downstream tasks scheduled from follow-on schedule check
[2023-10-03T10:06:36.182+0000] {taskinstance.py:1125} INFO - Dependencies all met for dep_context=non-requeueable deps ti=<TaskInstance: rocket_launch2.check_launches scheduled__2023-10-02T00:00:00+00:00 [queued]>
[2023-10-03T10:06:36.191+0000] {taskinstance.py:1125} INFO - Dependencies all met for dep_context=requeueable deps ti=<TaskInstance: rocket_launch2.check_launches scheduled__2023-10-02T00:00:00+00:00 [queued]>
[2023-10-03T10:06:36.191+0000] {taskinstance.py:1331} INFO - Starting attempt 1 of 1
[2023-10-03T10:06:36.212+0000] {taskinstance.py:1350} INFO - Executing <Task(PythonOperator): check_launches> on 2023-10-02 00:00:00+00:00
[2023-10-03T10:06:36.216+0000] {standard_task_runner.py:57} INFO - Started process 3661 to run task
[2023-10-03T10:06:36.218+0000] {standard_task_runner.py:84} INFO - Running: ['***', 'tasks', 'run', 'rocket_launch2', 'check_launches', 'scheduled__2023-10-02T00:00:00+00:00', '--job-id', '354', '--raw', '--subdir', 'DAGS_FOLDER/rocket_launch.py', '--cfg-path', '/tmp/tmpf9jtt9rt']
[2023-10-03T10:06:36.219+0000] {standard_task_runner.py:85} INFO - Job 354: Subtask check_launches
[2023-10-03T10:06:36.267+0000] {task_command.py:410} INFO - Running <TaskInstance: rocket_launch2.check_launches scheduled__2023-10-02T00:00:00+00:00 [running]> on host e870058fa168
[2023-10-03T10:06:36.407+0000] {taskinstance.py:1570} INFO - Exporting env vars: AIRFLOW_CTX_DAG_OWNER='***' AIRFLOW_CTX_DAG_ID='rocket_launch2' AIRFLOW_CTX_TASK_ID='check_launches' AIRFLOW_CTX_EXECUTION_DATE='2023-10-02T00:00:00+00:00' AIRFLOW_CTX_TRY_NUMBER='1' AIRFLOW_CTX_DAG_RUN_ID='scheduled__2023-10-02T00:00:00+00:00'
[2023-10-03T10:06:36.416+0000] {taskinstance.py:1454} INFO - No launches on 2023-10-02
[2023-10-03T10:06:36.425+0000] {taskinstance.py:1373} INFO - Marking task as SKIPPED. dag_id=rocket_launch2, task_id=check_launches, execution_date=20231002T000000, start_date=20231003T100636, end_date=20231003T100636
[2023-10-03T10:06:36.471+0000] {local_task_job_runner.py:232} INFO - Task exited with return code 0
[2023-10-03T10:06:36.492+0000] {taskinstance.py:2674} INFO - 0 downstream tasks scheduled from follow-on schedule check
[2023-10-03T10:17:04.644+0000] {taskinstance.py:1125} INFO - Dependencies all met for dep_context=non-requeueable deps ti=<TaskInstance: rocket_launch2.check_launches scheduled__2023-10-02T00:00:00+00:00 [queued]>
[2023-10-03T10:17:04.676+0000] {taskinstance.py:1125} INFO - Dependencies all met for dep_context=requeueable deps ti=<TaskInstance: rocket_launch2.check_launches scheduled__2023-10-02T00:00:00+00:00 [queued]>
[2023-10-03T10:17:04.676+0000] {taskinstance.py:1331} INFO - Starting attempt 1 of 1
[2023-10-03T10:17:04.728+0000] {taskinstance.py:1350} INFO - Executing <Task(PythonOperator): check_launches> on 2023-10-02 00:00:00+00:00
[2023-10-03T10:17:04.734+0000] {standard_task_runner.py:57} INFO - Started process 4022 to run task
[2023-10-03T10:17:04.749+0000] {standard_task_runner.py:84} INFO - Running: ['***', 'tasks', 'run', 'rocket_launch2', 'check_launches', 'scheduled__2023-10-02T00:00:00+00:00', '--job-id', '443', '--raw', '--subdir', 'DAGS_FOLDER/rocket_launch.py', '--cfg-path', '/tmp/tmp11rtkqy0']
[2023-10-03T10:17:04.752+0000] {standard_task_runner.py:85} INFO - Job 443: Subtask check_launches
[2023-10-03T10:17:04.853+0000] {task_command.py:410} INFO - Running <TaskInstance: rocket_launch2.check_launches scheduled__2023-10-02T00:00:00+00:00 [running]> on host e870058fa168
[2023-10-03T10:17:05.258+0000] {taskinstance.py:1570} INFO - Exporting env vars: AIRFLOW_CTX_DAG_OWNER='***' AIRFLOW_CTX_DAG_ID='rocket_launch2' AIRFLOW_CTX_TASK_ID='check_launches' AIRFLOW_CTX_EXECUTION_DATE='2023-10-02T00:00:00+00:00' AIRFLOW_CTX_TRY_NUMBER='1' AIRFLOW_CTX_DAG_RUN_ID='scheduled__2023-10-02T00:00:00+00:00'
[2023-10-03T10:17:05.307+0000] {taskinstance.py:1454} INFO - No launches on 2023-10-02
[2023-10-03T10:17:05.343+0000] {taskinstance.py:1373} INFO - Marking task as SKIPPED. dag_id=rocket_launch2, task_id=check_launches, execution_date=20231002T000000, start_date=20231003T101704, end_date=20231003T101705
[2023-10-03T10:17:05.462+0000] {local_task_job_runner.py:232} INFO - Task exited with return code 0
[2023-10-03T10:17:05.517+0000] {taskinstance.py:2674} INFO - 0 downstream tasks scheduled from follow-on schedule check
