[2023-10-03T08:44:32.824+0000] {taskinstance.py:1125} INFO - Dependencies all met for dep_context=non-requeueable deps ti=<TaskInstance: rocket_launch2.task_get_op scheduled__2023-10-02T00:00:00+00:00 [queued]>
[2023-10-03T08:44:32.839+0000] {taskinstance.py:1125} INFO - Dependencies all met for dep_context=requeueable deps ti=<TaskInstance: rocket_launch2.task_get_op scheduled__2023-10-02T00:00:00+00:00 [queued]>
[2023-10-03T08:44:32.841+0000] {taskinstance.py:1331} INFO - Starting attempt 1 of 1
[2023-10-03T08:44:32.872+0000] {taskinstance.py:1350} INFO - Executing <Task(SimpleHttpOperator): task_get_op> on 2023-10-02 00:00:00+00:00
[2023-10-03T08:44:32.876+0000] {standard_task_runner.py:57} INFO - Started process 1600 to run task
[2023-10-03T08:44:32.879+0000] {standard_task_runner.py:84} INFO - Running: ['***', 'tasks', 'run', 'rocket_launch2', 'task_get_op', 'scheduled__2023-10-02T00:00:00+00:00', '--job-id', '42', '--raw', '--subdir', 'DAGS_FOLDER/rocket_launch.py', '--cfg-path', '/tmp/tmpkpygj9zt']
[2023-10-03T08:44:32.879+0000] {standard_task_runner.py:85} INFO - Job 42: Subtask task_get_op
[2023-10-03T08:44:32.932+0000] {task_command.py:410} INFO - Running <TaskInstance: rocket_launch2.task_get_op scheduled__2023-10-02T00:00:00+00:00 [running]> on host e870058fa168
[2023-10-03T08:44:33.003+0000] {abstractoperator.py:582} ERROR - Exception rendering Jinja template for task 'task_get_op', field 'data'. Template: {'net_gte': '{{ ts }}', 'net_lt': '{{ macros.ds_add(ts, 1) }}'}
Traceback (most recent call last):
  File "/home/airflow/.local/lib/python3.7/site-packages/airflow/models/abstractoperator.py", line 574, in _do_render_template_fields
    seen_oids,
  File "/home/airflow/.local/lib/python3.7/site-packages/airflow/template/templater.py", line 168, in render_template
    return {k: self.render_template(v, context, jinja_env, oids) for k, v in value.items()}
  File "/home/airflow/.local/lib/python3.7/site-packages/airflow/template/templater.py", line 168, in <dictcomp>
    return {k: self.render_template(v, context, jinja_env, oids) for k, v in value.items()}
  File "/home/airflow/.local/lib/python3.7/site-packages/airflow/template/templater.py", line 156, in render_template
    return self._render(template, context)
  File "/home/airflow/.local/lib/python3.7/site-packages/airflow/models/abstractoperator.py", line 539, in _render
    return super()._render(template, context, dag=dag)
  File "/home/airflow/.local/lib/python3.7/site-packages/airflow/template/templater.py", line 113, in _render
    return render_template_to_string(template, context)
  File "/home/airflow/.local/lib/python3.7/site-packages/airflow/utils/helpers.py", line 288, in render_template_to_string
    return render_template(template, cast(MutableMapping[str, Any], context), native=False)
  File "/home/airflow/.local/lib/python3.7/site-packages/airflow/utils/helpers.py", line 283, in render_template
    return "".join(nodes)
  File "<template>", line 13, in root
  File "/home/airflow/.local/lib/python3.7/site-packages/jinja2/sandbox.py", line 393, in call
    return __context.call(__obj, *args, **kwargs)
  File "/home/airflow/.local/lib/python3.7/site-packages/jinja2/runtime.py", line 298, in call
    return __obj(*args, **kwargs)
  File "/home/airflow/.local/lib/python3.7/site-packages/airflow/macros/__init__.py", line 57, in ds_add
    dt = datetime.strptime(str(ds), "%Y-%m-%d") + timedelta(days=days)
  File "/usr/local/lib/python3.7/_strptime.py", line 577, in _strptime_datetime
    tt, fraction, gmtoff_fraction = _strptime(data_string, format)
  File "/usr/local/lib/python3.7/_strptime.py", line 362, in _strptime
    data_string[found.end():])
ValueError: unconverted data remains: T00:00:00+00:00
[2023-10-03T08:44:33.004+0000] {taskinstance.py:1847} ERROR - Task failed with exception
Traceback (most recent call last):
  File "/home/airflow/.local/lib/python3.7/site-packages/airflow/models/taskinstance.py", line 1430, in _run_raw_task
    self._execute_task_with_callbacks(context, test_mode)
  File "/home/airflow/.local/lib/python3.7/site-packages/airflow/models/taskinstance.py", line 1554, in _execute_task_with_callbacks
    task_orig = self.render_templates(context=context)
  File "/home/airflow/.local/lib/python3.7/site-packages/airflow/models/taskinstance.py", line 2202, in render_templates
    original_task.render_template_fields(context)
  File "/home/airflow/.local/lib/python3.7/site-packages/airflow/models/baseoperator.py", line 1254, in render_template_fields
    self._do_render_template_fields(self, self.template_fields, context, jinja_env, set())
  File "/home/airflow/.local/lib/python3.7/site-packages/airflow/utils/session.py", line 76, in wrapper
    return func(*args, session=session, **kwargs)
  File "/home/airflow/.local/lib/python3.7/site-packages/airflow/models/abstractoperator.py", line 574, in _do_render_template_fields
    seen_oids,
  File "/home/airflow/.local/lib/python3.7/site-packages/airflow/template/templater.py", line 168, in render_template
    return {k: self.render_template(v, context, jinja_env, oids) for k, v in value.items()}
  File "/home/airflow/.local/lib/python3.7/site-packages/airflow/template/templater.py", line 168, in <dictcomp>
    return {k: self.render_template(v, context, jinja_env, oids) for k, v in value.items()}
  File "/home/airflow/.local/lib/python3.7/site-packages/airflow/template/templater.py", line 156, in render_template
    return self._render(template, context)
  File "/home/airflow/.local/lib/python3.7/site-packages/airflow/models/abstractoperator.py", line 539, in _render
    return super()._render(template, context, dag=dag)
  File "/home/airflow/.local/lib/python3.7/site-packages/airflow/template/templater.py", line 113, in _render
    return render_template_to_string(template, context)
  File "/home/airflow/.local/lib/python3.7/site-packages/airflow/utils/helpers.py", line 288, in render_template_to_string
    return render_template(template, cast(MutableMapping[str, Any], context), native=False)
  File "/home/airflow/.local/lib/python3.7/site-packages/airflow/utils/helpers.py", line 283, in render_template
    return "".join(nodes)
  File "<template>", line 13, in root
  File "/home/airflow/.local/lib/python3.7/site-packages/jinja2/sandbox.py", line 393, in call
    return __context.call(__obj, *args, **kwargs)
  File "/home/airflow/.local/lib/python3.7/site-packages/jinja2/runtime.py", line 298, in call
    return __obj(*args, **kwargs)
  File "/home/airflow/.local/lib/python3.7/site-packages/airflow/macros/__init__.py", line 57, in ds_add
    dt = datetime.strptime(str(ds), "%Y-%m-%d") + timedelta(days=days)
  File "/usr/local/lib/python3.7/_strptime.py", line 577, in _strptime_datetime
    tt, fraction, gmtoff_fraction = _strptime(data_string, format)
  File "/usr/local/lib/python3.7/_strptime.py", line 362, in _strptime
    data_string[found.end():])
ValueError: unconverted data remains: T00:00:00+00:00
[2023-10-03T08:44:33.013+0000] {taskinstance.py:1373} INFO - Marking task as FAILED. dag_id=rocket_launch2, task_id=task_get_op, execution_date=20231002T000000, start_date=20231003T084432, end_date=20231003T084433
[2023-10-03T08:44:33.036+0000] {standard_task_runner.py:109} ERROR - Failed to execute job 42 for task task_get_op (unconverted data remains: T00:00:00+00:00; 1600)
[2023-10-03T08:44:33.056+0000] {local_task_job_runner.py:232} INFO - Task exited with return code 1
[2023-10-03T08:44:33.080+0000] {taskinstance.py:2674} INFO - 0 downstream tasks scheduled from follow-on schedule check
[2023-10-03T08:48:11.963+0000] {taskinstance.py:1125} INFO - Dependencies all met for dep_context=non-requeueable deps ti=<TaskInstance: rocket_launch2.task_get_op scheduled__2023-10-02T00:00:00+00:00 [queued]>
[2023-10-03T08:48:11.995+0000] {taskinstance.py:1125} INFO - Dependencies all met for dep_context=requeueable deps ti=<TaskInstance: rocket_launch2.task_get_op scheduled__2023-10-02T00:00:00+00:00 [queued]>
[2023-10-03T08:48:11.995+0000] {taskinstance.py:1331} INFO - Starting attempt 1 of 1
[2023-10-03T08:48:12.029+0000] {taskinstance.py:1350} INFO - Executing <Task(SimpleHttpOperator): task_get_op> on 2023-10-02 00:00:00+00:00
[2023-10-03T08:48:12.049+0000] {standard_task_runner.py:57} INFO - Started process 1678 to run task
[2023-10-03T08:48:12.057+0000] {standard_task_runner.py:84} INFO - Running: ['***', 'tasks', 'run', 'rocket_launch2', 'task_get_op', 'scheduled__2023-10-02T00:00:00+00:00', '--job-id', '46', '--raw', '--subdir', 'DAGS_FOLDER/rocket_launch.py', '--cfg-path', '/tmp/tmpxpc9nidv']
[2023-10-03T08:48:12.058+0000] {standard_task_runner.py:85} INFO - Job 46: Subtask task_get_op
[2023-10-03T08:48:12.143+0000] {task_command.py:410} INFO - Running <TaskInstance: rocket_launch2.task_get_op scheduled__2023-10-02T00:00:00+00:00 [running]> on host e870058fa168
[2023-10-03T08:48:12.225+0000] {warnings.py:110} WARNING - /home/***/.local/lib/python3.7/site-packages/***/utils/context.py:205: AirflowContextDeprecationWarning: Accessing 'next_ds' from the template is deprecated and will be removed in a future version. Please use '{{ data_interval_end | ds }}' instead.
  warnings.warn(_create_deprecation_warning(key, self._deprecation_replacements[key]))

[2023-10-03T08:48:12.292+0000] {taskinstance.py:1570} INFO - Exporting env vars: AIRFLOW_CTX_DAG_OWNER='***' AIRFLOW_CTX_DAG_ID='rocket_launch2' AIRFLOW_CTX_TASK_ID='task_get_op' AIRFLOW_CTX_EXECUTION_DATE='2023-10-02T00:00:00+00:00' AIRFLOW_CTX_TRY_NUMBER='1' AIRFLOW_CTX_DAG_RUN_ID='scheduled__2023-10-02T00:00:00+00:00'
[2023-10-03T08:48:12.292+0000] {http.py:123} INFO - Calling HTTP method
[2023-10-03T08:48:12.303+0000] {base.py:73} INFO - Using connection ID 'thespacedevs_dev' for task execution.
[2023-10-03T08:48:14.039+0000] {taskinstance.py:1373} INFO - Marking task as SUCCESS. dag_id=rocket_launch2, task_id=task_get_op, execution_date=20231002T000000, start_date=20231003T084811, end_date=20231003T084814
[2023-10-03T08:48:14.083+0000] {local_task_job_runner.py:232} INFO - Task exited with return code 0
[2023-10-03T08:48:14.099+0000] {taskinstance.py:2674} INFO - 0 downstream tasks scheduled from follow-on schedule check
[2023-10-03T08:54:54.777+0000] {taskinstance.py:1125} INFO - Dependencies all met for dep_context=non-requeueable deps ti=<TaskInstance: rocket_launch2.task_get_op scheduled__2023-10-02T00:00:00+00:00 [queued]>
[2023-10-03T08:54:54.814+0000] {taskinstance.py:1125} INFO - Dependencies all met for dep_context=requeueable deps ti=<TaskInstance: rocket_launch2.task_get_op scheduled__2023-10-02T00:00:00+00:00 [queued]>
[2023-10-03T08:54:54.819+0000] {taskinstance.py:1331} INFO - Starting attempt 1 of 1
[2023-10-03T08:54:54.881+0000] {taskinstance.py:1350} INFO - Executing <Task(SimpleHttpOperator): task_get_op> on 2023-10-02 00:00:00+00:00
[2023-10-03T08:54:54.889+0000] {standard_task_runner.py:57} INFO - Started process 1815 to run task
[2023-10-03T08:54:54.945+0000] {standard_task_runner.py:84} INFO - Running: ['***', 'tasks', 'run', 'rocket_launch2', 'task_get_op', 'scheduled__2023-10-02T00:00:00+00:00', '--job-id', '55', '--raw', '--subdir', 'DAGS_FOLDER/rocket_launch.py', '--cfg-path', '/tmp/tmpk60fwpqs']
[2023-10-03T08:54:54.950+0000] {standard_task_runner.py:85} INFO - Job 55: Subtask task_get_op
[2023-10-03T08:54:55.105+0000] {task_command.py:410} INFO - Running <TaskInstance: rocket_launch2.task_get_op scheduled__2023-10-02T00:00:00+00:00 [running]> on host e870058fa168
[2023-10-03T08:54:55.298+0000] {warnings.py:110} WARNING - /home/***/.local/lib/python3.7/site-packages/***/utils/context.py:205: AirflowContextDeprecationWarning: Accessing 'next_ds' from the template is deprecated and will be removed in a future version. Please use '{{ data_interval_end | ds }}' instead.
  warnings.warn(_create_deprecation_warning(key, self._deprecation_replacements[key]))

[2023-10-03T08:54:55.503+0000] {taskinstance.py:1570} INFO - Exporting env vars: AIRFLOW_CTX_DAG_OWNER='***' AIRFLOW_CTX_DAG_ID='rocket_launch2' AIRFLOW_CTX_TASK_ID='task_get_op' AIRFLOW_CTX_EXECUTION_DATE='2023-10-02T00:00:00+00:00' AIRFLOW_CTX_TRY_NUMBER='1' AIRFLOW_CTX_DAG_RUN_ID='scheduled__2023-10-02T00:00:00+00:00'
[2023-10-03T08:54:55.509+0000] {http.py:123} INFO - Calling HTTP method
[2023-10-03T08:54:55.559+0000] {base.py:73} INFO - Using connection ID 'thespacedevs_dev' for task execution.
[2023-10-03T08:54:57.641+0000] {taskinstance.py:1373} INFO - Marking task as SUCCESS. dag_id=rocket_launch2, task_id=task_get_op, execution_date=20231002T000000, start_date=20231003T085454, end_date=20231003T085457
[2023-10-03T08:54:57.691+0000] {local_task_job_runner.py:232} INFO - Task exited with return code 0
[2023-10-03T08:54:57.716+0000] {taskinstance.py:2674} INFO - 0 downstream tasks scheduled from follow-on schedule check
[2023-10-03T09:25:26.206+0000] {taskinstance.py:1125} INFO - Dependencies all met for dep_context=non-requeueable deps ti=<TaskInstance: rocket_launch2.task_get_op scheduled__2023-10-02T00:00:00+00:00 [queued]>
[2023-10-03T09:25:26.224+0000] {taskinstance.py:1125} INFO - Dependencies all met for dep_context=requeueable deps ti=<TaskInstance: rocket_launch2.task_get_op scheduled__2023-10-02T00:00:00+00:00 [queued]>
[2023-10-03T09:25:26.225+0000] {taskinstance.py:1331} INFO - Starting attempt 1 of 1
[2023-10-03T09:25:26.271+0000] {taskinstance.py:1350} INFO - Executing <Task(SimpleHttpOperator): task_get_op> on 2023-10-02 00:00:00+00:00
[2023-10-03T09:25:26.278+0000] {standard_task_runner.py:57} INFO - Started process 2375 to run task
[2023-10-03T09:25:26.286+0000] {standard_task_runner.py:84} INFO - Running: ['***', 'tasks', 'run', 'rocket_launch2', 'task_get_op', 'scheduled__2023-10-02T00:00:00+00:00', '--job-id', '67', '--raw', '--subdir', 'DAGS_FOLDER/rocket_launch.py', '--cfg-path', '/tmp/tmp9xs2coh0']
[2023-10-03T09:25:26.288+0000] {standard_task_runner.py:85} INFO - Job 67: Subtask task_get_op
[2023-10-03T09:25:26.371+0000] {task_command.py:410} INFO - Running <TaskInstance: rocket_launch2.task_get_op scheduled__2023-10-02T00:00:00+00:00 [running]> on host e870058fa168
[2023-10-03T09:25:26.495+0000] {warnings.py:110} WARNING - /home/***/.local/lib/python3.7/site-packages/***/utils/context.py:205: AirflowContextDeprecationWarning: Accessing 'next_ds' from the template is deprecated and will be removed in a future version. Please use '{{ data_interval_end | ds }}' instead.
  warnings.warn(_create_deprecation_warning(key, self._deprecation_replacements[key]))

[2023-10-03T09:25:26.605+0000] {taskinstance.py:1570} INFO - Exporting env vars: AIRFLOW_CTX_DAG_OWNER='***' AIRFLOW_CTX_DAG_ID='rocket_launch2' AIRFLOW_CTX_TASK_ID='task_get_op' AIRFLOW_CTX_EXECUTION_DATE='2023-10-02T00:00:00+00:00' AIRFLOW_CTX_TRY_NUMBER='1' AIRFLOW_CTX_DAG_RUN_ID='scheduled__2023-10-02T00:00:00+00:00'
[2023-10-03T09:25:26.608+0000] {http.py:123} INFO - Calling HTTP method
[2023-10-03T09:25:26.627+0000] {base.py:73} INFO - Using connection ID 'thespacedevs_dev' for task execution.
[2023-10-03T09:25:27.857+0000] {http.py:127} INFO - {"count":0,"next":null,"previous":null,"results":[]}
[2023-10-03T09:25:27.890+0000] {taskinstance.py:1373} INFO - Marking task as SUCCESS. dag_id=rocket_launch2, task_id=task_get_op, execution_date=20231002T000000, start_date=20231003T092526, end_date=20231003T092527
[2023-10-03T09:25:27.922+0000] {local_task_job_runner.py:232} INFO - Task exited with return code 0
[2023-10-03T09:25:27.969+0000] {taskinstance.py:2674} INFO - 0 downstream tasks scheduled from follow-on schedule check
[2023-10-03T09:37:38.227+0000] {taskinstance.py:1125} INFO - Dependencies all met for dep_context=non-requeueable deps ti=<TaskInstance: rocket_launch2.task_get_op scheduled__2023-10-02T00:00:00+00:00 [queued]>
[2023-10-03T09:37:38.246+0000] {taskinstance.py:1125} INFO - Dependencies all met for dep_context=requeueable deps ti=<TaskInstance: rocket_launch2.task_get_op scheduled__2023-10-02T00:00:00+00:00 [queued]>
[2023-10-03T09:37:38.247+0000] {taskinstance.py:1331} INFO - Starting attempt 1 of 1
[2023-10-03T09:37:38.293+0000] {taskinstance.py:1350} INFO - Executing <Task(SimpleHttpOperator): task_get_op> on 2023-10-02 00:00:00+00:00
[2023-10-03T09:37:38.299+0000] {standard_task_runner.py:57} INFO - Started process 2609 to run task
[2023-10-03T09:37:38.310+0000] {standard_task_runner.py:84} INFO - Running: ['***', 'tasks', 'run', 'rocket_launch2', 'task_get_op', 'scheduled__2023-10-02T00:00:00+00:00', '--job-id', '77', '--raw', '--subdir', 'DAGS_FOLDER/rocket_launch.py', '--cfg-path', '/tmp/tmplstnmwmp']
[2023-10-03T09:37:38.311+0000] {standard_task_runner.py:85} INFO - Job 77: Subtask task_get_op
[2023-10-03T09:37:38.449+0000] {task_command.py:410} INFO - Running <TaskInstance: rocket_launch2.task_get_op scheduled__2023-10-02T00:00:00+00:00 [running]> on host e870058fa168
[2023-10-03T09:37:38.525+0000] {warnings.py:110} WARNING - /home/***/.local/lib/python3.7/site-packages/***/utils/context.py:205: AirflowContextDeprecationWarning: Accessing 'next_ds' from the template is deprecated and will be removed in a future version. Please use '{{ data_interval_end | ds }}' instead.
  warnings.warn(_create_deprecation_warning(key, self._deprecation_replacements[key]))

[2023-10-03T09:37:38.641+0000] {taskinstance.py:1570} INFO - Exporting env vars: AIRFLOW_CTX_DAG_OWNER='***' AIRFLOW_CTX_DAG_ID='rocket_launch2' AIRFLOW_CTX_TASK_ID='task_get_op' AIRFLOW_CTX_EXECUTION_DATE='2023-10-02T00:00:00+00:00' AIRFLOW_CTX_TRY_NUMBER='1' AIRFLOW_CTX_DAG_RUN_ID='scheduled__2023-10-02T00:00:00+00:00'
[2023-10-03T09:37:38.641+0000] {http.py:123} INFO - Calling HTTP method
[2023-10-03T09:37:38.675+0000] {base.py:73} INFO - Using connection ID 'thespacedevs_dev' for task execution.
[2023-10-03T09:37:38.950+0000] {http.py:127} INFO - {"count":0,"next":null,"previous":null,"results":[]}
[2023-10-03T09:37:38.979+0000] {taskinstance.py:1373} INFO - Marking task as SUCCESS. dag_id=rocket_launch2, task_id=task_get_op, execution_date=20231002T000000, start_date=20231003T093738, end_date=20231003T093738
[2023-10-03T09:37:39.006+0000] {local_task_job_runner.py:232} INFO - Task exited with return code 0
[2023-10-03T09:37:39.029+0000] {taskinstance.py:2674} INFO - 1 downstream tasks scheduled from follow-on schedule check
[2023-10-03T09:40:01.623+0000] {taskinstance.py:1125} INFO - Dependencies all met for dep_context=non-requeueable deps ti=<TaskInstance: rocket_launch2.task_get_op scheduled__2023-10-02T00:00:00+00:00 [queued]>
[2023-10-03T09:40:01.659+0000] {taskinstance.py:1125} INFO - Dependencies all met for dep_context=requeueable deps ti=<TaskInstance: rocket_launch2.task_get_op scheduled__2023-10-02T00:00:00+00:00 [queued]>
[2023-10-03T09:40:01.660+0000] {taskinstance.py:1331} INFO - Starting attempt 1 of 1
[2023-10-03T09:40:01.695+0000] {taskinstance.py:1350} INFO - Executing <Task(SimpleHttpOperator): task_get_op> on 2023-10-02 00:00:00+00:00
[2023-10-03T09:40:01.702+0000] {standard_task_runner.py:57} INFO - Started process 2773 to run task
[2023-10-03T09:40:01.710+0000] {standard_task_runner.py:84} INFO - Running: ['***', 'tasks', 'run', 'rocket_launch2', 'task_get_op', 'scheduled__2023-10-02T00:00:00+00:00', '--job-id', '134', '--raw', '--subdir', 'DAGS_FOLDER/rocket_launch.py', '--cfg-path', '/tmp/tmpta8qs37l']
[2023-10-03T09:40:01.711+0000] {standard_task_runner.py:85} INFO - Job 134: Subtask task_get_op
[2023-10-03T09:40:01.841+0000] {task_command.py:410} INFO - Running <TaskInstance: rocket_launch2.task_get_op scheduled__2023-10-02T00:00:00+00:00 [running]> on host e870058fa168
[2023-10-03T09:40:01.987+0000] {warnings.py:110} WARNING - /home/***/.local/lib/python3.7/site-packages/***/utils/context.py:205: AirflowContextDeprecationWarning: Accessing 'next_ds' from the template is deprecated and will be removed in a future version. Please use '{{ data_interval_end | ds }}' instead.
  warnings.warn(_create_deprecation_warning(key, self._deprecation_replacements[key]))

[2023-10-03T09:40:02.135+0000] {taskinstance.py:1570} INFO - Exporting env vars: AIRFLOW_CTX_DAG_OWNER='***' AIRFLOW_CTX_DAG_ID='rocket_launch2' AIRFLOW_CTX_TASK_ID='task_get_op' AIRFLOW_CTX_EXECUTION_DATE='2023-10-02T00:00:00+00:00' AIRFLOW_CTX_TRY_NUMBER='1' AIRFLOW_CTX_DAG_RUN_ID='scheduled__2023-10-02T00:00:00+00:00'
[2023-10-03T09:40:02.135+0000] {http.py:123} INFO - Calling HTTP method
[2023-10-03T09:40:02.157+0000] {base.py:73} INFO - Using connection ID 'thespacedevs_dev' for task execution.
[2023-10-03T09:40:02.643+0000] {http.py:127} INFO - {"count":0,"next":null,"previous":null,"results":[]}
[2023-10-03T09:40:02.674+0000] {taskinstance.py:1373} INFO - Marking task as SUCCESS. dag_id=rocket_launch2, task_id=task_get_op, execution_date=20231002T000000, start_date=20231003T094001, end_date=20231003T094002
[2023-10-03T09:40:02.720+0000] {local_task_job_runner.py:232} INFO - Task exited with return code 0
[2023-10-03T09:40:02.738+0000] {taskinstance.py:2674} INFO - 1 downstream tasks scheduled from follow-on schedule check
[2023-10-03T10:02:53.471+0000] {taskinstance.py:1125} INFO - Dependencies all met for dep_context=non-requeueable deps ti=<TaskInstance: rocket_launch2.task_get_op scheduled__2023-10-02T00:00:00+00:00 [queued]>
[2023-10-03T10:02:53.500+0000] {taskinstance.py:1125} INFO - Dependencies all met for dep_context=requeueable deps ti=<TaskInstance: rocket_launch2.task_get_op scheduled__2023-10-02T00:00:00+00:00 [queued]>
[2023-10-03T10:02:53.500+0000] {taskinstance.py:1331} INFO - Starting attempt 1 of 1
[2023-10-03T10:02:53.537+0000] {taskinstance.py:1350} INFO - Executing <Task(SimpleHttpOperator): task_get_op> on 2023-10-02 00:00:00+00:00
[2023-10-03T10:02:53.550+0000] {standard_task_runner.py:57} INFO - Started process 3408 to run task
[2023-10-03T10:02:53.564+0000] {standard_task_runner.py:84} INFO - Running: ['***', 'tasks', 'run', 'rocket_launch2', 'task_get_op', 'scheduled__2023-10-02T00:00:00+00:00', '--job-id', '258', '--raw', '--subdir', 'DAGS_FOLDER/rocket_launch.py', '--cfg-path', '/tmp/tmpw9nm2z5k']
[2023-10-03T10:02:53.565+0000] {standard_task_runner.py:85} INFO - Job 258: Subtask task_get_op
[2023-10-03T10:02:53.652+0000] {task_command.py:410} INFO - Running <TaskInstance: rocket_launch2.task_get_op scheduled__2023-10-02T00:00:00+00:00 [running]> on host e870058fa168
[2023-10-03T10:02:53.739+0000] {warnings.py:110} WARNING - /home/***/.local/lib/python3.7/site-packages/***/utils/context.py:205: AirflowContextDeprecationWarning: Accessing 'next_ds' from the template is deprecated and will be removed in a future version. Please use '{{ data_interval_end | ds }}' instead.
  warnings.warn(_create_deprecation_warning(key, self._deprecation_replacements[key]))

[2023-10-03T10:02:53.845+0000] {taskinstance.py:1570} INFO - Exporting env vars: AIRFLOW_CTX_DAG_OWNER='***' AIRFLOW_CTX_DAG_ID='rocket_launch2' AIRFLOW_CTX_TASK_ID='task_get_op' AIRFLOW_CTX_EXECUTION_DATE='2023-10-02T00:00:00+00:00' AIRFLOW_CTX_TRY_NUMBER='1' AIRFLOW_CTX_DAG_RUN_ID='scheduled__2023-10-02T00:00:00+00:00'
[2023-10-03T10:02:53.852+0000] {http.py:123} INFO - Calling HTTP method
[2023-10-03T10:02:53.875+0000] {base.py:73} INFO - Using connection ID 'thespacedevs_dev' for task execution.
[2023-10-03T10:02:54.131+0000] {http.py:127} INFO - {"count":0,"next":null,"previous":null,"results":[]}
[2023-10-03T10:02:54.164+0000] {taskinstance.py:1373} INFO - Marking task as SUCCESS. dag_id=rocket_launch2, task_id=task_get_op, execution_date=20231002T000000, start_date=20231003T100253, end_date=20231003T100254
[2023-10-03T10:02:54.220+0000] {local_task_job_runner.py:232} INFO - Task exited with return code 0
[2023-10-03T10:02:54.289+0000] {taskinstance.py:2674} INFO - 0 downstream tasks scheduled from follow-on schedule check
[2023-10-03T10:06:34.813+0000] {taskinstance.py:1125} INFO - Dependencies all met for dep_context=non-requeueable deps ti=<TaskInstance: rocket_launch2.task_get_op scheduled__2023-10-02T00:00:00+00:00 [queued]>
[2023-10-03T10:06:34.826+0000] {taskinstance.py:1125} INFO - Dependencies all met for dep_context=requeueable deps ti=<TaskInstance: rocket_launch2.task_get_op scheduled__2023-10-02T00:00:00+00:00 [queued]>
[2023-10-03T10:06:34.826+0000] {taskinstance.py:1331} INFO - Starting attempt 1 of 1
[2023-10-03T10:06:34.847+0000] {taskinstance.py:1350} INFO - Executing <Task(SimpleHttpOperator): task_get_op> on 2023-10-02 00:00:00+00:00
[2023-10-03T10:06:34.856+0000] {standard_task_runner.py:57} INFO - Started process 3659 to run task
[2023-10-03T10:06:34.860+0000] {standard_task_runner.py:84} INFO - Running: ['***', 'tasks', 'run', 'rocket_launch2', 'task_get_op', 'scheduled__2023-10-02T00:00:00+00:00', '--job-id', '353', '--raw', '--subdir', 'DAGS_FOLDER/rocket_launch.py', '--cfg-path', '/tmp/tmppbry8n8u']
[2023-10-03T10:06:34.861+0000] {standard_task_runner.py:85} INFO - Job 353: Subtask task_get_op
[2023-10-03T10:06:34.919+0000] {task_command.py:410} INFO - Running <TaskInstance: rocket_launch2.task_get_op scheduled__2023-10-02T00:00:00+00:00 [running]> on host e870058fa168
[2023-10-03T10:06:34.988+0000] {warnings.py:110} WARNING - /home/***/.local/lib/python3.7/site-packages/***/utils/context.py:205: AirflowContextDeprecationWarning: Accessing 'next_ds' from the template is deprecated and will be removed in a future version. Please use '{{ data_interval_end | ds }}' instead.
  warnings.warn(_create_deprecation_warning(key, self._deprecation_replacements[key]))

[2023-10-03T10:06:35.044+0000] {taskinstance.py:1570} INFO - Exporting env vars: AIRFLOW_CTX_DAG_OWNER='***' AIRFLOW_CTX_DAG_ID='rocket_launch2' AIRFLOW_CTX_TASK_ID='task_get_op' AIRFLOW_CTX_EXECUTION_DATE='2023-10-02T00:00:00+00:00' AIRFLOW_CTX_TRY_NUMBER='1' AIRFLOW_CTX_DAG_RUN_ID='scheduled__2023-10-02T00:00:00+00:00'
[2023-10-03T10:06:35.047+0000] {http.py:123} INFO - Calling HTTP method
[2023-10-03T10:06:35.054+0000] {base.py:73} INFO - Using connection ID 'thespacedevs_dev' for task execution.
[2023-10-03T10:06:35.372+0000] {http.py:127} INFO - {"count":0,"next":null,"previous":null,"results":[]}
[2023-10-03T10:06:35.405+0000] {taskinstance.py:1373} INFO - Marking task as SUCCESS. dag_id=rocket_launch2, task_id=task_get_op, execution_date=20231002T000000, start_date=20231003T100634, end_date=20231003T100635
[2023-10-03T10:06:35.432+0000] {local_task_job_runner.py:232} INFO - Task exited with return code 0
[2023-10-03T10:06:35.455+0000] {taskinstance.py:2674} INFO - 1 downstream tasks scheduled from follow-on schedule check
[2023-10-03T10:17:01.555+0000] {taskinstance.py:1125} INFO - Dependencies all met for dep_context=non-requeueable deps ti=<TaskInstance: rocket_launch2.task_get_op scheduled__2023-10-02T00:00:00+00:00 [queued]>
[2023-10-03T10:17:01.607+0000] {taskinstance.py:1125} INFO - Dependencies all met for dep_context=requeueable deps ti=<TaskInstance: rocket_launch2.task_get_op scheduled__2023-10-02T00:00:00+00:00 [queued]>
[2023-10-03T10:17:01.609+0000] {taskinstance.py:1331} INFO - Starting attempt 1 of 1
[2023-10-03T10:17:01.684+0000] {taskinstance.py:1350} INFO - Executing <Task(SimpleHttpOperator): task_get_op> on 2023-10-02 00:00:00+00:00
[2023-10-03T10:17:01.692+0000] {standard_task_runner.py:57} INFO - Started process 4009 to run task
[2023-10-03T10:17:01.711+0000] {standard_task_runner.py:84} INFO - Running: ['***', 'tasks', 'run', 'rocket_launch2', 'task_get_op', 'scheduled__2023-10-02T00:00:00+00:00', '--job-id', '439', '--raw', '--subdir', 'DAGS_FOLDER/rocket_launch.py', '--cfg-path', '/tmp/tmp6rslzqg8']
[2023-10-03T10:17:01.711+0000] {standard_task_runner.py:85} INFO - Job 439: Subtask task_get_op
[2023-10-03T10:17:01.842+0000] {task_command.py:410} INFO - Running <TaskInstance: rocket_launch2.task_get_op scheduled__2023-10-02T00:00:00+00:00 [running]> on host e870058fa168
[2023-10-03T10:17:02.142+0000] {warnings.py:110} WARNING - /home/***/.local/lib/python3.7/site-packages/***/utils/context.py:205: AirflowContextDeprecationWarning: Accessing 'next_ds' from the template is deprecated and will be removed in a future version. Please use '{{ data_interval_end | ds }}' instead.
  warnings.warn(_create_deprecation_warning(key, self._deprecation_replacements[key]))

[2023-10-03T10:17:02.342+0000] {taskinstance.py:1570} INFO - Exporting env vars: AIRFLOW_CTX_DAG_OWNER='***' AIRFLOW_CTX_DAG_ID='rocket_launch2' AIRFLOW_CTX_TASK_ID='task_get_op' AIRFLOW_CTX_EXECUTION_DATE='2023-10-02T00:00:00+00:00' AIRFLOW_CTX_TRY_NUMBER='1' AIRFLOW_CTX_DAG_RUN_ID='scheduled__2023-10-02T00:00:00+00:00'
[2023-10-03T10:17:02.343+0000] {http.py:123} INFO - Calling HTTP method
[2023-10-03T10:17:02.358+0000] {base.py:73} INFO - Using connection ID 'thespacedevs_dev' for task execution.
[2023-10-03T10:17:02.643+0000] {http.py:127} INFO - {"count":0,"next":null,"previous":null,"results":[]}
[2023-10-03T10:17:02.672+0000] {taskinstance.py:1373} INFO - Marking task as SUCCESS. dag_id=rocket_launch2, task_id=task_get_op, execution_date=20231002T000000, start_date=20231003T101701, end_date=20231003T101702
[2023-10-03T10:17:02.729+0000] {local_task_job_runner.py:232} INFO - Task exited with return code 0
[2023-10-03T10:17:02.752+0000] {taskinstance.py:2674} INFO - 1 downstream tasks scheduled from follow-on schedule check
