[2023-10-03T09:39:20.538+0000] {taskinstance.py:1125} INFO - Dependencies all met for dep_context=non-requeueable deps ti=<TaskInstance: rocket_launch2.wait_for_data scheduled__2023-09-20T00:00:00+00:00 [queued]>
[2023-10-03T09:39:20.654+0000] {taskinstance.py:1125} INFO - Dependencies all met for dep_context=requeueable deps ti=<TaskInstance: rocket_launch2.wait_for_data scheduled__2023-09-20T00:00:00+00:00 [queued]>
[2023-10-03T09:39:20.660+0000] {taskinstance.py:1331} INFO - Starting attempt 1 of 1
[2023-10-03T09:39:21.034+0000] {taskinstance.py:1350} INFO - Executing <Task(HttpSensor): wait_for_data> on 2023-09-20 00:00:00+00:00
[2023-10-03T09:39:21.240+0000] {standard_task_runner.py:57} INFO - Started process 2677 to run task
[2023-10-03T09:39:21.265+0000] {standard_task_runner.py:84} INFO - Running: ['***', 'tasks', 'run', 'rocket_launch2', 'wait_for_data', 'scheduled__2023-09-20T00:00:00+00:00', '--job-id', '88', '--raw', '--subdir', 'DAGS_FOLDER/rocket_launch.py', '--cfg-path', '/tmp/tmp4ps_yxn9']
[2023-10-03T09:39:21.276+0000] {standard_task_runner.py:85} INFO - Job 88: Subtask wait_for_data
[2023-10-03T09:39:22.094+0000] {task_command.py:410} INFO - Running <TaskInstance: rocket_launch2.wait_for_data scheduled__2023-09-20T00:00:00+00:00 [running]> on host e870058fa168
[2023-10-03T09:39:23.089+0000] {taskinstance.py:1570} INFO - Exporting env vars: AIRFLOW_CTX_DAG_OWNER='***' AIRFLOW_CTX_DAG_ID='rocket_launch2' AIRFLOW_CTX_TASK_ID='wait_for_data' AIRFLOW_CTX_EXECUTION_DATE='2023-09-20T00:00:00+00:00' AIRFLOW_CTX_TRY_NUMBER='1' AIRFLOW_CTX_DAG_RUN_ID='scheduled__2023-09-20T00:00:00+00:00'
[2023-10-03T09:39:23.094+0000] {http.py:122} INFO - Poking: 
[2023-10-03T09:39:23.161+0000] {base.py:73} INFO - Using connection ID 'thespacedevs_dev' for task execution.
[2023-10-03T09:39:24.019+0000] {base.py:255} INFO - Success criteria met. Exiting.
[2023-10-03T09:39:24.209+0000] {taskinstance.py:1373} INFO - Marking task as SUCCESS. dag_id=rocket_launch2, task_id=wait_for_data, execution_date=20230920T000000, start_date=20231003T093920, end_date=20231003T093924
[2023-10-03T09:39:24.616+0000] {local_task_job_runner.py:232} INFO - Task exited with return code 0
[2023-10-03T09:39:25.080+0000] {taskinstance.py:2674} INFO - 0 downstream tasks scheduled from follow-on schedule check
[2023-10-03T10:02:10.583+0000] {taskinstance.py:1125} INFO - Dependencies all met for dep_context=non-requeueable deps ti=<TaskInstance: rocket_launch2.wait_for_data scheduled__2023-09-20T00:00:00+00:00 [queued]>
[2023-10-03T10:02:10.734+0000] {taskinstance.py:1125} INFO - Dependencies all met for dep_context=requeueable deps ti=<TaskInstance: rocket_launch2.wait_for_data scheduled__2023-09-20T00:00:00+00:00 [queued]>
[2023-10-03T10:02:10.745+0000] {taskinstance.py:1331} INFO - Starting attempt 1 of 1
[2023-10-03T10:02:11.214+0000] {taskinstance.py:1350} INFO - Executing <Task(HttpSensor): wait_for_data> on 2023-09-20 00:00:00+00:00
[2023-10-03T10:02:11.254+0000] {standard_task_runner.py:57} INFO - Started process 3291 to run task
[2023-10-03T10:02:11.293+0000] {standard_task_runner.py:84} INFO - Running: ['***', 'tasks', 'run', 'rocket_launch2', 'wait_for_data', 'scheduled__2023-09-20T00:00:00+00:00', '--job-id', '201', '--raw', '--subdir', 'DAGS_FOLDER/rocket_launch.py', '--cfg-path', '/tmp/tmpwrpmdbje']
[2023-10-03T10:02:11.372+0000] {standard_task_runner.py:85} INFO - Job 201: Subtask wait_for_data
[2023-10-03T10:02:12.145+0000] {task_command.py:410} INFO - Running <TaskInstance: rocket_launch2.wait_for_data scheduled__2023-09-20T00:00:00+00:00 [running]> on host e870058fa168
[2023-10-03T10:02:13.020+0000] {taskinstance.py:1570} INFO - Exporting env vars: AIRFLOW_CTX_DAG_OWNER='***' AIRFLOW_CTX_DAG_ID='rocket_launch2' AIRFLOW_CTX_TASK_ID='wait_for_data' AIRFLOW_CTX_EXECUTION_DATE='2023-09-20T00:00:00+00:00' AIRFLOW_CTX_TRY_NUMBER='1' AIRFLOW_CTX_DAG_RUN_ID='scheduled__2023-09-20T00:00:00+00:00'
[2023-10-03T10:02:13.038+0000] {http.py:122} INFO - Poking: 
[2023-10-03T10:02:13.146+0000] {base.py:73} INFO - Using connection ID 'thespacedevs_dev' for task execution.
[2023-10-03T10:02:13.735+0000] {base.py:255} INFO - Success criteria met. Exiting.
[2023-10-03T10:02:14.075+0000] {taskinstance.py:1373} INFO - Marking task as SUCCESS. dag_id=rocket_launch2, task_id=wait_for_data, execution_date=20230920T000000, start_date=20231003T100210, end_date=20231003T100214
[2023-10-03T10:02:14.342+0000] {local_task_job_runner.py:232} INFO - Task exited with return code 0
[2023-10-03T10:02:14.829+0000] {taskinstance.py:2674} INFO - 1 downstream tasks scheduled from follow-on schedule check
[2023-10-03T10:05:48.605+0000] {taskinstance.py:1125} INFO - Dependencies all met for dep_context=non-requeueable deps ti=<TaskInstance: rocket_launch2.wait_for_data scheduled__2023-09-20T00:00:00+00:00 [queued]>
[2023-10-03T10:05:48.765+0000] {taskinstance.py:1125} INFO - Dependencies all met for dep_context=requeueable deps ti=<TaskInstance: rocket_launch2.wait_for_data scheduled__2023-09-20T00:00:00+00:00 [queued]>
[2023-10-03T10:05:48.773+0000] {taskinstance.py:1331} INFO - Starting attempt 1 of 1
[2023-10-03T10:05:49.024+0000] {taskinstance.py:1350} INFO - Executing <Task(HttpSensor): wait_for_data> on 2023-09-20 00:00:00+00:00
[2023-10-03T10:05:49.076+0000] {standard_task_runner.py:57} INFO - Started process 3535 to run task
[2023-10-03T10:05:49.139+0000] {standard_task_runner.py:84} INFO - Running: ['***', 'tasks', 'run', 'rocket_launch2', 'wait_for_data', 'scheduled__2023-09-20T00:00:00+00:00', '--job-id', '292', '--raw', '--subdir', 'DAGS_FOLDER/rocket_launch.py', '--cfg-path', '/tmp/tmp8wgwzxu5']
[2023-10-03T10:05:49.148+0000] {standard_task_runner.py:85} INFO - Job 292: Subtask wait_for_data
[2023-10-03T10:05:49.868+0000] {task_command.py:410} INFO - Running <TaskInstance: rocket_launch2.wait_for_data scheduled__2023-09-20T00:00:00+00:00 [running]> on host e870058fa168
[2023-10-03T10:05:50.975+0000] {taskinstance.py:1570} INFO - Exporting env vars: AIRFLOW_CTX_DAG_OWNER='***' AIRFLOW_CTX_DAG_ID='rocket_launch2' AIRFLOW_CTX_TASK_ID='wait_for_data' AIRFLOW_CTX_EXECUTION_DATE='2023-09-20T00:00:00+00:00' AIRFLOW_CTX_TRY_NUMBER='1' AIRFLOW_CTX_DAG_RUN_ID='scheduled__2023-09-20T00:00:00+00:00'
[2023-10-03T10:05:50.977+0000] {http.py:122} INFO - Poking: 
[2023-10-03T10:05:51.043+0000] {base.py:73} INFO - Using connection ID 'thespacedevs_dev' for task execution.
[2023-10-03T10:05:52.164+0000] {base.py:255} INFO - Success criteria met. Exiting.
[2023-10-03T10:05:52.437+0000] {taskinstance.py:1373} INFO - Marking task as SUCCESS. dag_id=rocket_launch2, task_id=wait_for_data, execution_date=20230920T000000, start_date=20231003T100548, end_date=20231003T100552
[2023-10-03T10:05:52.980+0000] {local_task_job_runner.py:232} INFO - Task exited with return code 0
[2023-10-03T10:05:53.613+0000] {taskinstance.py:2674} INFO - 1 downstream tasks scheduled from follow-on schedule check
[2023-10-03T10:16:22.310+0000] {taskinstance.py:1125} INFO - Dependencies all met for dep_context=non-requeueable deps ti=<TaskInstance: rocket_launch2.wait_for_data scheduled__2023-09-20T00:00:00+00:00 [queued]>
[2023-10-03T10:16:22.603+0000] {taskinstance.py:1125} INFO - Dependencies all met for dep_context=requeueable deps ti=<TaskInstance: rocket_launch2.wait_for_data scheduled__2023-09-20T00:00:00+00:00 [queued]>
[2023-10-03T10:16:22.621+0000] {taskinstance.py:1331} INFO - Starting attempt 1 of 1
[2023-10-03T10:16:22.907+0000] {taskinstance.py:1350} INFO - Executing <Task(HttpSensor): wait_for_data> on 2023-09-20 00:00:00+00:00
[2023-10-03T10:16:22.934+0000] {standard_task_runner.py:57} INFO - Started process 3894 to run task
[2023-10-03T10:16:22.966+0000] {standard_task_runner.py:84} INFO - Running: ['***', 'tasks', 'run', 'rocket_launch2', 'wait_for_data', 'scheduled__2023-09-20T00:00:00+00:00', '--job-id', '382', '--raw', '--subdir', 'DAGS_FOLDER/rocket_launch.py', '--cfg-path', '/tmp/tmpxglntc1k']
[2023-10-03T10:16:22.989+0000] {standard_task_runner.py:85} INFO - Job 382: Subtask wait_for_data
[2023-10-03T10:16:23.609+0000] {task_command.py:410} INFO - Running <TaskInstance: rocket_launch2.wait_for_data scheduled__2023-09-20T00:00:00+00:00 [running]> on host e870058fa168
[2023-10-03T10:16:24.955+0000] {taskinstance.py:1570} INFO - Exporting env vars: AIRFLOW_CTX_DAG_OWNER='***' AIRFLOW_CTX_DAG_ID='rocket_launch2' AIRFLOW_CTX_TASK_ID='wait_for_data' AIRFLOW_CTX_EXECUTION_DATE='2023-09-20T00:00:00+00:00' AIRFLOW_CTX_TRY_NUMBER='1' AIRFLOW_CTX_DAG_RUN_ID='scheduled__2023-09-20T00:00:00+00:00'
[2023-10-03T10:16:24.956+0000] {http.py:122} INFO - Poking: 
[2023-10-03T10:16:25.032+0000] {base.py:73} INFO - Using connection ID 'thespacedevs_dev' for task execution.
[2023-10-03T10:16:25.943+0000] {base.py:255} INFO - Success criteria met. Exiting.
[2023-10-03T10:16:26.065+0000] {taskinstance.py:1373} INFO - Marking task as SUCCESS. dag_id=rocket_launch2, task_id=wait_for_data, execution_date=20230920T000000, start_date=20231003T101622, end_date=20231003T101626
[2023-10-03T10:16:26.415+0000] {local_task_job_runner.py:232} INFO - Task exited with return code 0
[2023-10-03T10:16:26.937+0000] {taskinstance.py:2674} INFO - 1 downstream tasks scheduled from follow-on schedule check
