[2023-10-03T09:53:05.882+0000] {taskinstance.py:1125} INFO - Dependencies all met for dep_context=non-requeueable deps ti=<TaskInstance: rocket_launch2.check_launches scheduled__2023-09-23T00:00:00+00:00 [queued]>
[2023-10-03T09:53:06.068+0000] {taskinstance.py:1125} INFO - Dependencies all met for dep_context=requeueable deps ti=<TaskInstance: rocket_launch2.check_launches scheduled__2023-09-23T00:00:00+00:00 [queued]>
[2023-10-03T09:53:06.068+0000] {taskinstance.py:1331} INFO - Starting attempt 1 of 1
[2023-10-03T09:53:06.402+0000] {taskinstance.py:1350} INFO - Executing <Task(ShortCircuitOperator): check_launches> on 2023-09-23 00:00:00+00:00
[2023-10-03T09:53:06.435+0000] {standard_task_runner.py:84} INFO - Running: ['***', 'tasks', 'run', 'rocket_launch2', 'check_launches', 'scheduled__2023-09-23T00:00:00+00:00', '--job-id', '162', '--raw', '--subdir', 'DAGS_FOLDER/rocket_launch.py', '--cfg-path', '/tmp/tmpq9cnng57']
[2023-10-03T09:53:06.436+0000] {standard_task_runner.py:85} INFO - Job 162: Subtask check_launches
[2023-10-03T09:53:06.456+0000] {standard_task_runner.py:57} INFO - Started process 3057 to run task
[2023-10-03T09:53:06.849+0000] {task_command.py:410} INFO - Running <TaskInstance: rocket_launch2.check_launches scheduled__2023-09-23T00:00:00+00:00 [running]> on host e870058fa168
[2023-10-03T09:53:08.362+0000] {taskinstance.py:1570} INFO - Exporting env vars: AIRFLOW_CTX_DAG_OWNER='***' AIRFLOW_CTX_DAG_ID='rocket_launch2' AIRFLOW_CTX_TASK_ID='check_launches' AIRFLOW_CTX_EXECUTION_DATE='2023-09-23T00:00:00+00:00' AIRFLOW_CTX_TRY_NUMBER='1' AIRFLOW_CTX_DAG_RUN_ID='scheduled__2023-09-23T00:00:00+00:00'
[2023-10-03T09:53:08.582+0000] {taskinstance.py:1454} INFO - No launches on 2023-09-23
[2023-10-03T09:53:08.741+0000] {taskinstance.py:1373} INFO - Marking task as SKIPPED. dag_id=rocket_launch2, task_id=check_launches, execution_date=20230923T000000, start_date=20231003T095305, end_date=20231003T095308
[2023-10-03T09:53:09.055+0000] {local_task_job_runner.py:232} INFO - Task exited with return code 0
[2023-10-03T09:53:09.673+0000] {taskinstance.py:2674} INFO - 0 downstream tasks scheduled from follow-on schedule check
[2023-10-03T10:02:36.604+0000] {taskinstance.py:1125} INFO - Dependencies all met for dep_context=non-requeueable deps ti=<TaskInstance: rocket_launch2.check_launches scheduled__2023-09-23T00:00:00+00:00 [queued]>
[2023-10-03T10:02:36.959+0000] {taskinstance.py:1125} INFO - Dependencies all met for dep_context=requeueable deps ti=<TaskInstance: rocket_launch2.check_launches scheduled__2023-09-23T00:00:00+00:00 [queued]>
[2023-10-03T10:02:36.981+0000] {taskinstance.py:1331} INFO - Starting attempt 1 of 1
[2023-10-03T10:02:37.601+0000] {taskinstance.py:1350} INFO - Executing <Task(PythonOperator): check_launches> on 2023-09-23 00:00:00+00:00
[2023-10-03T10:02:37.654+0000] {standard_task_runner.py:57} INFO - Started process 3369 to run task
[2023-10-03T10:02:37.714+0000] {standard_task_runner.py:84} INFO - Running: ['***', 'tasks', 'run', 'rocket_launch2', 'check_launches', 'scheduled__2023-09-23T00:00:00+00:00', '--job-id', '235', '--raw', '--subdir', 'DAGS_FOLDER/rocket_launch.py', '--cfg-path', '/tmp/tmpwejejx7h']
[2023-10-03T10:02:37.736+0000] {standard_task_runner.py:85} INFO - Job 235: Subtask check_launches
[2023-10-03T10:02:38.518+0000] {task_command.py:410} INFO - Running <TaskInstance: rocket_launch2.check_launches scheduled__2023-09-23T00:00:00+00:00 [running]> on host e870058fa168
[2023-10-03T10:02:39.092+0000] {taskinstance.py:1570} INFO - Exporting env vars: AIRFLOW_CTX_DAG_OWNER='***' AIRFLOW_CTX_DAG_ID='rocket_launch2' AIRFLOW_CTX_TASK_ID='check_launches' AIRFLOW_CTX_EXECUTION_DATE='2023-09-23T00:00:00+00:00' AIRFLOW_CTX_TRY_NUMBER='1' AIRFLOW_CTX_DAG_RUN_ID='scheduled__2023-09-23T00:00:00+00:00'
[2023-10-03T10:02:39.118+0000] {taskinstance.py:1454} INFO - No launches on 2023-09-23
[2023-10-03T10:02:39.199+0000] {taskinstance.py:1373} INFO - Marking task as SKIPPED. dag_id=rocket_launch2, task_id=check_launches, execution_date=20230923T000000, start_date=20231003T100236, end_date=20231003T100239
[2023-10-03T10:02:39.368+0000] {local_task_job_runner.py:232} INFO - Task exited with return code 0
[2023-10-03T10:02:39.611+0000] {taskinstance.py:2674} INFO - 0 downstream tasks scheduled from follow-on schedule check
[2023-10-03T10:06:14.666+0000] {taskinstance.py:1125} INFO - Dependencies all met for dep_context=non-requeueable deps ti=<TaskInstance: rocket_launch2.check_launches scheduled__2023-09-23T00:00:00+00:00 [queued]>
[2023-10-03T10:06:14.815+0000] {taskinstance.py:1125} INFO - Dependencies all met for dep_context=requeueable deps ti=<TaskInstance: rocket_launch2.check_launches scheduled__2023-09-23T00:00:00+00:00 [queued]>
[2023-10-03T10:06:14.825+0000] {taskinstance.py:1331} INFO - Starting attempt 1 of 1
[2023-10-03T10:06:15.022+0000] {taskinstance.py:1350} INFO - Executing <Task(PythonOperator): check_launches> on 2023-09-23 00:00:00+00:00
[2023-10-03T10:06:15.102+0000] {standard_task_runner.py:57} INFO - Started process 3612 to run task
[2023-10-03T10:06:15.129+0000] {standard_task_runner.py:84} INFO - Running: ['***', 'tasks', 'run', 'rocket_launch2', 'check_launches', 'scheduled__2023-09-23T00:00:00+00:00', '--job-id', '326', '--raw', '--subdir', 'DAGS_FOLDER/rocket_launch.py', '--cfg-path', '/tmp/tmpfqw10xyp']
[2023-10-03T10:06:15.146+0000] {standard_task_runner.py:85} INFO - Job 326: Subtask check_launches
[2023-10-03T10:06:15.937+0000] {task_command.py:410} INFO - Running <TaskInstance: rocket_launch2.check_launches scheduled__2023-09-23T00:00:00+00:00 [running]> on host e870058fa168
[2023-10-03T10:06:17.083+0000] {taskinstance.py:1570} INFO - Exporting env vars: AIRFLOW_CTX_DAG_OWNER='***' AIRFLOW_CTX_DAG_ID='rocket_launch2' AIRFLOW_CTX_TASK_ID='check_launches' AIRFLOW_CTX_EXECUTION_DATE='2023-09-23T00:00:00+00:00' AIRFLOW_CTX_TRY_NUMBER='1' AIRFLOW_CTX_DAG_RUN_ID='scheduled__2023-09-23T00:00:00+00:00'
[2023-10-03T10:06:17.222+0000] {taskinstance.py:1454} INFO - No launches on 2023-09-23
[2023-10-03T10:06:17.311+0000] {taskinstance.py:1373} INFO - Marking task as SKIPPED. dag_id=rocket_launch2, task_id=check_launches, execution_date=20230923T000000, start_date=20231003T100614, end_date=20231003T100617
[2023-10-03T10:06:17.456+0000] {local_task_job_runner.py:232} INFO - Task exited with return code 0
[2023-10-03T10:06:17.782+0000] {taskinstance.py:2674} INFO - 0 downstream tasks scheduled from follow-on schedule check
[2023-10-03T10:16:45.334+0000] {taskinstance.py:1125} INFO - Dependencies all met for dep_context=non-requeueable deps ti=<TaskInstance: rocket_launch2.check_launches scheduled__2023-09-23T00:00:00+00:00 [queued]>
[2023-10-03T10:16:45.587+0000] {taskinstance.py:1125} INFO - Dependencies all met for dep_context=requeueable deps ti=<TaskInstance: rocket_launch2.check_launches scheduled__2023-09-23T00:00:00+00:00 [queued]>
[2023-10-03T10:16:45.602+0000] {taskinstance.py:1331} INFO - Starting attempt 1 of 1
[2023-10-03T10:16:46.152+0000] {taskinstance.py:1350} INFO - Executing <Task(PythonOperator): check_launches> on 2023-09-23 00:00:00+00:00
[2023-10-03T10:16:46.303+0000] {standard_task_runner.py:57} INFO - Started process 3970 to run task
[2023-10-03T10:16:46.391+0000] {standard_task_runner.py:84} INFO - Running: ['***', 'tasks', 'run', 'rocket_launch2', 'check_launches', 'scheduled__2023-09-23T00:00:00+00:00', '--job-id', '416', '--raw', '--subdir', 'DAGS_FOLDER/rocket_launch.py', '--cfg-path', '/tmp/tmp5aez1dvm']
[2023-10-03T10:16:46.402+0000] {standard_task_runner.py:85} INFO - Job 416: Subtask check_launches
[2023-10-03T10:16:46.997+0000] {task_command.py:410} INFO - Running <TaskInstance: rocket_launch2.check_launches scheduled__2023-09-23T00:00:00+00:00 [running]> on host e870058fa168
[2023-10-03T10:16:48.391+0000] {taskinstance.py:1570} INFO - Exporting env vars: AIRFLOW_CTX_DAG_OWNER='***' AIRFLOW_CTX_DAG_ID='rocket_launch2' AIRFLOW_CTX_TASK_ID='check_launches' AIRFLOW_CTX_EXECUTION_DATE='2023-09-23T00:00:00+00:00' AIRFLOW_CTX_TRY_NUMBER='1' AIRFLOW_CTX_DAG_RUN_ID='scheduled__2023-09-23T00:00:00+00:00'
[2023-10-03T10:16:48.464+0000] {taskinstance.py:1454} INFO - No launches on 2023-09-23
[2023-10-03T10:16:48.618+0000] {taskinstance.py:1373} INFO - Marking task as SKIPPED. dag_id=rocket_launch2, task_id=check_launches, execution_date=20230923T000000, start_date=20231003T101645, end_date=20231003T101648
[2023-10-03T10:16:48.944+0000] {local_task_job_runner.py:232} INFO - Task exited with return code 0
[2023-10-03T10:16:49.147+0000] {taskinstance.py:2674} INFO - 0 downstream tasks scheduled from follow-on schedule check
