[2023-10-03T09:39:24.536+0000] {taskinstance.py:1125} INFO - Dependencies all met for dep_context=non-requeueable deps ti=<TaskInstance: rocket_launch2.wait_for_data scheduled__2023-09-28T00:00:00+00:00 [queued]>
[2023-10-03T09:39:24.908+0000] {taskinstance.py:1125} INFO - Dependencies all met for dep_context=requeueable deps ti=<TaskInstance: rocket_launch2.wait_for_data scheduled__2023-09-28T00:00:00+00:00 [queued]>
[2023-10-03T09:39:24.908+0000] {taskinstance.py:1331} INFO - Starting attempt 1 of 1
[2023-10-03T09:39:25.330+0000] {taskinstance.py:1350} INFO - Executing <Task(HttpSensor): wait_for_data> on 2023-09-28 00:00:00+00:00
[2023-10-03T09:39:25.441+0000] {standard_task_runner.py:84} INFO - Running: ['***', 'tasks', 'run', 'rocket_launch2', 'wait_for_data', 'scheduled__2023-09-28T00:00:00+00:00', '--job-id', '95', '--raw', '--subdir', 'DAGS_FOLDER/rocket_launch.py', '--cfg-path', '/tmp/tmpb0wv7a3f']
[2023-10-03T09:39:25.442+0000] {standard_task_runner.py:85} INFO - Job 95: Subtask wait_for_data
[2023-10-03T09:39:25.428+0000] {standard_task_runner.py:57} INFO - Started process 2691 to run task
[2023-10-03T09:39:25.931+0000] {task_command.py:410} INFO - Running <TaskInstance: rocket_launch2.wait_for_data scheduled__2023-09-28T00:00:00+00:00 [running]> on host e870058fa168
[2023-10-03T09:39:27.947+0000] {taskinstance.py:1570} INFO - Exporting env vars: AIRFLOW_CTX_DAG_OWNER='***' AIRFLOW_CTX_DAG_ID='rocket_launch2' AIRFLOW_CTX_TASK_ID='wait_for_data' AIRFLOW_CTX_EXECUTION_DATE='2023-09-28T00:00:00+00:00' AIRFLOW_CTX_TRY_NUMBER='1' AIRFLOW_CTX_DAG_RUN_ID='scheduled__2023-09-28T00:00:00+00:00'
[2023-10-03T09:39:27.958+0000] {http.py:122} INFO - Poking: 
[2023-10-03T09:39:28.133+0000] {base.py:73} INFO - Using connection ID 'thespacedevs_dev' for task execution.
[2023-10-03T09:39:29.183+0000] {base.py:255} INFO - Success criteria met. Exiting.
[2023-10-03T09:39:29.556+0000] {taskinstance.py:1373} INFO - Marking task as SUCCESS. dag_id=rocket_launch2, task_id=wait_for_data, execution_date=20230928T000000, start_date=20231003T093924, end_date=20231003T093929
[2023-10-03T09:39:30.180+0000] {local_task_job_runner.py:232} INFO - Task exited with return code 0
[2023-10-03T09:39:30.747+0000] {taskinstance.py:2674} INFO - 0 downstream tasks scheduled from follow-on schedule check
[2023-10-03T10:02:15.223+0000] {taskinstance.py:1125} INFO - Dependencies all met for dep_context=non-requeueable deps ti=<TaskInstance: rocket_launch2.wait_for_data scheduled__2023-09-28T00:00:00+00:00 [queued]>
[2023-10-03T10:02:15.347+0000] {taskinstance.py:1125} INFO - Dependencies all met for dep_context=requeueable deps ti=<TaskInstance: rocket_launch2.wait_for_data scheduled__2023-09-28T00:00:00+00:00 [queued]>
[2023-10-03T10:02:15.362+0000] {taskinstance.py:1331} INFO - Starting attempt 1 of 1
[2023-10-03T10:02:15.728+0000] {taskinstance.py:1350} INFO - Executing <Task(HttpSensor): wait_for_data> on 2023-09-28 00:00:00+00:00
[2023-10-03T10:02:15.924+0000] {standard_task_runner.py:57} INFO - Started process 3313 to run task
[2023-10-03T10:02:15.971+0000] {standard_task_runner.py:84} INFO - Running: ['***', 'tasks', 'run', 'rocket_launch2', 'wait_for_data', 'scheduled__2023-09-28T00:00:00+00:00', '--job-id', '210', '--raw', '--subdir', 'DAGS_FOLDER/rocket_launch.py', '--cfg-path', '/tmp/tmphxdp_7h1']
[2023-10-03T10:02:16.004+0000] {standard_task_runner.py:85} INFO - Job 210: Subtask wait_for_data
[2023-10-03T10:02:16.536+0000] {task_command.py:410} INFO - Running <TaskInstance: rocket_launch2.wait_for_data scheduled__2023-09-28T00:00:00+00:00 [running]> on host e870058fa168
[2023-10-03T10:02:17.902+0000] {taskinstance.py:1570} INFO - Exporting env vars: AIRFLOW_CTX_DAG_OWNER='***' AIRFLOW_CTX_DAG_ID='rocket_launch2' AIRFLOW_CTX_TASK_ID='wait_for_data' AIRFLOW_CTX_EXECUTION_DATE='2023-09-28T00:00:00+00:00' AIRFLOW_CTX_TRY_NUMBER='1' AIRFLOW_CTX_DAG_RUN_ID='scheduled__2023-09-28T00:00:00+00:00'
[2023-10-03T10:02:17.918+0000] {http.py:122} INFO - Poking: 
[2023-10-03T10:02:18.053+0000] {base.py:73} INFO - Using connection ID 'thespacedevs_dev' for task execution.
[2023-10-03T10:02:18.555+0000] {base.py:255} INFO - Success criteria met. Exiting.
[2023-10-03T10:02:18.623+0000] {taskinstance.py:1373} INFO - Marking task as SUCCESS. dag_id=rocket_launch2, task_id=wait_for_data, execution_date=20230928T000000, start_date=20231003T100215, end_date=20231003T100218
[2023-10-03T10:02:18.864+0000] {local_task_job_runner.py:232} INFO - Task exited with return code 0
[2023-10-03T10:02:19.766+0000] {taskinstance.py:2674} INFO - 1 downstream tasks scheduled from follow-on schedule check
[2023-10-03T10:05:53.383+0000] {taskinstance.py:1125} INFO - Dependencies all met for dep_context=non-requeueable deps ti=<TaskInstance: rocket_launch2.wait_for_data scheduled__2023-09-28T00:00:00+00:00 [queued]>
[2023-10-03T10:05:53.595+0000] {taskinstance.py:1125} INFO - Dependencies all met for dep_context=requeueable deps ti=<TaskInstance: rocket_launch2.wait_for_data scheduled__2023-09-28T00:00:00+00:00 [queued]>
[2023-10-03T10:05:53.624+0000] {taskinstance.py:1331} INFO - Starting attempt 1 of 1
[2023-10-03T10:05:54.374+0000] {taskinstance.py:1350} INFO - Executing <Task(HttpSensor): wait_for_data> on 2023-09-28 00:00:00+00:00
[2023-10-03T10:05:54.540+0000] {standard_task_runner.py:57} INFO - Started process 3549 to run task
[2023-10-03T10:05:54.588+0000] {standard_task_runner.py:84} INFO - Running: ['***', 'tasks', 'run', 'rocket_launch2', 'wait_for_data', 'scheduled__2023-09-28T00:00:00+00:00', '--job-id', '298', '--raw', '--subdir', 'DAGS_FOLDER/rocket_launch.py', '--cfg-path', '/tmp/tmpllyt4qh2']
[2023-10-03T10:05:54.609+0000] {standard_task_runner.py:85} INFO - Job 298: Subtask wait_for_data
[2023-10-03T10:05:55.827+0000] {task_command.py:410} INFO - Running <TaskInstance: rocket_launch2.wait_for_data scheduled__2023-09-28T00:00:00+00:00 [running]> on host e870058fa168
[2023-10-03T10:05:57.918+0000] {taskinstance.py:1570} INFO - Exporting env vars: AIRFLOW_CTX_DAG_OWNER='***' AIRFLOW_CTX_DAG_ID='rocket_launch2' AIRFLOW_CTX_TASK_ID='wait_for_data' AIRFLOW_CTX_EXECUTION_DATE='2023-09-28T00:00:00+00:00' AIRFLOW_CTX_TRY_NUMBER='1' AIRFLOW_CTX_DAG_RUN_ID='scheduled__2023-09-28T00:00:00+00:00'
[2023-10-03T10:05:57.937+0000] {http.py:122} INFO - Poking: 
[2023-10-03T10:05:58.058+0000] {base.py:73} INFO - Using connection ID 'thespacedevs_dev' for task execution.
[2023-10-03T10:05:58.540+0000] {base.py:255} INFO - Success criteria met. Exiting.
[2023-10-03T10:05:58.625+0000] {taskinstance.py:1373} INFO - Marking task as SUCCESS. dag_id=rocket_launch2, task_id=wait_for_data, execution_date=20230928T000000, start_date=20231003T100553, end_date=20231003T100558
[2023-10-03T10:05:58.818+0000] {local_task_job_runner.py:232} INFO - Task exited with return code 0
[2023-10-03T10:05:59.188+0000] {taskinstance.py:2674} INFO - 1 downstream tasks scheduled from follow-on schedule check
[2023-10-03T10:16:24.159+0000] {taskinstance.py:1125} INFO - Dependencies all met for dep_context=non-requeueable deps ti=<TaskInstance: rocket_launch2.wait_for_data scheduled__2023-09-28T00:00:00+00:00 [queued]>
[2023-10-03T10:16:24.295+0000] {taskinstance.py:1125} INFO - Dependencies all met for dep_context=requeueable deps ti=<TaskInstance: rocket_launch2.wait_for_data scheduled__2023-09-28T00:00:00+00:00 [queued]>
[2023-10-03T10:16:24.295+0000] {taskinstance.py:1331} INFO - Starting attempt 1 of 1
[2023-10-03T10:16:24.519+0000] {taskinstance.py:1350} INFO - Executing <Task(HttpSensor): wait_for_data> on 2023-09-28 00:00:00+00:00
[2023-10-03T10:16:24.565+0000] {standard_task_runner.py:57} INFO - Started process 3905 to run task
[2023-10-03T10:16:24.623+0000] {standard_task_runner.py:84} INFO - Running: ['***', 'tasks', 'run', 'rocket_launch2', 'wait_for_data', 'scheduled__2023-09-28T00:00:00+00:00', '--job-id', '387', '--raw', '--subdir', 'DAGS_FOLDER/rocket_launch.py', '--cfg-path', '/tmp/tmpexzkwrr3']
[2023-10-03T10:16:24.635+0000] {standard_task_runner.py:85} INFO - Job 387: Subtask wait_for_data
[2023-10-03T10:16:25.054+0000] {task_command.py:410} INFO - Running <TaskInstance: rocket_launch2.wait_for_data scheduled__2023-09-28T00:00:00+00:00 [running]> on host e870058fa168
[2023-10-03T10:16:26.335+0000] {taskinstance.py:1570} INFO - Exporting env vars: AIRFLOW_CTX_DAG_OWNER='***' AIRFLOW_CTX_DAG_ID='rocket_launch2' AIRFLOW_CTX_TASK_ID='wait_for_data' AIRFLOW_CTX_EXECUTION_DATE='2023-09-28T00:00:00+00:00' AIRFLOW_CTX_TRY_NUMBER='1' AIRFLOW_CTX_DAG_RUN_ID='scheduled__2023-09-28T00:00:00+00:00'
[2023-10-03T10:16:26.338+0000] {http.py:122} INFO - Poking: 
[2023-10-03T10:16:26.386+0000] {base.py:73} INFO - Using connection ID 'thespacedevs_dev' for task execution.
[2023-10-03T10:16:26.905+0000] {base.py:255} INFO - Success criteria met. Exiting.
[2023-10-03T10:16:27.027+0000] {taskinstance.py:1373} INFO - Marking task as SUCCESS. dag_id=rocket_launch2, task_id=wait_for_data, execution_date=20230928T000000, start_date=20231003T101624, end_date=20231003T101627
[2023-10-03T10:16:27.362+0000] {local_task_job_runner.py:232} INFO - Task exited with return code 0
[2023-10-03T10:16:27.878+0000] {taskinstance.py:2674} INFO - 0 downstream tasks scheduled from follow-on schedule check
