[2023-10-03T09:40:01.761+0000] {taskinstance.py:1125} INFO - Dependencies all met for dep_context=non-requeueable deps ti=<TaskInstance: rocket_launch2.task_get_op scheduled__2023-09-29T00:00:00+00:00 [queued]>
[2023-10-03T09:40:01.798+0000] {taskinstance.py:1125} INFO - Dependencies all met for dep_context=requeueable deps ti=<TaskInstance: rocket_launch2.task_get_op scheduled__2023-09-29T00:00:00+00:00 [queued]>
[2023-10-03T09:40:01.798+0000] {taskinstance.py:1331} INFO - Starting attempt 1 of 1
[2023-10-03T09:40:01.863+0000] {taskinstance.py:1350} INFO - Executing <Task(SimpleHttpOperator): task_get_op> on 2023-09-29 00:00:00+00:00
[2023-10-03T09:40:01.876+0000] {standard_task_runner.py:57} INFO - Started process 2774 to run task
[2023-10-03T09:40:01.881+0000] {standard_task_runner.py:84} INFO - Running: ['***', 'tasks', 'run', 'rocket_launch2', 'task_get_op', 'scheduled__2023-09-29T00:00:00+00:00', '--job-id', '135', '--raw', '--subdir', 'DAGS_FOLDER/rocket_launch.py', '--cfg-path', '/tmp/tmp3g4_x75t']
[2023-10-03T09:40:01.882+0000] {standard_task_runner.py:85} INFO - Job 135: Subtask task_get_op
[2023-10-03T09:40:01.988+0000] {task_command.py:410} INFO - Running <TaskInstance: rocket_launch2.task_get_op scheduled__2023-09-29T00:00:00+00:00 [running]> on host e870058fa168
[2023-10-03T09:40:02.133+0000] {warnings.py:110} WARNING - /home/***/.local/lib/python3.7/site-packages/***/utils/context.py:205: AirflowContextDeprecationWarning: Accessing 'next_ds' from the template is deprecated and will be removed in a future version. Please use '{{ data_interval_end | ds }}' instead.
  warnings.warn(_create_deprecation_warning(key, self._deprecation_replacements[key]))

[2023-10-03T09:40:02.279+0000] {taskinstance.py:1570} INFO - Exporting env vars: AIRFLOW_CTX_DAG_OWNER='***' AIRFLOW_CTX_DAG_ID='rocket_launch2' AIRFLOW_CTX_TASK_ID='task_get_op' AIRFLOW_CTX_EXECUTION_DATE='2023-09-29T00:00:00+00:00' AIRFLOW_CTX_TRY_NUMBER='1' AIRFLOW_CTX_DAG_RUN_ID='scheduled__2023-09-29T00:00:00+00:00'
[2023-10-03T09:40:02.279+0000] {http.py:123} INFO - Calling HTTP method
[2023-10-03T09:40:02.298+0000] {base.py:73} INFO - Using connection ID 'thespacedevs_dev' for task execution.
[2023-10-03T09:40:03.049+0000] {http.py:127} INFO - {"count":0,"next":null,"previous":null,"results":[]}
[2023-10-03T09:40:03.086+0000] {taskinstance.py:1373} INFO - Marking task as SUCCESS. dag_id=rocket_launch2, task_id=task_get_op, execution_date=20230929T000000, start_date=20231003T094001, end_date=20231003T094003
[2023-10-03T09:40:03.138+0000] {local_task_job_runner.py:232} INFO - Task exited with return code 0
[2023-10-03T09:40:03.158+0000] {taskinstance.py:2674} INFO - 1 downstream tasks scheduled from follow-on schedule check
[2023-10-03T10:02:44.751+0000] {taskinstance.py:1125} INFO - Dependencies all met for dep_context=non-requeueable deps ti=<TaskInstance: rocket_launch2.task_get_op scheduled__2023-09-29T00:00:00+00:00 [queued]>
[2023-10-03T10:02:44.842+0000] {taskinstance.py:1125} INFO - Dependencies all met for dep_context=requeueable deps ti=<TaskInstance: rocket_launch2.task_get_op scheduled__2023-09-29T00:00:00+00:00 [queued]>
[2023-10-03T10:02:44.855+0000] {taskinstance.py:1331} INFO - Starting attempt 1 of 1
[2023-10-03T10:02:45.035+0000] {taskinstance.py:1350} INFO - Executing <Task(SimpleHttpOperator): task_get_op> on 2023-09-29 00:00:00+00:00
[2023-10-03T10:02:45.059+0000] {standard_task_runner.py:57} INFO - Started process 3391 to run task
[2023-10-03T10:02:45.090+0000] {standard_task_runner.py:84} INFO - Running: ['***', 'tasks', 'run', 'rocket_launch2', 'task_get_op', 'scheduled__2023-09-29T00:00:00+00:00', '--job-id', '250', '--raw', '--subdir', 'DAGS_FOLDER/rocket_launch.py', '--cfg-path', '/tmp/tmp5jx10rvz']
[2023-10-03T10:02:45.093+0000] {standard_task_runner.py:85} INFO - Job 250: Subtask task_get_op
[2023-10-03T10:02:45.372+0000] {task_command.py:410} INFO - Running <TaskInstance: rocket_launch2.task_get_op scheduled__2023-09-29T00:00:00+00:00 [running]> on host e870058fa168
[2023-10-03T10:02:45.617+0000] {warnings.py:110} WARNING - /home/***/.local/lib/python3.7/site-packages/***/utils/context.py:205: AirflowContextDeprecationWarning: Accessing 'next_ds' from the template is deprecated and will be removed in a future version. Please use '{{ data_interval_end | ds }}' instead.
  warnings.warn(_create_deprecation_warning(key, self._deprecation_replacements[key]))

[2023-10-03T10:02:45.818+0000] {taskinstance.py:1570} INFO - Exporting env vars: AIRFLOW_CTX_DAG_OWNER='***' AIRFLOW_CTX_DAG_ID='rocket_launch2' AIRFLOW_CTX_TASK_ID='task_get_op' AIRFLOW_CTX_EXECUTION_DATE='2023-09-29T00:00:00+00:00' AIRFLOW_CTX_TRY_NUMBER='1' AIRFLOW_CTX_DAG_RUN_ID='scheduled__2023-09-29T00:00:00+00:00'
[2023-10-03T10:02:45.819+0000] {http.py:123} INFO - Calling HTTP method
[2023-10-03T10:02:45.883+0000] {base.py:73} INFO - Using connection ID 'thespacedevs_dev' for task execution.
[2023-10-03T10:02:46.539+0000] {http.py:127} INFO - {"count":0,"next":null,"previous":null,"results":[]}
[2023-10-03T10:02:46.581+0000] {taskinstance.py:1373} INFO - Marking task as SUCCESS. dag_id=rocket_launch2, task_id=task_get_op, execution_date=20230929T000000, start_date=20231003T100244, end_date=20231003T100246
[2023-10-03T10:02:46.660+0000] {local_task_job_runner.py:232} INFO - Task exited with return code 0
[2023-10-03T10:02:46.683+0000] {taskinstance.py:2674} INFO - 1 downstream tasks scheduled from follow-on schedule check
[2023-10-03T10:06:26.259+0000] {taskinstance.py:1125} INFO - Dependencies all met for dep_context=non-requeueable deps ti=<TaskInstance: rocket_launch2.task_get_op scheduled__2023-09-29T00:00:00+00:00 [queued]>
[2023-10-03T10:06:26.272+0000] {taskinstance.py:1125} INFO - Dependencies all met for dep_context=requeueable deps ti=<TaskInstance: rocket_launch2.task_get_op scheduled__2023-09-29T00:00:00+00:00 [queued]>
[2023-10-03T10:06:26.272+0000] {taskinstance.py:1331} INFO - Starting attempt 1 of 1
[2023-10-03T10:06:26.295+0000] {taskinstance.py:1350} INFO - Executing <Task(SimpleHttpOperator): task_get_op> on 2023-09-29 00:00:00+00:00
[2023-10-03T10:06:26.300+0000] {standard_task_runner.py:57} INFO - Started process 3643 to run task
[2023-10-03T10:06:26.302+0000] {standard_task_runner.py:84} INFO - Running: ['***', 'tasks', 'run', 'rocket_launch2', 'task_get_op', 'scheduled__2023-09-29T00:00:00+00:00', '--job-id', '345', '--raw', '--subdir', 'DAGS_FOLDER/rocket_launch.py', '--cfg-path', '/tmp/tmpf7fj_zum']
[2023-10-03T10:06:26.302+0000] {standard_task_runner.py:85} INFO - Job 345: Subtask task_get_op
[2023-10-03T10:06:26.371+0000] {task_command.py:410} INFO - Running <TaskInstance: rocket_launch2.task_get_op scheduled__2023-09-29T00:00:00+00:00 [running]> on host e870058fa168
[2023-10-03T10:06:26.447+0000] {warnings.py:110} WARNING - /home/***/.local/lib/python3.7/site-packages/***/utils/context.py:205: AirflowContextDeprecationWarning: Accessing 'next_ds' from the template is deprecated and will be removed in a future version. Please use '{{ data_interval_end | ds }}' instead.
  warnings.warn(_create_deprecation_warning(key, self._deprecation_replacements[key]))

[2023-10-03T10:06:26.497+0000] {taskinstance.py:1570} INFO - Exporting env vars: AIRFLOW_CTX_DAG_OWNER='***' AIRFLOW_CTX_DAG_ID='rocket_launch2' AIRFLOW_CTX_TASK_ID='task_get_op' AIRFLOW_CTX_EXECUTION_DATE='2023-09-29T00:00:00+00:00' AIRFLOW_CTX_TRY_NUMBER='1' AIRFLOW_CTX_DAG_RUN_ID='scheduled__2023-09-29T00:00:00+00:00'
[2023-10-03T10:06:26.497+0000] {http.py:123} INFO - Calling HTTP method
[2023-10-03T10:06:26.507+0000] {base.py:73} INFO - Using connection ID 'thespacedevs_dev' for task execution.
[2023-10-03T10:06:27.450+0000] {http.py:127} INFO - {"count":0,"next":null,"previous":null,"results":[]}
[2023-10-03T10:06:27.477+0000] {taskinstance.py:1373} INFO - Marking task as SUCCESS. dag_id=rocket_launch2, task_id=task_get_op, execution_date=20230929T000000, start_date=20231003T100626, end_date=20231003T100627
[2023-10-03T10:06:27.517+0000] {local_task_job_runner.py:232} INFO - Task exited with return code 0
[2023-10-03T10:06:27.559+0000] {taskinstance.py:2674} INFO - 1 downstream tasks scheduled from follow-on schedule check
[2023-10-03T10:17:01.135+0000] {taskinstance.py:1125} INFO - Dependencies all met for dep_context=non-requeueable deps ti=<TaskInstance: rocket_launch2.task_get_op scheduled__2023-09-29T00:00:00+00:00 [queued]>
[2023-10-03T10:17:01.167+0000] {taskinstance.py:1125} INFO - Dependencies all met for dep_context=requeueable deps ti=<TaskInstance: rocket_launch2.task_get_op scheduled__2023-09-29T00:00:00+00:00 [queued]>
[2023-10-03T10:17:01.177+0000] {taskinstance.py:1331} INFO - Starting attempt 1 of 1
[2023-10-03T10:17:01.241+0000] {taskinstance.py:1350} INFO - Executing <Task(SimpleHttpOperator): task_get_op> on 2023-09-29 00:00:00+00:00
[2023-10-03T10:17:01.248+0000] {standard_task_runner.py:57} INFO - Started process 4007 to run task
[2023-10-03T10:17:01.277+0000] {standard_task_runner.py:84} INFO - Running: ['***', 'tasks', 'run', 'rocket_launch2', 'task_get_op', 'scheduled__2023-09-29T00:00:00+00:00', '--job-id', '437', '--raw', '--subdir', 'DAGS_FOLDER/rocket_launch.py', '--cfg-path', '/tmp/tmpcf9plpka']
[2023-10-03T10:17:01.283+0000] {standard_task_runner.py:85} INFO - Job 437: Subtask task_get_op
[2023-10-03T10:17:01.451+0000] {task_command.py:410} INFO - Running <TaskInstance: rocket_launch2.task_get_op scheduled__2023-09-29T00:00:00+00:00 [running]> on host e870058fa168
[2023-10-03T10:17:01.596+0000] {warnings.py:110} WARNING - /home/***/.local/lib/python3.7/site-packages/***/utils/context.py:205: AirflowContextDeprecationWarning: Accessing 'next_ds' from the template is deprecated and will be removed in a future version. Please use '{{ data_interval_end | ds }}' instead.
  warnings.warn(_create_deprecation_warning(key, self._deprecation_replacements[key]))

[2023-10-03T10:17:01.747+0000] {taskinstance.py:1570} INFO - Exporting env vars: AIRFLOW_CTX_DAG_OWNER='***' AIRFLOW_CTX_DAG_ID='rocket_launch2' AIRFLOW_CTX_TASK_ID='task_get_op' AIRFLOW_CTX_EXECUTION_DATE='2023-09-29T00:00:00+00:00' AIRFLOW_CTX_TRY_NUMBER='1' AIRFLOW_CTX_DAG_RUN_ID='scheduled__2023-09-29T00:00:00+00:00'
[2023-10-03T10:17:01.748+0000] {http.py:123} INFO - Calling HTTP method
[2023-10-03T10:17:01.786+0000] {base.py:73} INFO - Using connection ID 'thespacedevs_dev' for task execution.
[2023-10-03T10:17:02.400+0000] {http.py:127} INFO - {"count":0,"next":null,"previous":null,"results":[]}
[2023-10-03T10:17:02.441+0000] {taskinstance.py:1373} INFO - Marking task as SUCCESS. dag_id=rocket_launch2, task_id=task_get_op, execution_date=20230929T000000, start_date=20231003T101701, end_date=20231003T101702
[2023-10-03T10:17:02.481+0000] {local_task_job_runner.py:232} INFO - Task exited with return code 0
[2023-10-03T10:17:02.506+0000] {taskinstance.py:2674} INFO - 1 downstream tasks scheduled from follow-on schedule check
