[2023-10-03T09:39:13.547+0000] {taskinstance.py:1125} INFO - Dependencies all met for dep_context=non-requeueable deps ti=<TaskInstance: rocket_launch2.wait_for_data scheduled__2023-09-13T00:00:00+00:00 [queued]>
[2023-10-03T09:39:13.613+0000] {taskinstance.py:1125} INFO - Dependencies all met for dep_context=requeueable deps ti=<TaskInstance: rocket_launch2.wait_for_data scheduled__2023-09-13T00:00:00+00:00 [queued]>
[2023-10-03T09:39:13.614+0000] {taskinstance.py:1331} INFO - Starting attempt 1 of 1
[2023-10-03T09:39:13.799+0000] {taskinstance.py:1350} INFO - Executing <Task(HttpSensor): wait_for_data> on 2023-09-13 00:00:00+00:00
[2023-10-03T09:39:13.831+0000] {standard_task_runner.py:57} INFO - Started process 2652 to run task
[2023-10-03T09:39:13.841+0000] {standard_task_runner.py:84} INFO - Running: ['***', 'tasks', 'run', 'rocket_launch2', 'wait_for_data', 'scheduled__2023-09-13T00:00:00+00:00', '--job-id', '82', '--raw', '--subdir', 'DAGS_FOLDER/rocket_launch.py', '--cfg-path', '/tmp/tmpbqqdfo4t']
[2023-10-03T09:39:13.856+0000] {standard_task_runner.py:85} INFO - Job 82: Subtask wait_for_data
[2023-10-03T09:39:14.079+0000] {task_command.py:410} INFO - Running <TaskInstance: rocket_launch2.wait_for_data scheduled__2023-09-13T00:00:00+00:00 [running]> on host e870058fa168
[2023-10-03T09:39:15.023+0000] {taskinstance.py:1570} INFO - Exporting env vars: AIRFLOW_CTX_DAG_OWNER='***' AIRFLOW_CTX_DAG_ID='rocket_launch2' AIRFLOW_CTX_TASK_ID='wait_for_data' AIRFLOW_CTX_EXECUTION_DATE='2023-09-13T00:00:00+00:00' AIRFLOW_CTX_TRY_NUMBER='1' AIRFLOW_CTX_DAG_RUN_ID='scheduled__2023-09-13T00:00:00+00:00'
[2023-10-03T09:39:15.076+0000] {http.py:122} INFO - Poking: 
[2023-10-03T09:39:15.162+0000] {base.py:73} INFO - Using connection ID 'thespacedevs_dev' for task execution.
[2023-10-03T09:39:17.141+0000] {base.py:255} INFO - Success criteria met. Exiting.
[2023-10-03T09:39:17.250+0000] {taskinstance.py:1373} INFO - Marking task as SUCCESS. dag_id=rocket_launch2, task_id=wait_for_data, execution_date=20230913T000000, start_date=20231003T093913, end_date=20231003T093917
[2023-10-03T09:39:17.500+0000] {local_task_job_runner.py:232} INFO - Task exited with return code 0
[2023-10-03T09:39:17.979+0000] {taskinstance.py:2674} INFO - 1 downstream tasks scheduled from follow-on schedule check
[2023-10-03T10:02:04.204+0000] {taskinstance.py:1125} INFO - Dependencies all met for dep_context=non-requeueable deps ti=<TaskInstance: rocket_launch2.wait_for_data scheduled__2023-09-13T00:00:00+00:00 [queued]>
[2023-10-03T10:02:04.253+0000] {taskinstance.py:1125} INFO - Dependencies all met for dep_context=requeueable deps ti=<TaskInstance: rocket_launch2.wait_for_data scheduled__2023-09-13T00:00:00+00:00 [queued]>
[2023-10-03T10:02:04.255+0000] {taskinstance.py:1331} INFO - Starting attempt 1 of 1
[2023-10-03T10:02:04.360+0000] {taskinstance.py:1350} INFO - Executing <Task(HttpSensor): wait_for_data> on 2023-09-13 00:00:00+00:00
[2023-10-03T10:02:04.370+0000] {standard_task_runner.py:57} INFO - Started process 3268 to run task
[2023-10-03T10:02:04.411+0000] {standard_task_runner.py:84} INFO - Running: ['***', 'tasks', 'run', 'rocket_launch2', 'wait_for_data', 'scheduled__2023-09-13T00:00:00+00:00', '--job-id', '193', '--raw', '--subdir', 'DAGS_FOLDER/rocket_launch.py', '--cfg-path', '/tmp/tmplfl_zsmv']
[2023-10-03T10:02:04.413+0000] {standard_task_runner.py:85} INFO - Job 193: Subtask wait_for_data
[2023-10-03T10:02:04.889+0000] {task_command.py:410} INFO - Running <TaskInstance: rocket_launch2.wait_for_data scheduled__2023-09-13T00:00:00+00:00 [running]> on host e870058fa168
[2023-10-03T10:02:05.598+0000] {taskinstance.py:1570} INFO - Exporting env vars: AIRFLOW_CTX_DAG_OWNER='***' AIRFLOW_CTX_DAG_ID='rocket_launch2' AIRFLOW_CTX_TASK_ID='wait_for_data' AIRFLOW_CTX_EXECUTION_DATE='2023-09-13T00:00:00+00:00' AIRFLOW_CTX_TRY_NUMBER='1' AIRFLOW_CTX_DAG_RUN_ID='scheduled__2023-09-13T00:00:00+00:00'
[2023-10-03T10:02:05.599+0000] {http.py:122} INFO - Poking: 
[2023-10-03T10:02:05.640+0000] {base.py:73} INFO - Using connection ID 'thespacedevs_dev' for task execution.
[2023-10-03T10:02:06.369+0000] {base.py:255} INFO - Success criteria met. Exiting.
[2023-10-03T10:02:06.551+0000] {taskinstance.py:1373} INFO - Marking task as SUCCESS. dag_id=rocket_launch2, task_id=wait_for_data, execution_date=20230913T000000, start_date=20231003T100204, end_date=20231003T100206
[2023-10-03T10:02:06.917+0000] {local_task_job_runner.py:232} INFO - Task exited with return code 0
[2023-10-03T10:02:07.373+0000] {taskinstance.py:2674} INFO - 1 downstream tasks scheduled from follow-on schedule check
[2023-10-03T10:05:42.643+0000] {taskinstance.py:1125} INFO - Dependencies all met for dep_context=non-requeueable deps ti=<TaskInstance: rocket_launch2.wait_for_data scheduled__2023-09-13T00:00:00+00:00 [queued]>
[2023-10-03T10:05:42.772+0000] {taskinstance.py:1125} INFO - Dependencies all met for dep_context=requeueable deps ti=<TaskInstance: rocket_launch2.wait_for_data scheduled__2023-09-13T00:00:00+00:00 [queued]>
[2023-10-03T10:05:42.774+0000] {taskinstance.py:1331} INFO - Starting attempt 1 of 1
[2023-10-03T10:05:42.974+0000] {taskinstance.py:1350} INFO - Executing <Task(HttpSensor): wait_for_data> on 2023-09-13 00:00:00+00:00
[2023-10-03T10:05:43.024+0000] {standard_task_runner.py:57} INFO - Started process 3516 to run task
[2023-10-03T10:05:43.085+0000] {standard_task_runner.py:84} INFO - Running: ['***', 'tasks', 'run', 'rocket_launch2', 'wait_for_data', 'scheduled__2023-09-13T00:00:00+00:00', '--job-id', '284', '--raw', '--subdir', 'DAGS_FOLDER/rocket_launch.py', '--cfg-path', '/tmp/tmp0qsp9ixu']
[2023-10-03T10:05:43.086+0000] {standard_task_runner.py:85} INFO - Job 284: Subtask wait_for_data
[2023-10-03T10:05:43.656+0000] {task_command.py:410} INFO - Running <TaskInstance: rocket_launch2.wait_for_data scheduled__2023-09-13T00:00:00+00:00 [running]> on host e870058fa168
[2023-10-03T10:05:44.277+0000] {taskinstance.py:1570} INFO - Exporting env vars: AIRFLOW_CTX_DAG_OWNER='***' AIRFLOW_CTX_DAG_ID='rocket_launch2' AIRFLOW_CTX_TASK_ID='wait_for_data' AIRFLOW_CTX_EXECUTION_DATE='2023-09-13T00:00:00+00:00' AIRFLOW_CTX_TRY_NUMBER='1' AIRFLOW_CTX_DAG_RUN_ID='scheduled__2023-09-13T00:00:00+00:00'
[2023-10-03T10:05:44.277+0000] {http.py:122} INFO - Poking: 
[2023-10-03T10:05:44.388+0000] {base.py:73} INFO - Using connection ID 'thespacedevs_dev' for task execution.
[2023-10-03T10:05:46.712+0000] {base.py:255} INFO - Success criteria met. Exiting.
[2023-10-03T10:05:46.868+0000] {taskinstance.py:1373} INFO - Marking task as SUCCESS. dag_id=rocket_launch2, task_id=wait_for_data, execution_date=20230913T000000, start_date=20231003T100542, end_date=20231003T100546
[2023-10-03T10:05:47.373+0000] {local_task_job_runner.py:232} INFO - Task exited with return code 0
[2023-10-03T10:05:48.021+0000] {taskinstance.py:2674} INFO - 1 downstream tasks scheduled from follow-on schedule check
[2023-10-03T10:16:16.310+0000] {taskinstance.py:1125} INFO - Dependencies all met for dep_context=non-requeueable deps ti=<TaskInstance: rocket_launch2.wait_for_data scheduled__2023-09-13T00:00:00+00:00 [queued]>
[2023-10-03T10:16:16.463+0000] {taskinstance.py:1125} INFO - Dependencies all met for dep_context=requeueable deps ti=<TaskInstance: rocket_launch2.wait_for_data scheduled__2023-09-13T00:00:00+00:00 [queued]>
[2023-10-03T10:16:16.463+0000] {taskinstance.py:1331} INFO - Starting attempt 1 of 1
[2023-10-03T10:16:16.780+0000] {taskinstance.py:1350} INFO - Executing <Task(HttpSensor): wait_for_data> on 2023-09-13 00:00:00+00:00
[2023-10-03T10:16:16.859+0000] {standard_task_runner.py:57} INFO - Started process 3879 to run task
[2023-10-03T10:16:16.907+0000] {standard_task_runner.py:84} INFO - Running: ['***', 'tasks', 'run', 'rocket_launch2', 'wait_for_data', 'scheduled__2023-09-13T00:00:00+00:00', '--job-id', '375', '--raw', '--subdir', 'DAGS_FOLDER/rocket_launch.py', '--cfg-path', '/tmp/tmpp1ugtnpu']
[2023-10-03T10:16:16.919+0000] {standard_task_runner.py:85} INFO - Job 375: Subtask wait_for_data
[2023-10-03T10:16:17.563+0000] {task_command.py:410} INFO - Running <TaskInstance: rocket_launch2.wait_for_data scheduled__2023-09-13T00:00:00+00:00 [running]> on host e870058fa168
[2023-10-03T10:16:19.678+0000] {taskinstance.py:1570} INFO - Exporting env vars: AIRFLOW_CTX_DAG_OWNER='***' AIRFLOW_CTX_DAG_ID='rocket_launch2' AIRFLOW_CTX_TASK_ID='wait_for_data' AIRFLOW_CTX_EXECUTION_DATE='2023-09-13T00:00:00+00:00' AIRFLOW_CTX_TRY_NUMBER='1' AIRFLOW_CTX_DAG_RUN_ID='scheduled__2023-09-13T00:00:00+00:00'
[2023-10-03T10:16:19.689+0000] {http.py:122} INFO - Poking: 
[2023-10-03T10:16:19.791+0000] {base.py:73} INFO - Using connection ID 'thespacedevs_dev' for task execution.
[2023-10-03T10:16:20.672+0000] {base.py:255} INFO - Success criteria met. Exiting.
[2023-10-03T10:16:20.791+0000] {taskinstance.py:1373} INFO - Marking task as SUCCESS. dag_id=rocket_launch2, task_id=wait_for_data, execution_date=20230913T000000, start_date=20231003T101616, end_date=20231003T101620
[2023-10-03T10:16:21.264+0000] {local_task_job_runner.py:232} INFO - Task exited with return code 0
[2023-10-03T10:16:21.578+0000] {taskinstance.py:2674} INFO - 1 downstream tasks scheduled from follow-on schedule check
