[2023-10-03T09:39:50.226+0000] {taskinstance.py:1125} INFO - Dependencies all met for dep_context=non-requeueable deps ti=<TaskInstance: rocket_launch2.branching scheduled__2023-09-20T00:00:00+00:00 [queued]>
[2023-10-03T09:39:50.507+0000] {taskinstance.py:1125} INFO - Dependencies all met for dep_context=requeueable deps ti=<TaskInstance: rocket_launch2.branching scheduled__2023-09-20T00:00:00+00:00 [queued]>
[2023-10-03T09:39:50.528+0000] {taskinstance.py:1331} INFO - Starting attempt 1 of 1
[2023-10-03T09:39:51.080+0000] {taskinstance.py:1350} INFO - Executing <Task(BranchPythonOperator): branching> on 2023-09-20 00:00:00+00:00
[2023-10-03T09:39:51.122+0000] {standard_task_runner.py:57} INFO - Started process 2743 to run task
[2023-10-03T09:39:51.166+0000] {standard_task_runner.py:84} INFO - Running: ['***', 'tasks', 'run', 'rocket_launch2', 'branching', 'scheduled__2023-09-20T00:00:00+00:00', '--job-id', '120', '--raw', '--subdir', 'DAGS_FOLDER/rocket_launch.py', '--cfg-path', '/tmp/tmpqwa48m2w']
[2023-10-03T09:39:51.170+0000] {standard_task_runner.py:85} INFO - Job 120: Subtask branching
[2023-10-03T09:39:51.519+0000] {task_command.py:410} INFO - Running <TaskInstance: rocket_launch2.branching scheduled__2023-09-20T00:00:00+00:00 [running]> on host e870058fa168
[2023-10-03T09:39:52.718+0000] {taskinstance.py:1570} INFO - Exporting env vars: AIRFLOW_CTX_DAG_OWNER='***' AIRFLOW_CTX_DAG_ID='rocket_launch2' AIRFLOW_CTX_TASK_ID='branching' AIRFLOW_CTX_EXECUTION_DATE='2023-09-20T00:00:00+00:00' AIRFLOW_CTX_TRY_NUMBER='1' AIRFLOW_CTX_DAG_RUN_ID='scheduled__2023-09-20T00:00:00+00:00'
[2023-10-03T09:39:52.788+0000] {python.py:183} INFO - Done. Returned value was: True
[2023-10-03T09:39:52.794+0000] {python.py:216} INFO - Branch callable return True
[2023-10-03T09:39:52.794+0000] {skipmixin.py:161} INFO - Following branch True
[2023-10-03T09:39:52.900+0000] {taskinstance.py:1847} ERROR - Task failed with exception
Traceback (most recent call last):
  File "/home/airflow/.local/lib/python3.7/site-packages/airflow/operators/python.py", line 217, in execute
    self.skip_all_except(context["ti"], branch)
  File "/home/airflow/.local/lib/python3.7/site-packages/airflow/models/skipmixin.py", line 178, in skip_all_except
    "'branch_task_ids' must be either None, a task ID, or an Iterable of IDs, "
airflow.exceptions.AirflowException: 'branch_task_ids' must be either None, a task ID, or an Iterable of IDs, but got 'bool'.
[2023-10-03T09:39:52.946+0000] {taskinstance.py:1373} INFO - Marking task as FAILED. dag_id=rocket_launch2, task_id=branching, execution_date=20230920T000000, start_date=20231003T093950, end_date=20231003T093952
[2023-10-03T09:39:53.143+0000] {standard_task_runner.py:109} ERROR - Failed to execute job 120 for task branching ('branch_task_ids' must be either None, a task ID, or an Iterable of IDs, but got 'bool'.; 2743)
[2023-10-03T09:39:53.234+0000] {local_task_job_runner.py:232} INFO - Task exited with return code 1
[2023-10-03T09:39:53.308+0000] {taskinstance.py:2674} INFO - 0 downstream tasks scheduled from follow-on schedule check
