[2023-10-03T10:04:08.378+0000] {taskinstance.py:1125} INFO - Dependencies all met for dep_context=non-requeueable deps ti=<TaskInstance: rocket_launch2.check_launches scheduled__2023-09-28T00:00:00+00:00 [queued]>
[2023-10-03T10:04:08.583+0000] {taskinstance.py:1125} INFO - Dependencies all met for dep_context=requeueable deps ti=<TaskInstance: rocket_launch2.check_launches scheduled__2023-09-28T00:00:00+00:00 [queued]>
[2023-10-03T10:04:08.588+0000] {taskinstance.py:1331} INFO - Starting attempt 2 of 2
[2023-10-03T10:04:08.854+0000] {taskinstance.py:1350} INFO - Executing <Task(PythonOperator): check_launches> on 2023-09-28 00:00:00+00:00
[2023-10-03T10:04:08.906+0000] {standard_task_runner.py:57} INFO - Started process 3467 to run task
[2023-10-03T10:04:08.942+0000] {standard_task_runner.py:84} INFO - Running: ['***', 'tasks', 'run', 'rocket_launch2', 'check_launches', 'scheduled__2023-09-28T00:00:00+00:00', '--job-id', '270', '--raw', '--subdir', 'DAGS_FOLDER/rocket_launch.py', '--cfg-path', '/tmp/tmpjtwcjm6i']
[2023-10-03T10:04:08.947+0000] {standard_task_runner.py:85} INFO - Job 270: Subtask check_launches
[2023-10-03T10:04:09.279+0000] {task_command.py:410} INFO - Running <TaskInstance: rocket_launch2.check_launches scheduled__2023-09-28T00:00:00+00:00 [running]> on host e870058fa168
[2023-10-03T10:04:10.884+0000] {taskinstance.py:1570} INFO - Exporting env vars: AIRFLOW_CTX_DAG_OWNER='***' AIRFLOW_CTX_DAG_ID='rocket_launch2' AIRFLOW_CTX_TASK_ID='check_launches' AIRFLOW_CTX_EXECUTION_DATE='2023-09-28T00:00:00+00:00' AIRFLOW_CTX_TRY_NUMBER='2' AIRFLOW_CTX_DAG_RUN_ID='scheduled__2023-09-28T00:00:00+00:00'
[2023-10-03T10:04:11.004+0000] {taskinstance.py:1454} INFO - No launches on 2023-09-28
[2023-10-03T10:04:11.151+0000] {taskinstance.py:1373} INFO - Marking task as SKIPPED. dag_id=rocket_launch2, task_id=check_launches, execution_date=20230928T000000, start_date=20231003T100408, end_date=20231003T100411
[2023-10-03T10:04:11.777+0000] {local_task_job_runner.py:232} INFO - Task exited with return code 0
[2023-10-03T10:04:12.478+0000] {taskinstance.py:2674} INFO - 0 downstream tasks scheduled from follow-on schedule check
[2023-10-03T10:09:27.353+0000] {taskinstance.py:1125} INFO - Dependencies all met for dep_context=non-requeueable deps ti=<TaskInstance: rocket_launch2.check_launches scheduled__2023-09-28T00:00:00+00:00 [queued]>
[2023-10-03T10:09:27.530+0000] {taskinstance.py:1125} INFO - Dependencies all met for dep_context=requeueable deps ti=<TaskInstance: rocket_launch2.check_launches scheduled__2023-09-28T00:00:00+00:00 [queued]>
[2023-10-03T10:09:27.530+0000] {taskinstance.py:1331} INFO - Starting attempt 2 of 2
[2023-10-03T10:09:28.224+0000] {taskinstance.py:1350} INFO - Executing <Task(PythonOperator): check_launches> on 2023-09-28 00:00:00+00:00
[2023-10-03T10:09:28.436+0000] {standard_task_runner.py:57} INFO - Started process 3746 to run task
[2023-10-03T10:09:28.442+0000] {standard_task_runner.py:84} INFO - Running: ['***', 'tasks', 'run', 'rocket_launch2', 'check_launches', 'scheduled__2023-09-28T00:00:00+00:00', '--job-id', '368', '--raw', '--subdir', 'DAGS_FOLDER/rocket_launch.py', '--cfg-path', '/tmp/tmpzuel8itb']
[2023-10-03T10:09:28.525+0000] {standard_task_runner.py:85} INFO - Job 368: Subtask check_launches
[2023-10-03T10:09:29.658+0000] {task_command.py:410} INFO - Running <TaskInstance: rocket_launch2.check_launches scheduled__2023-09-28T00:00:00+00:00 [running]> on host e870058fa168
[2023-10-03T10:09:31.723+0000] {taskinstance.py:1570} INFO - Exporting env vars: AIRFLOW_CTX_DAG_OWNER='***' AIRFLOW_CTX_DAG_ID='rocket_launch2' AIRFLOW_CTX_TASK_ID='check_launches' AIRFLOW_CTX_EXECUTION_DATE='2023-09-28T00:00:00+00:00' AIRFLOW_CTX_TRY_NUMBER='2' AIRFLOW_CTX_DAG_RUN_ID='scheduled__2023-09-28T00:00:00+00:00'
[2023-10-03T10:09:31.974+0000] {taskinstance.py:1454} INFO - No launches on 2023-09-28
[2023-10-03T10:09:32.281+0000] {taskinstance.py:1373} INFO - Marking task as SKIPPED. dag_id=rocket_launch2, task_id=check_launches, execution_date=20230928T000000, start_date=20231003T100927, end_date=20231003T100932
[2023-10-03T10:09:32.623+0000] {local_task_job_runner.py:232} INFO - Task exited with return code 0
[2023-10-03T10:09:32.760+0000] {taskinstance.py:2674} INFO - 0 downstream tasks scheduled from follow-on schedule check
