[2023-10-03T09:53:07.420+0000] {taskinstance.py:1125} INFO - Dependencies all met for dep_context=non-requeueable deps ti=<TaskInstance: rocket_launch2.check_launches scheduled__2023-09-28T00:00:00+00:00 [queued]>
[2023-10-03T09:53:07.701+0000] {taskinstance.py:1125} INFO - Dependencies all met for dep_context=requeueable deps ti=<TaskInstance: rocket_launch2.check_launches scheduled__2023-09-28T00:00:00+00:00 [queued]>
[2023-10-03T09:53:07.701+0000] {taskinstance.py:1331} INFO - Starting attempt 1 of 1
[2023-10-03T09:53:07.915+0000] {taskinstance.py:1350} INFO - Executing <Task(ShortCircuitOperator): check_launches> on 2023-09-28 00:00:00+00:00
[2023-10-03T09:53:07.929+0000] {standard_task_runner.py:57} INFO - Started process 3062 to run task
[2023-10-03T09:53:07.953+0000] {standard_task_runner.py:84} INFO - Running: ['***', 'tasks', 'run', 'rocket_launch2', 'check_launches', 'scheduled__2023-09-28T00:00:00+00:00', '--job-id', '168', '--raw', '--subdir', 'DAGS_FOLDER/rocket_launch.py', '--cfg-path', '/tmp/tmpr5q4nfgp']
[2023-10-03T09:53:07.959+0000] {standard_task_runner.py:85} INFO - Job 168: Subtask check_launches
[2023-10-03T09:53:08.459+0000] {task_command.py:410} INFO - Running <TaskInstance: rocket_launch2.check_launches scheduled__2023-09-28T00:00:00+00:00 [running]> on host e870058fa168
[2023-10-03T09:53:09.768+0000] {taskinstance.py:1570} INFO - Exporting env vars: AIRFLOW_CTX_DAG_OWNER='***' AIRFLOW_CTX_DAG_ID='rocket_launch2' AIRFLOW_CTX_TASK_ID='check_launches' AIRFLOW_CTX_EXECUTION_DATE='2023-09-28T00:00:00+00:00' AIRFLOW_CTX_TRY_NUMBER='1' AIRFLOW_CTX_DAG_RUN_ID='scheduled__2023-09-28T00:00:00+00:00'
[2023-10-03T09:53:09.851+0000] {taskinstance.py:1454} INFO - No launches on 2023-09-28
[2023-10-03T09:53:09.879+0000] {taskinstance.py:1373} INFO - Marking task as SKIPPED. dag_id=rocket_launch2, task_id=check_launches, execution_date=20230928T000000, start_date=20231003T095307, end_date=20231003T095309
[2023-10-03T09:53:10.121+0000] {local_task_job_runner.py:232} INFO - Task exited with return code 0
[2023-10-03T09:53:10.421+0000] {taskinstance.py:2674} INFO - 0 downstream tasks scheduled from follow-on schedule check
[2023-10-03T10:02:42.094+0000] {taskinstance.py:1125} INFO - Dependencies all met for dep_context=non-requeueable deps ti=<TaskInstance: rocket_launch2.check_launches scheduled__2023-09-28T00:00:00+00:00 [queued]>
[2023-10-03T10:02:42.208+0000] {taskinstance.py:1125} INFO - Dependencies all met for dep_context=requeueable deps ti=<TaskInstance: rocket_launch2.check_launches scheduled__2023-09-28T00:00:00+00:00 [queued]>
[2023-10-03T10:02:42.217+0000] {taskinstance.py:1331} INFO - Starting attempt 1 of 1
[2023-10-03T10:02:42.455+0000] {taskinstance.py:1350} INFO - Executing <Task(PythonOperator): check_launches> on 2023-09-28 00:00:00+00:00
[2023-10-03T10:02:42.526+0000] {standard_task_runner.py:57} INFO - Started process 3385 to run task
[2023-10-03T10:02:42.518+0000] {standard_task_runner.py:84} INFO - Running: ['***', 'tasks', 'run', 'rocket_launch2', 'check_launches', 'scheduled__2023-09-28T00:00:00+00:00', '--job-id', '244', '--raw', '--subdir', 'DAGS_FOLDER/rocket_launch.py', '--cfg-path', '/tmp/tmp276u91u9']
[2023-10-03T10:02:42.580+0000] {standard_task_runner.py:85} INFO - Job 244: Subtask check_launches
[2023-10-03T10:02:42.976+0000] {task_command.py:410} INFO - Running <TaskInstance: rocket_launch2.check_launches scheduled__2023-09-28T00:00:00+00:00 [running]> on host e870058fa168
[2023-10-03T10:02:43.451+0000] {taskinstance.py:1570} INFO - Exporting env vars: AIRFLOW_CTX_DAG_OWNER='***' AIRFLOW_CTX_DAG_ID='rocket_launch2' AIRFLOW_CTX_TASK_ID='check_launches' AIRFLOW_CTX_EXECUTION_DATE='2023-09-28T00:00:00+00:00' AIRFLOW_CTX_TRY_NUMBER='1' AIRFLOW_CTX_DAG_RUN_ID='scheduled__2023-09-28T00:00:00+00:00'
[2023-10-03T10:02:43.610+0000] {taskinstance.py:1454} INFO - No launches on 2023-09-28
[2023-10-03T10:02:43.758+0000] {taskinstance.py:1373} INFO - Marking task as SKIPPED. dag_id=rocket_launch2, task_id=check_launches, execution_date=20230928T000000, start_date=20231003T100242, end_date=20231003T100243
[2023-10-03T10:02:44.013+0000] {local_task_job_runner.py:232} INFO - Task exited with return code 0
[2023-10-03T10:02:44.298+0000] {taskinstance.py:2674} INFO - 0 downstream tasks scheduled from follow-on schedule check
[2023-10-03T10:06:16.952+0000] {taskinstance.py:1125} INFO - Dependencies all met for dep_context=non-requeueable deps ti=<TaskInstance: rocket_launch2.check_launches scheduled__2023-09-28T00:00:00+00:00 [queued]>
[2023-10-03T10:06:17.035+0000] {taskinstance.py:1125} INFO - Dependencies all met for dep_context=requeueable deps ti=<TaskInstance: rocket_launch2.check_launches scheduled__2023-09-28T00:00:00+00:00 [queued]>
[2023-10-03T10:06:17.037+0000] {taskinstance.py:1331} INFO - Starting attempt 1 of 1
[2023-10-03T10:06:17.214+0000] {taskinstance.py:1350} INFO - Executing <Task(PythonOperator): check_launches> on 2023-09-28 00:00:00+00:00
[2023-10-03T10:06:17.267+0000] {standard_task_runner.py:57} INFO - Started process 3619 to run task
[2023-10-03T10:06:17.286+0000] {standard_task_runner.py:84} INFO - Running: ['***', 'tasks', 'run', 'rocket_launch2', 'check_launches', 'scheduled__2023-09-28T00:00:00+00:00', '--job-id', '329', '--raw', '--subdir', 'DAGS_FOLDER/rocket_launch.py', '--cfg-path', '/tmp/tmpm5bo8ln4']
[2023-10-03T10:06:17.306+0000] {standard_task_runner.py:85} INFO - Job 329: Subtask check_launches
[2023-10-03T10:06:17.667+0000] {task_command.py:410} INFO - Running <TaskInstance: rocket_launch2.check_launches scheduled__2023-09-28T00:00:00+00:00 [running]> on host e870058fa168
[2023-10-03T10:06:18.803+0000] {taskinstance.py:1570} INFO - Exporting env vars: AIRFLOW_CTX_DAG_OWNER='***' AIRFLOW_CTX_DAG_ID='rocket_launch2' AIRFLOW_CTX_TASK_ID='check_launches' AIRFLOW_CTX_EXECUTION_DATE='2023-09-28T00:00:00+00:00' AIRFLOW_CTX_TRY_NUMBER='1' AIRFLOW_CTX_DAG_RUN_ID='scheduled__2023-09-28T00:00:00+00:00'
[2023-10-03T10:06:18.867+0000] {taskinstance.py:1454} INFO - No launches on 2023-09-28
[2023-10-03T10:06:18.953+0000] {taskinstance.py:1373} INFO - Marking task as SKIPPED. dag_id=rocket_launch2, task_id=check_launches, execution_date=20230928T000000, start_date=20231003T100616, end_date=20231003T100618
[2023-10-03T10:06:19.172+0000] {local_task_job_runner.py:232} INFO - Task exited with return code 0
[2023-10-03T10:06:19.344+0000] {taskinstance.py:2674} INFO - 0 downstream tasks scheduled from follow-on schedule check
[2023-10-03T10:16:44.868+0000] {taskinstance.py:1125} INFO - Dependencies all met for dep_context=non-requeueable deps ti=<TaskInstance: rocket_launch2.check_launches scheduled__2023-09-28T00:00:00+00:00 [queued]>
[2023-10-03T10:16:45.043+0000] {taskinstance.py:1125} INFO - Dependencies all met for dep_context=requeueable deps ti=<TaskInstance: rocket_launch2.check_launches scheduled__2023-09-28T00:00:00+00:00 [queued]>
[2023-10-03T10:16:45.046+0000] {taskinstance.py:1331} INFO - Starting attempt 1 of 1
[2023-10-03T10:16:45.318+0000] {taskinstance.py:1350} INFO - Executing <Task(PythonOperator): check_launches> on 2023-09-28 00:00:00+00:00
[2023-10-03T10:16:45.387+0000] {standard_task_runner.py:57} INFO - Started process 3967 to run task
[2023-10-03T10:16:45.413+0000] {standard_task_runner.py:84} INFO - Running: ['***', 'tasks', 'run', 'rocket_launch2', 'check_launches', 'scheduled__2023-09-28T00:00:00+00:00', '--job-id', '414', '--raw', '--subdir', 'DAGS_FOLDER/rocket_launch.py', '--cfg-path', '/tmp/tmpexloyt80']
[2023-10-03T10:16:45.469+0000] {standard_task_runner.py:85} INFO - Job 414: Subtask check_launches
[2023-10-03T10:16:46.498+0000] {task_command.py:410} INFO - Running <TaskInstance: rocket_launch2.check_launches scheduled__2023-09-28T00:00:00+00:00 [running]> on host e870058fa168
[2023-10-03T10:16:47.902+0000] {taskinstance.py:1570} INFO - Exporting env vars: AIRFLOW_CTX_DAG_OWNER='***' AIRFLOW_CTX_DAG_ID='rocket_launch2' AIRFLOW_CTX_TASK_ID='check_launches' AIRFLOW_CTX_EXECUTION_DATE='2023-09-28T00:00:00+00:00' AIRFLOW_CTX_TRY_NUMBER='1' AIRFLOW_CTX_DAG_RUN_ID='scheduled__2023-09-28T00:00:00+00:00'
[2023-10-03T10:16:48.058+0000] {taskinstance.py:1454} INFO - No launches on 2023-09-28
[2023-10-03T10:16:48.176+0000] {taskinstance.py:1373} INFO - Marking task as SKIPPED. dag_id=rocket_launch2, task_id=check_launches, execution_date=20230928T000000, start_date=20231003T101644, end_date=20231003T101648
[2023-10-03T10:16:48.346+0000] {local_task_job_runner.py:232} INFO - Task exited with return code 0
[2023-10-03T10:16:48.698+0000] {taskinstance.py:2674} INFO - 0 downstream tasks scheduled from follow-on schedule check
