[2023-10-03T09:39:16.670+0000] {taskinstance.py:1125} INFO - Dependencies all met for dep_context=non-requeueable deps ti=<TaskInstance: rocket_launch2.wait_for_data scheduled__2023-09-15T00:00:00+00:00 [queued]>
[2023-10-03T09:39:16.770+0000] {taskinstance.py:1125} INFO - Dependencies all met for dep_context=requeueable deps ti=<TaskInstance: rocket_launch2.wait_for_data scheduled__2023-09-15T00:00:00+00:00 [queued]>
[2023-10-03T09:39:16.778+0000] {taskinstance.py:1331} INFO - Starting attempt 1 of 1
[2023-10-03T09:39:17.173+0000] {taskinstance.py:1350} INFO - Executing <Task(HttpSensor): wait_for_data> on 2023-09-15 00:00:00+00:00
[2023-10-03T09:39:17.209+0000] {standard_task_runner.py:84} INFO - Running: ['***', 'tasks', 'run', 'rocket_launch2', 'wait_for_data', 'scheduled__2023-09-15T00:00:00+00:00', '--job-id', '85', '--raw', '--subdir', 'DAGS_FOLDER/rocket_launch.py', '--cfg-path', '/tmp/tmpmvsg6u7c']
[2023-10-03T09:39:17.219+0000] {standard_task_runner.py:57} INFO - Started process 2667 to run task
[2023-10-03T09:39:17.263+0000] {standard_task_runner.py:85} INFO - Job 85: Subtask wait_for_data
[2023-10-03T09:39:17.976+0000] {task_command.py:410} INFO - Running <TaskInstance: rocket_launch2.wait_for_data scheduled__2023-09-15T00:00:00+00:00 [running]> on host e870058fa168
[2023-10-03T09:39:19.553+0000] {taskinstance.py:1570} INFO - Exporting env vars: AIRFLOW_CTX_DAG_OWNER='***' AIRFLOW_CTX_DAG_ID='rocket_launch2' AIRFLOW_CTX_TASK_ID='wait_for_data' AIRFLOW_CTX_EXECUTION_DATE='2023-09-15T00:00:00+00:00' AIRFLOW_CTX_TRY_NUMBER='1' AIRFLOW_CTX_DAG_RUN_ID='scheduled__2023-09-15T00:00:00+00:00'
[2023-10-03T09:39:19.556+0000] {http.py:122} INFO - Poking: 
[2023-10-03T09:39:19.678+0000] {base.py:73} INFO - Using connection ID 'thespacedevs_dev' for task execution.
[2023-10-03T09:39:20.769+0000] {base.py:255} INFO - Success criteria met. Exiting.
[2023-10-03T09:39:20.938+0000] {taskinstance.py:1373} INFO - Marking task as SUCCESS. dag_id=rocket_launch2, task_id=wait_for_data, execution_date=20230915T000000, start_date=20231003T093916, end_date=20231003T093920
[2023-10-03T09:39:21.397+0000] {local_task_job_runner.py:232} INFO - Task exited with return code 0
[2023-10-03T09:39:22.028+0000] {taskinstance.py:2674} INFO - 0 downstream tasks scheduled from follow-on schedule check
[2023-10-03T10:02:06.830+0000] {taskinstance.py:1125} INFO - Dependencies all met for dep_context=non-requeueable deps ti=<TaskInstance: rocket_launch2.wait_for_data scheduled__2023-09-15T00:00:00+00:00 [queued]>
[2023-10-03T10:02:06.967+0000] {taskinstance.py:1125} INFO - Dependencies all met for dep_context=requeueable deps ti=<TaskInstance: rocket_launch2.wait_for_data scheduled__2023-09-15T00:00:00+00:00 [queued]>
[2023-10-03T10:02:06.994+0000] {taskinstance.py:1331} INFO - Starting attempt 1 of 1
[2023-10-03T10:02:07.186+0000] {taskinstance.py:1350} INFO - Executing <Task(HttpSensor): wait_for_data> on 2023-09-15 00:00:00+00:00
[2023-10-03T10:02:07.243+0000] {standard_task_runner.py:57} INFO - Started process 3278 to run task
[2023-10-03T10:02:07.288+0000] {standard_task_runner.py:84} INFO - Running: ['***', 'tasks', 'run', 'rocket_launch2', 'wait_for_data', 'scheduled__2023-09-15T00:00:00+00:00', '--job-id', '195', '--raw', '--subdir', 'DAGS_FOLDER/rocket_launch.py', '--cfg-path', '/tmp/tmp0mi27qug']
[2023-10-03T10:02:07.368+0000] {standard_task_runner.py:85} INFO - Job 195: Subtask wait_for_data
[2023-10-03T10:02:08.041+0000] {task_command.py:410} INFO - Running <TaskInstance: rocket_launch2.wait_for_data scheduled__2023-09-15T00:00:00+00:00 [running]> on host e870058fa168
[2023-10-03T10:02:09.804+0000] {taskinstance.py:1570} INFO - Exporting env vars: AIRFLOW_CTX_DAG_OWNER='***' AIRFLOW_CTX_DAG_ID='rocket_launch2' AIRFLOW_CTX_TASK_ID='wait_for_data' AIRFLOW_CTX_EXECUTION_DATE='2023-09-15T00:00:00+00:00' AIRFLOW_CTX_TRY_NUMBER='1' AIRFLOW_CTX_DAG_RUN_ID='scheduled__2023-09-15T00:00:00+00:00'
[2023-10-03T10:02:09.816+0000] {http.py:122} INFO - Poking: 
[2023-10-03T10:02:09.871+0000] {base.py:73} INFO - Using connection ID 'thespacedevs_dev' for task execution.
[2023-10-03T10:02:10.692+0000] {base.py:255} INFO - Success criteria met. Exiting.
[2023-10-03T10:02:10.751+0000] {taskinstance.py:1373} INFO - Marking task as SUCCESS. dag_id=rocket_launch2, task_id=wait_for_data, execution_date=20230915T000000, start_date=20231003T100206, end_date=20231003T100210
[2023-10-03T10:02:11.076+0000] {local_task_job_runner.py:232} INFO - Task exited with return code 0
[2023-10-03T10:02:11.374+0000] {taskinstance.py:2674} INFO - 0 downstream tasks scheduled from follow-on schedule check
[2023-10-03T10:05:45.944+0000] {taskinstance.py:1125} INFO - Dependencies all met for dep_context=non-requeueable deps ti=<TaskInstance: rocket_launch2.wait_for_data scheduled__2023-09-15T00:00:00+00:00 [queued]>
[2023-10-03T10:05:46.082+0000] {taskinstance.py:1125} INFO - Dependencies all met for dep_context=requeueable deps ti=<TaskInstance: rocket_launch2.wait_for_data scheduled__2023-09-15T00:00:00+00:00 [queued]>
[2023-10-03T10:05:46.092+0000] {taskinstance.py:1331} INFO - Starting attempt 1 of 1
[2023-10-03T10:05:46.299+0000] {taskinstance.py:1350} INFO - Executing <Task(HttpSensor): wait_for_data> on 2023-09-15 00:00:00+00:00
[2023-10-03T10:05:46.366+0000] {standard_task_runner.py:57} INFO - Started process 3526 to run task
[2023-10-03T10:05:46.389+0000] {standard_task_runner.py:84} INFO - Running: ['***', 'tasks', 'run', 'rocket_launch2', 'wait_for_data', 'scheduled__2023-09-15T00:00:00+00:00', '--job-id', '286', '--raw', '--subdir', 'DAGS_FOLDER/rocket_launch.py', '--cfg-path', '/tmp/tmpbjmryeo_']
[2023-10-03T10:05:46.394+0000] {standard_task_runner.py:85} INFO - Job 286: Subtask wait_for_data
[2023-10-03T10:05:46.781+0000] {task_command.py:410} INFO - Running <TaskInstance: rocket_launch2.wait_for_data scheduled__2023-09-15T00:00:00+00:00 [running]> on host e870058fa168
[2023-10-03T10:05:48.511+0000] {taskinstance.py:1570} INFO - Exporting env vars: AIRFLOW_CTX_DAG_OWNER='***' AIRFLOW_CTX_DAG_ID='rocket_launch2' AIRFLOW_CTX_TASK_ID='wait_for_data' AIRFLOW_CTX_EXECUTION_DATE='2023-09-15T00:00:00+00:00' AIRFLOW_CTX_TRY_NUMBER='1' AIRFLOW_CTX_DAG_RUN_ID='scheduled__2023-09-15T00:00:00+00:00'
[2023-10-03T10:05:48.518+0000] {http.py:122} INFO - Poking: 
[2023-10-03T10:05:48.602+0000] {base.py:73} INFO - Using connection ID 'thespacedevs_dev' for task execution.
[2023-10-03T10:05:49.565+0000] {base.py:255} INFO - Success criteria met. Exiting.
[2023-10-03T10:05:49.666+0000] {taskinstance.py:1373} INFO - Marking task as SUCCESS. dag_id=rocket_launch2, task_id=wait_for_data, execution_date=20230915T000000, start_date=20231003T100545, end_date=20231003T100549
[2023-10-03T10:05:49.897+0000] {local_task_job_runner.py:232} INFO - Task exited with return code 0
[2023-10-03T10:05:50.177+0000] {taskinstance.py:2674} INFO - 1 downstream tasks scheduled from follow-on schedule check
[2023-10-03T10:16:20.344+0000] {taskinstance.py:1125} INFO - Dependencies all met for dep_context=non-requeueable deps ti=<TaskInstance: rocket_launch2.wait_for_data scheduled__2023-09-15T00:00:00+00:00 [queued]>
[2023-10-03T10:16:20.409+0000] {taskinstance.py:1125} INFO - Dependencies all met for dep_context=requeueable deps ti=<TaskInstance: rocket_launch2.wait_for_data scheduled__2023-09-15T00:00:00+00:00 [queued]>
[2023-10-03T10:16:20.412+0000] {taskinstance.py:1331} INFO - Starting attempt 1 of 1
[2023-10-03T10:16:20.773+0000] {taskinstance.py:1350} INFO - Executing <Task(HttpSensor): wait_for_data> on 2023-09-15 00:00:00+00:00
[2023-10-03T10:16:20.783+0000] {standard_task_runner.py:57} INFO - Started process 3889 to run task
[2023-10-03T10:16:20.789+0000] {standard_task_runner.py:84} INFO - Running: ['***', 'tasks', 'run', 'rocket_launch2', 'wait_for_data', 'scheduled__2023-09-15T00:00:00+00:00', '--job-id', '377', '--raw', '--subdir', 'DAGS_FOLDER/rocket_launch.py', '--cfg-path', '/tmp/tmpbvdr0_pv']
[2023-10-03T10:16:20.829+0000] {standard_task_runner.py:85} INFO - Job 377: Subtask wait_for_data
[2023-10-03T10:16:21.400+0000] {task_command.py:410} INFO - Running <TaskInstance: rocket_launch2.wait_for_data scheduled__2023-09-15T00:00:00+00:00 [running]> on host e870058fa168
[2023-10-03T10:16:22.683+0000] {taskinstance.py:1570} INFO - Exporting env vars: AIRFLOW_CTX_DAG_OWNER='***' AIRFLOW_CTX_DAG_ID='rocket_launch2' AIRFLOW_CTX_TASK_ID='wait_for_data' AIRFLOW_CTX_EXECUTION_DATE='2023-09-15T00:00:00+00:00' AIRFLOW_CTX_TRY_NUMBER='1' AIRFLOW_CTX_DAG_RUN_ID='scheduled__2023-09-15T00:00:00+00:00'
[2023-10-03T10:16:22.693+0000] {http.py:122} INFO - Poking: 
[2023-10-03T10:16:22.823+0000] {base.py:73} INFO - Using connection ID 'thespacedevs_dev' for task execution.
[2023-10-03T10:16:23.824+0000] {base.py:255} INFO - Success criteria met. Exiting.
[2023-10-03T10:16:23.883+0000] {taskinstance.py:1373} INFO - Marking task as SUCCESS. dag_id=rocket_launch2, task_id=wait_for_data, execution_date=20230915T000000, start_date=20231003T101620, end_date=20231003T101623
[2023-10-03T10:16:24.233+0000] {local_task_job_runner.py:232} INFO - Task exited with return code 0
[2023-10-03T10:16:24.729+0000] {taskinstance.py:2674} INFO - 1 downstream tasks scheduled from follow-on schedule check
