[2023-10-03T09:39:23.695+0000] {taskinstance.py:1125} INFO - Dependencies all met for dep_context=non-requeueable deps ti=<TaskInstance: rocket_launch2.wait_for_data scheduled__2023-09-25T00:00:00+00:00 [queued]>
[2023-10-03T09:39:24.115+0000] {taskinstance.py:1125} INFO - Dependencies all met for dep_context=requeueable deps ti=<TaskInstance: rocket_launch2.wait_for_data scheduled__2023-09-25T00:00:00+00:00 [queued]>
[2023-10-03T09:39:24.130+0000] {taskinstance.py:1331} INFO - Starting attempt 1 of 1
[2023-10-03T09:39:24.548+0000] {taskinstance.py:1350} INFO - Executing <Task(HttpSensor): wait_for_data> on 2023-09-25 00:00:00+00:00
[2023-10-03T09:39:24.648+0000] {standard_task_runner.py:57} INFO - Started process 2689 to run task
[2023-10-03T09:39:24.680+0000] {standard_task_runner.py:84} INFO - Running: ['***', 'tasks', 'run', 'rocket_launch2', 'wait_for_data', 'scheduled__2023-09-25T00:00:00+00:00', '--job-id', '94', '--raw', '--subdir', 'DAGS_FOLDER/rocket_launch.py', '--cfg-path', '/tmp/tmpi3bf9fhu']
[2023-10-03T09:39:24.684+0000] {standard_task_runner.py:85} INFO - Job 94: Subtask wait_for_data
[2023-10-03T09:39:25.537+0000] {task_command.py:410} INFO - Running <TaskInstance: rocket_launch2.wait_for_data scheduled__2023-09-25T00:00:00+00:00 [running]> on host e870058fa168
[2023-10-03T09:39:27.372+0000] {taskinstance.py:1570} INFO - Exporting env vars: AIRFLOW_CTX_DAG_OWNER='***' AIRFLOW_CTX_DAG_ID='rocket_launch2' AIRFLOW_CTX_TASK_ID='wait_for_data' AIRFLOW_CTX_EXECUTION_DATE='2023-09-25T00:00:00+00:00' AIRFLOW_CTX_TRY_NUMBER='1' AIRFLOW_CTX_DAG_RUN_ID='scheduled__2023-09-25T00:00:00+00:00'
[2023-10-03T09:39:27.386+0000] {http.py:122} INFO - Poking: 
[2023-10-03T09:39:27.552+0000] {base.py:73} INFO - Using connection ID 'thespacedevs_dev' for task execution.
[2023-10-03T09:39:28.222+0000] {base.py:255} INFO - Success criteria met. Exiting.
[2023-10-03T09:39:28.381+0000] {taskinstance.py:1373} INFO - Marking task as SUCCESS. dag_id=rocket_launch2, task_id=wait_for_data, execution_date=20230925T000000, start_date=20231003T093923, end_date=20231003T093928
[2023-10-03T09:39:29.121+0000] {local_task_job_runner.py:232} INFO - Task exited with return code 0
[2023-10-03T09:39:30.175+0000] {taskinstance.py:2674} INFO - 0 downstream tasks scheduled from follow-on schedule check
[2023-10-03T10:02:12.950+0000] {taskinstance.py:1125} INFO - Dependencies all met for dep_context=non-requeueable deps ti=<TaskInstance: rocket_launch2.wait_for_data scheduled__2023-09-25T00:00:00+00:00 [queued]>
[2023-10-03T10:02:13.107+0000] {taskinstance.py:1125} INFO - Dependencies all met for dep_context=requeueable deps ti=<TaskInstance: rocket_launch2.wait_for_data scheduled__2023-09-25T00:00:00+00:00 [queued]>
[2023-10-03T10:02:13.107+0000] {taskinstance.py:1331} INFO - Starting attempt 1 of 1
[2023-10-03T10:02:13.433+0000] {taskinstance.py:1350} INFO - Executing <Task(HttpSensor): wait_for_data> on 2023-09-25 00:00:00+00:00
[2023-10-03T10:02:13.571+0000] {standard_task_runner.py:57} INFO - Started process 3298 to run task
[2023-10-03T10:02:13.662+0000] {standard_task_runner.py:84} INFO - Running: ['***', 'tasks', 'run', 'rocket_launch2', 'wait_for_data', 'scheduled__2023-09-25T00:00:00+00:00', '--job-id', '205', '--raw', '--subdir', 'DAGS_FOLDER/rocket_launch.py', '--cfg-path', '/tmp/tmp0ptoa0dh']
[2023-10-03T10:02:13.662+0000] {standard_task_runner.py:85} INFO - Job 205: Subtask wait_for_data
[2023-10-03T10:02:14.569+0000] {task_command.py:410} INFO - Running <TaskInstance: rocket_launch2.wait_for_data scheduled__2023-09-25T00:00:00+00:00 [running]> on host e870058fa168
[2023-10-03T10:02:15.481+0000] {taskinstance.py:1570} INFO - Exporting env vars: AIRFLOW_CTX_DAG_OWNER='***' AIRFLOW_CTX_DAG_ID='rocket_launch2' AIRFLOW_CTX_TASK_ID='wait_for_data' AIRFLOW_CTX_EXECUTION_DATE='2023-09-25T00:00:00+00:00' AIRFLOW_CTX_TRY_NUMBER='1' AIRFLOW_CTX_DAG_RUN_ID='scheduled__2023-09-25T00:00:00+00:00'
[2023-10-03T10:02:15.494+0000] {http.py:122} INFO - Poking: 
[2023-10-03T10:02:15.584+0000] {base.py:73} INFO - Using connection ID 'thespacedevs_dev' for task execution.
[2023-10-03T10:02:16.208+0000] {base.py:255} INFO - Success criteria met. Exiting.
[2023-10-03T10:02:16.248+0000] {taskinstance.py:1373} INFO - Marking task as SUCCESS. dag_id=rocket_launch2, task_id=wait_for_data, execution_date=20230925T000000, start_date=20231003T100212, end_date=20231003T100216
[2023-10-03T10:02:16.410+0000] {local_task_job_runner.py:232} INFO - Task exited with return code 0
[2023-10-03T10:02:17.024+0000] {taskinstance.py:2674} INFO - 1 downstream tasks scheduled from follow-on schedule check
[2023-10-03T10:05:51.476+0000] {taskinstance.py:1125} INFO - Dependencies all met for dep_context=non-requeueable deps ti=<TaskInstance: rocket_launch2.wait_for_data scheduled__2023-09-25T00:00:00+00:00 [queued]>
[2023-10-03T10:05:51.733+0000] {taskinstance.py:1125} INFO - Dependencies all met for dep_context=requeueable deps ti=<TaskInstance: rocket_launch2.wait_for_data scheduled__2023-09-25T00:00:00+00:00 [queued]>
[2023-10-03T10:05:51.766+0000] {taskinstance.py:1331} INFO - Starting attempt 1 of 1
[2023-10-03T10:05:52.392+0000] {taskinstance.py:1350} INFO - Executing <Task(HttpSensor): wait_for_data> on 2023-09-25 00:00:00+00:00
[2023-10-03T10:05:52.496+0000] {standard_task_runner.py:57} INFO - Started process 3544 to run task
[2023-10-03T10:05:52.541+0000] {standard_task_runner.py:84} INFO - Running: ['***', 'tasks', 'run', 'rocket_launch2', 'wait_for_data', 'scheduled__2023-09-25T00:00:00+00:00', '--job-id', '296', '--raw', '--subdir', 'DAGS_FOLDER/rocket_launch.py', '--cfg-path', '/tmp/tmpzptv5vg7']
[2023-10-03T10:05:52.646+0000] {standard_task_runner.py:85} INFO - Job 296: Subtask wait_for_data
[2023-10-03T10:05:53.356+0000] {task_command.py:410} INFO - Running <TaskInstance: rocket_launch2.wait_for_data scheduled__2023-09-25T00:00:00+00:00 [running]> on host e870058fa168
[2023-10-03T10:05:55.561+0000] {taskinstance.py:1570} INFO - Exporting env vars: AIRFLOW_CTX_DAG_OWNER='***' AIRFLOW_CTX_DAG_ID='rocket_launch2' AIRFLOW_CTX_TASK_ID='wait_for_data' AIRFLOW_CTX_EXECUTION_DATE='2023-09-25T00:00:00+00:00' AIRFLOW_CTX_TRY_NUMBER='1' AIRFLOW_CTX_DAG_RUN_ID='scheduled__2023-09-25T00:00:00+00:00'
[2023-10-03T10:05:55.567+0000] {http.py:122} INFO - Poking: 
[2023-10-03T10:05:55.695+0000] {base.py:73} INFO - Using connection ID 'thespacedevs_dev' for task execution.
[2023-10-03T10:05:56.771+0000] {base.py:255} INFO - Success criteria met. Exiting.
[2023-10-03T10:05:56.884+0000] {taskinstance.py:1373} INFO - Marking task as SUCCESS. dag_id=rocket_launch2, task_id=wait_for_data, execution_date=20230925T000000, start_date=20231003T100551, end_date=20231003T100556
[2023-10-03T10:05:57.190+0000] {local_task_job_runner.py:232} INFO - Task exited with return code 0
[2023-10-03T10:05:57.924+0000] {taskinstance.py:2674} INFO - 0 downstream tasks scheduled from follow-on schedule check
[2023-10-03T10:16:24.214+0000] {taskinstance.py:1125} INFO - Dependencies all met for dep_context=non-requeueable deps ti=<TaskInstance: rocket_launch2.wait_for_data scheduled__2023-09-25T00:00:00+00:00 [queued]>
[2023-10-03T10:16:24.355+0000] {taskinstance.py:1125} INFO - Dependencies all met for dep_context=requeueable deps ti=<TaskInstance: rocket_launch2.wait_for_data scheduled__2023-09-25T00:00:00+00:00 [queued]>
[2023-10-03T10:16:24.378+0000] {taskinstance.py:1331} INFO - Starting attempt 1 of 1
[2023-10-03T10:16:24.712+0000] {taskinstance.py:1350} INFO - Executing <Task(HttpSensor): wait_for_data> on 2023-09-25 00:00:00+00:00
[2023-10-03T10:16:24.832+0000] {standard_task_runner.py:57} INFO - Started process 3906 to run task
[2023-10-03T10:16:24.883+0000] {standard_task_runner.py:84} INFO - Running: ['***', 'tasks', 'run', 'rocket_launch2', 'wait_for_data', 'scheduled__2023-09-25T00:00:00+00:00', '--job-id', '386', '--raw', '--subdir', 'DAGS_FOLDER/rocket_launch.py', '--cfg-path', '/tmp/tmp3bls5141']
[2023-10-03T10:16:24.894+0000] {standard_task_runner.py:85} INFO - Job 386: Subtask wait_for_data
[2023-10-03T10:16:25.545+0000] {task_command.py:410} INFO - Running <TaskInstance: rocket_launch2.wait_for_data scheduled__2023-09-25T00:00:00+00:00 [running]> on host e870058fa168
[2023-10-03T10:16:26.890+0000] {taskinstance.py:1570} INFO - Exporting env vars: AIRFLOW_CTX_DAG_OWNER='***' AIRFLOW_CTX_DAG_ID='rocket_launch2' AIRFLOW_CTX_TASK_ID='wait_for_data' AIRFLOW_CTX_EXECUTION_DATE='2023-09-25T00:00:00+00:00' AIRFLOW_CTX_TRY_NUMBER='1' AIRFLOW_CTX_DAG_RUN_ID='scheduled__2023-09-25T00:00:00+00:00'
[2023-10-03T10:16:26.900+0000] {http.py:122} INFO - Poking: 
[2023-10-03T10:16:26.982+0000] {base.py:73} INFO - Using connection ID 'thespacedevs_dev' for task execution.
[2023-10-03T10:16:27.779+0000] {base.py:255} INFO - Success criteria met. Exiting.
[2023-10-03T10:16:27.991+0000] {taskinstance.py:1373} INFO - Marking task as SUCCESS. dag_id=rocket_launch2, task_id=wait_for_data, execution_date=20230925T000000, start_date=20231003T101624, end_date=20231003T101627
[2023-10-03T10:16:28.554+0000] {local_task_job_runner.py:232} INFO - Task exited with return code 0
[2023-10-03T10:16:29.353+0000] {taskinstance.py:2674} INFO - 1 downstream tasks scheduled from follow-on schedule check
