[2023-10-03T10:04:08.644+0000] {taskinstance.py:1125} INFO - Dependencies all met for dep_context=non-requeueable deps ti=<TaskInstance: rocket_launch2.check_launches scheduled__2023-09-26T00:00:00+00:00 [queued]>
[2023-10-03T10:04:08.852+0000] {taskinstance.py:1125} INFO - Dependencies all met for dep_context=requeueable deps ti=<TaskInstance: rocket_launch2.check_launches scheduled__2023-09-26T00:00:00+00:00 [queued]>
[2023-10-03T10:04:08.898+0000] {taskinstance.py:1331} INFO - Starting attempt 2 of 2
[2023-10-03T10:04:09.172+0000] {taskinstance.py:1350} INFO - Executing <Task(PythonOperator): check_launches> on 2023-09-26 00:00:00+00:00
[2023-10-03T10:04:09.255+0000] {standard_task_runner.py:57} INFO - Started process 3471 to run task
[2023-10-03T10:04:09.288+0000] {standard_task_runner.py:84} INFO - Running: ['***', 'tasks', 'run', 'rocket_launch2', 'check_launches', 'scheduled__2023-09-26T00:00:00+00:00', '--job-id', '278', '--raw', '--subdir', 'DAGS_FOLDER/rocket_launch.py', '--cfg-path', '/tmp/tmpw_g0fjgc']
[2023-10-03T10:04:09.288+0000] {standard_task_runner.py:85} INFO - Job 278: Subtask check_launches
[2023-10-03T10:04:09.896+0000] {task_command.py:410} INFO - Running <TaskInstance: rocket_launch2.check_launches scheduled__2023-09-26T00:00:00+00:00 [running]> on host e870058fa168
[2023-10-03T10:04:12.394+0000] {taskinstance.py:1570} INFO - Exporting env vars: AIRFLOW_CTX_DAG_OWNER='***' AIRFLOW_CTX_DAG_ID='rocket_launch2' AIRFLOW_CTX_TASK_ID='check_launches' AIRFLOW_CTX_EXECUTION_DATE='2023-09-26T00:00:00+00:00' AIRFLOW_CTX_TRY_NUMBER='2' AIRFLOW_CTX_DAG_RUN_ID='scheduled__2023-09-26T00:00:00+00:00'
[2023-10-03T10:04:12.485+0000] {python.py:183} INFO - Done. Returned value was: None
[2023-10-03T10:04:12.576+0000] {taskinstance.py:1373} INFO - Marking task as SUCCESS. dag_id=rocket_launch2, task_id=check_launches, execution_date=20230926T000000, start_date=20231003T100408, end_date=20231003T100412
[2023-10-03T10:04:13.089+0000] {local_task_job_runner.py:232} INFO - Task exited with return code 0
[2023-10-03T10:04:13.411+0000] {taskinstance.py:2674} INFO - 0 downstream tasks scheduled from follow-on schedule check
[2023-10-03T10:09:27.182+0000] {taskinstance.py:1125} INFO - Dependencies all met for dep_context=non-requeueable deps ti=<TaskInstance: rocket_launch2.check_launches scheduled__2023-09-26T00:00:00+00:00 [queued]>
[2023-10-03T10:09:27.400+0000] {taskinstance.py:1125} INFO - Dependencies all met for dep_context=requeueable deps ti=<TaskInstance: rocket_launch2.check_launches scheduled__2023-09-26T00:00:00+00:00 [queued]>
[2023-10-03T10:09:27.436+0000] {taskinstance.py:1331} INFO - Starting attempt 2 of 2
[2023-10-03T10:09:27.792+0000] {taskinstance.py:1350} INFO - Executing <Task(PythonOperator): check_launches> on 2023-09-26 00:00:00+00:00
[2023-10-03T10:09:28.057+0000] {standard_task_runner.py:84} INFO - Running: ['***', 'tasks', 'run', 'rocket_launch2', 'check_launches', 'scheduled__2023-09-26T00:00:00+00:00', '--job-id', '366', '--raw', '--subdir', 'DAGS_FOLDER/rocket_launch.py', '--cfg-path', '/tmp/tmp0fzzubxq']
[2023-10-03T10:09:28.058+0000] {standard_task_runner.py:85} INFO - Job 366: Subtask check_launches
[2023-10-03T10:09:28.046+0000] {standard_task_runner.py:57} INFO - Started process 3742 to run task
[2023-10-03T10:09:29.478+0000] {task_command.py:410} INFO - Running <TaskInstance: rocket_launch2.check_launches scheduled__2023-09-26T00:00:00+00:00 [running]> on host e870058fa168
[2023-10-03T10:09:31.923+0000] {taskinstance.py:1570} INFO - Exporting env vars: AIRFLOW_CTX_DAG_OWNER='***' AIRFLOW_CTX_DAG_ID='rocket_launch2' AIRFLOW_CTX_TASK_ID='check_launches' AIRFLOW_CTX_EXECUTION_DATE='2023-09-26T00:00:00+00:00' AIRFLOW_CTX_TRY_NUMBER='2' AIRFLOW_CTX_DAG_RUN_ID='scheduled__2023-09-26T00:00:00+00:00'
[2023-10-03T10:09:32.267+0000] {python.py:183} INFO - Done. Returned value was: None
[2023-10-03T10:09:32.460+0000] {taskinstance.py:1373} INFO - Marking task as SUCCESS. dag_id=rocket_launch2, task_id=check_launches, execution_date=20230926T000000, start_date=20231003T100927, end_date=20231003T100932
[2023-10-03T10:09:32.711+0000] {local_task_job_runner.py:232} INFO - Task exited with return code 0
[2023-10-03T10:09:32.928+0000] {taskinstance.py:2674} INFO - 0 downstream tasks scheduled from follow-on schedule check
