[2023-10-03T09:39:20.928+0000] {taskinstance.py:1125} INFO - Dependencies all met for dep_context=non-requeueable deps ti=<TaskInstance: rocket_launch2.wait_for_data scheduled__2023-09-21T00:00:00+00:00 [queued]>
[2023-10-03T09:39:21.309+0000] {taskinstance.py:1125} INFO - Dependencies all met for dep_context=requeueable deps ti=<TaskInstance: rocket_launch2.wait_for_data scheduled__2023-09-21T00:00:00+00:00 [queued]>
[2023-10-03T09:39:21.309+0000] {taskinstance.py:1331} INFO - Starting attempt 1 of 1
[2023-10-03T09:39:21.741+0000] {taskinstance.py:1350} INFO - Executing <Task(HttpSensor): wait_for_data> on 2023-09-21 00:00:00+00:00
[2023-10-03T09:39:21.789+0000] {standard_task_runner.py:57} INFO - Started process 2680 to run task
[2023-10-03T09:39:21.902+0000] {standard_task_runner.py:84} INFO - Running: ['***', 'tasks', 'run', 'rocket_launch2', 'wait_for_data', 'scheduled__2023-09-21T00:00:00+00:00', '--job-id', '89', '--raw', '--subdir', 'DAGS_FOLDER/rocket_launch.py', '--cfg-path', '/tmp/tmp5q82hqd1']
[2023-10-03T09:39:21.906+0000] {standard_task_runner.py:85} INFO - Job 89: Subtask wait_for_data
[2023-10-03T09:39:22.557+0000] {task_command.py:410} INFO - Running <TaskInstance: rocket_launch2.wait_for_data scheduled__2023-09-21T00:00:00+00:00 [running]> on host e870058fa168
[2023-10-03T09:39:23.518+0000] {taskinstance.py:1570} INFO - Exporting env vars: AIRFLOW_CTX_DAG_OWNER='***' AIRFLOW_CTX_DAG_ID='rocket_launch2' AIRFLOW_CTX_TASK_ID='wait_for_data' AIRFLOW_CTX_EXECUTION_DATE='2023-09-21T00:00:00+00:00' AIRFLOW_CTX_TRY_NUMBER='1' AIRFLOW_CTX_DAG_RUN_ID='scheduled__2023-09-21T00:00:00+00:00'
[2023-10-03T09:39:23.591+0000] {http.py:122} INFO - Poking: 
[2023-10-03T09:39:23.965+0000] {base.py:73} INFO - Using connection ID 'thespacedevs_dev' for task execution.
[2023-10-03T09:39:24.801+0000] {base.py:255} INFO - Success criteria met. Exiting.
[2023-10-03T09:39:24.979+0000] {taskinstance.py:1373} INFO - Marking task as SUCCESS. dag_id=rocket_launch2, task_id=wait_for_data, execution_date=20230921T000000, start_date=20231003T093920, end_date=20231003T093924
[2023-10-03T09:39:25.320+0000] {local_task_job_runner.py:232} INFO - Task exited with return code 0
[2023-10-03T09:39:25.903+0000] {taskinstance.py:2674} INFO - 1 downstream tasks scheduled from follow-on schedule check
[2023-10-03T10:02:10.583+0000] {taskinstance.py:1125} INFO - Dependencies all met for dep_context=non-requeueable deps ti=<TaskInstance: rocket_launch2.wait_for_data scheduled__2023-09-21T00:00:00+00:00 [queued]>
[2023-10-03T10:02:10.710+0000] {taskinstance.py:1125} INFO - Dependencies all met for dep_context=requeueable deps ti=<TaskInstance: rocket_launch2.wait_for_data scheduled__2023-09-21T00:00:00+00:00 [queued]>
[2023-10-03T10:02:10.712+0000] {taskinstance.py:1331} INFO - Starting attempt 1 of 1
[2023-10-03T10:02:10.842+0000] {taskinstance.py:1350} INFO - Executing <Task(HttpSensor): wait_for_data> on 2023-09-21 00:00:00+00:00
[2023-10-03T10:02:10.865+0000] {standard_task_runner.py:57} INFO - Started process 3290 to run task
[2023-10-03T10:02:10.887+0000] {standard_task_runner.py:84} INFO - Running: ['***', 'tasks', 'run', 'rocket_launch2', 'wait_for_data', 'scheduled__2023-09-21T00:00:00+00:00', '--job-id', '200', '--raw', '--subdir', 'DAGS_FOLDER/rocket_launch.py', '--cfg-path', '/tmp/tmpvdxxxo38']
[2023-10-03T10:02:10.905+0000] {standard_task_runner.py:85} INFO - Job 200: Subtask wait_for_data
[2023-10-03T10:02:11.709+0000] {task_command.py:410} INFO - Running <TaskInstance: rocket_launch2.wait_for_data scheduled__2023-09-21T00:00:00+00:00 [running]> on host e870058fa168
[2023-10-03T10:02:12.710+0000] {taskinstance.py:1570} INFO - Exporting env vars: AIRFLOW_CTX_DAG_OWNER='***' AIRFLOW_CTX_DAG_ID='rocket_launch2' AIRFLOW_CTX_TASK_ID='wait_for_data' AIRFLOW_CTX_EXECUTION_DATE='2023-09-21T00:00:00+00:00' AIRFLOW_CTX_TRY_NUMBER='1' AIRFLOW_CTX_DAG_RUN_ID='scheduled__2023-09-21T00:00:00+00:00'
[2023-10-03T10:02:12.711+0000] {http.py:122} INFO - Poking: 
[2023-10-03T10:02:12.803+0000] {base.py:73} INFO - Using connection ID 'thespacedevs_dev' for task execution.
[2023-10-03T10:02:13.520+0000] {base.py:255} INFO - Success criteria met. Exiting.
[2023-10-03T10:02:13.719+0000] {taskinstance.py:1373} INFO - Marking task as SUCCESS. dag_id=rocket_launch2, task_id=wait_for_data, execution_date=20230921T000000, start_date=20231003T100210, end_date=20231003T100213
[2023-10-03T10:02:14.301+0000] {local_task_job_runner.py:232} INFO - Task exited with return code 0
[2023-10-03T10:02:14.658+0000] {taskinstance.py:2674} INFO - 1 downstream tasks scheduled from follow-on schedule check
[2023-10-03T10:05:48.500+0000] {taskinstance.py:1125} INFO - Dependencies all met for dep_context=non-requeueable deps ti=<TaskInstance: rocket_launch2.wait_for_data scheduled__2023-09-21T00:00:00+00:00 [queued]>
[2023-10-03T10:05:48.637+0000] {taskinstance.py:1125} INFO - Dependencies all met for dep_context=requeueable deps ti=<TaskInstance: rocket_launch2.wait_for_data scheduled__2023-09-21T00:00:00+00:00 [queued]>
[2023-10-03T10:05:48.638+0000] {taskinstance.py:1331} INFO - Starting attempt 1 of 1
[2023-10-03T10:05:48.743+0000] {taskinstance.py:1350} INFO - Executing <Task(HttpSensor): wait_for_data> on 2023-09-21 00:00:00+00:00
[2023-10-03T10:05:48.750+0000] {standard_task_runner.py:57} INFO - Started process 3534 to run task
[2023-10-03T10:05:48.779+0000] {standard_task_runner.py:84} INFO - Running: ['***', 'tasks', 'run', 'rocket_launch2', 'wait_for_data', 'scheduled__2023-09-21T00:00:00+00:00', '--job-id', '291', '--raw', '--subdir', 'DAGS_FOLDER/rocket_launch.py', '--cfg-path', '/tmp/tmpv64w9mep']
[2023-10-03T10:05:48.780+0000] {standard_task_runner.py:85} INFO - Job 291: Subtask wait_for_data
[2023-10-03T10:05:49.255+0000] {task_command.py:410} INFO - Running <TaskInstance: rocket_launch2.wait_for_data scheduled__2023-09-21T00:00:00+00:00 [running]> on host e870058fa168
[2023-10-03T10:05:50.347+0000] {taskinstance.py:1570} INFO - Exporting env vars: AIRFLOW_CTX_DAG_OWNER='***' AIRFLOW_CTX_DAG_ID='rocket_launch2' AIRFLOW_CTX_TASK_ID='wait_for_data' AIRFLOW_CTX_EXECUTION_DATE='2023-09-21T00:00:00+00:00' AIRFLOW_CTX_TRY_NUMBER='1' AIRFLOW_CTX_DAG_RUN_ID='scheduled__2023-09-21T00:00:00+00:00'
[2023-10-03T10:05:50.359+0000] {http.py:122} INFO - Poking: 
[2023-10-03T10:05:50.458+0000] {base.py:73} INFO - Using connection ID 'thespacedevs_dev' for task execution.
[2023-10-03T10:05:51.160+0000] {base.py:255} INFO - Success criteria met. Exiting.
[2023-10-03T10:05:51.337+0000] {taskinstance.py:1373} INFO - Marking task as SUCCESS. dag_id=rocket_launch2, task_id=wait_for_data, execution_date=20230921T000000, start_date=20231003T100548, end_date=20231003T100551
[2023-10-03T10:05:51.571+0000] {local_task_job_runner.py:232} INFO - Task exited with return code 0
[2023-10-03T10:05:52.771+0000] {taskinstance.py:2674} INFO - 1 downstream tasks scheduled from follow-on schedule check
[2023-10-03T10:16:22.798+0000] {taskinstance.py:1125} INFO - Dependencies all met for dep_context=non-requeueable deps ti=<TaskInstance: rocket_launch2.wait_for_data scheduled__2023-09-21T00:00:00+00:00 [queued]>
[2023-10-03T10:16:22.956+0000] {taskinstance.py:1125} INFO - Dependencies all met for dep_context=requeueable deps ti=<TaskInstance: rocket_launch2.wait_for_data scheduled__2023-09-21T00:00:00+00:00 [queued]>
[2023-10-03T10:16:22.972+0000] {taskinstance.py:1331} INFO - Starting attempt 1 of 1
[2023-10-03T10:16:23.185+0000] {taskinstance.py:1350} INFO - Executing <Task(HttpSensor): wait_for_data> on 2023-09-21 00:00:00+00:00
[2023-10-03T10:16:23.225+0000] {standard_task_runner.py:57} INFO - Started process 3895 to run task
[2023-10-03T10:16:23.257+0000] {standard_task_runner.py:84} INFO - Running: ['***', 'tasks', 'run', 'rocket_launch2', 'wait_for_data', 'scheduled__2023-09-21T00:00:00+00:00', '--job-id', '383', '--raw', '--subdir', 'DAGS_FOLDER/rocket_launch.py', '--cfg-path', '/tmp/tmpxh3t0q35']
[2023-10-03T10:16:23.277+0000] {standard_task_runner.py:85} INFO - Job 383: Subtask wait_for_data
[2023-10-03T10:16:24.063+0000] {task_command.py:410} INFO - Running <TaskInstance: rocket_launch2.wait_for_data scheduled__2023-09-21T00:00:00+00:00 [running]> on host e870058fa168
[2023-10-03T10:16:25.457+0000] {taskinstance.py:1570} INFO - Exporting env vars: AIRFLOW_CTX_DAG_OWNER='***' AIRFLOW_CTX_DAG_ID='rocket_launch2' AIRFLOW_CTX_TASK_ID='wait_for_data' AIRFLOW_CTX_EXECUTION_DATE='2023-09-21T00:00:00+00:00' AIRFLOW_CTX_TRY_NUMBER='1' AIRFLOW_CTX_DAG_RUN_ID='scheduled__2023-09-21T00:00:00+00:00'
[2023-10-03T10:16:25.459+0000] {http.py:122} INFO - Poking: 
[2023-10-03T10:16:25.488+0000] {base.py:73} INFO - Using connection ID 'thespacedevs_dev' for task execution.
[2023-10-03T10:16:26.200+0000] {base.py:255} INFO - Success criteria met. Exiting.
[2023-10-03T10:16:26.314+0000] {taskinstance.py:1373} INFO - Marking task as SUCCESS. dag_id=rocket_launch2, task_id=wait_for_data, execution_date=20230921T000000, start_date=20231003T101622, end_date=20231003T101626
[2023-10-03T10:16:26.591+0000] {local_task_job_runner.py:232} INFO - Task exited with return code 0
[2023-10-03T10:16:27.012+0000] {taskinstance.py:2674} INFO - 0 downstream tasks scheduled from follow-on schedule check
