[2023-10-03T09:39:38.008+0000] {taskinstance.py:1125} INFO - Dependencies all met for dep_context=non-requeueable deps ti=<TaskInstance: rocket_launch2.task_get_op scheduled__2023-09-23T00:00:00+00:00 [queued]>
[2023-10-03T09:39:38.667+0000] {taskinstance.py:1125} INFO - Dependencies all met for dep_context=requeueable deps ti=<TaskInstance: rocket_launch2.task_get_op scheduled__2023-09-23T00:00:00+00:00 [queued]>
[2023-10-03T09:39:38.689+0000] {taskinstance.py:1331} INFO - Starting attempt 1 of 1
[2023-10-03T09:39:39.241+0000] {taskinstance.py:1350} INFO - Executing <Task(SimpleHttpOperator): task_get_op> on 2023-09-23 00:00:00+00:00
[2023-10-03T09:39:39.346+0000] {standard_task_runner.py:57} INFO - Started process 2719 to run task
[2023-10-03T09:39:39.412+0000] {standard_task_runner.py:84} INFO - Running: ['***', 'tasks', 'run', 'rocket_launch2', 'task_get_op', 'scheduled__2023-09-23T00:00:00+00:00', '--job-id', '108', '--raw', '--subdir', 'DAGS_FOLDER/rocket_launch.py', '--cfg-path', '/tmp/tmpgt0vn_og']
[2023-10-03T09:39:39.415+0000] {standard_task_runner.py:85} INFO - Job 108: Subtask task_get_op
[2023-10-03T09:39:39.816+0000] {task_command.py:410} INFO - Running <TaskInstance: rocket_launch2.task_get_op scheduled__2023-09-23T00:00:00+00:00 [running]> on host e870058fa168
[2023-10-03T09:39:40.046+0000] {warnings.py:110} WARNING - /home/***/.local/lib/python3.7/site-packages/***/utils/context.py:205: AirflowContextDeprecationWarning: Accessing 'next_ds' from the template is deprecated and will be removed in a future version. Please use '{{ data_interval_end | ds }}' instead.
  warnings.warn(_create_deprecation_warning(key, self._deprecation_replacements[key]))

[2023-10-03T09:39:40.667+0000] {taskinstance.py:1570} INFO - Exporting env vars: AIRFLOW_CTX_DAG_OWNER='***' AIRFLOW_CTX_DAG_ID='rocket_launch2' AIRFLOW_CTX_TASK_ID='task_get_op' AIRFLOW_CTX_EXECUTION_DATE='2023-09-23T00:00:00+00:00' AIRFLOW_CTX_TRY_NUMBER='1' AIRFLOW_CTX_DAG_RUN_ID='scheduled__2023-09-23T00:00:00+00:00'
[2023-10-03T09:39:40.667+0000] {http.py:123} INFO - Calling HTTP method
[2023-10-03T09:39:40.745+0000] {base.py:73} INFO - Using connection ID 'thespacedevs_dev' for task execution.
[2023-10-03T09:39:41.810+0000] {http.py:127} INFO - {"count":0,"next":null,"previous":null,"results":[]}
[2023-10-03T09:39:41.931+0000] {taskinstance.py:1373} INFO - Marking task as SUCCESS. dag_id=rocket_launch2, task_id=task_get_op, execution_date=20230923T000000, start_date=20231003T093938, end_date=20231003T093941
[2023-10-03T09:39:42.322+0000] {local_task_job_runner.py:232} INFO - Task exited with return code 0
[2023-10-03T09:39:42.688+0000] {taskinstance.py:2674} INFO - 0 downstream tasks scheduled from follow-on schedule check
[2023-10-03T10:02:23.189+0000] {taskinstance.py:1125} INFO - Dependencies all met for dep_context=non-requeueable deps ti=<TaskInstance: rocket_launch2.task_get_op scheduled__2023-09-23T00:00:00+00:00 [queued]>
[2023-10-03T10:02:23.417+0000] {taskinstance.py:1125} INFO - Dependencies all met for dep_context=requeueable deps ti=<TaskInstance: rocket_launch2.task_get_op scheduled__2023-09-23T00:00:00+00:00 [queued]>
[2023-10-03T10:02:23.428+0000] {taskinstance.py:1331} INFO - Starting attempt 1 of 1
[2023-10-03T10:02:23.834+0000] {taskinstance.py:1350} INFO - Executing <Task(SimpleHttpOperator): task_get_op> on 2023-09-23 00:00:00+00:00
[2023-10-03T10:02:23.889+0000] {standard_task_runner.py:57} INFO - Started process 3337 to run task
[2023-10-03T10:02:24.024+0000] {standard_task_runner.py:84} INFO - Running: ['***', 'tasks', 'run', 'rocket_launch2', 'task_get_op', 'scheduled__2023-09-23T00:00:00+00:00', '--job-id', '220', '--raw', '--subdir', 'DAGS_FOLDER/rocket_launch.py', '--cfg-path', '/tmp/tmpvmise0dd']
[2023-10-03T10:02:24.104+0000] {standard_task_runner.py:85} INFO - Job 220: Subtask task_get_op
[2023-10-03T10:02:25.145+0000] {task_command.py:410} INFO - Running <TaskInstance: rocket_launch2.task_get_op scheduled__2023-09-23T00:00:00+00:00 [running]> on host e870058fa168
[2023-10-03T10:02:26.215+0000] {warnings.py:110} WARNING - /home/***/.local/lib/python3.7/site-packages/***/utils/context.py:205: AirflowContextDeprecationWarning: Accessing 'next_ds' from the template is deprecated and will be removed in a future version. Please use '{{ data_interval_end | ds }}' instead.
  warnings.warn(_create_deprecation_warning(key, self._deprecation_replacements[key]))

[2023-10-03T10:02:27.137+0000] {taskinstance.py:1570} INFO - Exporting env vars: AIRFLOW_CTX_DAG_OWNER='***' AIRFLOW_CTX_DAG_ID='rocket_launch2' AIRFLOW_CTX_TASK_ID='task_get_op' AIRFLOW_CTX_EXECUTION_DATE='2023-09-23T00:00:00+00:00' AIRFLOW_CTX_TRY_NUMBER='1' AIRFLOW_CTX_DAG_RUN_ID='scheduled__2023-09-23T00:00:00+00:00'
[2023-10-03T10:02:27.144+0000] {http.py:123} INFO - Calling HTTP method
[2023-10-03T10:02:27.277+0000] {base.py:73} INFO - Using connection ID 'thespacedevs_dev' for task execution.
[2023-10-03T10:02:28.041+0000] {http.py:127} INFO - {"count":0,"next":null,"previous":null,"results":[]}
[2023-10-03T10:02:28.164+0000] {taskinstance.py:1373} INFO - Marking task as SUCCESS. dag_id=rocket_launch2, task_id=task_get_op, execution_date=20230923T000000, start_date=20231003T100223, end_date=20231003T100228
[2023-10-03T10:02:28.374+0000] {local_task_job_runner.py:232} INFO - Task exited with return code 0
[2023-10-03T10:02:29.130+0000] {taskinstance.py:2674} INFO - 0 downstream tasks scheduled from follow-on schedule check
[2023-10-03T10:06:02.784+0000] {taskinstance.py:1125} INFO - Dependencies all met for dep_context=non-requeueable deps ti=<TaskInstance: rocket_launch2.task_get_op scheduled__2023-09-23T00:00:00+00:00 [queued]>
[2023-10-03T10:06:03.007+0000] {taskinstance.py:1125} INFO - Dependencies all met for dep_context=requeueable deps ti=<TaskInstance: rocket_launch2.task_get_op scheduled__2023-09-23T00:00:00+00:00 [queued]>
[2023-10-03T10:06:03.011+0000] {taskinstance.py:1331} INFO - Starting attempt 1 of 1
[2023-10-03T10:06:03.256+0000] {taskinstance.py:1350} INFO - Executing <Task(SimpleHttpOperator): task_get_op> on 2023-09-23 00:00:00+00:00
[2023-10-03T10:06:03.292+0000] {standard_task_runner.py:57} INFO - Started process 3571 to run task
[2023-10-03T10:06:03.339+0000] {standard_task_runner.py:84} INFO - Running: ['***', 'tasks', 'run', 'rocket_launch2', 'task_get_op', 'scheduled__2023-09-23T00:00:00+00:00', '--job-id', '310', '--raw', '--subdir', 'DAGS_FOLDER/rocket_launch.py', '--cfg-path', '/tmp/tmptnqqm156']
[2023-10-03T10:06:03.363+0000] {standard_task_runner.py:85} INFO - Job 310: Subtask task_get_op
[2023-10-03T10:06:04.575+0000] {task_command.py:410} INFO - Running <TaskInstance: rocket_launch2.task_get_op scheduled__2023-09-23T00:00:00+00:00 [running]> on host e870058fa168
[2023-10-03T10:06:05.258+0000] {warnings.py:110} WARNING - /home/***/.local/lib/python3.7/site-packages/***/utils/context.py:205: AirflowContextDeprecationWarning: Accessing 'next_ds' from the template is deprecated and will be removed in a future version. Please use '{{ data_interval_end | ds }}' instead.
  warnings.warn(_create_deprecation_warning(key, self._deprecation_replacements[key]))

[2023-10-03T10:06:06.108+0000] {taskinstance.py:1570} INFO - Exporting env vars: AIRFLOW_CTX_DAG_OWNER='***' AIRFLOW_CTX_DAG_ID='rocket_launch2' AIRFLOW_CTX_TASK_ID='task_get_op' AIRFLOW_CTX_EXECUTION_DATE='2023-09-23T00:00:00+00:00' AIRFLOW_CTX_TRY_NUMBER='1' AIRFLOW_CTX_DAG_RUN_ID='scheduled__2023-09-23T00:00:00+00:00'
[2023-10-03T10:06:06.109+0000] {http.py:123} INFO - Calling HTTP method
[2023-10-03T10:06:06.174+0000] {base.py:73} INFO - Using connection ID 'thespacedevs_dev' for task execution.
[2023-10-03T10:06:06.592+0000] {http.py:127} INFO - {"count":0,"next":null,"previous":null,"results":[]}
[2023-10-03T10:06:06.745+0000] {taskinstance.py:1373} INFO - Marking task as SUCCESS. dag_id=rocket_launch2, task_id=task_get_op, execution_date=20230923T000000, start_date=20231003T100602, end_date=20231003T100606
[2023-10-03T10:06:06.986+0000] {local_task_job_runner.py:232} INFO - Task exited with return code 0
[2023-10-03T10:06:07.933+0000] {taskinstance.py:2674} INFO - 1 downstream tasks scheduled from follow-on schedule check
[2023-10-03T10:16:35.710+0000] {taskinstance.py:1125} INFO - Dependencies all met for dep_context=non-requeueable deps ti=<TaskInstance: rocket_launch2.task_get_op scheduled__2023-09-23T00:00:00+00:00 [queued]>
[2023-10-03T10:16:36.079+0000] {taskinstance.py:1125} INFO - Dependencies all met for dep_context=requeueable deps ti=<TaskInstance: rocket_launch2.task_get_op scheduled__2023-09-23T00:00:00+00:00 [queued]>
[2023-10-03T10:16:36.098+0000] {taskinstance.py:1331} INFO - Starting attempt 1 of 1
[2023-10-03T10:16:36.379+0000] {taskinstance.py:1350} INFO - Executing <Task(SimpleHttpOperator): task_get_op> on 2023-09-23 00:00:00+00:00
[2023-10-03T10:16:36.473+0000] {standard_task_runner.py:57} INFO - Started process 3942 to run task
[2023-10-03T10:16:36.516+0000] {standard_task_runner.py:84} INFO - Running: ['***', 'tasks', 'run', 'rocket_launch2', 'task_get_op', 'scheduled__2023-09-23T00:00:00+00:00', '--job-id', '405', '--raw', '--subdir', 'DAGS_FOLDER/rocket_launch.py', '--cfg-path', '/tmp/tmpvl9bvvk4']
[2023-10-03T10:16:36.534+0000] {standard_task_runner.py:85} INFO - Job 405: Subtask task_get_op
[2023-10-03T10:16:36.899+0000] {task_command.py:410} INFO - Running <TaskInstance: rocket_launch2.task_get_op scheduled__2023-09-23T00:00:00+00:00 [running]> on host e870058fa168
[2023-10-03T10:16:37.504+0000] {warnings.py:110} WARNING - /home/***/.local/lib/python3.7/site-packages/***/utils/context.py:205: AirflowContextDeprecationWarning: Accessing 'next_ds' from the template is deprecated and will be removed in a future version. Please use '{{ data_interval_end | ds }}' instead.
  warnings.warn(_create_deprecation_warning(key, self._deprecation_replacements[key]))

[2023-10-03T10:16:38.077+0000] {taskinstance.py:1570} INFO - Exporting env vars: AIRFLOW_CTX_DAG_OWNER='***' AIRFLOW_CTX_DAG_ID='rocket_launch2' AIRFLOW_CTX_TASK_ID='task_get_op' AIRFLOW_CTX_EXECUTION_DATE='2023-09-23T00:00:00+00:00' AIRFLOW_CTX_TRY_NUMBER='1' AIRFLOW_CTX_DAG_RUN_ID='scheduled__2023-09-23T00:00:00+00:00'
[2023-10-03T10:16:38.082+0000] {http.py:123} INFO - Calling HTTP method
[2023-10-03T10:16:38.199+0000] {base.py:73} INFO - Using connection ID 'thespacedevs_dev' for task execution.
[2023-10-03T10:16:39.307+0000] {http.py:127} INFO - {"count":0,"next":null,"previous":null,"results":[]}
[2023-10-03T10:16:39.602+0000] {taskinstance.py:1373} INFO - Marking task as SUCCESS. dag_id=rocket_launch2, task_id=task_get_op, execution_date=20230923T000000, start_date=20231003T101635, end_date=20231003T101639
[2023-10-03T10:16:40.188+0000] {local_task_job_runner.py:232} INFO - Task exited with return code 0
[2023-10-03T10:16:40.631+0000] {taskinstance.py:2674} INFO - 0 downstream tasks scheduled from follow-on schedule check
