[2023-10-03T09:39:23.372+0000] {taskinstance.py:1125} INFO - Dependencies all met for dep_context=non-requeueable deps ti=<TaskInstance: rocket_launch2.wait_for_data scheduled__2023-09-23T00:00:00+00:00 [queued]>
[2023-10-03T09:39:23.616+0000] {taskinstance.py:1125} INFO - Dependencies all met for dep_context=requeueable deps ti=<TaskInstance: rocket_launch2.wait_for_data scheduled__2023-09-23T00:00:00+00:00 [queued]>
[2023-10-03T09:39:23.616+0000] {taskinstance.py:1331} INFO - Starting attempt 1 of 1
[2023-10-03T09:39:24.314+0000] {taskinstance.py:1350} INFO - Executing <Task(HttpSensor): wait_for_data> on 2023-09-23 00:00:00+00:00
[2023-10-03T09:39:24.461+0000] {standard_task_runner.py:57} INFO - Started process 2688 to run task
[2023-10-03T09:39:24.484+0000] {standard_task_runner.py:84} INFO - Running: ['***', 'tasks', 'run', 'rocket_launch2', 'wait_for_data', 'scheduled__2023-09-23T00:00:00+00:00', '--job-id', '93', '--raw', '--subdir', 'DAGS_FOLDER/rocket_launch.py', '--cfg-path', '/tmp/tmp1qu_qrtg']
[2023-10-03T09:39:24.510+0000] {standard_task_runner.py:85} INFO - Job 93: Subtask wait_for_data
[2023-10-03T09:39:25.293+0000] {task_command.py:410} INFO - Running <TaskInstance: rocket_launch2.wait_for_data scheduled__2023-09-23T00:00:00+00:00 [running]> on host e870058fa168
[2023-10-03T09:39:26.445+0000] {taskinstance.py:1570} INFO - Exporting env vars: AIRFLOW_CTX_DAG_OWNER='***' AIRFLOW_CTX_DAG_ID='rocket_launch2' AIRFLOW_CTX_TASK_ID='wait_for_data' AIRFLOW_CTX_EXECUTION_DATE='2023-09-23T00:00:00+00:00' AIRFLOW_CTX_TRY_NUMBER='1' AIRFLOW_CTX_DAG_RUN_ID='scheduled__2023-09-23T00:00:00+00:00'
[2023-10-03T09:39:26.458+0000] {http.py:122} INFO - Poking: 
[2023-10-03T09:39:26.707+0000] {base.py:73} INFO - Using connection ID 'thespacedevs_dev' for task execution.
[2023-10-03T09:39:27.536+0000] {base.py:255} INFO - Success criteria met. Exiting.
[2023-10-03T09:39:27.651+0000] {taskinstance.py:1373} INFO - Marking task as SUCCESS. dag_id=rocket_launch2, task_id=wait_for_data, execution_date=20230923T000000, start_date=20231003T093923, end_date=20231003T093927
[2023-10-03T09:39:28.046+0000] {local_task_job_runner.py:232} INFO - Task exited with return code 0
[2023-10-03T09:39:29.333+0000] {taskinstance.py:2674} INFO - 1 downstream tasks scheduled from follow-on schedule check
[2023-10-03T10:02:12.664+0000] {taskinstance.py:1125} INFO - Dependencies all met for dep_context=non-requeueable deps ti=<TaskInstance: rocket_launch2.wait_for_data scheduled__2023-09-23T00:00:00+00:00 [queued]>
[2023-10-03T10:02:12.821+0000] {taskinstance.py:1125} INFO - Dependencies all met for dep_context=requeueable deps ti=<TaskInstance: rocket_launch2.wait_for_data scheduled__2023-09-23T00:00:00+00:00 [queued]>
[2023-10-03T10:02:12.821+0000] {taskinstance.py:1331} INFO - Starting attempt 1 of 1
[2023-10-03T10:02:13.058+0000] {taskinstance.py:1350} INFO - Executing <Task(HttpSensor): wait_for_data> on 2023-09-23 00:00:00+00:00
[2023-10-03T10:02:13.113+0000] {standard_task_runner.py:57} INFO - Started process 3295 to run task
[2023-10-03T10:02:13.131+0000] {standard_task_runner.py:84} INFO - Running: ['***', 'tasks', 'run', 'rocket_launch2', 'wait_for_data', 'scheduled__2023-09-23T00:00:00+00:00', '--job-id', '204', '--raw', '--subdir', 'DAGS_FOLDER/rocket_launch.py', '--cfg-path', '/tmp/tmpm8g0lg_7']
[2023-10-03T10:02:13.131+0000] {standard_task_runner.py:85} INFO - Job 204: Subtask wait_for_data
[2023-10-03T10:02:14.286+0000] {task_command.py:410} INFO - Running <TaskInstance: rocket_launch2.wait_for_data scheduled__2023-09-23T00:00:00+00:00 [running]> on host e870058fa168
[2023-10-03T10:02:15.168+0000] {taskinstance.py:1570} INFO - Exporting env vars: AIRFLOW_CTX_DAG_OWNER='***' AIRFLOW_CTX_DAG_ID='rocket_launch2' AIRFLOW_CTX_TASK_ID='wait_for_data' AIRFLOW_CTX_EXECUTION_DATE='2023-09-23T00:00:00+00:00' AIRFLOW_CTX_TRY_NUMBER='1' AIRFLOW_CTX_DAG_RUN_ID='scheduled__2023-09-23T00:00:00+00:00'
[2023-10-03T10:02:15.175+0000] {http.py:122} INFO - Poking: 
[2023-10-03T10:02:15.263+0000] {base.py:73} INFO - Using connection ID 'thespacedevs_dev' for task execution.
[2023-10-03T10:02:15.797+0000] {base.py:255} INFO - Success criteria met. Exiting.
[2023-10-03T10:02:15.969+0000] {taskinstance.py:1373} INFO - Marking task as SUCCESS. dag_id=rocket_launch2, task_id=wait_for_data, execution_date=20230923T000000, start_date=20231003T100212, end_date=20231003T100215
[2023-10-03T10:02:16.255+0000] {local_task_job_runner.py:232} INFO - Task exited with return code 0
[2023-10-03T10:02:16.564+0000] {taskinstance.py:2674} INFO - 1 downstream tasks scheduled from follow-on schedule check
[2023-10-03T10:05:49.771+0000] {taskinstance.py:1125} INFO - Dependencies all met for dep_context=non-requeueable deps ti=<TaskInstance: rocket_launch2.wait_for_data scheduled__2023-09-23T00:00:00+00:00 [queued]>
[2023-10-03T10:05:49.945+0000] {taskinstance.py:1125} INFO - Dependencies all met for dep_context=requeueable deps ti=<TaskInstance: rocket_launch2.wait_for_data scheduled__2023-09-23T00:00:00+00:00 [queued]>
[2023-10-03T10:05:49.945+0000] {taskinstance.py:1331} INFO - Starting attempt 1 of 1
[2023-10-03T10:05:50.103+0000] {taskinstance.py:1350} INFO - Executing <Task(HttpSensor): wait_for_data> on 2023-09-23 00:00:00+00:00
[2023-10-03T10:05:50.161+0000] {standard_task_runner.py:57} INFO - Started process 3538 to run task
[2023-10-03T10:05:50.173+0000] {standard_task_runner.py:84} INFO - Running: ['***', 'tasks', 'run', 'rocket_launch2', 'wait_for_data', 'scheduled__2023-09-23T00:00:00+00:00', '--job-id', '294', '--raw', '--subdir', 'DAGS_FOLDER/rocket_launch.py', '--cfg-path', '/tmp/tmpbkh9c0uy']
[2023-10-03T10:05:50.173+0000] {standard_task_runner.py:85} INFO - Job 294: Subtask wait_for_data
[2023-10-03T10:05:50.727+0000] {task_command.py:410} INFO - Running <TaskInstance: rocket_launch2.wait_for_data scheduled__2023-09-23T00:00:00+00:00 [running]> on host e870058fa168
[2023-10-03T10:05:52.707+0000] {taskinstance.py:1570} INFO - Exporting env vars: AIRFLOW_CTX_DAG_OWNER='***' AIRFLOW_CTX_DAG_ID='rocket_launch2' AIRFLOW_CTX_TASK_ID='wait_for_data' AIRFLOW_CTX_EXECUTION_DATE='2023-09-23T00:00:00+00:00' AIRFLOW_CTX_TRY_NUMBER='1' AIRFLOW_CTX_DAG_RUN_ID='scheduled__2023-09-23T00:00:00+00:00'
[2023-10-03T10:05:52.721+0000] {http.py:122} INFO - Poking: 
[2023-10-03T10:05:52.924+0000] {base.py:73} INFO - Using connection ID 'thespacedevs_dev' for task execution.
[2023-10-03T10:05:53.590+0000] {base.py:255} INFO - Success criteria met. Exiting.
[2023-10-03T10:05:53.761+0000] {taskinstance.py:1373} INFO - Marking task as SUCCESS. dag_id=rocket_launch2, task_id=wait_for_data, execution_date=20230923T000000, start_date=20231003T100549, end_date=20231003T100553
[2023-10-03T10:05:54.444+0000] {local_task_job_runner.py:232} INFO - Task exited with return code 0
[2023-10-03T10:05:55.567+0000] {taskinstance.py:2674} INFO - 1 downstream tasks scheduled from follow-on schedule check
[2023-10-03T10:16:23.866+0000] {taskinstance.py:1125} INFO - Dependencies all met for dep_context=non-requeueable deps ti=<TaskInstance: rocket_launch2.wait_for_data scheduled__2023-09-23T00:00:00+00:00 [queued]>
[2023-10-03T10:16:24.062+0000] {taskinstance.py:1125} INFO - Dependencies all met for dep_context=requeueable deps ti=<TaskInstance: rocket_launch2.wait_for_data scheduled__2023-09-23T00:00:00+00:00 [queued]>
[2023-10-03T10:16:24.112+0000] {taskinstance.py:1331} INFO - Starting attempt 1 of 1
[2023-10-03T10:16:24.414+0000] {taskinstance.py:1350} INFO - Executing <Task(HttpSensor): wait_for_data> on 2023-09-23 00:00:00+00:00
[2023-10-03T10:16:24.456+0000] {standard_task_runner.py:57} INFO - Started process 3904 to run task
[2023-10-03T10:16:24.508+0000] {standard_task_runner.py:84} INFO - Running: ['***', 'tasks', 'run', 'rocket_launch2', 'wait_for_data', 'scheduled__2023-09-23T00:00:00+00:00', '--job-id', '385', '--raw', '--subdir', 'DAGS_FOLDER/rocket_launch.py', '--cfg-path', '/tmp/tmpt8cyvhdc']
[2023-10-03T10:16:24.515+0000] {standard_task_runner.py:85} INFO - Job 385: Subtask wait_for_data
[2023-10-03T10:16:25.271+0000] {task_command.py:410} INFO - Running <TaskInstance: rocket_launch2.wait_for_data scheduled__2023-09-23T00:00:00+00:00 [running]> on host e870058fa168
[2023-10-03T10:16:26.536+0000] {taskinstance.py:1570} INFO - Exporting env vars: AIRFLOW_CTX_DAG_OWNER='***' AIRFLOW_CTX_DAG_ID='rocket_launch2' AIRFLOW_CTX_TASK_ID='wait_for_data' AIRFLOW_CTX_EXECUTION_DATE='2023-09-23T00:00:00+00:00' AIRFLOW_CTX_TRY_NUMBER='1' AIRFLOW_CTX_DAG_RUN_ID='scheduled__2023-09-23T00:00:00+00:00'
[2023-10-03T10:16:26.538+0000] {http.py:122} INFO - Poking: 
[2023-10-03T10:16:26.634+0000] {base.py:73} INFO - Using connection ID 'thespacedevs_dev' for task execution.
[2023-10-03T10:16:27.489+0000] {base.py:255} INFO - Success criteria met. Exiting.
[2023-10-03T10:16:27.635+0000] {taskinstance.py:1373} INFO - Marking task as SUCCESS. dag_id=rocket_launch2, task_id=wait_for_data, execution_date=20230923T000000, start_date=20231003T101623, end_date=20231003T101627
[2023-10-03T10:16:28.054+0000] {local_task_job_runner.py:232} INFO - Task exited with return code 0
[2023-10-03T10:16:28.819+0000] {taskinstance.py:2674} INFO - 1 downstream tasks scheduled from follow-on schedule check
