[2023-10-03T10:04:08.221+0000] {taskinstance.py:1125} INFO - Dependencies all met for dep_context=non-requeueable deps ti=<TaskInstance: rocket_launch2.check_launches scheduled__2023-09-27T00:00:00+00:00 [queued]>
[2023-10-03T10:04:08.310+0000] {taskinstance.py:1125} INFO - Dependencies all met for dep_context=requeueable deps ti=<TaskInstance: rocket_launch2.check_launches scheduled__2023-09-27T00:00:00+00:00 [queued]>
[2023-10-03T10:04:08.311+0000] {taskinstance.py:1331} INFO - Starting attempt 2 of 2
[2023-10-03T10:04:08.513+0000] {taskinstance.py:1350} INFO - Executing <Task(PythonOperator): check_launches> on 2023-09-27 00:00:00+00:00
[2023-10-03T10:04:08.606+0000] {standard_task_runner.py:57} INFO - Started process 3463 to run task
[2023-10-03T10:04:08.655+0000] {standard_task_runner.py:84} INFO - Running: ['***', 'tasks', 'run', 'rocket_launch2', 'check_launches', 'scheduled__2023-09-27T00:00:00+00:00', '--job-id', '268', '--raw', '--subdir', 'DAGS_FOLDER/rocket_launch.py', '--cfg-path', '/tmp/tmpol075xhk']
[2023-10-03T10:04:08.662+0000] {standard_task_runner.py:85} INFO - Job 268: Subtask check_launches
[2023-10-03T10:04:09.097+0000] {task_command.py:410} INFO - Running <TaskInstance: rocket_launch2.check_launches scheduled__2023-09-27T00:00:00+00:00 [running]> on host e870058fa168
[2023-10-03T10:04:10.664+0000] {taskinstance.py:1570} INFO - Exporting env vars: AIRFLOW_CTX_DAG_OWNER='***' AIRFLOW_CTX_DAG_ID='rocket_launch2' AIRFLOW_CTX_TASK_ID='check_launches' AIRFLOW_CTX_EXECUTION_DATE='2023-09-27T00:00:00+00:00' AIRFLOW_CTX_TRY_NUMBER='2' AIRFLOW_CTX_DAG_RUN_ID='scheduled__2023-09-27T00:00:00+00:00'
[2023-10-03T10:04:10.774+0000] {python.py:183} INFO - Done. Returned value was: None
[2023-10-03T10:04:10.914+0000] {taskinstance.py:1373} INFO - Marking task as SUCCESS. dag_id=rocket_launch2, task_id=check_launches, execution_date=20230927T000000, start_date=20231003T100408, end_date=20231003T100410
[2023-10-03T10:04:11.389+0000] {local_task_job_runner.py:232} INFO - Task exited with return code 0
[2023-10-03T10:04:12.020+0000] {taskinstance.py:2674} INFO - 0 downstream tasks scheduled from follow-on schedule check
[2023-10-03T10:09:27.428+0000] {taskinstance.py:1125} INFO - Dependencies all met for dep_context=non-requeueable deps ti=<TaskInstance: rocket_launch2.check_launches scheduled__2023-09-27T00:00:00+00:00 [queued]>
[2023-10-03T10:09:27.712+0000] {taskinstance.py:1125} INFO - Dependencies all met for dep_context=requeueable deps ti=<TaskInstance: rocket_launch2.check_launches scheduled__2023-09-27T00:00:00+00:00 [queued]>
[2023-10-03T10:09:27.735+0000] {taskinstance.py:1331} INFO - Starting attempt 2 of 2
[2023-10-03T10:09:28.161+0000] {taskinstance.py:1350} INFO - Executing <Task(PythonOperator): check_launches> on 2023-09-27 00:00:00+00:00
[2023-10-03T10:09:28.234+0000] {standard_task_runner.py:57} INFO - Started process 3745 to run task
[2023-10-03T10:09:28.381+0000] {standard_task_runner.py:84} INFO - Running: ['***', 'tasks', 'run', 'rocket_launch2', 'check_launches', 'scheduled__2023-09-27T00:00:00+00:00', '--job-id', '370', '--raw', '--subdir', 'DAGS_FOLDER/rocket_launch.py', '--cfg-path', '/tmp/tmpi3o8_064']
[2023-10-03T10:09:28.491+0000] {standard_task_runner.py:85} INFO - Job 370: Subtask check_launches
[2023-10-03T10:09:29.704+0000] {task_command.py:410} INFO - Running <TaskInstance: rocket_launch2.check_launches scheduled__2023-09-27T00:00:00+00:00 [running]> on host e870058fa168
[2023-10-03T10:09:31.964+0000] {taskinstance.py:1570} INFO - Exporting env vars: AIRFLOW_CTX_DAG_OWNER='***' AIRFLOW_CTX_DAG_ID='rocket_launch2' AIRFLOW_CTX_TASK_ID='check_launches' AIRFLOW_CTX_EXECUTION_DATE='2023-09-27T00:00:00+00:00' AIRFLOW_CTX_TRY_NUMBER='2' AIRFLOW_CTX_DAG_RUN_ID='scheduled__2023-09-27T00:00:00+00:00'
[2023-10-03T10:09:32.277+0000] {python.py:183} INFO - Done. Returned value was: None
[2023-10-03T10:09:32.501+0000] {taskinstance.py:1373} INFO - Marking task as SUCCESS. dag_id=rocket_launch2, task_id=check_launches, execution_date=20230927T000000, start_date=20231003T100927, end_date=20231003T100932
[2023-10-03T10:09:32.722+0000] {local_task_job_runner.py:232} INFO - Task exited with return code 0
[2023-10-03T10:09:32.888+0000] {taskinstance.py:2674} INFO - 0 downstream tasks scheduled from follow-on schedule check
