[2023-10-03T09:53:05.148+0000] {taskinstance.py:1125} INFO - Dependencies all met for dep_context=non-requeueable deps ti=<TaskInstance: rocket_launch2.check_launches scheduled__2023-09-27T00:00:00+00:00 [queued]>
[2023-10-03T09:53:05.185+0000] {taskinstance.py:1125} INFO - Dependencies all met for dep_context=requeueable deps ti=<TaskInstance: rocket_launch2.check_launches scheduled__2023-09-27T00:00:00+00:00 [queued]>
[2023-10-03T09:53:05.189+0000] {taskinstance.py:1331} INFO - Starting attempt 1 of 1
[2023-10-03T09:53:05.562+0000] {taskinstance.py:1350} INFO - Executing <Task(ShortCircuitOperator): check_launches> on 2023-09-27 00:00:00+00:00
[2023-10-03T09:53:05.613+0000] {standard_task_runner.py:57} INFO - Started process 3055 to run task
[2023-10-03T09:53:05.686+0000] {standard_task_runner.py:84} INFO - Running: ['***', 'tasks', 'run', 'rocket_launch2', 'check_launches', 'scheduled__2023-09-27T00:00:00+00:00', '--job-id', '161', '--raw', '--subdir', 'DAGS_FOLDER/rocket_launch.py', '--cfg-path', '/tmp/tmptpkpeuf0']
[2023-10-03T09:53:05.786+0000] {standard_task_runner.py:85} INFO - Job 161: Subtask check_launches
[2023-10-03T09:53:06.265+0000] {task_command.py:410} INFO - Running <TaskInstance: rocket_launch2.check_launches scheduled__2023-09-27T00:00:00+00:00 [running]> on host e870058fa168
[2023-10-03T09:53:07.212+0000] {taskinstance.py:1570} INFO - Exporting env vars: AIRFLOW_CTX_DAG_OWNER='***' AIRFLOW_CTX_DAG_ID='rocket_launch2' AIRFLOW_CTX_TASK_ID='check_launches' AIRFLOW_CTX_EXECUTION_DATE='2023-09-27T00:00:00+00:00' AIRFLOW_CTX_TRY_NUMBER='1' AIRFLOW_CTX_DAG_RUN_ID='scheduled__2023-09-27T00:00:00+00:00'
[2023-10-03T09:53:07.380+0000] {python.py:183} INFO - Done. Returned value was: True
[2023-10-03T09:53:07.392+0000] {python.py:253} INFO - Condition result is True
[2023-10-03T09:53:07.392+0000] {python.py:256} INFO - Proceeding with downstream tasks...
[2023-10-03T09:53:07.758+0000] {taskinstance.py:1373} INFO - Marking task as SUCCESS. dag_id=rocket_launch2, task_id=check_launches, execution_date=20230927T000000, start_date=20231003T095305, end_date=20231003T095307
[2023-10-03T09:53:08.135+0000] {local_task_job_runner.py:232} INFO - Task exited with return code 0
[2023-10-03T09:53:08.559+0000] {taskinstance.py:2674} INFO - 0 downstream tasks scheduled from follow-on schedule check
[2023-10-03T10:02:39.059+0000] {taskinstance.py:1125} INFO - Dependencies all met for dep_context=non-requeueable deps ti=<TaskInstance: rocket_launch2.check_launches scheduled__2023-09-27T00:00:00+00:00 [queued]>
[2023-10-03T10:02:39.099+0000] {taskinstance.py:1125} INFO - Dependencies all met for dep_context=requeueable deps ti=<TaskInstance: rocket_launch2.check_launches scheduled__2023-09-27T00:00:00+00:00 [queued]>
[2023-10-03T10:02:39.099+0000] {taskinstance.py:1331} INFO - Starting attempt 1 of 1
[2023-10-03T10:02:39.213+0000] {taskinstance.py:1350} INFO - Executing <Task(PythonOperator): check_launches> on 2023-09-27 00:00:00+00:00
[2023-10-03T10:02:39.263+0000] {standard_task_runner.py:57} INFO - Started process 3375 to run task
[2023-10-03T10:02:39.296+0000] {standard_task_runner.py:84} INFO - Running: ['***', 'tasks', 'run', 'rocket_launch2', 'check_launches', 'scheduled__2023-09-27T00:00:00+00:00', '--job-id', '240', '--raw', '--subdir', 'DAGS_FOLDER/rocket_launch.py', '--cfg-path', '/tmp/tmpzn3sn_un']
[2023-10-03T10:02:39.310+0000] {standard_task_runner.py:85} INFO - Job 240: Subtask check_launches
[2023-10-03T10:02:39.808+0000] {task_command.py:410} INFO - Running <TaskInstance: rocket_launch2.check_launches scheduled__2023-09-27T00:00:00+00:00 [running]> on host e870058fa168
[2023-10-03T10:02:41.259+0000] {taskinstance.py:1570} INFO - Exporting env vars: AIRFLOW_CTX_DAG_OWNER='***' AIRFLOW_CTX_DAG_ID='rocket_launch2' AIRFLOW_CTX_TASK_ID='check_launches' AIRFLOW_CTX_EXECUTION_DATE='2023-09-27T00:00:00+00:00' AIRFLOW_CTX_TRY_NUMBER='1' AIRFLOW_CTX_DAG_RUN_ID='scheduled__2023-09-27T00:00:00+00:00'
[2023-10-03T10:02:41.393+0000] {python.py:183} INFO - Done. Returned value was: None
[2023-10-03T10:02:41.436+0000] {taskinstance.py:1373} INFO - Marking task as SUCCESS. dag_id=rocket_launch2, task_id=check_launches, execution_date=20230927T000000, start_date=20231003T100239, end_date=20231003T100241
[2023-10-03T10:02:41.506+0000] {local_task_job_runner.py:232} INFO - Task exited with return code 0
[2023-10-03T10:02:41.699+0000] {taskinstance.py:2674} INFO - 1 downstream tasks scheduled from follow-on schedule check
[2023-10-03T10:06:17.349+0000] {taskinstance.py:1125} INFO - Dependencies all met for dep_context=non-requeueable deps ti=<TaskInstance: rocket_launch2.check_launches scheduled__2023-09-27T00:00:00+00:00 [queued]>
[2023-10-03T10:06:17.523+0000] {taskinstance.py:1125} INFO - Dependencies all met for dep_context=requeueable deps ti=<TaskInstance: rocket_launch2.check_launches scheduled__2023-09-27T00:00:00+00:00 [queued]>
[2023-10-03T10:06:17.542+0000] {taskinstance.py:1331} INFO - Starting attempt 1 of 1
[2023-10-03T10:06:17.705+0000] {taskinstance.py:1350} INFO - Executing <Task(PythonOperator): check_launches> on 2023-09-27 00:00:00+00:00
[2023-10-03T10:06:17.792+0000] {standard_task_runner.py:57} INFO - Started process 3621 to run task
[2023-10-03T10:06:17.822+0000] {standard_task_runner.py:84} INFO - Running: ['***', 'tasks', 'run', 'rocket_launch2', 'check_launches', 'scheduled__2023-09-27T00:00:00+00:00', '--job-id', '330', '--raw', '--subdir', 'DAGS_FOLDER/rocket_launch.py', '--cfg-path', '/tmp/tmp_lhl7jj3']
[2023-10-03T10:06:17.871+0000] {standard_task_runner.py:85} INFO - Job 330: Subtask check_launches
[2023-10-03T10:06:18.494+0000] {task_command.py:410} INFO - Running <TaskInstance: rocket_launch2.check_launches scheduled__2023-09-27T00:00:00+00:00 [running]> on host e870058fa168
[2023-10-03T10:06:19.102+0000] {taskinstance.py:1570} INFO - Exporting env vars: AIRFLOW_CTX_DAG_OWNER='***' AIRFLOW_CTX_DAG_ID='rocket_launch2' AIRFLOW_CTX_TASK_ID='check_launches' AIRFLOW_CTX_EXECUTION_DATE='2023-09-27T00:00:00+00:00' AIRFLOW_CTX_TRY_NUMBER='1' AIRFLOW_CTX_DAG_RUN_ID='scheduled__2023-09-27T00:00:00+00:00'
[2023-10-03T10:06:19.157+0000] {python.py:183} INFO - Done. Returned value was: None
[2023-10-03T10:06:19.247+0000] {taskinstance.py:1373} INFO - Marking task as SUCCESS. dag_id=rocket_launch2, task_id=check_launches, execution_date=20230927T000000, start_date=20231003T100617, end_date=20231003T100619
[2023-10-03T10:06:19.487+0000] {local_task_job_runner.py:232} INFO - Task exited with return code 0
[2023-10-03T10:06:19.661+0000] {taskinstance.py:2674} INFO - 0 downstream tasks scheduled from follow-on schedule check
[2023-10-03T10:16:45.276+0000] {taskinstance.py:1125} INFO - Dependencies all met for dep_context=non-requeueable deps ti=<TaskInstance: rocket_launch2.check_launches scheduled__2023-09-27T00:00:00+00:00 [queued]>
[2023-10-03T10:16:45.369+0000] {taskinstance.py:1125} INFO - Dependencies all met for dep_context=requeueable deps ti=<TaskInstance: rocket_launch2.check_launches scheduled__2023-09-27T00:00:00+00:00 [queued]>
[2023-10-03T10:16:45.375+0000] {taskinstance.py:1331} INFO - Starting attempt 1 of 1
[2023-10-03T10:16:45.717+0000] {taskinstance.py:1350} INFO - Executing <Task(PythonOperator): check_launches> on 2023-09-27 00:00:00+00:00
[2023-10-03T10:16:45.801+0000] {standard_task_runner.py:57} INFO - Started process 3969 to run task
[2023-10-03T10:16:45.925+0000] {standard_task_runner.py:84} INFO - Running: ['***', 'tasks', 'run', 'rocket_launch2', 'check_launches', 'scheduled__2023-09-27T00:00:00+00:00', '--job-id', '417', '--raw', '--subdir', 'DAGS_FOLDER/rocket_launch.py', '--cfg-path', '/tmp/tmp1aei1dzs']
[2023-10-03T10:16:46.002+0000] {standard_task_runner.py:85} INFO - Job 417: Subtask check_launches
[2023-10-03T10:16:46.693+0000] {task_command.py:410} INFO - Running <TaskInstance: rocket_launch2.check_launches scheduled__2023-09-27T00:00:00+00:00 [running]> on host e870058fa168
[2023-10-03T10:16:48.136+0000] {taskinstance.py:1570} INFO - Exporting env vars: AIRFLOW_CTX_DAG_OWNER='***' AIRFLOW_CTX_DAG_ID='rocket_launch2' AIRFLOW_CTX_TASK_ID='check_launches' AIRFLOW_CTX_EXECUTION_DATE='2023-09-27T00:00:00+00:00' AIRFLOW_CTX_TRY_NUMBER='1' AIRFLOW_CTX_DAG_RUN_ID='scheduled__2023-09-27T00:00:00+00:00'
[2023-10-03T10:16:48.314+0000] {python.py:183} INFO - Done. Returned value was: None
[2023-10-03T10:16:48.416+0000] {taskinstance.py:1373} INFO - Marking task as SUCCESS. dag_id=rocket_launch2, task_id=check_launches, execution_date=20230927T000000, start_date=20231003T101645, end_date=20231003T101648
[2023-10-03T10:16:48.756+0000] {local_task_job_runner.py:232} INFO - Task exited with return code 0
[2023-10-03T10:16:48.939+0000] {taskinstance.py:2674} INFO - 1 downstream tasks scheduled from follow-on schedule check
