[2023-10-03T09:39:16.353+0000] {taskinstance.py:1125} INFO - Dependencies all met for dep_context=non-requeueable deps ti=<TaskInstance: rocket_launch2.wait_for_data scheduled__2023-09-16T00:00:00+00:00 [queued]>
[2023-10-03T09:39:16.555+0000] {taskinstance.py:1125} INFO - Dependencies all met for dep_context=requeueable deps ti=<TaskInstance: rocket_launch2.wait_for_data scheduled__2023-09-16T00:00:00+00:00 [queued]>
[2023-10-03T09:39:16.556+0000] {taskinstance.py:1331} INFO - Starting attempt 1 of 1
[2023-10-03T09:39:16.784+0000] {taskinstance.py:1350} INFO - Executing <Task(HttpSensor): wait_for_data> on 2023-09-16 00:00:00+00:00
[2023-10-03T09:39:16.863+0000] {standard_task_runner.py:57} INFO - Started process 2665 to run task
[2023-10-03T09:39:16.956+0000] {standard_task_runner.py:84} INFO - Running: ['***', 'tasks', 'run', 'rocket_launch2', 'wait_for_data', 'scheduled__2023-09-16T00:00:00+00:00', '--job-id', '84', '--raw', '--subdir', 'DAGS_FOLDER/rocket_launch.py', '--cfg-path', '/tmp/tmp_56h0yg3']
[2023-10-03T09:39:16.974+0000] {standard_task_runner.py:85} INFO - Job 84: Subtask wait_for_data
[2023-10-03T09:39:17.553+0000] {task_command.py:410} INFO - Running <TaskInstance: rocket_launch2.wait_for_data scheduled__2023-09-16T00:00:00+00:00 [running]> on host e870058fa168
[2023-10-03T09:39:19.035+0000] {taskinstance.py:1570} INFO - Exporting env vars: AIRFLOW_CTX_DAG_OWNER='***' AIRFLOW_CTX_DAG_ID='rocket_launch2' AIRFLOW_CTX_TASK_ID='wait_for_data' AIRFLOW_CTX_EXECUTION_DATE='2023-09-16T00:00:00+00:00' AIRFLOW_CTX_TRY_NUMBER='1' AIRFLOW_CTX_DAG_RUN_ID='scheduled__2023-09-16T00:00:00+00:00'
[2023-10-03T09:39:19.056+0000] {http.py:122} INFO - Poking: 
[2023-10-03T09:39:19.168+0000] {base.py:73} INFO - Using connection ID 'thespacedevs_dev' for task execution.
[2023-10-03T09:39:20.208+0000] {base.py:255} INFO - Success criteria met. Exiting.
[2023-10-03T09:39:20.266+0000] {taskinstance.py:1373} INFO - Marking task as SUCCESS. dag_id=rocket_launch2, task_id=wait_for_data, execution_date=20230916T000000, start_date=20231003T093916, end_date=20231003T093920
[2023-10-03T09:39:20.466+0000] {local_task_job_runner.py:232} INFO - Task exited with return code 0
[2023-10-03T09:39:21.058+0000] {taskinstance.py:2674} INFO - 1 downstream tasks scheduled from follow-on schedule check
[2023-10-03T10:02:08.139+0000] {taskinstance.py:1125} INFO - Dependencies all met for dep_context=non-requeueable deps ti=<TaskInstance: rocket_launch2.wait_for_data scheduled__2023-09-16T00:00:00+00:00 [queued]>
[2023-10-03T10:02:08.470+0000] {taskinstance.py:1125} INFO - Dependencies all met for dep_context=requeueable deps ti=<TaskInstance: rocket_launch2.wait_for_data scheduled__2023-09-16T00:00:00+00:00 [queued]>
[2023-10-03T10:02:08.502+0000] {taskinstance.py:1331} INFO - Starting attempt 1 of 1
[2023-10-03T10:02:08.974+0000] {taskinstance.py:1350} INFO - Executing <Task(HttpSensor): wait_for_data> on 2023-09-16 00:00:00+00:00
[2023-10-03T10:02:09.089+0000] {standard_task_runner.py:57} INFO - Started process 3285 to run task
[2023-10-03T10:02:09.178+0000] {standard_task_runner.py:84} INFO - Running: ['***', 'tasks', 'run', 'rocket_launch2', 'wait_for_data', 'scheduled__2023-09-16T00:00:00+00:00', '--job-id', '196', '--raw', '--subdir', 'DAGS_FOLDER/rocket_launch.py', '--cfg-path', '/tmp/tmp4mnrui9j']
[2023-10-03T10:02:09.283+0000] {standard_task_runner.py:85} INFO - Job 196: Subtask wait_for_data
[2023-10-03T10:02:09.986+0000] {task_command.py:410} INFO - Running <TaskInstance: rocket_launch2.wait_for_data scheduled__2023-09-16T00:00:00+00:00 [running]> on host e870058fa168
[2023-10-03T10:02:10.745+0000] {taskinstance.py:1570} INFO - Exporting env vars: AIRFLOW_CTX_DAG_OWNER='***' AIRFLOW_CTX_DAG_ID='rocket_launch2' AIRFLOW_CTX_TASK_ID='wait_for_data' AIRFLOW_CTX_EXECUTION_DATE='2023-09-16T00:00:00+00:00' AIRFLOW_CTX_TRY_NUMBER='1' AIRFLOW_CTX_DAG_RUN_ID='scheduled__2023-09-16T00:00:00+00:00'
[2023-10-03T10:02:10.758+0000] {http.py:122} INFO - Poking: 
[2023-10-03T10:02:10.838+0000] {base.py:73} INFO - Using connection ID 'thespacedevs_dev' for task execution.
[2023-10-03T10:02:11.392+0000] {base.py:255} INFO - Success criteria met. Exiting.
[2023-10-03T10:02:11.582+0000] {taskinstance.py:1373} INFO - Marking task as SUCCESS. dag_id=rocket_launch2, task_id=wait_for_data, execution_date=20230916T000000, start_date=20231003T100208, end_date=20231003T100211
[2023-10-03T10:02:11.764+0000] {local_task_job_runner.py:232} INFO - Task exited with return code 0
[2023-10-03T10:02:12.248+0000] {taskinstance.py:2674} INFO - 1 downstream tasks scheduled from follow-on schedule check
[2023-10-03T10:05:46.535+0000] {taskinstance.py:1125} INFO - Dependencies all met for dep_context=non-requeueable deps ti=<TaskInstance: rocket_launch2.wait_for_data scheduled__2023-09-16T00:00:00+00:00 [queued]>
[2023-10-03T10:05:46.776+0000] {taskinstance.py:1125} INFO - Dependencies all met for dep_context=requeueable deps ti=<TaskInstance: rocket_launch2.wait_for_data scheduled__2023-09-16T00:00:00+00:00 [queued]>
[2023-10-03T10:05:46.777+0000] {taskinstance.py:1331} INFO - Starting attempt 1 of 1
[2023-10-03T10:05:47.372+0000] {taskinstance.py:1350} INFO - Executing <Task(HttpSensor): wait_for_data> on 2023-09-16 00:00:00+00:00
[2023-10-03T10:05:47.404+0000] {standard_task_runner.py:57} INFO - Started process 3531 to run task
[2023-10-03T10:05:47.603+0000] {standard_task_runner.py:84} INFO - Running: ['***', 'tasks', 'run', 'rocket_launch2', 'wait_for_data', 'scheduled__2023-09-16T00:00:00+00:00', '--job-id', '288', '--raw', '--subdir', 'DAGS_FOLDER/rocket_launch.py', '--cfg-path', '/tmp/tmpfsng1xg2']
[2023-10-03T10:05:47.626+0000] {standard_task_runner.py:85} INFO - Job 288: Subtask wait_for_data
[2023-10-03T10:05:48.313+0000] {task_command.py:410} INFO - Running <TaskInstance: rocket_launch2.wait_for_data scheduled__2023-09-16T00:00:00+00:00 [running]> on host e870058fa168
[2023-10-03T10:05:49.271+0000] {taskinstance.py:1570} INFO - Exporting env vars: AIRFLOW_CTX_DAG_OWNER='***' AIRFLOW_CTX_DAG_ID='rocket_launch2' AIRFLOW_CTX_TASK_ID='wait_for_data' AIRFLOW_CTX_EXECUTION_DATE='2023-09-16T00:00:00+00:00' AIRFLOW_CTX_TRY_NUMBER='1' AIRFLOW_CTX_DAG_RUN_ID='scheduled__2023-09-16T00:00:00+00:00'
[2023-10-03T10:05:49.290+0000] {http.py:122} INFO - Poking: 
[2023-10-03T10:05:49.436+0000] {base.py:73} INFO - Using connection ID 'thespacedevs_dev' for task execution.
[2023-10-03T10:05:50.446+0000] {base.py:255} INFO - Success criteria met. Exiting.
[2023-10-03T10:05:50.493+0000] {taskinstance.py:1373} INFO - Marking task as SUCCESS. dag_id=rocket_launch2, task_id=wait_for_data, execution_date=20230916T000000, start_date=20231003T100546, end_date=20231003T100550
[2023-10-03T10:05:50.676+0000] {local_task_job_runner.py:232} INFO - Task exited with return code 0
[2023-10-03T10:05:51.299+0000] {taskinstance.py:2674} INFO - 1 downstream tasks scheduled from follow-on schedule check
[2023-10-03T10:16:21.532+0000] {taskinstance.py:1125} INFO - Dependencies all met for dep_context=non-requeueable deps ti=<TaskInstance: rocket_launch2.wait_for_data scheduled__2023-09-16T00:00:00+00:00 [queued]>
[2023-10-03T10:16:21.688+0000] {taskinstance.py:1125} INFO - Dependencies all met for dep_context=requeueable deps ti=<TaskInstance: rocket_launch2.wait_for_data scheduled__2023-09-16T00:00:00+00:00 [queued]>
[2023-10-03T10:16:21.692+0000] {taskinstance.py:1331} INFO - Starting attempt 1 of 1
[2023-10-03T10:16:22.020+0000] {taskinstance.py:1350} INFO - Executing <Task(HttpSensor): wait_for_data> on 2023-09-16 00:00:00+00:00
[2023-10-03T10:16:22.029+0000] {standard_task_runner.py:57} INFO - Started process 3890 to run task
[2023-10-03T10:16:22.117+0000] {standard_task_runner.py:84} INFO - Running: ['***', 'tasks', 'run', 'rocket_launch2', 'wait_for_data', 'scheduled__2023-09-16T00:00:00+00:00', '--job-id', '378', '--raw', '--subdir', 'DAGS_FOLDER/rocket_launch.py', '--cfg-path', '/tmp/tmp3lagfkp2']
[2023-10-03T10:16:22.117+0000] {standard_task_runner.py:85} INFO - Job 378: Subtask wait_for_data
[2023-10-03T10:16:22.887+0000] {task_command.py:410} INFO - Running <TaskInstance: rocket_launch2.wait_for_data scheduled__2023-09-16T00:00:00+00:00 [running]> on host e870058fa168
[2023-10-03T10:16:24.099+0000] {taskinstance.py:1570} INFO - Exporting env vars: AIRFLOW_CTX_DAG_OWNER='***' AIRFLOW_CTX_DAG_ID='rocket_launch2' AIRFLOW_CTX_TASK_ID='wait_for_data' AIRFLOW_CTX_EXECUTION_DATE='2023-09-16T00:00:00+00:00' AIRFLOW_CTX_TRY_NUMBER='1' AIRFLOW_CTX_DAG_RUN_ID='scheduled__2023-09-16T00:00:00+00:00'
[2023-10-03T10:16:24.100+0000] {http.py:122} INFO - Poking: 
[2023-10-03T10:16:24.165+0000] {base.py:73} INFO - Using connection ID 'thespacedevs_dev' for task execution.
[2023-10-03T10:16:25.076+0000] {base.py:255} INFO - Success criteria met. Exiting.
[2023-10-03T10:16:25.227+0000] {taskinstance.py:1373} INFO - Marking task as SUCCESS. dag_id=rocket_launch2, task_id=wait_for_data, execution_date=20230916T000000, start_date=20231003T101621, end_date=20231003T101625
[2023-10-03T10:16:25.494+0000] {local_task_job_runner.py:232} INFO - Task exited with return code 0
[2023-10-03T10:16:25.704+0000] {taskinstance.py:2674} INFO - 1 downstream tasks scheduled from follow-on schedule check
