[2023-10-03T10:04:08.589+0000] {taskinstance.py:1125} INFO - Dependencies all met for dep_context=non-requeueable deps ti=<TaskInstance: rocket_launch2.check_launches scheduled__2023-09-17T00:00:00+00:00 [queued]>
[2023-10-03T10:04:08.700+0000] {taskinstance.py:1125} INFO - Dependencies all met for dep_context=requeueable deps ti=<TaskInstance: rocket_launch2.check_launches scheduled__2023-09-17T00:00:00+00:00 [queued]>
[2023-10-03T10:04:08.702+0000] {taskinstance.py:1331} INFO - Starting attempt 2 of 2
[2023-10-03T10:04:09.093+0000] {taskinstance.py:1350} INFO - Executing <Task(PythonOperator): check_launches> on 2023-09-17 00:00:00+00:00
[2023-10-03T10:04:09.186+0000] {standard_task_runner.py:57} INFO - Started process 3469 to run task
[2023-10-03T10:04:09.192+0000] {standard_task_runner.py:84} INFO - Running: ['***', 'tasks', 'run', 'rocket_launch2', 'check_launches', 'scheduled__2023-09-17T00:00:00+00:00', '--job-id', '271', '--raw', '--subdir', 'DAGS_FOLDER/rocket_launch.py', '--cfg-path', '/tmp/tmpo_3kguj1']
[2023-10-03T10:04:09.193+0000] {standard_task_runner.py:85} INFO - Job 271: Subtask check_launches
[2023-10-03T10:04:09.519+0000] {task_command.py:410} INFO - Running <TaskInstance: rocket_launch2.check_launches scheduled__2023-09-17T00:00:00+00:00 [running]> on host e870058fa168
[2023-10-03T10:04:12.230+0000] {taskinstance.py:1570} INFO - Exporting env vars: AIRFLOW_CTX_DAG_OWNER='***' AIRFLOW_CTX_DAG_ID='rocket_launch2' AIRFLOW_CTX_TASK_ID='check_launches' AIRFLOW_CTX_EXECUTION_DATE='2023-09-17T00:00:00+00:00' AIRFLOW_CTX_TRY_NUMBER='2' AIRFLOW_CTX_DAG_RUN_ID='scheduled__2023-09-17T00:00:00+00:00'
[2023-10-03T10:04:12.610+0000] {python.py:183} INFO - Done. Returned value was: None
[2023-10-03T10:04:12.815+0000] {taskinstance.py:1373} INFO - Marking task as SUCCESS. dag_id=rocket_launch2, task_id=check_launches, execution_date=20230917T000000, start_date=20231003T100408, end_date=20231003T100412
[2023-10-03T10:04:13.666+0000] {local_task_job_runner.py:232} INFO - Task exited with return code 0
[2023-10-03T10:04:13.960+0000] {taskinstance.py:2674} INFO - 0 downstream tasks scheduled from follow-on schedule check
[2023-10-03T10:09:26.268+0000] {taskinstance.py:1125} INFO - Dependencies all met for dep_context=non-requeueable deps ti=<TaskInstance: rocket_launch2.check_launches scheduled__2023-09-17T00:00:00+00:00 [queued]>
[2023-10-03T10:09:26.444+0000] {taskinstance.py:1125} INFO - Dependencies all met for dep_context=requeueable deps ti=<TaskInstance: rocket_launch2.check_launches scheduled__2023-09-17T00:00:00+00:00 [queued]>
[2023-10-03T10:09:26.453+0000] {taskinstance.py:1331} INFO - Starting attempt 2 of 2
[2023-10-03T10:09:26.897+0000] {taskinstance.py:1350} INFO - Executing <Task(PythonOperator): check_launches> on 2023-09-17 00:00:00+00:00
[2023-10-03T10:09:26.975+0000] {standard_task_runner.py:57} INFO - Started process 3731 to run task
[2023-10-03T10:09:26.993+0000] {standard_task_runner.py:84} INFO - Running: ['***', 'tasks', 'run', 'rocket_launch2', 'check_launches', 'scheduled__2023-09-17T00:00:00+00:00', '--job-id', '355', '--raw', '--subdir', 'DAGS_FOLDER/rocket_launch.py', '--cfg-path', '/tmp/tmp0bj1e8j5']
[2023-10-03T10:09:27.017+0000] {standard_task_runner.py:85} INFO - Job 355: Subtask check_launches
[2023-10-03T10:09:27.772+0000] {task_command.py:410} INFO - Running <TaskInstance: rocket_launch2.check_launches scheduled__2023-09-17T00:00:00+00:00 [running]> on host e870058fa168
[2023-10-03T10:09:30.027+0000] {taskinstance.py:1570} INFO - Exporting env vars: AIRFLOW_CTX_DAG_OWNER='***' AIRFLOW_CTX_DAG_ID='rocket_launch2' AIRFLOW_CTX_TASK_ID='check_launches' AIRFLOW_CTX_EXECUTION_DATE='2023-09-17T00:00:00+00:00' AIRFLOW_CTX_TRY_NUMBER='2' AIRFLOW_CTX_DAG_RUN_ID='scheduled__2023-09-17T00:00:00+00:00'
[2023-10-03T10:09:30.283+0000] {python.py:183} INFO - Done. Returned value was: None
[2023-10-03T10:09:30.416+0000] {taskinstance.py:1373} INFO - Marking task as SUCCESS. dag_id=rocket_launch2, task_id=check_launches, execution_date=20230917T000000, start_date=20231003T100926, end_date=20231003T100930
[2023-10-03T10:09:31.034+0000] {local_task_job_runner.py:232} INFO - Task exited with return code 0
[2023-10-03T10:09:31.477+0000] {taskinstance.py:2674} INFO - 0 downstream tasks scheduled from follow-on schedule check
